  [1m[35m (483.4ms)[0m  [1m[35mCREATE DATABASE "gamedev_development" ENCODING = 'unicode'[0m
  ↳ bin/rails:9
  [1m[35m (331.1ms)[0m  [1m[35mCREATE DATABASE "gamedev_test" ENCODING = 'unicode'[0m
  ↳ bin/rails:9
  [1m[35m (0.7ms)[0m  [1m[35mCREATE DATABASE "gamedev_development" ENCODING = 'unicode'[0m
  ↳ bin/rails:9
  [1m[35m (0.7ms)[0m  [1m[35mCREATE DATABASE "gamedev_test" ENCODING = 'unicode'[0m
  ↳ bin/rails:9
  [1m[35m (10.8ms)[0m  [1m[35mCREATE TABLE "schema_migrations" ("version" character varying NOT NULL PRIMARY KEY)[0m
  ↳ bin/rails:9
  [1m[35m (10.7ms)[0m  [1m[35mCREATE TABLE "ar_internal_metadata" ("key" character varying NOT NULL PRIMARY KEY, "value" character varying, "created_at" timestamp NOT NULL, "updated_at" timestamp NOT NULL)[0m
  ↳ bin/rails:9
  [1m[35m (14.5ms)[0m  [1m[34mSELECT pg_try_advisory_lock(8232160518808622970)[0m
  ↳ bin/rails:9
  [1m[35m (1.6ms)[0m  [1m[34mSELECT "schema_migrations"."version" FROM "schema_migrations" ORDER BY "schema_migrations"."version" ASC[0m
  ↳ bin/rails:9
Migrating to CreateGames (20180711070429)
  [1m[35m (4.1ms)[0m  [1m[35mBEGIN[0m
  ↳ bin/rails:9
  [1m[35m (93.4ms)[0m  [1m[35mCREATE TABLE "games" ("id" bigserial primary key, "name" text, "genre" text, "image" text, "created_at" timestamp NOT NULL, "updated_at" timestamp NOT NULL)[0m
  ↳ db/migrate/20180711070429_create_games.rb:3
  [1m[36mActiveRecord::SchemaMigration Create (3.3ms)[0m  [1m[32mINSERT INTO "schema_migrations" ("version") VALUES ($1) RETURNING "version"[0m  [["version", "20180711070429"]]
  ↳ bin/rails:9
  [1m[35m (2.4ms)[0m  [1m[35mCOMMIT[0m
  ↳ bin/rails:9
Migrating to CreateDevelopers (20180711071212)
  [1m[35m (2.0ms)[0m  [1m[35mBEGIN[0m
  ↳ bin/rails:9
  [1m[35m (22.7ms)[0m  [1m[35mCREATE TABLE "developers" ("id" bigserial primary key, "name" text, "headquarters" text, "image" text, "created_at" timestamp NOT NULL, "updated_at" timestamp NOT NULL)[0m
  ↳ db/migrate/20180711071212_create_developers.rb:3
  [1m[36mActiveRecord::SchemaMigration Create (4.6ms)[0m  [1m[32mINSERT INTO "schema_migrations" ("version") VALUES ($1) RETURNING "version"[0m  [["version", "20180711071212"]]
  ↳ bin/rails:9
  [1m[35m (3.1ms)[0m  [1m[35mCOMMIT[0m
  ↳ bin/rails:9
  [1m[36mActiveRecord::InternalMetadata Load (1.0ms)[0m  [1m[34mSELECT  "ar_internal_metadata".* FROM "ar_internal_metadata" WHERE "ar_internal_metadata"."key" = $1 LIMIT $2[0m  [["key", "environment"], ["LIMIT", 1]]
  ↳ bin/rails:9
  [1m[35m (0.3ms)[0m  [1m[35mBEGIN[0m
  ↳ bin/rails:9
  [1m[36mActiveRecord::InternalMetadata Create (0.8ms)[0m  [1m[32mINSERT INTO "ar_internal_metadata" ("key", "value", "created_at", "updated_at") VALUES ($1, $2, $3, $4) RETURNING "key"[0m  [["key", "environment"], ["value", "development"], ["created_at", "2018-07-11 07:13:20.475778"], ["updated_at", "2018-07-11 07:13:20.475778"]]
  ↳ bin/rails:9
  [1m[35m (0.4ms)[0m  [1m[35mCOMMIT[0m
  ↳ bin/rails:9
  [1m[35m (0.4ms)[0m  [1m[34mSELECT pg_advisory_unlock(8232160518808622970)[0m
  ↳ bin/rails:9
  [1m[35m (0.6ms)[0m  [1m[34mSELECT "schema_migrations"."version" FROM "schema_migrations" ORDER BY "schema_migrations"."version" ASC[0m
  ↳ bin/rails:9
  [1m[35m (1.4ms)[0m  [1m[34mSELECT "schema_migrations"."version" FROM "schema_migrations" ORDER BY "schema_migrations"."version" ASC[0m
  ↳ /Users/shelleyzhang/.rvm/gems/ruby-2.5.1/bin/annotate:23
  [1m[35m (0.4ms)[0m  [1m[34mSELECT pg_try_advisory_lock(8232160518808622970)[0m
  ↳ bin/rails:9
  [1m[35m (1.0ms)[0m  [1m[34mSELECT "schema_migrations"."version" FROM "schema_migrations" ORDER BY "schema_migrations"."version" ASC[0m
  ↳ bin/rails:9
Migrating to AddDeveloperIdToGames (20180711072204)
  [1m[35m (0.3ms)[0m  [1m[35mBEGIN[0m
  ↳ bin/rails:9
  [1m[35m (1.1ms)[0m  [1m[35mALTER TABLE "games" ADD "developer_id" integer[0m
  ↳ db/migrate/20180711072204_add_developer_id_to_games.rb:3
  [1m[36mActiveRecord::SchemaMigration Create (0.6ms)[0m  [1m[32mINSERT INTO "schema_migrations" ("version") VALUES ($1) RETURNING "version"[0m  [["version", "20180711072204"]]
  ↳ bin/rails:9
  [1m[35m (0.5ms)[0m  [1m[35mCOMMIT[0m
  ↳ bin/rails:9
  [1m[36mActiveRecord::InternalMetadata Load (0.8ms)[0m  [1m[34mSELECT  "ar_internal_metadata".* FROM "ar_internal_metadata" WHERE "ar_internal_metadata"."key" = $1 LIMIT $2[0m  [["key", "environment"], ["LIMIT", 1]]
  ↳ bin/rails:9
  [1m[35m (0.2ms)[0m  [1m[35mBEGIN[0m
  ↳ bin/rails:9
  [1m[35m (0.2ms)[0m  [1m[35mCOMMIT[0m
  ↳ bin/rails:9
  [1m[35m (0.4ms)[0m  [1m[34mSELECT pg_advisory_unlock(8232160518808622970)[0m
  ↳ bin/rails:9
  [1m[35m (0.4ms)[0m  [1m[34mSELECT "schema_migrations"."version" FROM "schema_migrations" ORDER BY "schema_migrations"."version" ASC[0m
  ↳ bin/rails:9
  [1m[35m (1.3ms)[0m  [1m[34mSELECT "schema_migrations"."version" FROM "schema_migrations" ORDER BY "schema_migrations"."version" ASC[0m
  ↳ bin/rails:9
  [1m[36mDeveloper Load (1.6ms)[0m  [1m[34mSELECT "developers".* FROM "developers"[0m
  ↳ db/seeds.rb:9
  [1m[35m (0.2ms)[0m  [1m[35mBEGIN[0m
  ↳ db/seeds.rb:10
  [1m[36mDeveloper Create (1.3ms)[0m  [1m[32mINSERT INTO "developers" ("name", "headquarters", "image", "created_at", "updated_at") VALUES ($1, $2, $3, $4, $5) RETURNING "id"[0m  [["name", "Blizzard Entertainment"], ["headquarters", "United States"], ["image", "https://upload.wikimedia.org/wikipedia/commons/b/b2/Blizzard_Entertainment_Logo.svg"], ["created_at", "2018-07-11 10:58:55.037175"], ["updated_at", "2018-07-11 10:58:55.037175"]]
  ↳ db/seeds.rb:10
  [1m[35m (1.2ms)[0m  [1m[35mCOMMIT[0m
  ↳ db/seeds.rb:10
  [1m[35m (0.2ms)[0m  [1m[35mBEGIN[0m
  ↳ db/seeds.rb:11
  [1m[36mDeveloper Create (0.4ms)[0m  [1m[32mINSERT INTO "developers" ("name", "headquarters", "image", "created_at", "updated_at") VALUES ($1, $2, $3, $4, $5) RETURNING "id"[0m  [["name", "CD Projeckt"], ["headquarters", "Poland"], ["image", "https://upload.wikimedia.org/wikipedia/en/b/bf/CD_Projekt_Logo.png"], ["created_at", "2018-07-11 10:58:55.042003"], ["updated_at", "2018-07-11 10:58:55.042003"]]
  ↳ db/seeds.rb:11
  [1m[35m (0.4ms)[0m  [1m[35mCOMMIT[0m
  ↳ db/seeds.rb:11
  [1m[36mGame Load (1.1ms)[0m  [1m[34mSELECT "games".* FROM "games"[0m
  ↳ db/seeds.rb:13
  [1m[35m (0.2ms)[0m  [1m[35mBEGIN[0m
  ↳ db/seeds.rb:14
  [1m[35m (1.1ms)[0m  [1m[31mROLLBACK[0m
  ↳ db/seeds.rb:14
  [1m[35m (3.4ms)[0m  [1m[35mBEGIN[0m
  ↳ db/seeds.rb:15
  [1m[35m (0.9ms)[0m  [1m[31mROLLBACK[0m
  ↳ db/seeds.rb:15
  [1m[36mDeveloper Load (0.5ms)[0m  [1m[34mSELECT  "developers".* FROM "developers" ORDER BY "developers"."id" ASC LIMIT $1[0m  [["LIMIT", 1]]
  [1m[36mGame Load (0.5ms)[0m  [1m[34mSELECT  "games".* FROM "games" ORDER BY "games"."id" ASC LIMIT $1[0m  [["LIMIT", 1]]
  [1m[36mGame Load (0.4ms)[0m  [1m[34mSELECT  "games".* FROM "games" ORDER BY "games"."id" ASC LIMIT $1 OFFSET $2[0m  [["LIMIT", 1], ["OFFSET", 1]]
  [1m[36mGame Load (0.6ms)[0m  [1m[34mSELECT  "games".* FROM "games" ORDER BY "games"."id" ASC LIMIT $1[0m  [["LIMIT", 1]]
  [1m[36mDeveloper Load (0.6ms)[0m  [1m[34mSELECT  "developers".* FROM "developers" ORDER BY "developers"."id" DESC LIMIT $1[0m  [["LIMIT", 1]]
  [1m[35m (1.0ms)[0m  [1m[34mSELECT "schema_migrations"."version" FROM "schema_migrations" ORDER BY "schema_migrations"."version" ASC[0m
  ↳ bin/rails:9
  [1m[36mDeveloper Load (0.7ms)[0m  [1m[34mSELECT "developers".* FROM "developers"[0m
  ↳ db/seeds.rb:9
  [1m[35m (0.2ms)[0m  [1m[35mBEGIN[0m
  ↳ db/seeds.rb:9
  [1m[36mDeveloper Destroy (0.9ms)[0m  [1m[31mDELETE FROM "developers" WHERE "developers"."id" = $1[0m  [["id", 1]]
  ↳ db/seeds.rb:9
  [1m[35m (0.5ms)[0m  [1m[35mCOMMIT[0m
  ↳ db/seeds.rb:9
  [1m[35m (0.3ms)[0m  [1m[35mBEGIN[0m
  ↳ db/seeds.rb:9
  [1m[36mDeveloper Destroy (0.4ms)[0m  [1m[31mDELETE FROM "developers" WHERE "developers"."id" = $1[0m  [["id", 2]]
  ↳ db/seeds.rb:9
  [1m[35m (0.4ms)[0m  [1m[35mCOMMIT[0m
  ↳ db/seeds.rb:9
  [1m[35m (0.2ms)[0m  [1m[35mBEGIN[0m
  ↳ db/seeds.rb:10
  [1m[36mDeveloper Create (0.8ms)[0m  [1m[32mINSERT INTO "developers" ("name", "headquarters", "image", "created_at", "updated_at") VALUES ($1, $2, $3, $4, $5) RETURNING "id"[0m  [["name", "Blizzard Entertainment"], ["headquarters", "United States"], ["image", "https://upload.wikimedia.org/wikipedia/commons/b/b2/Blizzard_Entertainment_Logo.svg"], ["created_at", "2018-07-11 11:03:24.542307"], ["updated_at", "2018-07-11 11:03:24.542307"]]
  ↳ db/seeds.rb:10
  [1m[35m (0.3ms)[0m  [1m[35mCOMMIT[0m
  ↳ db/seeds.rb:10
  [1m[35m (0.6ms)[0m  [1m[35mBEGIN[0m
  ↳ db/seeds.rb:11
  [1m[36mDeveloper Create (0.9ms)[0m  [1m[32mINSERT INTO "developers" ("name", "headquarters", "image", "created_at", "updated_at") VALUES ($1, $2, $3, $4, $5) RETURNING "id"[0m  [["name", "CD Projeckt"], ["headquarters", "Poland"], ["image", "https://upload.wikimedia.org/wikipedia/en/b/bf/CD_Projekt_Logo.png"], ["created_at", "2018-07-11 11:03:24.546005"], ["updated_at", "2018-07-11 11:03:24.546005"]]
  ↳ db/seeds.rb:11
  [1m[35m (0.4ms)[0m  [1m[35mCOMMIT[0m
  ↳ db/seeds.rb:11
  [1m[36mGame Load (1.0ms)[0m  [1m[34mSELECT "games".* FROM "games"[0m
  ↳ db/seeds.rb:13
  [1m[35m (2.4ms)[0m  [1m[35mBEGIN[0m
  ↳ db/seeds.rb:14
  [1m[35m (22.5ms)[0m  [1m[31mROLLBACK[0m
  ↳ db/seeds.rb:14
  [1m[35m (0.7ms)[0m  [1m[35mBEGIN[0m
  ↳ db/seeds.rb:15
  [1m[35m (4.8ms)[0m  [1m[31mROLLBACK[0m
  ↳ db/seeds.rb:15
  [1m[36mGame Load (0.5ms)[0m  [1m[34mSELECT  "games".* FROM "games" ORDER BY "games"."id" DESC LIMIT $1[0m  [["LIMIT", 1]]
  [1m[36mGame Load (0.5ms)[0m  [1m[34mSELECT  "games".* FROM "games" ORDER BY "games"."id" ASC LIMIT $1[0m  [["LIMIT", 1]]
  [1m[36mGame Load (0.6ms)[0m  [1m[34mSELECT "games".* FROM "games"[0m
  [1m[36mGame Load (0.9ms)[0m  [1m[34mSELECT "games".* FROM "games"[0m
  [1m[36mGame Load (0.4ms)[0m  [1m[34mSELECT  "games".* FROM "games" ORDER BY "games"."id" ASC LIMIT $1[0m  [["LIMIT", 1]]
Started GET "/" for 127.0.0.1 at 2018-07-11 21:38:31 +1000
  [1m[35m (1.7ms)[0m  [1m[34mSELECT "schema_migrations"."version" FROM "schema_migrations" ORDER BY "schema_migrations"."version" ASC[0m
  ↳ /Users/shelleyzhang/.rvm/gems/ruby-2.5.1/gems/activerecord-5.2.0/lib/active_record/log_subscriber.rb:98
Processing by Rails::WelcomeController#index as HTML
  Rendering /Users/shelleyzhang/.rvm/gems/ruby-2.5.1/gems/railties-5.2.0/lib/rails/templates/rails/welcome/index.html.erb
  Rendered /Users/shelleyzhang/.rvm/gems/ruby-2.5.1/gems/railties-5.2.0/lib/rails/templates/rails/welcome/index.html.erb (6.8ms)
Completed 200 OK in 78ms (Views: 24.1ms | ActiveRecord: 0.0ms)


Started GET "/developers" for 127.0.0.1 at 2018-07-11 21:38:43 +1000
Processing by DevelopersController#index as HTML
  Rendering developers/index.html.erb within layouts/application
  Rendered developers/index.html.erb within layouts/application (0.5ms)
Completed 200 OK in 1153ms (Views: 1142.9ms | ActiveRecord: 0.0ms)


Started GET "/developers" for 127.0.0.1 at 2018-07-11 21:43:07 +1000
Processing by DevelopersController#index as HTML
  Rendering developers/index.html.erb within layouts/application
  [1m[36mDeveloper Load (3.1ms)[0m  [1m[34mSELECT "developers".* FROM "developers" ORDER BY "developers"."created_at" ASC[0m
  ↳ app/views/developers/index.html.erb:3
  Rendered developers/index.html.erb within layouts/application (36.0ms)
Completed 200 OK in 64ms (Views: 47.6ms | ActiveRecord: 12.9ms)


Started GET "/developers" for 127.0.0.1 at 2018-07-11 21:44:22 +1000
Processing by DevelopersController#index as HTML
  Rendering developers/index.html.erb within layouts/application
  [1m[36mDeveloper Load (0.5ms)[0m  [1m[34mSELECT "developers".* FROM "developers" ORDER BY "developers"."created_at" ASC[0m
  ↳ app/views/developers/index.html.erb:3
  Rendered developers/index.html.erb within layouts/application (2.2ms)
Completed 200 OK in 189ms (Views: 184.6ms | ActiveRecord: 0.5ms)


Started GET "/developers" for 127.0.0.1 at 2018-07-11 21:44:37 +1000
Processing by DevelopersController#index as HTML
  Rendering developers/index.html.erb within layouts/application
  [1m[36mDeveloper Load (0.5ms)[0m  [1m[34mSELECT "developers".* FROM "developers" ORDER BY "developers"."created_at" ASC[0m
  ↳ app/views/developers/index.html.erb:3
  Rendered developers/index.html.erb within layouts/application (1.9ms)
Completed 200 OK in 54ms (Views: 50.7ms | ActiveRecord: 0.5ms)


Started GET "/developers" for 127.0.0.1 at 2018-07-11 21:44:48 +1000
Processing by DevelopersController#index as HTML
  Rendering developers/index.html.erb within layouts/application
  [1m[36mDeveloper Load (0.5ms)[0m  [1m[34mSELECT "developers".* FROM "developers" ORDER BY "developers"."created_at" ASC[0m
  ↳ app/views/developers/index.html.erb:3
  Rendered developers/index.html.erb within layouts/application (2.0ms)
Completed 200 OK in 52ms (Views: 48.0ms | ActiveRecord: 0.5ms)


Started GET "/developers/3" for 127.0.0.1 at 2018-07-11 21:46:36 +1000
Processing by DevelopersController#show as HTML
  Parameters: {"id"=>"3"}
  Rendering developers/show.html.erb within layouts/application
  Rendered developers/show.html.erb within layouts/application (0.5ms)
Completed 200 OK in 39ms (Views: 31.7ms | ActiveRecord: 0.0ms)


Started GET "/developers" for 127.0.0.1 at 2018-07-11 21:48:58 +1000
Processing by DevelopersController#index as HTML
  Rendering developers/index.html.erb within layouts/application
  [1m[36mDeveloper Load (0.5ms)[0m  [1m[34mSELECT "developers".* FROM "developers" ORDER BY "developers"."created_at" ASC[0m
  ↳ app/views/developers/index.html.erb:3
  Rendered developers/index.html.erb within layouts/application (2.1ms)
Completed 200 OK in 25ms (Views: 21.8ms | ActiveRecord: 0.5ms)


Started GET "/developers/3" for 127.0.0.1 at 2018-07-11 21:49:00 +1000
Processing by DevelopersController#show as HTML
  Parameters: {"id"=>"3"}
  Rendering developers/show.html.erb within layouts/application
  Rendered developers/show.html.erb within layouts/application (0.3ms)
Completed 200 OK in 33ms (Views: 27.7ms | ActiveRecord: 0.0ms)


Started GET "/developers/" for 127.0.0.1 at 2018-07-11 21:54:28 +1000
Processing by DevelopersController#index as HTML
  Rendering developers/index.html.erb within layouts/application
  [1m[36mDeveloper Load (4.9ms)[0m  [1m[34mSELECT "developers".* FROM "developers" ORDER BY "developers"."created_at" ASC[0m
  ↳ app/views/developers/index.html.erb:3
  Rendered developers/index.html.erb within layouts/application (39.8ms)
Completed 200 OK in 147ms (Views: 115.2ms | ActiveRecord: 22.5ms)


Started GET "/developers/3" for 127.0.0.1 at 2018-07-11 21:54:30 +1000
Processing by DevelopersController#show as HTML
  Parameters: {"id"=>"3"}
  [1m[36mDeveloper Load (0.3ms)[0m  [1m[34mSELECT  "developers".* FROM "developers" WHERE "developers"."id" = $1 LIMIT $2[0m  [["id", 3], ["LIMIT", 1]]
  ↳ app/controllers/developers_controller.rb:7
  Rendering developers/show.html.erb within layouts/application
  [1m[36mGame Load (0.6ms)[0m  [1m[34mSELECT "games".* FROM "games" WHERE "games"."developer_id" = $1[0m  [["developer_id", 3]]
  ↳ app/views/developers/show.html.erb:11
  Rendered developers/show.html.erb within layouts/application (344.8ms)
Completed 500 Internal Server Error in 370ms (ActiveRecord: 3.6ms)


  
ActionView::Template::Error (undefined method `edit_deveoper_path' for #<#<Class:0x00007f9d008258f8>:0x00007f9d00cadfd8>
Did you mean?  edit_developer_path
               edit_developer_url
               new_developer_path):
    13: <% end %>
    14: 
    15: <div class="controls">
    16:   <%= link_to "Edit Developer", edit_deveoper_path(@developer) %>
    17:   <%= link_to "Delete developer", developer_path(@developer), :method => 'delete', :data => { :confirm => 'Are you sure?' } %>
    18: </div>
  
app/views/developers/show.html.erb:16:in `_app_views_developers_show_html_erb__3052552719993831455_70156149945460'
Started GET "/developers/3" for 127.0.0.1 at 2018-07-11 21:55:21 +1000
Processing by DevelopersController#show as HTML
  Parameters: {"id"=>"3"}
  [1m[36mDeveloper Load (0.4ms)[0m  [1m[34mSELECT  "developers".* FROM "developers" WHERE "developers"."id" = $1 LIMIT $2[0m  [["id", 3], ["LIMIT", 1]]
  ↳ app/controllers/developers_controller.rb:7
  Rendering developers/show.html.erb within layouts/application
  [1m[36mGame Load (0.4ms)[0m  [1m[34mSELECT "games".* FROM "games" WHERE "games"."developer_id" = $1[0m  [["developer_id", 3]]
  ↳ app/views/developers/show.html.erb:11
  Rendered developers/show.html.erb within layouts/application (2.2ms)
Completed 200 OK in 32ms (Views: 26.5ms | ActiveRecord: 0.8ms)


Started GET "/developers/3/edit" for 127.0.0.1 at 2018-07-11 21:56:48 +1000
Processing by DevelopersController#edit as HTML
  Parameters: {"id"=>"3"}
  [1m[36mDeveloper Load (0.6ms)[0m  [1m[34mSELECT  "developers".* FROM "developers" WHERE "developers"."id" = $1 LIMIT $2[0m  [["id", 3], ["LIMIT", 1]]
  ↳ app/controllers/developers_controller.rb:11
  Rendering developers/edit.html.erb within layouts/application
  Rendered developers/edit.html.erb within layouts/application (1.5ms)
Completed 200 OK in 45ms (Views: 36.1ms | ActiveRecord: 0.6ms)


Started GET "/developers/3/edit" for 127.0.0.1 at 2018-07-11 21:57:48 +1000
Processing by DevelopersController#edit as HTML
  Parameters: {"id"=>"3"}
  [1m[36mDeveloper Load (0.6ms)[0m  [1m[34mSELECT  "developers".* FROM "developers" WHERE "developers"."id" = $1 LIMIT $2[0m  [["id", 3], ["LIMIT", 1]]
  ↳ app/controllers/developers_controller.rb:11
  Rendering developers/edit.html.erb within layouts/application
  Rendered developers/_form.html.erb (58.4ms)
  Rendered developers/edit.html.erb within layouts/application (63.0ms)
Completed 200 OK in 94ms (Views: 88.6ms | ActiveRecord: 0.6ms)


Started PATCH "/developers/3" for 127.0.0.1 at 2018-07-11 21:58:03 +1000
Processing by DevelopersController#update as HTML
  Parameters: {"utf8"=>"✓", "authenticity_token"=>"C8TDokipc5U27S2CmUizn6oN5jzH4tNgvs4uL85zSNwjM/Gp9UxkM41iWjvddADojBv7yEaqR2xu0OlqJkj5Hg==", "developer"=>{"name"=>"Blizzard Entertainment", "headquarters"=>"United States2", "image"=>"https://upload.wikimedia.org/wikipedia/commons/b/b2/Blizzard_Entertainment_Logo.svg"}, "commit"=>"Update Developer", "id"=>"3"}
  [1m[36mDeveloper Load (0.4ms)[0m  [1m[34mSELECT  "developers".* FROM "developers" WHERE "developers"."id" = $1 LIMIT $2[0m  [["id", 3], ["LIMIT", 1]]
  ↳ app/controllers/developers_controller.rb:15
  [1m[35m (0.2ms)[0m  [1m[35mBEGIN[0m
  ↳ app/controllers/developers_controller.rb:16
  [1m[36mDeveloper Update (0.8ms)[0m  [1m[33mUPDATE "developers" SET "headquarters" = $1, "updated_at" = $2 WHERE "developers"."id" = $3[0m  [["headquarters", "United States2"], ["updated_at", "2018-07-11 11:58:03.874160"], ["id", 3]]
  ↳ app/controllers/developers_controller.rb:16
  [1m[35m (1.7ms)[0m  [1m[35mCOMMIT[0m
  ↳ app/controllers/developers_controller.rb:16
Redirected to http://localhost:3000/developers/3
Completed 302 Found in 9ms (ActiveRecord: 3.0ms)


Started GET "/developers/3" for 127.0.0.1 at 2018-07-11 21:58:03 +1000
Processing by DevelopersController#show as HTML
  Parameters: {"id"=>"3"}
  [1m[36mDeveloper Load (0.3ms)[0m  [1m[34mSELECT  "developers".* FROM "developers" WHERE "developers"."id" = $1 LIMIT $2[0m  [["id", 3], ["LIMIT", 1]]
  ↳ app/controllers/developers_controller.rb:7
  Rendering developers/show.html.erb within layouts/application
  [1m[36mGame Load (0.4ms)[0m  [1m[34mSELECT "games".* FROM "games" WHERE "games"."developer_id" = $1[0m  [["developer_id", 3]]
  ↳ app/views/developers/show.html.erb:11
  Rendered developers/show.html.erb within layouts/application (2.1ms)
Completed 200 OK in 25ms (Views: 21.0ms | ActiveRecord: 0.7ms)


Started GET "/developers/3/edit" for 127.0.0.1 at 2018-07-11 21:58:05 +1000
Processing by DevelopersController#edit as HTML
  Parameters: {"id"=>"3"}
  [1m[36mDeveloper Load (0.4ms)[0m  [1m[34mSELECT  "developers".* FROM "developers" WHERE "developers"."id" = $1 LIMIT $2[0m  [["id", 3], ["LIMIT", 1]]
  ↳ app/controllers/developers_controller.rb:11
  Rendering developers/edit.html.erb within layouts/application
  Rendered developers/_form.html.erb (2.0ms)
  Rendered developers/edit.html.erb within layouts/application (5.3ms)
Completed 200 OK in 40ms (Views: 31.5ms | ActiveRecord: 0.4ms)


Started PATCH "/developers/3" for 127.0.0.1 at 2018-07-11 21:58:08 +1000
Processing by DevelopersController#update as HTML
  Parameters: {"utf8"=>"✓", "authenticity_token"=>"UBLAM3uYjRPKBr0My6DKwQsX1jPfSR6tmBIjHSg1QnJGSVuGSjr8JC/bW2IFDbNjt+DwP1Mw6XM2QyS/RobURA==", "developer"=>{"name"=>"Blizzard Entertainment", "headquarters"=>"United States", "image"=>"https://upload.wikimedia.org/wikipedia/commons/b/b2/Blizzard_Entertainment_Logo.svg"}, "commit"=>"Update Developer", "id"=>"3"}
  [1m[36mDeveloper Load (0.3ms)[0m  [1m[34mSELECT  "developers".* FROM "developers" WHERE "developers"."id" = $1 LIMIT $2[0m  [["id", 3], ["LIMIT", 1]]
  ↳ app/controllers/developers_controller.rb:15
  [1m[35m (0.2ms)[0m  [1m[35mBEGIN[0m
  ↳ app/controllers/developers_controller.rb:16
  [1m[36mDeveloper Update (0.6ms)[0m  [1m[33mUPDATE "developers" SET "headquarters" = $1, "updated_at" = $2 WHERE "developers"."id" = $3[0m  [["headquarters", "United States"], ["updated_at", "2018-07-11 11:58:08.310683"], ["id", 3]]
  ↳ app/controllers/developers_controller.rb:16
  [1m[35m (1.1ms)[0m  [1m[35mCOMMIT[0m
  ↳ app/controllers/developers_controller.rb:16
Redirected to http://localhost:3000/developers/3
Completed 302 Found in 7ms (ActiveRecord: 2.1ms)


Started GET "/developers/3" for 127.0.0.1 at 2018-07-11 21:58:08 +1000
Processing by DevelopersController#show as HTML
  Parameters: {"id"=>"3"}
  [1m[36mDeveloper Load (0.2ms)[0m  [1m[34mSELECT  "developers".* FROM "developers" WHERE "developers"."id" = $1 LIMIT $2[0m  [["id", 3], ["LIMIT", 1]]
  ↳ app/controllers/developers_controller.rb:7
  Rendering developers/show.html.erb within layouts/application
  [1m[36mGame Load (0.4ms)[0m  [1m[34mSELECT "games".* FROM "games" WHERE "games"."developer_id" = $1[0m  [["developer_id", 3]]
  ↳ app/views/developers/show.html.erb:11
  Rendered developers/show.html.erb within layouts/application (1.9ms)
Completed 200 OK in 24ms (Views: 19.9ms | ActiveRecord: 0.6ms)


Started DELETE "/developers/3" for 127.0.0.1 at 2018-07-11 21:58:12 +1000
Processing by DevelopersController#destroy as HTML
  Parameters: {"authenticity_token"=>"G+sLzWIszQLDP1KuQZopzMbg4HyXNdcQXApNNLbhej8zHDnG38napHiwJRcFppq74Pb9iBZ9QxyMFIpxXtrL/Q==", "id"=>"3"}
  [1m[36mDeveloper Load (0.3ms)[0m  [1m[34mSELECT  "developers".* FROM "developers" WHERE "developers"."id" = $1 LIMIT $2[0m  [["id", 3], ["LIMIT", 1]]
  ↳ app/controllers/developers_controller.rb:30
  [1m[35m (0.2ms)[0m  [1m[35mBEGIN[0m
  ↳ app/controllers/developers_controller.rb:31
  [1m[36mDeveloper Destroy (0.6ms)[0m  [1m[31mDELETE FROM "developers" WHERE "developers"."id" = $1[0m  [["id", 3]]
  ↳ app/controllers/developers_controller.rb:31
  [1m[35m (1.1ms)[0m  [1m[35mCOMMIT[0m
  ↳ app/controllers/developers_controller.rb:31
Redirected to http://localhost:3000/developers
Completed 302 Found in 6ms (ActiveRecord: 2.1ms)


Started GET "/developers" for 127.0.0.1 at 2018-07-11 21:58:12 +1000
Processing by DevelopersController#index as HTML
  Rendering developers/index.html.erb within layouts/application
  [1m[36mDeveloper Load (0.5ms)[0m  [1m[34mSELECT "developers".* FROM "developers" ORDER BY "developers"."created_at" ASC[0m
  ↳ app/views/developers/index.html.erb:3
  Rendered developers/index.html.erb within layouts/application (2.0ms)
Completed 200 OK in 24ms (Views: 20.6ms | ActiveRecord: 0.4ms)


Started GET "/developers" for 127.0.0.1 at 2018-07-11 22:04:59 +1000
Processing by DevelopersController#index as HTML
  Rendering developers/index.html.erb within layouts/application
  [1m[36mDeveloper Load (1.3ms)[0m  [1m[34mSELECT "developers".* FROM "developers" ORDER BY "developers"."created_at" ASC[0m
  ↳ app/views/developers/index.html.erb:3
  Rendered developers/index.html.erb within layouts/application (3.1ms)
Completed 200 OK in 40ms (Views: 36.0ms | ActiveRecord: 1.3ms)


Started GET "/developers/4" for 127.0.0.1 at 2018-07-11 22:08:55 +1000
Processing by DevelopersController#show as HTML
  Parameters: {"id"=>"4"}
  [1m[36mDeveloper Load (0.6ms)[0m  [1m[34mSELECT  "developers".* FROM "developers" WHERE "developers"."id" = $1 LIMIT $2[0m  [["id", 4], ["LIMIT", 1]]
  ↳ app/controllers/developers_controller.rb:7
  Rendering developers/show.html.erb within layouts/application
  [1m[36mGame Load (1.0ms)[0m  [1m[34mSELECT "games".* FROM "games" WHERE "games"."developer_id" = $1[0m  [["developer_id", 4]]
  ↳ app/views/developers/show.html.erb:11
  Rendered developers/show.html.erb within layouts/application (4.8ms)
Completed 200 OK in 60ms (Views: 47.5ms | ActiveRecord: 2.2ms)


Started GET "/developers/new" for 127.0.0.1 at 2018-07-11 22:08:59 +1000
Processing by DevelopersController#new as HTML
  Rendering developers/new.html.erb within layouts/application
  Rendered developers/new.html.erb within layouts/application (0.3ms)
Completed 200 OK in 41ms (Views: 35.7ms | ActiveRecord: 0.0ms)


Started GET "/developers/new" for 127.0.0.1 at 2018-07-11 22:09:23 +1000
Processing by DevelopersController#new as HTML
  Rendering developers/new.html.erb within layouts/application
  Rendered developers/_form.html.erb (1.8ms)
  Rendered developers/new.html.erb within layouts/application (4.4ms)
Completed 200 OK in 29ms (Views: 25.5ms | ActiveRecord: 0.0ms)


Started GET "/developers/new" for 127.0.0.1 at 2018-07-11 22:09:28 +1000
Processing by DevelopersController#new as HTML
  Rendering developers/new.html.erb within layouts/application
  Rendered developers/_form.html.erb (1.7ms)
  Rendered developers/new.html.erb within layouts/application (4.2ms)
Completed 200 OK in 30ms (Views: 26.5ms | ActiveRecord: 0.0ms)


Started POST "/developers" for 127.0.0.1 at 2018-07-11 22:09:33 +1000
Processing by DevelopersController#create as HTML
  Parameters: {"utf8"=>"✓", "authenticity_token"=>"icN29ypsKip9VS4K/T/PRHbF2hBeswKhDHFeHIFGizahNET8l4k9jMbaWbO5A3wzUNPH5N/7lq3cb5lZaX069A==", "developer"=>{"name"=>"blah ", "headquarters"=>"blah", "image"=>""}, "commit"=>"Create Developer"}
  [1m[35m (0.3ms)[0m  [1m[35mBEGIN[0m
  ↳ app/controllers/developers_controller.rb:25
  [1m[36mDeveloper Create (2.1ms)[0m  [1m[32mINSERT INTO "developers" ("name", "headquarters", "image", "created_at", "updated_at") VALUES ($1, $2, $3, $4, $5) RETURNING "id"[0m  [["name", "blah "], ["headquarters", "blah"], ["image", ""], ["created_at", "2018-07-11 12:09:33.332408"], ["updated_at", "2018-07-11 12:09:33.332408"]]
  ↳ app/controllers/developers_controller.rb:25
  [1m[35m (0.7ms)[0m  [1m[35mCOMMIT[0m
  ↳ app/controllers/developers_controller.rb:25
Redirected to http://localhost:3000/developers/5
Completed 302 Found in 7ms (ActiveRecord: 3.0ms)


Started GET "/developers/5" for 127.0.0.1 at 2018-07-11 22:09:33 +1000
Processing by DevelopersController#show as HTML
  Parameters: {"id"=>"5"}
  [1m[36mDeveloper Load (0.4ms)[0m  [1m[34mSELECT  "developers".* FROM "developers" WHERE "developers"."id" = $1 LIMIT $2[0m  [["id", 5], ["LIMIT", 1]]
  ↳ app/controllers/developers_controller.rb:7
  Rendering developers/show.html.erb within layouts/application
  [1m[36mGame Load (0.4ms)[0m  [1m[34mSELECT "games".* FROM "games" WHERE "games"."developer_id" = $1[0m  [["developer_id", 5]]
  ↳ app/views/developers/show.html.erb:11
  Rendered developers/show.html.erb within layouts/application (1.9ms)
Completed 200 OK in 29ms (Views: 22.3ms | ActiveRecord: 0.7ms)


Started GET "/developers" for 127.0.0.1 at 2018-07-11 22:09:36 +1000
Processing by DevelopersController#index as HTML
  Rendering developers/index.html.erb within layouts/application
  [1m[36mDeveloper Load (0.6ms)[0m  [1m[34mSELECT "developers".* FROM "developers" ORDER BY "developers"."created_at" ASC[0m
  ↳ app/views/developers/index.html.erb:3
  Rendered developers/index.html.erb within layouts/application (3.4ms)
Completed 200 OK in 37ms (Views: 29.9ms | ActiveRecord: 0.6ms)


Started GET "/developers" for 127.0.0.1 at 2018-07-11 22:11:40 +1000
Processing by DevelopersController#index as HTML
  Rendering developers/index.html.erb within layouts/application
  [1m[36mDeveloper Load (0.5ms)[0m  [1m[34mSELECT "developers".* FROM "developers" ORDER BY "developers"."created_at" ASC[0m
  ↳ app/views/developers/index.html.erb:3
  Rendered developers/index.html.erb within layouts/application (2.7ms)
Completed 200 OK in 33ms (Views: 28.1ms | ActiveRecord: 0.5ms)


Started GET "/developers/new" for 127.0.0.1 at 2018-07-11 22:11:42 +1000
Processing by DevelopersController#new as HTML
  Rendering developers/new.html.erb within layouts/application
  Rendered developers/_form.html.erb (2.4ms)
  Rendered developers/new.html.erb within layouts/application (6.8ms)
Completed 200 OK in 37ms (Views: 29.7ms | ActiveRecord: 0.0ms)


Started GET "/games" for 127.0.0.1 at 2018-07-11 22:11:43 +1000
  
ActionController::RoutingError (uninitialized constant GamesController):
  
bootsnap (1.3.0) lib/bootsnap/load_path_cache/core_ext/active_support.rb:53:in `block in load_missing_constant'
bootsnap (1.3.0) lib/bootsnap/load_path_cache/core_ext/active_support.rb:8:in `without_bootsnap_cache'
bootsnap (1.3.0) lib/bootsnap/load_path_cache/core_ext/active_support.rb:53:in `rescue in load_missing_constant'
bootsnap (1.3.0) lib/bootsnap/load_path_cache/core_ext/active_support.rb:42:in `load_missing_constant'
activesupport (5.2.0) lib/active_support/inflector/methods.rb:283:in `const_get'
activesupport (5.2.0) lib/active_support/inflector/methods.rb:283:in `block in constantize'
activesupport (5.2.0) lib/active_support/inflector/methods.rb:281:in `each'
activesupport (5.2.0) lib/active_support/inflector/methods.rb:281:in `inject'
activesupport (5.2.0) lib/active_support/inflector/methods.rb:281:in `constantize'
actionpack (5.2.0) lib/action_dispatch/http/request.rb:88:in `controller_class_for'
actionpack (5.2.0) lib/action_dispatch/http/request.rb:81:in `controller_class'
actionpack (5.2.0) lib/action_dispatch/routing/route_set.rb:46:in `controller'
actionpack (5.2.0) lib/action_dispatch/routing/route_set.rb:32:in `serve'
actionpack (5.2.0) lib/action_dispatch/journey/router.rb:52:in `block in serve'
actionpack (5.2.0) lib/action_dispatch/journey/router.rb:35:in `each'
actionpack (5.2.0) lib/action_dispatch/journey/router.rb:35:in `serve'
actionpack (5.2.0) lib/action_dispatch/routing/route_set.rb:840:in `call'
rack (2.0.5) lib/rack/tempfile_reaper.rb:15:in `call'
rack (2.0.5) lib/rack/etag.rb:25:in `call'
rack (2.0.5) lib/rack/conditional_get.rb:25:in `call'
rack (2.0.5) lib/rack/head.rb:12:in `call'
actionpack (5.2.0) lib/action_dispatch/http/content_security_policy.rb:18:in `call'
rack (2.0.5) lib/rack/session/abstract/id.rb:232:in `context'
rack (2.0.5) lib/rack/session/abstract/id.rb:226:in `call'
actionpack (5.2.0) lib/action_dispatch/middleware/cookies.rb:670:in `call'
activerecord (5.2.0) lib/active_record/migration.rb:559:in `call'
actionpack (5.2.0) lib/action_dispatch/middleware/callbacks.rb:28:in `block in call'
activesupport (5.2.0) lib/active_support/callbacks.rb:98:in `run_callbacks'
actionpack (5.2.0) lib/action_dispatch/middleware/callbacks.rb:26:in `call'
actionpack (5.2.0) lib/action_dispatch/middleware/executor.rb:14:in `call'
actionpack (5.2.0) lib/action_dispatch/middleware/debug_exceptions.rb:61:in `call'
web-console (3.6.2) lib/web_console/middleware.rb:135:in `call_app'
web-console (3.6.2) lib/web_console/middleware.rb:30:in `block in call'
web-console (3.6.2) lib/web_console/middleware.rb:20:in `catch'
web-console (3.6.2) lib/web_console/middleware.rb:20:in `call'
actionpack (5.2.0) lib/action_dispatch/middleware/show_exceptions.rb:33:in `call'
railties (5.2.0) lib/rails/rack/logger.rb:38:in `call_app'
railties (5.2.0) lib/rails/rack/logger.rb:26:in `block in call'
activesupport (5.2.0) lib/active_support/tagged_logging.rb:71:in `block in tagged'
activesupport (5.2.0) lib/active_support/tagged_logging.rb:28:in `tagged'
activesupport (5.2.0) lib/active_support/tagged_logging.rb:71:in `tagged'
railties (5.2.0) lib/rails/rack/logger.rb:26:in `call'
sprockets-rails (3.2.1) lib/sprockets/rails/quiet_assets.rb:13:in `call'
actionpack (5.2.0) lib/action_dispatch/middleware/remote_ip.rb:81:in `call'
actionpack (5.2.0) lib/action_dispatch/middleware/request_id.rb:27:in `call'
rack (2.0.5) lib/rack/method_override.rb:22:in `call'
rack (2.0.5) lib/rack/runtime.rb:22:in `call'
activesupport (5.2.0) lib/active_support/cache/strategy/local_cache_middleware.rb:29:in `call'
actionpack (5.2.0) lib/action_dispatch/middleware/executor.rb:14:in `call'
actionpack (5.2.0) lib/action_dispatch/middleware/static.rb:127:in `call'
rack (2.0.5) lib/rack/sendfile.rb:111:in `call'
railties (5.2.0) lib/rails/engine.rb:524:in `call'
puma (3.11.4) lib/puma/configuration.rb:225:in `call'
puma (3.11.4) lib/puma/server.rb:632:in `handle_request'
puma (3.11.4) lib/puma/server.rb:446:in `process_client'
puma (3.11.4) lib/puma/server.rb:306:in `block in run'
puma (3.11.4) lib/puma/thread_pool.rb:120:in `block in spawn_thread'
Started GET "/games" for 127.0.0.1 at 2018-07-11 22:16:15 +1000
Processing by GamesController#index as HTML
  Rendering games/index.html.erb within layouts/application
  Rendered games/index.html.erb within layouts/application (0.4ms)
Completed 200 OK in 239ms (Views: 229.9ms | ActiveRecord: 0.0ms)


Started GET "/games" for 127.0.0.1 at 2018-07-11 22:17:52 +1000
Processing by GamesController#index as HTML
  Rendering games/index.html.erb within layouts/application
  [1m[36mGame Load (0.4ms)[0m  [1m[34mSELECT "games".* FROM "games"[0m
  ↳ app/views/games/index.html.erb:3
  Rendered games/index.html.erb within layouts/application (7.3ms)
Completed 200 OK in 42ms (Views: 33.5ms | ActiveRecord: 5.4ms)


Started GET "/games/new" for 127.0.0.1 at 2018-07-11 22:18:07 +1000
Processing by GamesController#new as HTML
  Rendering games/new.html.erb within layouts/application
  Rendered games/new.html.erb within layouts/application (0.4ms)
Completed 200 OK in 62ms (Views: 35.0ms | ActiveRecord: 7.2ms)


Started GET "/games/new" for 127.0.0.1 at 2018-07-11 22:20:07 +1000
Processing by GamesController#new as HTML
  Rendering games/new.html.erb within layouts/application
  Rendered games/new.html.erb within layouts/application (0.4ms)
Completed 200 OK in 25ms (Views: 21.8ms | ActiveRecord: 0.0ms)


Started GET "/games/new" for 127.0.0.1 at 2018-07-11 22:20:08 +1000
Processing by GamesController#new as HTML
  Rendering games/new.html.erb within layouts/application
  Rendered games/new.html.erb within layouts/application (0.4ms)
Completed 200 OK in 26ms (Views: 22.6ms | ActiveRecord: 0.0ms)


Started GET "/games/new" for 127.0.0.1 at 2018-07-11 22:20:11 +1000
Processing by GamesController#new as HTML
  Rendering games/new.html.erb within layouts/application
  Rendered games/new.html.erb within layouts/application (0.3ms)
Completed 200 OK in 25ms (Views: 21.6ms | ActiveRecord: 0.0ms)


Started GET "/games" for 127.0.0.1 at 2018-07-11 22:21:01 +1000
Processing by GamesController#index as HTML
  Rendering games/index.html.erb within layouts/application
  [1m[36mGame Load (0.6ms)[0m  [1m[34mSELECT "games".* FROM "games"[0m
  ↳ app/views/games/index.html.erb:3
  Rendered games/index.html.erb within layouts/application (2.2ms)
Completed 200 OK in 36ms (Views: 28.5ms | ActiveRecord: 0.6ms)


Started GET "/games" for 127.0.0.1 at 2018-07-11 22:21:02 +1000
Processing by GamesController#index as HTML
  Rendering games/index.html.erb within layouts/application
  [1m[36mGame Load (0.9ms)[0m  [1m[34mSELECT "games".* FROM "games"[0m
  ↳ app/views/games/index.html.erb:3
  Rendered games/index.html.erb within layouts/application (3.1ms)
Completed 200 OK in 37ms (Views: 31.2ms | ActiveRecord: 0.9ms)


Started GET "/games" for 127.0.0.1 at 2018-07-11 22:21:03 +1000
Processing by GamesController#index as HTML
  Rendering games/index.html.erb within layouts/application
  [1m[36mGame Load (0.4ms)[0m  [1m[34mSELECT "games".* FROM "games"[0m
  ↳ app/views/games/index.html.erb:3
  Rendered games/index.html.erb within layouts/application (10.2ms)
Completed 200 OK in 49ms (Views: 42.5ms | ActiveRecord: 0.4ms)


Started GET "/games" for 127.0.0.1 at 2018-07-11 22:21:03 +1000
Processing by GamesController#index as HTML
  Rendering games/index.html.erb within layouts/application
  [1m[36mGame Load (3.1ms)[0m  [1m[34mSELECT "games".* FROM "games"[0m
  ↳ app/views/games/index.html.erb:3
  Rendered games/index.html.erb within layouts/application (4.9ms)
Completed 200 OK in 63ms (Views: 55.2ms | ActiveRecord: 3.1ms)


Started GET "/games" for 127.0.0.1 at 2018-07-11 22:21:16 +1000
Processing by GamesController#index as HTML
  Rendering games/index.html.erb within layouts/application
  [1m[36mGame Load (0.4ms)[0m  [1m[34mSELECT "games".* FROM "games"[0m
  ↳ app/views/games/index.html.erb:3
  Rendered games/index.html.erb within layouts/application (1.6ms)
Completed 200 OK in 26ms (Views: 23.0ms | ActiveRecord: 0.4ms)


Started GET "/games/new" for 127.0.0.1 at 2018-07-11 22:21:18 +1000
Processing by GamesController#new as HTML
  Rendering games/new.html.erb within layouts/application
  Rendered games/_form.html.erb (16.6ms)
  Rendered games/new.html.erb within layouts/application (22.3ms)
Completed 200 OK in 56ms (Views: 52.1ms | ActiveRecord: 0.0ms)


Started POST "/games" for 127.0.0.1 at 2018-07-11 22:21:22 +1000
Processing by GamesController#create as HTML
  Parameters: {"utf8"=>"✓", "authenticity_token"=>"h3ZP4+C/85lwH0E1kShTT+QXy7xn+iaE/MfKTlTB+1RCSja+fFMZJiuN2uMODUMSrWj+W23SH52z6hUzyyJl2w==", "game"=>{"name"=>"test", "genre"=>"test", "image"=>""}, "commit"=>"Create Game"}
  [1m[35m (0.3ms)[0m  [1m[35mBEGIN[0m
  ↳ app/controllers/games_controller.rb:15
  [1m[36mGame Create (0.9ms)[0m  [1m[32mINSERT INTO "games" ("name", "genre", "image", "created_at", "updated_at") VALUES ($1, $2, $3, $4, $5) RETURNING "id"[0m  [["name", "test"], ["genre", "test"], ["image", ""], ["created_at", "2018-07-11 12:21:22.509359"], ["updated_at", "2018-07-11 12:21:22.509359"]]
  ↳ app/controllers/games_controller.rb:15
  [1m[35m (0.4ms)[0m  [1m[35mCOMMIT[0m
  ↳ app/controllers/games_controller.rb:15
Redirected to http://localhost:3000/games/1
Completed 302 Found in 6ms (ActiveRecord: 1.6ms)


Started GET "/games/1" for 127.0.0.1 at 2018-07-11 22:21:22 +1000
Processing by GamesController#show as HTML
  Parameters: {"id"=>"1"}
  [1m[36mGame Load (0.7ms)[0m  [1m[34mSELECT  "games".* FROM "games" WHERE "games"."id" = $1 LIMIT $2[0m  [["id", 1], ["LIMIT", 1]]
  ↳ app/controllers/games_controller.rb:7
  Rendering games/show.html.erb within layouts/application
  Rendered games/_form.html.erb (1.8ms)
  Rendered games/show.html.erb within layouts/application (4.9ms)
Completed 200 OK in 31ms (Views: 24.4ms | ActiveRecord: 0.7ms)


Started GET "/games/new" for 127.0.0.1 at 2018-07-11 22:21:26 +1000
Processing by GamesController#new as HTML
  Rendering games/new.html.erb within layouts/application
  Rendered games/_form.html.erb (1.7ms)
  Rendered games/new.html.erb within layouts/application (5.2ms)
Completed 200 OK in 39ms (Views: 33.2ms | ActiveRecord: 0.0ms)


Started GET "/games" for 127.0.0.1 at 2018-07-11 22:21:29 +1000
Processing by GamesController#index as HTML
  Rendering games/index.html.erb within layouts/application
  [1m[36mGame Load (0.5ms)[0m  [1m[34mSELECT "games".* FROM "games"[0m
  ↳ app/views/games/index.html.erb:3
  Rendered games/index.html.erb within layouts/application (2.4ms)
Completed 200 OK in 42ms (Views: 35.0ms | ActiveRecord: 0.5ms)


Started GET "/games/1" for 127.0.0.1 at 2018-07-11 22:21:31 +1000
Processing by GamesController#show as HTML
  Parameters: {"id"=>"1"}
  [1m[36mGame Load (0.6ms)[0m  [1m[34mSELECT  "games".* FROM "games" WHERE "games"."id" = $1 LIMIT $2[0m  [["id", 1], ["LIMIT", 1]]
  ↳ app/controllers/games_controller.rb:7
  Rendering games/show.html.erb within layouts/application
  Rendered games/_form.html.erb (2.4ms)
  Rendered games/show.html.erb within layouts/application (7.6ms)
Completed 200 OK in 45ms (Views: 35.3ms | ActiveRecord: 0.6ms)


Started GET "/games/new" for 127.0.0.1 at 2018-07-11 22:21:34 +1000
Processing by GamesController#new as HTML
  Rendering games/new.html.erb within layouts/application
  Rendered games/_form.html.erb (2.2ms)
  Rendered games/new.html.erb within layouts/application (6.6ms)
Completed 200 OK in 39ms (Views: 32.1ms | ActiveRecord: 0.0ms)


Started GET "/games" for 127.0.0.1 at 2018-07-11 22:22:03 +1000
Processing by GamesController#index as HTML
  Rendering games/index.html.erb within layouts/application
  [1m[36mGame Load (0.7ms)[0m  [1m[34mSELECT "games".* FROM "games"[0m
  ↳ app/views/games/index.html.erb:3
  Rendered games/index.html.erb within layouts/application (2.8ms)
Completed 200 OK in 44ms (Views: 34.4ms | ActiveRecord: 0.7ms)


Started GET "/games/1" for 127.0.0.1 at 2018-07-11 22:22:04 +1000
Processing by GamesController#show as HTML
  Parameters: {"id"=>"1"}
  [1m[36mGame Load (0.7ms)[0m  [1m[34mSELECT  "games".* FROM "games" WHERE "games"."id" = $1 LIMIT $2[0m  [["id", 1], ["LIMIT", 1]]
  ↳ app/controllers/games_controller.rb:7
  Rendering games/show.html.erb within layouts/application
  Rendered games/_form.html.erb (3.6ms)
  Rendered games/show.html.erb within layouts/application (9.1ms)
Completed 200 OK in 42ms (Views: 33.7ms | ActiveRecord: 0.7ms)


Started GET "/games/1" for 127.0.0.1 at 2018-07-11 22:22:46 +1000
Processing by GamesController#show as HTML
  Parameters: {"id"=>"1"}
  [1m[36mGame Load (0.4ms)[0m  [1m[34mSELECT  "games".* FROM "games" WHERE "games"."id" = $1 LIMIT $2[0m  [["id", 1], ["LIMIT", 1]]
  ↳ app/controllers/games_controller.rb:7
  Rendering games/show.html.erb within layouts/application
  [1m[35m (0.3ms)[0m  [1m[34mSELECT "developers"."name", "developers"."id" FROM "developers"[0m
  ↳ app/views/games/_form.html.erb:12
  Rendered games/_form.html.erb (24.2ms)
  Rendered games/show.html.erb within layouts/application (27.7ms)
Completed 200 OK in 57ms (Views: 48.9ms | ActiveRecord: 3.0ms)


Started PATCH "/games/1" for 127.0.0.1 at 2018-07-11 22:22:48 +1000
Processing by GamesController#update as HTML
  Parameters: {"utf8"=>"✓", "authenticity_token"=>"vynh1tGgnudilUIJNrlS3KwMAbKi12RrcEyeBbMTnaGX3tPdbEWJQdkaNbByheGrihocRiOf8GegUllAWygsYw==", "game"=>{"name"=>"test", "genre"=>"test", "image"=>"", "developer_id"=>"4"}, "commit"=>"Update Game", "id"=>"1"}
  [1m[36mGame Load (0.5ms)[0m  [1m[34mSELECT  "games".* FROM "games" WHERE "games"."id" = $1 LIMIT $2[0m  [["id", 1], ["LIMIT", 1]]
  ↳ app/controllers/games_controller.rb:24
  [1m[35m (0.2ms)[0m  [1m[35mBEGIN[0m
  ↳ app/controllers/games_controller.rb:25
  [1m[36mGame Update (0.6ms)[0m  [1m[33mUPDATE "games" SET "developer_id" = $1, "updated_at" = $2 WHERE "games"."id" = $3[0m  [["developer_id", 4], ["updated_at", "2018-07-11 12:22:48.858216"], ["id", 1]]
  ↳ app/controllers/games_controller.rb:25
  [1m[35m (1.2ms)[0m  [1m[35mCOMMIT[0m
  ↳ app/controllers/games_controller.rb:25
Redirected to http://localhost:3000/games/1
Completed 302 Found in 9ms (ActiveRecord: 2.6ms)


Started GET "/games/1" for 127.0.0.1 at 2018-07-11 22:22:48 +1000
Processing by GamesController#show as HTML
  Parameters: {"id"=>"1"}
  [1m[36mGame Load (0.4ms)[0m  [1m[34mSELECT  "games".* FROM "games" WHERE "games"."id" = $1 LIMIT $2[0m  [["id", 1], ["LIMIT", 1]]
  ↳ app/controllers/games_controller.rb:7
  Rendering games/show.html.erb within layouts/application
  [1m[35m (0.4ms)[0m  [1m[34mSELECT "developers"."name", "developers"."id" FROM "developers"[0m
  ↳ app/views/games/_form.html.erb:12
  Rendered games/_form.html.erb (3.1ms)
  Rendered games/show.html.erb within layouts/application (5.7ms)
Completed 200 OK in 37ms (Views: 33.1ms | ActiveRecord: 0.7ms)


Started GET "/games/new" for 127.0.0.1 at 2018-07-11 22:22:50 +1000
Processing by GamesController#new as HTML
  Rendering games/new.html.erb within layouts/application
  [1m[35m (0.4ms)[0m  [1m[34mSELECT "developers"."name", "developers"."id" FROM "developers"[0m
  ↳ app/views/games/_form.html.erb:12
  Rendered games/_form.html.erb (4.1ms)
  Rendered games/new.html.erb within layouts/application (8.4ms)
Completed 200 OK in 39ms (Views: 32.8ms | ActiveRecord: 0.4ms)


Started POST "/games" for 127.0.0.1 at 2018-07-11 22:23:00 +1000
Processing by GamesController#create as HTML
  Parameters: {"utf8"=>"✓", "authenticity_token"=>"a5vVWvVo9wuDE3Zq25DjueMeEu215jfm4gMmQC5NukGup6wHaYQdtNiB7bxEtfPkqmEnCr/ODv+tLvk9sa4kzg==", "game"=>{"name"=>"re", "genre"=>"sadf", "image"=>"", "developer_id"=>"5"}, "commit"=>"Create Game"}
  [1m[35m (0.2ms)[0m  [1m[35mBEGIN[0m
  ↳ app/controllers/games_controller.rb:15
  [1m[36mGame Create (0.4ms)[0m  [1m[32mINSERT INTO "games" ("name", "genre", "image", "created_at", "updated_at", "developer_id") VALUES ($1, $2, $3, $4, $5, $6) RETURNING "id"[0m  [["name", "re"], ["genre", "sadf"], ["image", ""], ["created_at", "2018-07-11 12:23:00.437228"], ["updated_at", "2018-07-11 12:23:00.437228"], ["developer_id", 5]]
  ↳ app/controllers/games_controller.rb:15
  [1m[35m (1.1ms)[0m  [1m[35mCOMMIT[0m
  ↳ app/controllers/games_controller.rb:15
Redirected to http://localhost:3000/games/2
Completed 302 Found in 6ms (ActiveRecord: 1.7ms)


Started GET "/games/2" for 127.0.0.1 at 2018-07-11 22:23:00 +1000
Processing by GamesController#show as HTML
  Parameters: {"id"=>"2"}
  [1m[36mGame Load (0.4ms)[0m  [1m[34mSELECT  "games".* FROM "games" WHERE "games"."id" = $1 LIMIT $2[0m  [["id", 2], ["LIMIT", 1]]
  ↳ app/controllers/games_controller.rb:7
  Rendering games/show.html.erb within layouts/application
  [1m[35m (1.0ms)[0m  [1m[34mSELECT "developers"."name", "developers"."id" FROM "developers"[0m
  ↳ app/views/games/_form.html.erb:12
  Rendered games/_form.html.erb (4.8ms)
  Rendered games/show.html.erb within layouts/application (7.4ms)
Completed 200 OK in 30ms (Views: 24.7ms | ActiveRecord: 1.3ms)


Started GET "/games/2" for 127.0.0.1 at 2018-07-11 22:25:17 +1000
Processing by GamesController#show as HTML
  Parameters: {"id"=>"2"}
  [1m[36mGame Load (0.3ms)[0m  [1m[34mSELECT  "games".* FROM "games" WHERE "games"."id" = $1 LIMIT $2[0m  [["id", 2], ["LIMIT", 1]]
  ↳ app/controllers/games_controller.rb:7
  Rendering games/show.html.erb within layouts/application
  [1m[35m (0.4ms)[0m  [1m[34mSELECT "developers"."name", "developers"."id" FROM "developers"[0m
  ↳ app/views/games/_form.html.erb:12
  Rendered games/_form.html.erb (3.4ms)
  Rendered games/show.html.erb within layouts/application (7.0ms)
Completed 200 OK in 36ms (Views: 31.1ms | ActiveRecord: 0.7ms)


Started GET "/games" for 127.0.0.1 at 2018-07-11 22:25:19 +1000
Processing by GamesController#index as HTML
  Rendering games/index.html.erb within layouts/application
  [1m[36mGame Load (0.5ms)[0m  [1m[34mSELECT "games".* FROM "games"[0m
  ↳ app/views/games/index.html.erb:3
  Rendered games/index.html.erb within layouts/application (2.5ms)
Completed 200 OK in 34ms (Views: 29.2ms | ActiveRecord: 0.5ms)


Started GET "/games/1" for 127.0.0.1 at 2018-07-11 22:25:20 +1000
Processing by GamesController#show as HTML
  Parameters: {"id"=>"1"}
  [1m[36mGame Load (0.3ms)[0m  [1m[34mSELECT  "games".* FROM "games" WHERE "games"."id" = $1 LIMIT $2[0m  [["id", 1], ["LIMIT", 1]]
  ↳ app/controllers/games_controller.rb:7
  Rendering games/show.html.erb within layouts/application
  [1m[35m (0.4ms)[0m  [1m[34mSELECT "developers"."name", "developers"."id" FROM "developers"[0m
  ↳ app/views/games/_form.html.erb:12
  Rendered games/_form.html.erb (4.2ms)
  Rendered games/show.html.erb within layouts/application (7.5ms)
Completed 200 OK in 43ms (Views: 34.3ms | ActiveRecord: 0.7ms)


Started PATCH "/games/1" for 127.0.0.1 at 2018-07-11 22:25:21 +1000
Processing by GamesController#update as HTML
  Parameters: {"utf8"=>"✓", "authenticity_token"=>"rYtxjrX2oVgN/ir4teHS9JIWqPqyJiaOaihVtGcuyRpNGOum8kBvX+WbL47VKqRwGHZd/avhaDbcf842z5xPvw==", "game"=>{"name"=>"test", "genre"=>"test", "image"=>"", "developer_id"=>"4"}, "commit"=>"Update Game", "id"=>"1"}
  [1m[36mGame Load (0.3ms)[0m  [1m[34mSELECT  "games".* FROM "games" WHERE "games"."id" = $1 LIMIT $2[0m  [["id", 1], ["LIMIT", 1]]
  ↳ app/controllers/games_controller.rb:24
  [1m[35m (0.2ms)[0m  [1m[35mBEGIN[0m
  ↳ app/controllers/games_controller.rb:25
  [1m[35m (0.2ms)[0m  [1m[35mCOMMIT[0m
  ↳ app/controllers/games_controller.rb:25
Redirected to http://localhost:3000/games/1
Completed 302 Found in 4ms (ActiveRecord: 0.7ms)


Started GET "/games/1" for 127.0.0.1 at 2018-07-11 22:25:21 +1000
Processing by GamesController#show as HTML
  Parameters: {"id"=>"1"}
  [1m[36mGame Load (0.3ms)[0m  [1m[34mSELECT  "games".* FROM "games" WHERE "games"."id" = $1 LIMIT $2[0m  [["id", 1], ["LIMIT", 1]]
  ↳ app/controllers/games_controller.rb:7
  Rendering games/show.html.erb within layouts/application
  [1m[35m (0.4ms)[0m  [1m[34mSELECT "developers"."name", "developers"."id" FROM "developers"[0m
  ↳ app/views/games/_form.html.erb:12
  Rendered games/_form.html.erb (4.3ms)
  Rendered games/show.html.erb within layouts/application (8.1ms)
Completed 200 OK in 39ms (Views: 34.5ms | ActiveRecord: 0.7ms)


Started GET "/games/new" for 127.0.0.1 at 2018-07-11 22:25:23 +1000
Processing by GamesController#new as HTML
  Rendering games/new.html.erb within layouts/application
  [1m[35m (0.4ms)[0m  [1m[34mSELECT "developers"."name", "developers"."id" FROM "developers"[0m
  ↳ app/views/games/_form.html.erb:12
  Rendered games/_form.html.erb (3.8ms)
  Rendered games/new.html.erb within layouts/application (8.5ms)
Completed 200 OK in 39ms (Views: 32.6ms | ActiveRecord: 0.4ms)


Started POST "/games" for 127.0.0.1 at 2018-07-11 22:25:31 +1000
Processing by GamesController#create as HTML
  Parameters: {"utf8"=>"✓", "authenticity_token"=>"4Q4OOcgUEUjKSIryU2tS2QQxNVD6biY29udg8DVk93skMndkVPj795HaESTMTkKETU4At/BGHy+5yr+Nqodp9A==", "game"=>{"name"=>"", "genre"=>"adf", "image"=>"", "developer_id"=>"4"}, "commit"=>"Create Game"}
  [1m[35m (0.3ms)[0m  [1m[35mBEGIN[0m
  ↳ app/controllers/games_controller.rb:15
  [1m[36mGame Create (0.4ms)[0m  [1m[32mINSERT INTO "games" ("name", "genre", "image", "created_at", "updated_at", "developer_id") VALUES ($1, $2, $3, $4, $5, $6) RETURNING "id"[0m  [["name", ""], ["genre", "adf"], ["image", ""], ["created_at", "2018-07-11 12:25:31.408351"], ["updated_at", "2018-07-11 12:25:31.408351"], ["developer_id", 4]]
  ↳ app/controllers/games_controller.rb:15
  [1m[35m (1.2ms)[0m  [1m[35mCOMMIT[0m
  ↳ app/controllers/games_controller.rb:15
Redirected to http://localhost:3000/games/3
Completed 302 Found in 6ms (ActiveRecord: 1.9ms)


Started GET "/games/3" for 127.0.0.1 at 2018-07-11 22:25:31 +1000
Processing by GamesController#show as HTML
  Parameters: {"id"=>"3"}
  [1m[36mGame Load (0.3ms)[0m  [1m[34mSELECT  "games".* FROM "games" WHERE "games"."id" = $1 LIMIT $2[0m  [["id", 3], ["LIMIT", 1]]
  ↳ app/controllers/games_controller.rb:7
  Rendering games/show.html.erb within layouts/application
  [1m[35m (0.4ms)[0m  [1m[34mSELECT "developers"."name", "developers"."id" FROM "developers"[0m
  ↳ app/views/games/_form.html.erb:12
  Rendered games/_form.html.erb (3.7ms)
  Rendered games/show.html.erb within layouts/application (6.9ms)
Completed 200 OK in 32ms (Views: 28.0ms | ActiveRecord: 0.7ms)


Started GET "/games/3" for 127.0.0.1 at 2018-07-11 22:26:48 +1000
Processing by GamesController#show as HTML
  Parameters: {"id"=>"3"}
  [1m[36mGame Load (0.2ms)[0m  [1m[34mSELECT  "games".* FROM "games" WHERE "games"."id" = $1 LIMIT $2[0m  [["id", 3], ["LIMIT", 1]]
  ↳ app/controllers/games_controller.rb:7
  Rendering games/show.html.erb within layouts/application
  [1m[35m (1.0ms)[0m  [1m[34mSELECT "developers"."name", "developers"."id" FROM "developers"[0m
  ↳ app/views/games/_form.html.erb:12
  Rendered games/_form.html.erb (130.3ms)
  Rendered games/show.html.erb within layouts/application (135.0ms)
Completed 200 OK in 239ms (Views: 211.6ms | ActiveRecord: 11.3ms)


Started GET "/games" for 127.0.0.1 at 2018-07-11 22:26:49 +1000
Processing by GamesController#index as HTML
  Rendering games/index.html.erb within layouts/application
  [1m[36mGame Load (0.6ms)[0m  [1m[34mSELECT "games".* FROM "games"[0m
  ↳ app/views/games/index.html.erb:3
  Rendered games/index.html.erb within layouts/application (3.1ms)
Completed 200 OK in 49ms (Views: 43.3ms | ActiveRecord: 0.6ms)


Started GET "/games/1" for 127.0.0.1 at 2018-07-11 22:26:50 +1000
Processing by GamesController#show as HTML
  Parameters: {"id"=>"1"}
  [1m[36mGame Load (0.3ms)[0m  [1m[34mSELECT  "games".* FROM "games" WHERE "games"."id" = $1 LIMIT $2[0m  [["id", 1], ["LIMIT", 1]]
  ↳ app/controllers/games_controller.rb:7
  Rendering games/show.html.erb within layouts/application
  [1m[35m (0.5ms)[0m  [1m[34mSELECT "developers"."name", "developers"."id" FROM "developers"[0m
  ↳ app/views/games/_form.html.erb:12
  Rendered games/_form.html.erb (5.4ms)
  Rendered games/show.html.erb within layouts/application (10.7ms)
Completed 200 OK in 53ms (Views: 45.8ms | ActiveRecord: 0.8ms)


Started GET "/games" for 127.0.0.1 at 2018-07-11 22:26:54 +1000
Processing by GamesController#index as HTML
  Rendering games/index.html.erb within layouts/application
  [1m[36mGame Load (0.4ms)[0m  [1m[34mSELECT "games".* FROM "games"[0m
  ↳ app/views/games/index.html.erb:3
  Rendered games/index.html.erb within layouts/application (2.8ms)
Completed 200 OK in 38ms (Views: 31.5ms | ActiveRecord: 0.4ms)


Started GET "/games/1" for 127.0.0.1 at 2018-07-11 22:26:55 +1000
Processing by GamesController#show as HTML
  Parameters: {"id"=>"1"}
  [1m[36mGame Load (0.4ms)[0m  [1m[34mSELECT  "games".* FROM "games" WHERE "games"."id" = $1 LIMIT $2[0m  [["id", 1], ["LIMIT", 1]]
  ↳ app/controllers/games_controller.rb:7
  Rendering games/show.html.erb within layouts/application
  [1m[35m (0.5ms)[0m  [1m[34mSELECT "developers"."name", "developers"."id" FROM "developers"[0m
  ↳ app/views/games/_form.html.erb:12
  Rendered games/_form.html.erb (5.1ms)
  Rendered games/show.html.erb within layouts/application (10.3ms)
Completed 200 OK in 55ms (Views: 46.7ms | ActiveRecord: 0.9ms)


Started GET "/games" for 127.0.0.1 at 2018-07-11 22:27:23 +1000
Processing by GamesController#index as HTML
  Rendering games/index.html.erb within layouts/application
  [1m[36mGame Load (0.6ms)[0m  [1m[34mSELECT "games".* FROM "games"[0m
  ↳ app/views/games/index.html.erb:3
  Rendered games/index.html.erb within layouts/application (3.2ms)
Completed 200 OK in 37ms (Views: 30.6ms | ActiveRecord: 0.6ms)


Started GET "/games/1" for 127.0.0.1 at 2018-07-11 22:27:24 +1000
Processing by GamesController#show as HTML
  Parameters: {"id"=>"1"}
  [1m[36mGame Load (0.4ms)[0m  [1m[34mSELECT  "games".* FROM "games" WHERE "games"."id" = $1 LIMIT $2[0m  [["id", 1], ["LIMIT", 1]]
  ↳ app/controllers/games_controller.rb:7
  Rendering games/show.html.erb within layouts/application
  [1m[35m (0.4ms)[0m  [1m[34mSELECT "developers"."name", "developers"."id" FROM "developers"[0m
  ↳ app/views/games/_form.html.erb:12
  Rendered games/_form.html.erb (5.0ms)
  Rendered games/show.html.erb within layouts/application (9.6ms)
Completed 200 OK in 43ms (Views: 34.8ms | ActiveRecord: 0.8ms)


Started GET "/games" for 127.0.0.1 at 2018-07-11 22:27:26 +1000
Processing by GamesController#index as HTML
  Rendering games/index.html.erb within layouts/application
  [1m[36mGame Load (0.7ms)[0m  [1m[34mSELECT "games".* FROM "games"[0m
  ↳ app/views/games/index.html.erb:3
  Rendered games/index.html.erb within layouts/application (3.0ms)
Completed 200 OK in 39ms (Views: 30.5ms | ActiveRecord: 0.7ms)


Started GET "/games" for 127.0.0.1 at 2018-07-11 22:27:31 +1000
Processing by GamesController#index as HTML
  Rendering games/index.html.erb within layouts/application
  [1m[36mGame Load (0.5ms)[0m  [1m[34mSELECT "games".* FROM "games"[0m
  ↳ app/views/games/index.html.erb:3
  Rendered games/index.html.erb within layouts/application (2.2ms)
Completed 200 OK in 43ms (Views: 38.0ms | ActiveRecord: 0.5ms)


Started GET "/games" for 127.0.0.1 at 2018-07-11 22:28:23 +1000
Processing by GamesController#index as HTML
  Rendering games/index.html.erb within layouts/application
  [1m[36mGame Load (0.4ms)[0m  [1m[34mSELECT "games".* FROM "games"[0m
  ↳ app/views/games/index.html.erb:3
  Rendered games/index.html.erb within layouts/application (1.4ms)
Completed 200 OK in 25ms (Views: 21.4ms | ActiveRecord: 0.4ms)


Started GET "/games" for 127.0.0.1 at 2018-07-11 22:28:49 +1000
Processing by GamesController#index as HTML
  Rendering games/index.html.erb within layouts/application
  [1m[36mGame Load (0.4ms)[0m  [1m[34mSELECT "games".* FROM "games"[0m
  ↳ app/views/games/index.html.erb:3
  Rendered games/index.html.erb within layouts/application (1.9ms)
Completed 200 OK in 34ms (Views: 29.1ms | ActiveRecord: 0.4ms)


Started GET "/games" for 127.0.0.1 at 2018-07-11 22:29:18 +1000
Processing by GamesController#index as HTML
  Rendering games/index.html.erb within layouts/application
  Rendered games/index.html.erb within layouts/application (1.0ms)
Completed 500 Internal Server Error in 17ms (ActiveRecord: 0.0ms)


  
SyntaxError (/Users/shelleyzhang/Projects/WDi28-Homework/shelley_zhang/week_05/day_03/gamedev/app/views/games/index.html.erb:12: syntax error, unexpected keyword_ensure, expecting end-of-input
          ensure
          ^~~~~~):
  
app/views/games/index.html.erb:12: syntax error, unexpected keyword_ensure, expecting end-of-input
Started GET "/games" for 127.0.0.1 at 2018-07-11 22:29:23 +1000
Processing by GamesController#index as HTML
  Rendering games/index.html.erb within layouts/application
  [1m[36mGame Load (0.4ms)[0m  [1m[34mSELECT "games".* FROM "games"[0m
  ↳ app/views/games/index.html.erb:3
  Rendered games/index.html.erb within layouts/application (1.9ms)
Completed 200 OK in 33ms (Views: 29.1ms | ActiveRecord: 0.4ms)


Started GET "/games/2" for 127.0.0.1 at 2018-07-11 22:29:25 +1000
Processing by GamesController#show as HTML
  Parameters: {"id"=>"2"}
  [1m[36mGame Load (0.4ms)[0m  [1m[34mSELECT  "games".* FROM "games" WHERE "games"."id" = $1 LIMIT $2[0m  [["id", 2], ["LIMIT", 1]]
  ↳ app/controllers/games_controller.rb:7
  Rendering games/show.html.erb within layouts/application
  [1m[35m (0.5ms)[0m  [1m[34mSELECT "developers"."name", "developers"."id" FROM "developers"[0m
  ↳ app/views/games/_form.html.erb:12
  Rendered games/_form.html.erb (3.7ms)
  Rendered games/show.html.erb within layouts/application (8.2ms)
Completed 200 OK in 38ms (Views: 30.6ms | ActiveRecord: 0.9ms)


Started GET "/games" for 127.0.0.1 at 2018-07-11 22:29:34 +1000
Processing by GamesController#index as HTML
  Rendering games/index.html.erb within layouts/application
  [1m[36mGame Load (0.5ms)[0m  [1m[34mSELECT "games".* FROM "games"[0m
  ↳ app/views/games/index.html.erb:3
  Rendered games/index.html.erb within layouts/application (2.6ms)
Completed 200 OK in 42ms (Views: 32.0ms | ActiveRecord: 0.5ms)


Started GET "/games/1" for 127.0.0.1 at 2018-07-11 22:29:35 +1000
Processing by GamesController#show as HTML
  Parameters: {"id"=>"1"}
  [1m[36mGame Load (0.3ms)[0m  [1m[34mSELECT  "games".* FROM "games" WHERE "games"."id" = $1 LIMIT $2[0m  [["id", 1], ["LIMIT", 1]]
  ↳ app/controllers/games_controller.rb:7
  Rendering games/show.html.erb within layouts/application
  [1m[35m (0.8ms)[0m  [1m[34mSELECT "developers"."name", "developers"."id" FROM "developers"[0m
  ↳ app/views/games/_form.html.erb:12
  Rendered games/_form.html.erb (5.8ms)
  Rendered games/show.html.erb within layouts/application (10.7ms)
Completed 200 OK in 53ms (Views: 45.0ms | ActiveRecord: 1.0ms)


Started GET "/games" for 127.0.0.1 at 2018-07-11 22:29:38 +1000
Processing by GamesController#index as HTML
  Rendering games/index.html.erb within layouts/application
  [1m[36mGame Load (2.1ms)[0m  [1m[34mSELECT "games".* FROM "games"[0m
  ↳ app/views/games/index.html.erb:3
  Rendered games/index.html.erb within layouts/application (4.3ms)
Completed 200 OK in 40ms (Views: 30.8ms | ActiveRecord: 2.1ms)


Started GET "/developers/new" for 127.0.0.1 at 2018-07-11 22:29:40 +1000
Processing by DevelopersController#new as HTML
  Rendering developers/new.html.erb within layouts/application
  Rendered developers/_form.html.erb (1.8ms)
  Rendered developers/new.html.erb within layouts/application (4.6ms)
Completed 200 OK in 39ms (Views: 27.1ms | ActiveRecord: 4.1ms)


Started GET "/developers" for 127.0.0.1 at 2018-07-11 22:29:42 +1000
Processing by DevelopersController#index as HTML
  Rendering developers/index.html.erb within layouts/application
  [1m[36mDeveloper Load (0.5ms)[0m  [1m[34mSELECT "developers".* FROM "developers" ORDER BY "developers"."created_at" ASC[0m
  ↳ app/views/developers/index.html.erb:3
  Rendered developers/index.html.erb within layouts/application (2.5ms)
Completed 200 OK in 36ms (Views: 28.8ms | ActiveRecord: 0.5ms)


Started GET "/developers/4" for 127.0.0.1 at 2018-07-11 22:29:43 +1000
Processing by DevelopersController#show as HTML
  Parameters: {"id"=>"4"}
  [1m[36mDeveloper Load (0.5ms)[0m  [1m[34mSELECT  "developers".* FROM "developers" WHERE "developers"."id" = $1 LIMIT $2[0m  [["id", 4], ["LIMIT", 1]]
  ↳ app/controllers/developers_controller.rb:7
  Rendering developers/show.html.erb within layouts/application
  [1m[36mGame Load (0.4ms)[0m  [1m[34mSELECT "games".* FROM "games" WHERE "games"."developer_id" = $1[0m  [["developer_id", 4]]
  ↳ app/views/developers/show.html.erb:11
  Rendered developers/show.html.erb within layouts/application (10.2ms)
Completed 200 OK in 47ms (Views: 35.9ms | ActiveRecord: 0.9ms)


Started GET "/games" for 127.0.0.1 at 2018-07-11 22:30:51 +1000
Processing by GamesController#index as HTML
  Rendering games/index.html.erb within layouts/application
  [1m[36mGame Load (0.4ms)[0m  [1m[34mSELECT "games".* FROM "games"[0m
  ↳ app/views/games/index.html.erb:3
  Rendered games/index.html.erb within layouts/application (2.4ms)
Completed 200 OK in 38ms (Views: 32.3ms | ActiveRecord: 0.4ms)


Started GET "/games/1" for 127.0.0.1 at 2018-07-11 22:30:52 +1000
Processing by GamesController#show as HTML
  Parameters: {"id"=>"1"}
  [1m[36mGame Load (0.3ms)[0m  [1m[34mSELECT  "games".* FROM "games" WHERE "games"."id" = $1 LIMIT $2[0m  [["id", 1], ["LIMIT", 1]]
  ↳ app/controllers/games_controller.rb:7
  Rendering games/show.html.erb within layouts/application
  [1m[35m (0.8ms)[0m  [1m[34mSELECT "developers"."name", "developers"."id" FROM "developers"[0m
  ↳ app/views/games/_form.html.erb:12
  Rendered games/_form.html.erb (7.7ms)
  Rendered games/show.html.erb within layouts/application (13.7ms)
Completed 200 OK in 51ms (Views: 42.7ms | ActiveRecord: 1.0ms)


Started GET "/games/1" for 127.0.0.1 at 2018-07-11 22:32:19 +1000
Processing by GamesController#show as HTML
  Parameters: {"id"=>"1"}
  [1m[36mGame Load (0.4ms)[0m  [1m[34mSELECT  "games".* FROM "games" WHERE "games"."id" = $1 LIMIT $2[0m  [["id", 1], ["LIMIT", 1]]
  ↳ app/controllers/games_controller.rb:7
  Rendering games/show.html.erb within layouts/application
  [1m[35m (20.4ms)[0m  [1m[34mSELECT "developers"."name", "developers"."id" FROM "developers"[0m
  ↳ app/views/games/_form.html.erb:12
  Rendered games/_form.html.erb (41.7ms)
  Rendered games/show.html.erb within layouts/application (47.2ms)
Completed 200 OK in 183ms (Views: 133.1ms | ActiveRecord: 34.8ms)


Started GET "/games" for 127.0.0.1 at 2018-07-11 22:32:21 +1000
Processing by GamesController#index as HTML
  Rendering games/index.html.erb within layouts/application
  [1m[36mGame Load (1.2ms)[0m  [1m[34mSELECT "games".* FROM "games"[0m
  ↳ app/views/games/index.html.erb:3
  Rendered games/index.html.erb within layouts/application (3.7ms)
Completed 200 OK in 48ms (Views: 40.0ms | ActiveRecord: 1.2ms)


Started GET "/games/1" for 127.0.0.1 at 2018-07-11 22:32:22 +1000
Processing by GamesController#show as HTML
  Parameters: {"id"=>"1"}
  [1m[36mGame Load (0.3ms)[0m  [1m[34mSELECT  "games".* FROM "games" WHERE "games"."id" = $1 LIMIT $2[0m  [["id", 1], ["LIMIT", 1]]
  ↳ app/controllers/games_controller.rb:7
  Rendering games/show.html.erb within layouts/application
  [1m[35m (0.4ms)[0m  [1m[34mSELECT "developers"."name", "developers"."id" FROM "developers"[0m
  ↳ app/views/games/_form.html.erb:12
  Rendered games/_form.html.erb (7.7ms)
  Rendered games/show.html.erb within layouts/application (13.9ms)
Completed 200 OK in 58ms (Views: 48.6ms | ActiveRecord: 0.7ms)


Started PATCH "/games/1" for 127.0.0.1 at 2018-07-11 22:33:10 +1000
Processing by GamesController#update as HTML
  Parameters: {"utf8"=>"✓", "authenticity_token"=>"km3TlXf2n93O9BiPFwZvf+NPDAJm5WuxragBVu3UENly/km9MEBR2iaRHfl3zRn7aS/5BX8iJQkb/5rURWaWfA==", "game"=>{"name"=>"test", "genre"=>"test", "image"=>"", "developer_id"=>"4"}, "commit"=>"Update Game", "id"=>"1"}
  [1m[36mGame Load (0.3ms)[0m  [1m[34mSELECT  "games".* FROM "games" WHERE "games"."id" = $1 LIMIT $2[0m  [["id", 1], ["LIMIT", 1]]
  ↳ app/controllers/games_controller.rb:24
  [1m[35m (0.8ms)[0m  [1m[35mBEGIN[0m
  ↳ app/controllers/games_controller.rb:25
  [1m[35m (0.3ms)[0m  [1m[35mCOMMIT[0m
  ↳ app/controllers/games_controller.rb:25
Redirected to http://localhost:3000/games/1
Completed 302 Found in 8ms (ActiveRecord: 1.5ms)


Started GET "/games/1" for 127.0.0.1 at 2018-07-11 22:33:10 +1000
Processing by GamesController#show as HTML
  Parameters: {"id"=>"1"}
  [1m[36mGame Load (0.3ms)[0m  [1m[34mSELECT  "games".* FROM "games" WHERE "games"."id" = $1 LIMIT $2[0m  [["id", 1], ["LIMIT", 1]]
  ↳ app/controllers/games_controller.rb:7
  Rendering games/show.html.erb within layouts/application
  [1m[35m (0.4ms)[0m  [1m[34mSELECT "developers"."name", "developers"."id" FROM "developers"[0m
  ↳ app/views/games/_form.html.erb:12
  Rendered games/_form.html.erb (4.3ms)
  Rendered games/show.html.erb within layouts/application (7.4ms)
Completed 200 OK in 35ms (Views: 28.3ms | ActiveRecord: 0.7ms)


Started GET "/" for 127.0.0.1 at 2018-07-11 22:33:16 +1000
Processing by Rails::WelcomeController#index as HTML
  Rendering /Users/shelleyzhang/.rvm/gems/ruby-2.5.1/gems/railties-5.2.0/lib/rails/templates/rails/welcome/index.html.erb
  Rendered /Users/shelleyzhang/.rvm/gems/ruby-2.5.1/gems/railties-5.2.0/lib/rails/templates/rails/welcome/index.html.erb (2.2ms)
Completed 200 OK in 13ms (Views: 6.7ms | ActiveRecord: 0.0ms)


Started GET "/works" for 127.0.0.1 at 2018-07-11 22:33:21 +1000
  
ActionController::RoutingError (No route matches [GET] "/works"):
  
actionpack (5.2.0) lib/action_dispatch/middleware/debug_exceptions.rb:65:in `call'
web-console (3.6.2) lib/web_console/middleware.rb:135:in `call_app'
web-console (3.6.2) lib/web_console/middleware.rb:30:in `block in call'
web-console (3.6.2) lib/web_console/middleware.rb:20:in `catch'
web-console (3.6.2) lib/web_console/middleware.rb:20:in `call'
actionpack (5.2.0) lib/action_dispatch/middleware/show_exceptions.rb:33:in `call'
railties (5.2.0) lib/rails/rack/logger.rb:38:in `call_app'
railties (5.2.0) lib/rails/rack/logger.rb:26:in `block in call'
activesupport (5.2.0) lib/active_support/tagged_logging.rb:71:in `block in tagged'
activesupport (5.2.0) lib/active_support/tagged_logging.rb:28:in `tagged'
activesupport (5.2.0) lib/active_support/tagged_logging.rb:71:in `tagged'
railties (5.2.0) lib/rails/rack/logger.rb:26:in `call'
sprockets-rails (3.2.1) lib/sprockets/rails/quiet_assets.rb:13:in `call'
actionpack (5.2.0) lib/action_dispatch/middleware/remote_ip.rb:81:in `call'
actionpack (5.2.0) lib/action_dispatch/middleware/request_id.rb:27:in `call'
rack (2.0.5) lib/rack/method_override.rb:22:in `call'
rack (2.0.5) lib/rack/runtime.rb:22:in `call'
activesupport (5.2.0) lib/active_support/cache/strategy/local_cache_middleware.rb:29:in `call'
actionpack (5.2.0) lib/action_dispatch/middleware/executor.rb:14:in `call'
actionpack (5.2.0) lib/action_dispatch/middleware/static.rb:127:in `call'
rack (2.0.5) lib/rack/sendfile.rb:111:in `call'
railties (5.2.0) lib/rails/engine.rb:524:in `call'
puma (3.11.4) lib/puma/configuration.rb:225:in `call'
puma (3.11.4) lib/puma/server.rb:632:in `handle_request'
puma (3.11.4) lib/puma/server.rb:446:in `process_client'
puma (3.11.4) lib/puma/server.rb:306:in `block in run'
puma (3.11.4) lib/puma/thread_pool.rb:120:in `block in spawn_thread'
Started GET "/developers" for 127.0.0.1 at 2018-07-11 22:33:28 +1000
Processing by DevelopersController#index as HTML
  Rendering developers/index.html.erb within layouts/application
  [1m[36mDeveloper Load (0.5ms)[0m  [1m[34mSELECT "developers".* FROM "developers" ORDER BY "developers"."created_at" ASC[0m
  ↳ app/views/developers/index.html.erb:3
  Rendered developers/index.html.erb within layouts/application (10.1ms)
Completed 200 OK in 34ms (Views: 26.6ms | ActiveRecord: 3.9ms)


Started GET "/developers/4" for 127.0.0.1 at 2018-07-11 22:33:30 +1000
Processing by DevelopersController#show as HTML
  Parameters: {"id"=>"4"}
  [1m[36mDeveloper Load (0.7ms)[0m  [1m[34mSELECT  "developers".* FROM "developers" WHERE "developers"."id" = $1 LIMIT $2[0m  [["id", 4], ["LIMIT", 1]]
  ↳ app/controllers/developers_controller.rb:7
  Rendering developers/show.html.erb within layouts/application
  [1m[36mGame Load (0.4ms)[0m  [1m[34mSELECT "games".* FROM "games" WHERE "games"."developer_id" = $1[0m  [["developer_id", 4]]
  ↳ app/views/developers/show.html.erb:11
  Rendered developers/show.html.erb within layouts/application (4.1ms)
Completed 200 OK in 51ms (Views: 42.3ms | ActiveRecord: 1.1ms)


Started GET "/developers/4/edit" for 127.0.0.1 at 2018-07-11 22:33:35 +1000
Processing by DevelopersController#edit as HTML
  Parameters: {"id"=>"4"}
  [1m[36mDeveloper Load (1.7ms)[0m  [1m[34mSELECT  "developers".* FROM "developers" WHERE "developers"."id" = $1 LIMIT $2[0m  [["id", 4], ["LIMIT", 1]]
  ↳ app/controllers/developers_controller.rb:11
  Rendering developers/edit.html.erb within layouts/application
  Rendered developers/_form.html.erb (2.3ms)
  Rendered developers/edit.html.erb within layouts/application (6.1ms)
Completed 200 OK in 42ms (Views: 34.8ms | ActiveRecord: 1.7ms)


Started GET "/games" for 127.0.0.1 at 2018-07-11 22:33:49 +1000
Processing by GamesController#index as HTML
  Rendering games/index.html.erb within layouts/application
  [1m[36mGame Load (0.4ms)[0m  [1m[34mSELECT "games".* FROM "games"[0m
  ↳ app/views/games/index.html.erb:3
  Rendered games/index.html.erb within layouts/application (3.0ms)
Completed 200 OK in 39ms (Views: 31.6ms | ActiveRecord: 0.4ms)


Started GET "/games/1" for 127.0.0.1 at 2018-07-11 22:33:51 +1000
Processing by GamesController#show as HTML
  Parameters: {"id"=>"1"}
  [1m[36mGame Load (0.6ms)[0m  [1m[34mSELECT  "games".* FROM "games" WHERE "games"."id" = $1 LIMIT $2[0m  [["id", 1], ["LIMIT", 1]]
  ↳ app/controllers/games_controller.rb:7
  Rendering games/show.html.erb within layouts/application
  [1m[35m (0.5ms)[0m  [1m[34mSELECT "developers"."name", "developers"."id" FROM "developers"[0m
  ↳ app/views/games/_form.html.erb:12
  Rendered games/_form.html.erb (10.1ms)
  Rendered games/show.html.erb within layouts/application (15.6ms)
Completed 200 OK in 72ms (Views: 59.6ms | ActiveRecord: 1.0ms)


Started GET "/games" for 127.0.0.1 at 2018-07-11 22:33:53 +1000
Processing by GamesController#index as HTML
  Rendering games/index.html.erb within layouts/application
  [1m[36mGame Load (1.1ms)[0m  [1m[34mSELECT "games".* FROM "games"[0m
  ↳ app/views/games/index.html.erb:3
  Rendered games/index.html.erb within layouts/application (4.9ms)
Completed 200 OK in 57ms (Views: 48.8ms | ActiveRecord: 1.1ms)


Started GET "/games/1" for 127.0.0.1 at 2018-07-11 22:33:54 +1000
Processing by GamesController#show as HTML
  Parameters: {"id"=>"1"}
  [1m[36mGame Load (0.3ms)[0m  [1m[34mSELECT  "games".* FROM "games" WHERE "games"."id" = $1 LIMIT $2[0m  [["id", 1], ["LIMIT", 1]]
  ↳ app/controllers/games_controller.rb:7
  Rendering games/show.html.erb within layouts/application
  [1m[35m (0.5ms)[0m  [1m[34mSELECT "developers"."name", "developers"."id" FROM "developers"[0m
  ↳ app/views/games/_form.html.erb:12
  Rendered games/_form.html.erb (6.2ms)
  Rendered games/show.html.erb within layouts/application (11.1ms)
Completed 200 OK in 60ms (Views: 50.6ms | ActiveRecord: 0.8ms)


Started GET "/games" for 127.0.0.1 at 2018-07-11 22:33:56 +1000
Processing by GamesController#index as HTML
  Rendering games/index.html.erb within layouts/application
  [1m[36mGame Load (0.9ms)[0m  [1m[34mSELECT "games".* FROM "games"[0m
  ↳ app/views/games/index.html.erb:3
  Rendered games/index.html.erb within layouts/application (3.6ms)
Completed 200 OK in 36ms (Views: 28.2ms | ActiveRecord: 0.9ms)


Started GET "/games/1" for 127.0.0.1 at 2018-07-11 22:33:57 +1000
Processing by GamesController#show as HTML
  Parameters: {"id"=>"1"}
  [1m[36mGame Load (0.3ms)[0m  [1m[34mSELECT  "games".* FROM "games" WHERE "games"."id" = $1 LIMIT $2[0m  [["id", 1], ["LIMIT", 1]]
  ↳ app/controllers/games_controller.rb:7
  Rendering games/show.html.erb within layouts/application
  [1m[35m (0.6ms)[0m  [1m[34mSELECT "developers"."name", "developers"."id" FROM "developers"[0m
  ↳ app/views/games/_form.html.erb:12
  Rendered games/_form.html.erb (6.3ms)
  Rendered games/show.html.erb within layouts/application (10.3ms)
Completed 200 OK in 42ms (Views: 34.8ms | ActiveRecord: 0.9ms)


Started GET "/games" for 127.0.0.1 at 2018-07-11 22:35:59 +1000
Processing by GamesController#index as HTML
  Rendering games/index.html.erb within layouts/application
  [1m[36mGame Load (0.6ms)[0m  [1m[34mSELECT "games".* FROM "games"[0m
  ↳ app/views/games/index.html.erb:3
  Rendered games/index.html.erb within layouts/application (2.7ms)
Completed 200 OK in 38ms (Views: 30.3ms | ActiveRecord: 0.6ms)


Started GET "/games/1" for 127.0.0.1 at 2018-07-11 22:36:01 +1000
Processing by GamesController#show as HTML
  Parameters: {"id"=>"1"}
  [1m[36mGame Load (0.8ms)[0m  [1m[34mSELECT  "games".* FROM "games" WHERE "games"."id" = $1 LIMIT $2[0m  [["id", 1], ["LIMIT", 1]]
  ↳ app/controllers/games_controller.rb:7
  Rendering games/show.html.erb within layouts/application
  [1m[35m (0.4ms)[0m  [1m[34mSELECT "developers"."name", "developers"."id" FROM "developers"[0m
  ↳ app/views/games/_form.html.erb:12
  Rendered games/_form.html.erb (3.3ms)
  Rendered games/show.html.erb within layouts/application (7.8ms)
Completed 200 OK in 44ms (Views: 34.2ms | ActiveRecord: 1.2ms)


Started GET "/games" for 127.0.0.1 at 2018-07-11 22:36:59 +1000
Processing by GamesController#index as HTML
  Rendering games/index.html.erb within layouts/application
  [1m[36mGame Load (0.5ms)[0m  [1m[34mSELECT "games".* FROM "games"[0m
  ↳ app/views/games/index.html.erb:3
  Rendered games/index.html.erb within layouts/application (2.7ms)
Completed 200 OK in 37ms (Views: 30.9ms | ActiveRecord: 0.5ms)


Started GET "/games/1" for 127.0.0.1 at 2018-07-11 22:37:01 +1000
Processing by GamesController#show as HTML
  Parameters: {"id"=>"1"}
  [1m[36mGame Load (0.9ms)[0m  [1m[34mSELECT  "games".* FROM "games" WHERE "games"."id" = $1 LIMIT $2[0m  [["id", 1], ["LIMIT", 1]]
  ↳ app/controllers/games_controller.rb:7
  Rendering games/show.html.erb within layouts/application
  [1m[35m (0.4ms)[0m  [1m[34mSELECT "developers"."name", "developers"."id" FROM "developers"[0m
  ↳ app/views/games/_form.html.erb:12
  Rendered games/_form.html.erb (3.6ms)
  Rendered games/show.html.erb within layouts/application (8.8ms)
Completed 200 OK in 46ms (Views: 36.6ms | ActiveRecord: 1.3ms)


Started GET "/games" for 127.0.0.1 at 2018-07-11 22:37:03 +1000
Processing by GamesController#index as HTML
  Rendering games/index.html.erb within layouts/application
  [1m[36mGame Load (0.9ms)[0m  [1m[34mSELECT "games".* FROM "games"[0m
  ↳ app/views/games/index.html.erb:3
  Rendered games/index.html.erb within layouts/application (3.9ms)
Completed 200 OK in 44ms (Views: 35.5ms | ActiveRecord: 0.9ms)


Started GET "/games/2" for 127.0.0.1 at 2018-07-11 22:37:05 +1000
Processing by GamesController#show as HTML
  Parameters: {"id"=>"2"}
  [1m[36mGame Load (0.3ms)[0m  [1m[34mSELECT  "games".* FROM "games" WHERE "games"."id" = $1 LIMIT $2[0m  [["id", 2], ["LIMIT", 1]]
  ↳ app/controllers/games_controller.rb:7
  Rendering games/show.html.erb within layouts/application
  [1m[35m (0.4ms)[0m  [1m[34mSELECT "developers"."name", "developers"."id" FROM "developers"[0m
  ↳ app/views/games/_form.html.erb:12
  Rendered games/_form.html.erb (3.2ms)
  Rendered games/show.html.erb within layouts/application (7.8ms)
Completed 200 OK in 40ms (Views: 33.3ms | ActiveRecord: 0.7ms)


Started GET "/games" for 127.0.0.1 at 2018-07-11 22:37:07 +1000
Processing by GamesController#index as HTML
  Rendering games/index.html.erb within layouts/application
  [1m[36mGame Load (0.5ms)[0m  [1m[34mSELECT "games".* FROM "games"[0m
  ↳ app/views/games/index.html.erb:3
  Rendered games/index.html.erb within layouts/application (3.0ms)
Completed 200 OK in 37ms (Views: 31.1ms | ActiveRecord: 0.5ms)


Started GET "/games/1" for 127.0.0.1 at 2018-07-11 22:37:08 +1000
Processing by GamesController#show as HTML
  Parameters: {"id"=>"1"}
  [1m[36mGame Load (0.6ms)[0m  [1m[34mSELECT  "games".* FROM "games" WHERE "games"."id" = $1 LIMIT $2[0m  [["id", 1], ["LIMIT", 1]]
  ↳ app/controllers/games_controller.rb:7
  Rendering games/show.html.erb within layouts/application
  [1m[35m (0.7ms)[0m  [1m[34mSELECT "developers"."name", "developers"."id" FROM "developers"[0m
  ↳ app/views/games/_form.html.erb:12
  Rendered games/_form.html.erb (6.1ms)
  Rendered games/show.html.erb within layouts/application (12.0ms)
Completed 200 OK in 46ms (Views: 37.8ms | ActiveRecord: 1.2ms)


Started GET "/games" for 127.0.0.1 at 2018-07-11 22:37:10 +1000
Processing by GamesController#index as HTML
  Rendering games/index.html.erb within layouts/application
  [1m[36mGame Load (0.6ms)[0m  [1m[34mSELECT "games".* FROM "games"[0m
  ↳ app/views/games/index.html.erb:3
  Rendered games/index.html.erb within layouts/application (3.4ms)
Completed 200 OK in 40ms (Views: 33.5ms | ActiveRecord: 0.6ms)


Started GET "/games/1" for 127.0.0.1 at 2018-07-11 22:37:10 +1000
Processing by GamesController#show as HTML
  Parameters: {"id"=>"1"}
  [1m[36mGame Load (0.4ms)[0m  [1m[34mSELECT  "games".* FROM "games" WHERE "games"."id" = $1 LIMIT $2[0m  [["id", 1], ["LIMIT", 1]]
  ↳ app/controllers/games_controller.rb:7
  Rendering games/show.html.erb within layouts/application
  [1m[35m (0.4ms)[0m  [1m[34mSELECT "developers"."name", "developers"."id" FROM "developers"[0m
  ↳ app/views/games/_form.html.erb:12
  Rendered games/_form.html.erb (3.9ms)
  Rendered games/show.html.erb within layouts/application (8.5ms)
Completed 200 OK in 45ms (Views: 36.4ms | ActiveRecord: 0.8ms)


Started GET "/games" for 127.0.0.1 at 2018-07-11 22:37:12 +1000
Processing by GamesController#index as HTML
  Rendering games/index.html.erb within layouts/application
  [1m[36mGame Load (0.4ms)[0m  [1m[34mSELECT "games".* FROM "games"[0m
  ↳ app/views/games/index.html.erb:3
  Rendered games/index.html.erb within layouts/application (2.4ms)
Completed 200 OK in 37ms (Views: 32.6ms | ActiveRecord: 0.4ms)


Started GET "/games/1" for 127.0.0.1 at 2018-07-11 22:37:14 +1000
Processing by GamesController#show as HTML
  Parameters: {"id"=>"1"}
  [1m[36mGame Load (0.3ms)[0m  [1m[34mSELECT  "games".* FROM "games" WHERE "games"."id" = $1 LIMIT $2[0m  [["id", 1], ["LIMIT", 1]]
  ↳ app/controllers/games_controller.rb:7
  Rendering games/show.html.erb within layouts/application
  [1m[35m (0.4ms)[0m  [1m[34mSELECT "developers"."name", "developers"."id" FROM "developers"[0m
  ↳ app/views/games/_form.html.erb:12
  Rendered games/_form.html.erb (4.6ms)
  Rendered games/show.html.erb within layouts/application (10.0ms)
Completed 200 OK in 45ms (Views: 36.8ms | ActiveRecord: 0.6ms)


Started GET "/games" for 127.0.0.1 at 2018-07-11 22:37:26 +1000
Processing by GamesController#index as HTML
  Rendering games/index.html.erb within layouts/application
  [1m[36mGame Load (0.7ms)[0m  [1m[34mSELECT "games".* FROM "games"[0m
  ↳ app/views/games/index.html.erb:3
  Rendered games/index.html.erb within layouts/application (2.9ms)
Completed 200 OK in 37ms (Views: 28.6ms | ActiveRecord: 0.7ms)


Started GET "/games" for 127.0.0.1 at 2018-07-11 22:37:47 +1000
Processing by GamesController#index as HTML
  Rendering games/index.html.erb within layouts/application
  [1m[36mGame Load (0.5ms)[0m  [1m[34mSELECT "games".* FROM "games"[0m
  ↳ app/views/games/index.html.erb:3
  Rendered games/index.html.erb within layouts/application (2.7ms)
Completed 200 OK in 28ms (Views: 23.9ms | ActiveRecord: 0.5ms)


Started GET "/games" for 127.0.0.1 at 2018-07-11 22:37:49 +1000
Processing by GamesController#index as HTML
  Rendering games/index.html.erb within layouts/application
  [1m[36mGame Load (0.4ms)[0m  [1m[34mSELECT "games".* FROM "games"[0m
  ↳ app/views/games/index.html.erb:3
  Rendered games/index.html.erb within layouts/application (2.0ms)
Completed 200 OK in 34ms (Views: 28.7ms | ActiveRecord: 0.4ms)


Started GET "/games" for 127.0.0.1 at 2018-07-11 22:37:50 +1000
Processing by GamesController#index as HTML
  Rendering games/index.html.erb within layouts/application
  [1m[36mGame Load (0.5ms)[0m  [1m[34mSELECT "games".* FROM "games"[0m
  ↳ app/views/games/index.html.erb:3
  Rendered games/index.html.erb within layouts/application (2.9ms)
Completed 200 OK in 35ms (Views: 29.8ms | ActiveRecord: 0.5ms)


Started GET "/games" for 127.0.0.1 at 2018-07-11 22:37:50 +1000
Processing by GamesController#index as HTML
  Rendering games/index.html.erb within layouts/application
  [1m[36mGame Load (0.6ms)[0m  [1m[34mSELECT "games".* FROM "games"[0m
  ↳ app/views/games/index.html.erb:3
  Rendered games/index.html.erb within layouts/application (6.2ms)
Completed 200 OK in 77ms (Views: 69.3ms | ActiveRecord: 0.6ms)


Started GET "/games" for 127.0.0.1 at 2018-07-11 22:37:50 +1000
Processing by GamesController#index as HTML
  Rendering games/index.html.erb within layouts/application
  [1m[36mGame Load (0.6ms)[0m  [1m[34mSELECT "games".* FROM "games"[0m
  ↳ app/views/games/index.html.erb:3
  Rendered games/index.html.erb within layouts/application (2.9ms)
Completed 200 OK in 63ms (Views: 57.5ms | ActiveRecord: 0.6ms)


Started GET "/games" for 127.0.0.1 at 2018-07-11 22:37:52 +1000
Processing by GamesController#index as HTML
  Rendering games/index.html.erb within layouts/application
  [1m[36mGame Load (0.5ms)[0m  [1m[34mSELECT "games".* FROM "games"[0m
  ↳ app/views/games/index.html.erb:3
  Rendered games/index.html.erb within layouts/application (2.7ms)
Completed 200 OK in 47ms (Views: 40.5ms | ActiveRecord: 0.5ms)


Started GET "/games" for 127.0.0.1 at 2018-07-11 22:37:54 +1000
Processing by GamesController#index as HTML
  Rendering games/index.html.erb within layouts/application
  [1m[36mGame Load (0.7ms)[0m  [1m[34mSELECT "games".* FROM "games"[0m
  ↳ app/views/games/index.html.erb:3
  Rendered games/index.html.erb within layouts/application (3.2ms)
Completed 200 OK in 40ms (Views: 34.6ms | ActiveRecord: 0.7ms)


Started GET "/games" for 127.0.0.1 at 2018-07-11 22:37:55 +1000
Processing by GamesController#index as HTML
  Rendering games/index.html.erb within layouts/application
  [1m[36mGame Load (0.5ms)[0m  [1m[34mSELECT "games".* FROM "games"[0m
  ↳ app/views/games/index.html.erb:3
  Rendered games/index.html.erb within layouts/application (2.9ms)
Completed 200 OK in 43ms (Views: 37.1ms | ActiveRecord: 0.5ms)


Started GET "/games" for 127.0.0.1 at 2018-07-11 22:37:55 +1000
Processing by GamesController#index as HTML
  Rendering games/index.html.erb within layouts/application
  [1m[36mGame Load (0.6ms)[0m  [1m[34mSELECT "games".* FROM "games"[0m
  ↳ app/views/games/index.html.erb:3
  Rendered games/index.html.erb within layouts/application (4.1ms)
Completed 200 OK in 49ms (Views: 42.8ms | ActiveRecord: 0.6ms)


Started GET "/games" for 127.0.0.1 at 2018-07-11 22:37:55 +1000
Processing by GamesController#index as HTML
  Rendering games/index.html.erb within layouts/application
  [1m[36mGame Load (0.8ms)[0m  [1m[34mSELECT "games".* FROM "games"[0m
  ↳ app/views/games/index.html.erb:3
  Rendered games/index.html.erb within layouts/application (3.3ms)
Completed 200 OK in 46ms (Views: 39.5ms | ActiveRecord: 0.8ms)


Started GET "/games" for 127.0.0.1 at 2018-07-11 22:37:59 +1000
Processing by GamesController#index as HTML
  Rendering games/index.html.erb within layouts/application
  [1m[36mGame Load (0.4ms)[0m  [1m[34mSELECT "games".* FROM "games"[0m
  ↳ app/views/games/index.html.erb:3
  Rendered games/index.html.erb within layouts/application (2.4ms)
Completed 200 OK in 24ms (Views: 21.3ms | ActiveRecord: 0.4ms)


Started GET "/games/1" for 127.0.0.1 at 2018-07-11 22:38:01 +1000
Processing by GamesController#show as HTML
  Parameters: {"id"=>"1"}
  [1m[36mGame Load (0.3ms)[0m  [1m[34mSELECT  "games".* FROM "games" WHERE "games"."id" = $1 LIMIT $2[0m  [["id", 1], ["LIMIT", 1]]
  ↳ app/controllers/games_controller.rb:7
  Rendering games/show.html.erb within layouts/application
  [1m[35m (0.4ms)[0m  [1m[34mSELECT "developers"."name", "developers"."id" FROM "developers"[0m
  ↳ app/views/games/_form.html.erb:12
  Rendered games/_form.html.erb (3.4ms)
  Rendered games/show.html.erb within layouts/application (7.5ms)
Completed 200 OK in 39ms (Views: 32.4ms | ActiveRecord: 0.7ms)


Started GET "/games" for 127.0.0.1 at 2018-07-11 22:38:03 +1000
Processing by GamesController#index as HTML
  Rendering games/index.html.erb within layouts/application
  [1m[36mGame Load (0.8ms)[0m  [1m[34mSELECT "games".* FROM "games"[0m
  ↳ app/views/games/index.html.erb:3
  Rendered games/index.html.erb within layouts/application (2.9ms)
Completed 200 OK in 35ms (Views: 28.8ms | ActiveRecord: 0.8ms)


Started GET "/games/1" for 127.0.0.1 at 2018-07-11 22:39:27 +1000
Processing by GamesController#show as HTML
  Parameters: {"id"=>"1"}
  [1m[36mGame Load (1.2ms)[0m  [1m[34mSELECT  "games".* FROM "games" WHERE "games"."id" = $1 LIMIT $2[0m  [["id", 1], ["LIMIT", 1]]
  ↳ app/controllers/games_controller.rb:7
  Rendering games/show.html.erb within layouts/application
  [1m[35m (0.5ms)[0m  [1m[34mSELECT "developers"."name", "developers"."id" FROM "developers"[0m
  ↳ app/views/games/_form.html.erb:12
  Rendered games/_form.html.erb (5.0ms)
  Rendered games/show.html.erb within layouts/application (10.1ms)
Completed 200 OK in 50ms (Views: 40.0ms | ActiveRecord: 1.6ms)


Started GET "/games" for 127.0.0.1 at 2018-07-11 22:44:20 +1000
Processing by GamesController#index as HTML
  Rendering games/index.html.erb within layouts/application
  [1m[36mGame Load (0.8ms)[0m  [1m[34mSELECT "games".* FROM "games"[0m
  ↳ app/views/games/index.html.erb:3
  Rendered games/index.html.erb within layouts/application (3.7ms)
Completed 200 OK in 35ms (Views: 27.8ms | ActiveRecord: 0.8ms)


Started GET "/games/1" for 127.0.0.1 at 2018-07-11 22:44:21 +1000
Processing by GamesController#show as HTML
  Parameters: {"id"=>"1"}
  [1m[36mGame Load (0.4ms)[0m  [1m[34mSELECT  "games".* FROM "games" WHERE "games"."id" = $1 LIMIT $2[0m  [["id", 1], ["LIMIT", 1]]
  ↳ app/controllers/games_controller.rb:7
  Rendering games/show.html.erb within layouts/application
  [1m[35m (0.4ms)[0m  [1m[34mSELECT "developers"."name", "developers"."id" FROM "developers"[0m
  ↳ app/views/games/_form.html.erb:12
  Rendered games/_form.html.erb (3.7ms)
  Rendered games/show.html.erb within layouts/application (8.7ms)
Completed 200 OK in 50ms (Views: 39.6ms | ActiveRecord: 0.8ms)


Started PATCH "/games/1" for 127.0.0.1 at 2018-07-11 22:44:26 +1000
Processing by GamesController#update as HTML
  Parameters: {"utf8"=>"✓", "authenticity_token"=>"E7nBGLxm0HzkkZvcoKb+yWvHoKRiP5MYoO9iX1R1M9nzKlsw+9Aeewz0nqrAbYhN4adVo3v43aAWuPnd/Me1fA==", "game"=>{"name"=>"test", "genre"=>"test", "image"=>"", "developer_id"=>"4"}, "commit"=>"Update Game", "id"=>"1"}
  [1m[36mGame Load (0.4ms)[0m  [1m[34mSELECT  "games".* FROM "games" WHERE "games"."id" = $1 LIMIT $2[0m  [["id", 1], ["LIMIT", 1]]
  ↳ app/controllers/games_controller.rb:24
  [1m[35m (0.2ms)[0m  [1m[35mBEGIN[0m
  ↳ app/controllers/games_controller.rb:25
  [1m[35m (0.2ms)[0m  [1m[35mCOMMIT[0m
  ↳ app/controllers/games_controller.rb:25
Redirected to http://localhost:3000/games/1
Completed 302 Found in 4ms (ActiveRecord: 0.7ms)


Started GET "/games/1" for 127.0.0.1 at 2018-07-11 22:44:26 +1000
Processing by GamesController#show as HTML
  Parameters: {"id"=>"1"}
  [1m[36mGame Load (0.3ms)[0m  [1m[34mSELECT  "games".* FROM "games" WHERE "games"."id" = $1 LIMIT $2[0m  [["id", 1], ["LIMIT", 1]]
  ↳ app/controllers/games_controller.rb:7
  Rendering games/show.html.erb within layouts/application
  [1m[35m (0.6ms)[0m  [1m[34mSELECT "developers"."name", "developers"."id" FROM "developers"[0m
  ↳ app/views/games/_form.html.erb:12
  Rendered games/_form.html.erb (4.5ms)
  Rendered games/show.html.erb within layouts/application (7.6ms)
Completed 200 OK in 30ms (Views: 24.8ms | ActiveRecord: 1.0ms)


Started GET "/games" for 127.0.0.1 at 2018-07-11 22:44:36 +1000
Processing by GamesController#index as HTML
  Rendering games/index.html.erb within layouts/application
  [1m[36mGame Load (0.5ms)[0m  [1m[34mSELECT "games".* FROM "games"[0m
  ↳ app/views/games/index.html.erb:3
  Rendered games/index.html.erb within layouts/application (2.4ms)
Completed 200 OK in 37ms (Views: 30.5ms | ActiveRecord: 0.5ms)


Started GET "/games/1" for 127.0.0.1 at 2018-07-11 22:44:37 +1000
Processing by GamesController#show as HTML
  Parameters: {"id"=>"1"}
  [1m[36mGame Load (0.3ms)[0m  [1m[34mSELECT  "games".* FROM "games" WHERE "games"."id" = $1 LIMIT $2[0m  [["id", 1], ["LIMIT", 1]]
  ↳ app/controllers/games_controller.rb:7
  Rendering games/show.html.erb within layouts/application
  [1m[35m (0.4ms)[0m  [1m[34mSELECT "developers"."name", "developers"."id" FROM "developers"[0m
  ↳ app/views/games/_form.html.erb:12
  Rendered games/_form.html.erb (4.9ms)
  Rendered games/show.html.erb within layouts/application (13.4ms)
Completed 200 OK in 49ms (Views: 41.4ms | ActiveRecord: 0.7ms)


Started GET "/games" for 127.0.0.1 at 2018-07-11 22:47:08 +1000
Processing by GamesController#index as HTML
  Rendering games/index.html.erb within layouts/application
  [1m[36mGame Load (0.7ms)[0m  [1m[34mSELECT "games".* FROM "games"[0m
  ↳ app/views/games/index.html.erb:3
  Rendered games/index.html.erb within layouts/application (3.2ms)
Completed 200 OK in 43ms (Views: 35.8ms | ActiveRecord: 0.7ms)


Started GET "/games/2" for 127.0.0.1 at 2018-07-11 22:47:09 +1000
Processing by GamesController#show as HTML
  Parameters: {"id"=>"2"}
  [1m[36mGame Load (0.3ms)[0m  [1m[34mSELECT  "games".* FROM "games" WHERE "games"."id" = $1 LIMIT $2[0m  [["id", 2], ["LIMIT", 1]]
  ↳ app/controllers/games_controller.rb:7
  Rendering games/show.html.erb within layouts/application
  Rendered games/show.html.erb within layouts/application (8.5ms)
Completed 500 Internal Server Error in 29ms (ActiveRecord: 0.3ms)


  
ActionView::Template::Error (undefined method `developer' for nil:NilClass):
     8:   <% end %>
     9: </ul>
    10: 
    11: <% @games.developer.each do |developer| %>
    12:   <%= link_to image_tag(developer.image, :class => 'thumb'), developer %>
    13: <% end %>
    14: 
  
app/views/games/show.html.erb:11:in `_app_views_games_show_html_erb__906919644971986127_70156115007780'
Started GET "/games/2" for 127.0.0.1 at 2018-07-11 22:49:59 +1000
Processing by GamesController#show as HTML
  Parameters: {"id"=>"2"}
  [1m[36mGame Load (0.3ms)[0m  [1m[34mSELECT  "games".* FROM "games" WHERE "games"."id" = $1 LIMIT $2[0m  [["id", 2], ["LIMIT", 1]]
  ↳ app/controllers/games_controller.rb:7
  Rendering games/show.html.erb within layouts/application
  Rendered games/show.html.erb within layouts/application (0.7ms)
Completed 200 OK in 28ms (Views: 23.7ms | ActiveRecord: 0.3ms)


Started GET "/games/new" for 127.0.0.1 at 2018-07-11 22:50:02 +1000
Processing by GamesController#new as HTML
  Rendering games/new.html.erb within layouts/application
  [1m[35m (0.4ms)[0m  [1m[34mSELECT "developers"."name", "developers"."id" FROM "developers"[0m
  ↳ app/views/games/_form.html.erb:12
  Rendered games/_form.html.erb (3.8ms)
  Rendered games/new.html.erb within layouts/application (8.1ms)
Completed 200 OK in 37ms (Views: 31.2ms | ActiveRecord: 0.4ms)


Started GET "/games" for 127.0.0.1 at 2018-07-11 22:50:03 +1000
Processing by GamesController#index as HTML
  Rendering games/index.html.erb within layouts/application
  [1m[36mGame Load (0.7ms)[0m  [1m[34mSELECT "games".* FROM "games"[0m
  ↳ app/views/games/index.html.erb:3
  Rendered games/index.html.erb within layouts/application (3.4ms)
Completed 200 OK in 43ms (Views: 35.5ms | ActiveRecord: 0.7ms)


Started GET "/games/2" for 127.0.0.1 at 2018-07-11 22:50:04 +1000
Processing by GamesController#show as HTML
  Parameters: {"id"=>"2"}
  [1m[36mGame Load (2.3ms)[0m  [1m[34mSELECT  "games".* FROM "games" WHERE "games"."id" = $1 LIMIT $2[0m  [["id", 2], ["LIMIT", 1]]
  ↳ app/controllers/games_controller.rb:7
  Rendering games/show.html.erb within layouts/application
  Rendered games/show.html.erb within layouts/application (1.4ms)
Completed 200 OK in 36ms (Views: 28.3ms | ActiveRecord: 2.3ms)


Started DELETE "/games/2" for 127.0.0.1 at 2018-07-11 22:50:05 +1000
Processing by GamesController#destroy as HTML
  Parameters: {"authenticity_token"=>"qzvmtoQzxe7b66vp3CElZ1gJyyxI7mjoQ5/umsibubODzNS9OdbSSGBk3FCYHZYQfh/W2Mmm/OSTgSnfIKAIcQ==", "id"=>"2"}
  [1m[36mGame Load (0.3ms)[0m  [1m[34mSELECT  "games".* FROM "games" WHERE "games"."id" = $1 LIMIT $2[0m  [["id", 2], ["LIMIT", 1]]
  ↳ app/controllers/games_controller.rb:30
  [1m[35m (0.3ms)[0m  [1m[35mBEGIN[0m
  ↳ app/controllers/games_controller.rb:31
  [1m[36mGame Destroy (0.4ms)[0m  [1m[31mDELETE FROM "games" WHERE "games"."id" = $1[0m  [["id", 2]]
  ↳ app/controllers/games_controller.rb:31
  [1m[35m (1.8ms)[0m  [1m[35mCOMMIT[0m
  ↳ app/controllers/games_controller.rb:31
Redirected to http://localhost:3000/games
Completed 302 Found in 7ms (ActiveRecord: 2.8ms)


Started GET "/games" for 127.0.0.1 at 2018-07-11 22:50:05 +1000
Processing by GamesController#index as HTML
  Rendering games/index.html.erb within layouts/application
  [1m[36mGame Load (0.4ms)[0m  [1m[34mSELECT "games".* FROM "games"[0m
  ↳ app/views/games/index.html.erb:3
  Rendered games/index.html.erb within layouts/application (2.8ms)
Completed 200 OK in 29ms (Views: 25.2ms | ActiveRecord: 0.4ms)


Started GET "/games/1" for 127.0.0.1 at 2018-07-11 22:50:06 +1000
Processing by GamesController#show as HTML
  Parameters: {"id"=>"1"}
  [1m[36mGame Load (0.3ms)[0m  [1m[34mSELECT  "games".* FROM "games" WHERE "games"."id" = $1 LIMIT $2[0m  [["id", 1], ["LIMIT", 1]]
  ↳ app/controllers/games_controller.rb:7
  Rendering games/show.html.erb within layouts/application
  Rendered games/show.html.erb within layouts/application (1.6ms)
Completed 200 OK in 38ms (Views: 30.6ms | ActiveRecord: 0.3ms)


Started DELETE "/games/1" for 127.0.0.1 at 2018-07-11 22:50:08 +1000
Processing by GamesController#destroy as HTML
  Parameters: {"authenticity_token"=>"4QYyi14/g7KDhozro2dTxtWZf8fxAOkSY+wuiZofpc3J8QCA49qUFDgJ+1LnW+Cx849iM3BIfR6z8unMciQUDw==", "id"=>"1"}
  [1m[36mGame Load (0.3ms)[0m  [1m[34mSELECT  "games".* FROM "games" WHERE "games"."id" = $1 LIMIT $2[0m  [["id", 1], ["LIMIT", 1]]
  ↳ app/controllers/games_controller.rb:30
  [1m[35m (0.2ms)[0m  [1m[35mBEGIN[0m
  ↳ app/controllers/games_controller.rb:31
  [1m[36mGame Destroy (0.5ms)[0m  [1m[31mDELETE FROM "games" WHERE "games"."id" = $1[0m  [["id", 1]]
  ↳ app/controllers/games_controller.rb:31
  [1m[35m (0.5ms)[0m  [1m[35mCOMMIT[0m
  ↳ app/controllers/games_controller.rb:31
Redirected to http://localhost:3000/games
Completed 302 Found in 5ms (ActiveRecord: 1.5ms)


Started GET "/games" for 127.0.0.1 at 2018-07-11 22:50:08 +1000
Processing by GamesController#index as HTML
  Rendering games/index.html.erb within layouts/application
  [1m[36mGame Load (0.5ms)[0m  [1m[34mSELECT "games".* FROM "games"[0m
  ↳ app/views/games/index.html.erb:3
  Rendered games/index.html.erb within layouts/application (2.1ms)
Completed 200 OK in 29ms (Views: 25.1ms | ActiveRecord: 0.5ms)


Started GET "/games/new" for 127.0.0.1 at 2018-07-11 22:50:09 +1000
Processing by GamesController#new as HTML
  Rendering games/new.html.erb within layouts/application
  [1m[35m (0.5ms)[0m  [1m[34mSELECT "developers"."name", "developers"."id" FROM "developers"[0m
  ↳ app/views/games/_form.html.erb:12
  Rendered games/_form.html.erb (4.4ms)
  Rendered games/new.html.erb within layouts/application (8.8ms)
Completed 200 OK in 39ms (Views: 33.2ms | ActiveRecord: 0.5ms)


