Started GET "/" for 127.0.0.1 at 2018-07-09 14:28:28 +1000
Processing by PagesController#homepage as HTML
Completed 500 Internal Server Error in 83ms (ActiveRecord: 0.0ms)


  
ActionView::MissingTemplate (Missing template pages/homepage, application/homepage with {:locale=>[:en], :formats=>[:html], :variants=>[], :handlers=>[:raw, :erb, :html, :builder, :ruby, :coffee, :jbuilder]}. Searched in:
  * "/Users/kennyliu/Projects/WDi28-Homework/wenjun_liu/week_05/day_01/Games_on_Rails/app/views"
):
  
app/controllers/pages_controller.rb:3:in `homepage'
Started GET "/" for 127.0.0.1 at 2018-07-09 14:29:18 +1000
Processing by PagesController#homepage as HTML
  Rendering pages/homepage.html.erb within layouts/application
  Rendered pages/homepage.html.erb within layouts/application (0.3ms)
Completed 200 OK in 392ms (Views: 391.2ms | ActiveRecord: 0.0ms)


Started GET "/" for 127.0.0.1 at 2018-07-09 14:32:22 +1000
Processing by PagesController#homepage as HTML
  Rendering pages/homepage.html.erb within layouts/application
  Rendered pages/homepage.html.erb within layouts/application (0.3ms)
Completed 200 OK in 22ms (Views: 21.7ms | ActiveRecord: 0.0ms)


Started GET "/" for 127.0.0.1 at 2018-07-09 14:32:23 +1000
Processing by PagesController#homepage as HTML
  Rendering pages/homepage.html.erb within layouts/application
  Rendered pages/homepage.html.erb within layouts/application (0.4ms)
Completed 200 OK in 26ms (Views: 25.6ms | ActiveRecord: 0.0ms)


Started GET "/" for 127.0.0.1 at 2018-07-09 14:32:23 +1000
Processing by PagesController#homepage as HTML
  Rendering pages/homepage.html.erb within layouts/application
  Rendered pages/homepage.html.erb within layouts/application (0.3ms)
Completed 200 OK in 27ms (Views: 26.3ms | ActiveRecord: 0.0ms)


Started GET "/" for 127.0.0.1 at 2018-07-09 14:32:23 +1000
Processing by PagesController#homepage as HTML
  Rendering pages/homepage.html.erb within layouts/application
  Rendered pages/homepage.html.erb within layouts/application (0.4ms)
Completed 200 OK in 27ms (Views: 25.9ms | ActiveRecord: 0.0ms)


Started GET "/" for 127.0.0.1 at 2018-07-09 14:32:24 +1000
Processing by PagesController#homepage as HTML
  Rendering pages/homepage.html.erb within layouts/application
  Rendered pages/homepage.html.erb within layouts/application (0.5ms)
Completed 200 OK in 33ms (Views: 32.2ms | ActiveRecord: 0.0ms)


Started GET "/" for 127.0.0.1 at 2018-07-09 17:32:45 +1000
Processing by PagesController#homepage as HTML
  Rendering pages/homepage.html.erb within layouts/application
  Rendered pages/homepage.html.erb within layouts/application (0.8ms)
Completed 200 OK in 43ms (Views: 41.7ms | ActiveRecord: 0.0ms)


Started GET "/magic_eight_ball" for 127.0.0.1 at 2018-07-09 17:32:50 +1000
  
ActionController::RoutingError (uninitialized constant MagicEightBallController):
  
bootsnap (1.3.0) lib/bootsnap/load_path_cache/core_ext/active_support.rb:53:in `block in load_missing_constant'
bootsnap (1.3.0) lib/bootsnap/load_path_cache/core_ext/active_support.rb:8:in `without_bootsnap_cache'
bootsnap (1.3.0) lib/bootsnap/load_path_cache/core_ext/active_support.rb:53:in `rescue in load_missing_constant'
bootsnap (1.3.0) lib/bootsnap/load_path_cache/core_ext/active_support.rb:42:in `load_missing_constant'
activesupport (5.2.0) lib/active_support/inflector/methods.rb:283:in `const_get'
activesupport (5.2.0) lib/active_support/inflector/methods.rb:283:in `block in constantize'
activesupport (5.2.0) lib/active_support/inflector/methods.rb:281:in `each'
activesupport (5.2.0) lib/active_support/inflector/methods.rb:281:in `inject'
activesupport (5.2.0) lib/active_support/inflector/methods.rb:281:in `constantize'
actionpack (5.2.0) lib/action_dispatch/http/request.rb:88:in `controller_class_for'
actionpack (5.2.0) lib/action_dispatch/http/request.rb:81:in `controller_class'
actionpack (5.2.0) lib/action_dispatch/routing/route_set.rb:46:in `controller'
actionpack (5.2.0) lib/action_dispatch/routing/route_set.rb:32:in `serve'
actionpack (5.2.0) lib/action_dispatch/journey/router.rb:52:in `block in serve'
actionpack (5.2.0) lib/action_dispatch/journey/router.rb:35:in `each'
actionpack (5.2.0) lib/action_dispatch/journey/router.rb:35:in `serve'
actionpack (5.2.0) lib/action_dispatch/routing/route_set.rb:840:in `call'
rack (2.0.5) lib/rack/tempfile_reaper.rb:15:in `call'
rack (2.0.5) lib/rack/etag.rb:25:in `call'
rack (2.0.5) lib/rack/conditional_get.rb:25:in `call'
rack (2.0.5) lib/rack/head.rb:12:in `call'
actionpack (5.2.0) lib/action_dispatch/http/content_security_policy.rb:18:in `call'
rack (2.0.5) lib/rack/session/abstract/id.rb:232:in `context'
rack (2.0.5) lib/rack/session/abstract/id.rb:226:in `call'
actionpack (5.2.0) lib/action_dispatch/middleware/cookies.rb:670:in `call'
activerecord (5.2.0) lib/active_record/migration.rb:559:in `call'
actionpack (5.2.0) lib/action_dispatch/middleware/callbacks.rb:28:in `block in call'
activesupport (5.2.0) lib/active_support/callbacks.rb:98:in `run_callbacks'
actionpack (5.2.0) lib/action_dispatch/middleware/callbacks.rb:26:in `call'
actionpack (5.2.0) lib/action_dispatch/middleware/executor.rb:14:in `call'
actionpack (5.2.0) lib/action_dispatch/middleware/debug_exceptions.rb:61:in `call'
web-console (3.6.2) lib/web_console/middleware.rb:135:in `call_app'
web-console (3.6.2) lib/web_console/middleware.rb:30:in `block in call'
web-console (3.6.2) lib/web_console/middleware.rb:20:in `catch'
web-console (3.6.2) lib/web_console/middleware.rb:20:in `call'
actionpack (5.2.0) lib/action_dispatch/middleware/show_exceptions.rb:33:in `call'
railties (5.2.0) lib/rails/rack/logger.rb:38:in `call_app'
railties (5.2.0) lib/rails/rack/logger.rb:26:in `block in call'
activesupport (5.2.0) lib/active_support/tagged_logging.rb:71:in `block in tagged'
activesupport (5.2.0) lib/active_support/tagged_logging.rb:28:in `tagged'
activesupport (5.2.0) lib/active_support/tagged_logging.rb:71:in `tagged'
railties (5.2.0) lib/rails/rack/logger.rb:26:in `call'
sprockets-rails (3.2.1) lib/sprockets/rails/quiet_assets.rb:13:in `call'
actionpack (5.2.0) lib/action_dispatch/middleware/remote_ip.rb:81:in `call'
actionpack (5.2.0) lib/action_dispatch/middleware/request_id.rb:27:in `call'
rack (2.0.5) lib/rack/method_override.rb:22:in `call'
rack (2.0.5) lib/rack/runtime.rb:22:in `call'
activesupport (5.2.0) lib/active_support/cache/strategy/local_cache_middleware.rb:29:in `call'
actionpack (5.2.0) lib/action_dispatch/middleware/executor.rb:14:in `call'
actionpack (5.2.0) lib/action_dispatch/middleware/static.rb:127:in `call'
rack (2.0.5) lib/rack/sendfile.rb:111:in `call'
railties (5.2.0) lib/rails/engine.rb:524:in `call'
puma (3.11.4) lib/puma/configuration.rb:225:in `call'
puma (3.11.4) lib/puma/server.rb:632:in `handle_request'
puma (3.11.4) lib/puma/server.rb:446:in `process_client'
puma (3.11.4) lib/puma/server.rb:306:in `block in run'
puma (3.11.4) lib/puma/thread_pool.rb:120:in `block in spawn_thread'
Started GET "/" for 127.0.0.1 at 2018-07-09 17:32:52 +1000
Processing by PagesController#homepage as HTML
  Rendering pages/homepage.html.erb within layouts/application
  Rendered pages/homepage.html.erb within layouts/application (0.2ms)
Completed 200 OK in 38ms (Views: 37.4ms | ActiveRecord: 0.0ms)


Started GET "/" for 127.0.0.1 at 2018-07-09 17:46:19 +1000
Processing by PagesController#homepage as HTML
  Rendering pages/homepage.html.erb within layouts/application
  Rendered pages/homepage.html.erb within layouts/application (0.4ms)
Completed 200 OK in 99ms (Views: 98.4ms | ActiveRecord: 0.0ms)


Started GET "/magic_eight_ball" for 127.0.0.1 at 2018-07-09 17:46:20 +1000
Processing by MagicEightBallController#homepage as HTML
  Rendering magic_eight_ball/homepage.html.erb within layouts/application
  Rendered magic_eight_ball/homepage.html.erb within layouts/application (0.4ms)
Completed 200 OK in 40ms (Views: 38.9ms | ActiveRecord: 0.0ms)


Started GET "/magic_eight_ball" for 127.0.0.1 at 2018-07-09 17:46:36 +1000
Processing by MagicEightBallController#homepage as HTML
  Rendering magic_eight_ball/homepage.html.erb within layouts/application
  Rendered magic_eight_ball/homepage.html.erb within layouts/application (0.3ms)
Completed 200 OK in 17ms (Views: 16.7ms | ActiveRecord: 0.0ms)


Started POST "/magic_eight_ball/result" for 127.0.0.1 at 2018-07-09 17:46:38 +1000
  
ActionController::RoutingError (No route matches [POST] "/magic_eight_ball/result"):
  
actionpack (5.2.0) lib/action_dispatch/middleware/debug_exceptions.rb:65:in `call'
web-console (3.6.2) lib/web_console/middleware.rb:135:in `call_app'
web-console (3.6.2) lib/web_console/middleware.rb:30:in `block in call'
web-console (3.6.2) lib/web_console/middleware.rb:20:in `catch'
web-console (3.6.2) lib/web_console/middleware.rb:20:in `call'
actionpack (5.2.0) lib/action_dispatch/middleware/show_exceptions.rb:33:in `call'
railties (5.2.0) lib/rails/rack/logger.rb:38:in `call_app'
railties (5.2.0) lib/rails/rack/logger.rb:26:in `block in call'
activesupport (5.2.0) lib/active_support/tagged_logging.rb:71:in `block in tagged'
activesupport (5.2.0) lib/active_support/tagged_logging.rb:28:in `tagged'
activesupport (5.2.0) lib/active_support/tagged_logging.rb:71:in `tagged'
railties (5.2.0) lib/rails/rack/logger.rb:26:in `call'
sprockets-rails (3.2.1) lib/sprockets/rails/quiet_assets.rb:13:in `call'
actionpack (5.2.0) lib/action_dispatch/middleware/remote_ip.rb:81:in `call'
actionpack (5.2.0) lib/action_dispatch/middleware/request_id.rb:27:in `call'
rack (2.0.5) lib/rack/method_override.rb:22:in `call'
rack (2.0.5) lib/rack/runtime.rb:22:in `call'
activesupport (5.2.0) lib/active_support/cache/strategy/local_cache_middleware.rb:29:in `call'
actionpack (5.2.0) lib/action_dispatch/middleware/executor.rb:14:in `call'
actionpack (5.2.0) lib/action_dispatch/middleware/static.rb:127:in `call'
rack (2.0.5) lib/rack/sendfile.rb:111:in `call'
railties (5.2.0) lib/rails/engine.rb:524:in `call'
puma (3.11.4) lib/puma/configuration.rb:225:in `call'
puma (3.11.4) lib/puma/server.rb:632:in `handle_request'
puma (3.11.4) lib/puma/server.rb:446:in `process_client'
puma (3.11.4) lib/puma/server.rb:306:in `block in run'
puma (3.11.4) lib/puma/thread_pool.rb:120:in `block in spawn_thread'
Started POST "/magic_eight_ball/result" for 127.0.0.1 at 2018-07-09 17:56:19 +1000
  
ActionController::RoutingError (No route matches [POST] "/magic_eight_ball/result"):
  
actionpack (5.2.0) lib/action_dispatch/middleware/debug_exceptions.rb:65:in `call'
web-console (3.6.2) lib/web_console/middleware.rb:135:in `call_app'
web-console (3.6.2) lib/web_console/middleware.rb:30:in `block in call'
web-console (3.6.2) lib/web_console/middleware.rb:20:in `catch'
web-console (3.6.2) lib/web_console/middleware.rb:20:in `call'
actionpack (5.2.0) lib/action_dispatch/middleware/show_exceptions.rb:33:in `call'
railties (5.2.0) lib/rails/rack/logger.rb:38:in `call_app'
railties (5.2.0) lib/rails/rack/logger.rb:26:in `block in call'
activesupport (5.2.0) lib/active_support/tagged_logging.rb:71:in `block in tagged'
activesupport (5.2.0) lib/active_support/tagged_logging.rb:28:in `tagged'
activesupport (5.2.0) lib/active_support/tagged_logging.rb:71:in `tagged'
railties (5.2.0) lib/rails/rack/logger.rb:26:in `call'
sprockets-rails (3.2.1) lib/sprockets/rails/quiet_assets.rb:13:in `call'
actionpack (5.2.0) lib/action_dispatch/middleware/remote_ip.rb:81:in `call'
actionpack (5.2.0) lib/action_dispatch/middleware/request_id.rb:27:in `call'
rack (2.0.5) lib/rack/method_override.rb:22:in `call'
rack (2.0.5) lib/rack/runtime.rb:22:in `call'
activesupport (5.2.0) lib/active_support/cache/strategy/local_cache_middleware.rb:29:in `call'
actionpack (5.2.0) lib/action_dispatch/middleware/executor.rb:14:in `call'
actionpack (5.2.0) lib/action_dispatch/middleware/static.rb:127:in `call'
rack (2.0.5) lib/rack/sendfile.rb:111:in `call'
railties (5.2.0) lib/rails/engine.rb:524:in `call'
puma (3.11.4) lib/puma/configuration.rb:225:in `call'
puma (3.11.4) lib/puma/server.rb:632:in `handle_request'
puma (3.11.4) lib/puma/server.rb:446:in `process_client'
puma (3.11.4) lib/puma/server.rb:306:in `block in run'
puma (3.11.4) lib/puma/thread_pool.rb:120:in `block in spawn_thread'
Started POST "/magic_eight_ball/result" for 127.0.0.1 at 2018-07-09 17:56:25 +1000
  
ActionController::RoutingError (No route matches [POST] "/magic_eight_ball/result"):
  
actionpack (5.2.0) lib/action_dispatch/middleware/debug_exceptions.rb:65:in `call'
web-console (3.6.2) lib/web_console/middleware.rb:135:in `call_app'
web-console (3.6.2) lib/web_console/middleware.rb:30:in `block in call'
web-console (3.6.2) lib/web_console/middleware.rb:20:in `catch'
web-console (3.6.2) lib/web_console/middleware.rb:20:in `call'
actionpack (5.2.0) lib/action_dispatch/middleware/show_exceptions.rb:33:in `call'
railties (5.2.0) lib/rails/rack/logger.rb:38:in `call_app'
railties (5.2.0) lib/rails/rack/logger.rb:26:in `block in call'
activesupport (5.2.0) lib/active_support/tagged_logging.rb:71:in `block in tagged'
activesupport (5.2.0) lib/active_support/tagged_logging.rb:28:in `tagged'
activesupport (5.2.0) lib/active_support/tagged_logging.rb:71:in `tagged'
railties (5.2.0) lib/rails/rack/logger.rb:26:in `call'
sprockets-rails (3.2.1) lib/sprockets/rails/quiet_assets.rb:13:in `call'
actionpack (5.2.0) lib/action_dispatch/middleware/remote_ip.rb:81:in `call'
actionpack (5.2.0) lib/action_dispatch/middleware/request_id.rb:27:in `call'
rack (2.0.5) lib/rack/method_override.rb:22:in `call'
rack (2.0.5) lib/rack/runtime.rb:22:in `call'
activesupport (5.2.0) lib/active_support/cache/strategy/local_cache_middleware.rb:29:in `call'
actionpack (5.2.0) lib/action_dispatch/middleware/executor.rb:14:in `call'
actionpack (5.2.0) lib/action_dispatch/middleware/static.rb:127:in `call'
rack (2.0.5) lib/rack/sendfile.rb:111:in `call'
railties (5.2.0) lib/rails/engine.rb:524:in `call'
puma (3.11.4) lib/puma/configuration.rb:225:in `call'
puma (3.11.4) lib/puma/server.rb:632:in `handle_request'
puma (3.11.4) lib/puma/server.rb:446:in `process_client'
puma (3.11.4) lib/puma/server.rb:306:in `block in run'
puma (3.11.4) lib/puma/thread_pool.rb:120:in `block in spawn_thread'
Started POST "/magic_eight_ball/result" for 127.0.0.1 at 2018-07-09 17:57:08 +1000
  
ActionController::RoutingError (No route matches [POST] "/magic_eight_ball/result"):
  
actionpack (5.2.0) lib/action_dispatch/middleware/debug_exceptions.rb:65:in `call'
web-console (3.6.2) lib/web_console/middleware.rb:135:in `call_app'
web-console (3.6.2) lib/web_console/middleware.rb:30:in `block in call'
web-console (3.6.2) lib/web_console/middleware.rb:20:in `catch'
web-console (3.6.2) lib/web_console/middleware.rb:20:in `call'
actionpack (5.2.0) lib/action_dispatch/middleware/show_exceptions.rb:33:in `call'
railties (5.2.0) lib/rails/rack/logger.rb:38:in `call_app'
railties (5.2.0) lib/rails/rack/logger.rb:26:in `block in call'
activesupport (5.2.0) lib/active_support/tagged_logging.rb:71:in `block in tagged'
activesupport (5.2.0) lib/active_support/tagged_logging.rb:28:in `tagged'
activesupport (5.2.0) lib/active_support/tagged_logging.rb:71:in `tagged'
railties (5.2.0) lib/rails/rack/logger.rb:26:in `call'
sprockets-rails (3.2.1) lib/sprockets/rails/quiet_assets.rb:13:in `call'
actionpack (5.2.0) lib/action_dispatch/middleware/remote_ip.rb:81:in `call'
actionpack (5.2.0) lib/action_dispatch/middleware/request_id.rb:27:in `call'
rack (2.0.5) lib/rack/method_override.rb:22:in `call'
rack (2.0.5) lib/rack/runtime.rb:22:in `call'
activesupport (5.2.0) lib/active_support/cache/strategy/local_cache_middleware.rb:29:in `call'
actionpack (5.2.0) lib/action_dispatch/middleware/executor.rb:14:in `call'
actionpack (5.2.0) lib/action_dispatch/middleware/static.rb:127:in `call'
rack (2.0.5) lib/rack/sendfile.rb:111:in `call'
railties (5.2.0) lib/rails/engine.rb:524:in `call'
puma (3.11.4) lib/puma/configuration.rb:225:in `call'
puma (3.11.4) lib/puma/server.rb:632:in `handle_request'
puma (3.11.4) lib/puma/server.rb:446:in `process_client'
puma (3.11.4) lib/puma/server.rb:306:in `block in run'
puma (3.11.4) lib/puma/thread_pool.rb:120:in `block in spawn_thread'
Started GET "/magic_eight_ball" for 127.0.0.1 at 2018-07-09 17:57:13 +1000
Processing by MagicEightBallController#homepage as HTML
  Rendering magic_eight_ball/homepage.html.erb within layouts/application
  Rendered magic_eight_ball/homepage.html.erb within layouts/application (0.4ms)
Completed 200 OK in 34ms (Views: 33.1ms | ActiveRecord: 0.0ms)


Started GET "/magic_eight_ball" for 127.0.0.1 at 2018-07-09 17:57:13 +1000
Processing by MagicEightBallController#homepage as HTML
  Rendering magic_eight_ball/homepage.html.erb within layouts/application
  Rendered magic_eight_ball/homepage.html.erb within layouts/application (0.5ms)
Completed 200 OK in 16ms (Views: 15.5ms | ActiveRecord: 0.0ms)


Started GET "/magic_eight_ball/result?question=aaa" for 127.0.0.1 at 2018-07-09 17:57:15 +1000
Processing by MagicEightBallController#result as HTML
  Parameters: {"question"=>"aaa"}
  Rendering magic_eight_ball/result.html.erb within layouts/application
  Rendered magic_eight_ball/result.html.erb within layouts/application (0.4ms)
Completed 200 OK in 19ms (Views: 18.4ms | ActiveRecord: 0.0ms)


Started GET "/magic_eight_ball" for 127.0.0.1 at 2018-07-09 17:57:21 +1000
Processing by MagicEightBallController#homepage as HTML
  Rendering magic_eight_ball/homepage.html.erb within layouts/application
  Rendered magic_eight_ball/homepage.html.erb within layouts/application (0.6ms)
Completed 200 OK in 29ms (Views: 27.7ms | ActiveRecord: 0.0ms)


Started GET "/magic_eight_ball" for 127.0.0.1 at 2018-07-09 17:57:31 +1000
Processing by MagicEightBallController#homepage as HTML
  Rendering magic_eight_ball/homepage.html.erb within layouts/application
  Rendered magic_eight_ball/homepage.html.erb within layouts/application (0.4ms)
Completed 200 OK in 31ms (Views: 30.4ms | ActiveRecord: 0.0ms)


Started GET "/magic_eight_ball/result?question=sss" for 127.0.0.1 at 2018-07-09 17:57:33 +1000
Processing by MagicEightBallController#result as HTML
  Parameters: {"question"=>"sss"}
  Rendering magic_eight_ball/result.html.erb within layouts/application
  Rendered magic_eight_ball/result.html.erb within layouts/application (0.6ms)
Completed 200 OK in 19ms (Views: 18.5ms | ActiveRecord: 0.0ms)


Started GET "/magic_eight_ball/result?question=sss" for 127.0.0.1 at 2018-07-09 18:38:30 +1000
Processing by MagicEightBallController#result as HTML
  Parameters: {"question"=>"sss"}
  Rendering magic_eight_ball/result.html.erb within layouts/application
  Rendered magic_eight_ball/result.html.erb within layouts/application (0.5ms)
Completed 200 OK in 28ms (Views: 27.8ms | ActiveRecord: 0.0ms)


Started GET "/magic_eight_ball/result?question=sss" for 127.0.0.1 at 2018-07-09 18:38:33 +1000
Processing by MagicEightBallController#result as HTML
  Parameters: {"question"=>"sss"}
  Rendering magic_eight_ball/result.html.erb within layouts/application
  Rendered magic_eight_ball/result.html.erb within layouts/application (0.4ms)
Completed 200 OK in 21ms (Views: 20.8ms | ActiveRecord: 0.0ms)


Started GET "/secret_number" for 127.0.0.1 at 2018-07-09 18:38:33 +1000
  
SyntaxError (/Users/kennyliu/Projects/WDi28-Homework/wenjun_liu/week_05/day_01/Games_on_Rails/app/controllers/secret_number_controller.rb:3: syntax error, unexpected ':', expecting keyword_end
    render: homepage
          ^):
  
app/controllers/secret_number_controller.rb:3: syntax error, unexpected ':', expecting keyword_end
Started GET "/secret_number" for 127.0.0.1 at 2018-07-09 18:39:07 +1000
Processing by SecretNumberController#homepage as HTML
  Rendering secret_number/homepage.html.erb within layouts/application
  Rendered secret_number/homepage.html.erb within layouts/application (0.4ms)
Completed 200 OK in 24ms (Views: 24.0ms | ActiveRecord: 0.0ms)


Started GET "/secret_number/result?guess=1" for 127.0.0.1 at 2018-07-09 18:39:09 +1000
Processing by SecretNumberController#result as HTML
  Parameters: {"guess"=>"1"}
  Rendering secret_number/result.html.erb within layouts/application
  Rendered secret_number/result.html.erb within layouts/application (3.7ms)
Completed 500 Internal Server Error in 12ms (ActiveRecord: 0.0ms)


  
ActionView::Template::Error (undefined method `true?' for false:FalseClass):
    1: <p><%= "Corret" if @result.true? %></p>
  
app/views/secret_number/result.html.erb:1:in `_app_views_secret_number_result_html_erb___783199066244688991_70279227039260'
app/controllers/secret_number_controller.rb:12:in `result'
Started GET "/secret_number/result?guess=1" for 127.0.0.1 at 2018-07-09 18:39:27 +1000
Processing by SecretNumberController#result as HTML
  Parameters: {"guess"=>"1"}
  Rendering secret_number/result.html.erb within layouts/application
  Rendered secret_number/result.html.erb within layouts/application (3.6ms)
Completed 500 Internal Server Error in 13ms (ActiveRecord: 0.0ms)


  
ActionView::Template::Error (undefined method `true?' for false:FalseClass):
    1: <p><% "Corret" if @result.true? %></p>
  
app/views/secret_number/result.html.erb:1:in `_app_views_secret_number_result_html_erb___783199066244688991_70279185371260'
app/controllers/secret_number_controller.rb:12:in `result'
Started GET "/secret_number/result?guess=1" for 127.0.0.1 at 2018-07-09 18:40:05 +1000
Processing by SecretNumberController#result as HTML
  Parameters: {"guess"=>"1"}
  Rendering secret_number/result.html.erb within layouts/application
  Rendered secret_number/result.html.erb within layouts/application (0.3ms)
Completed 200 OK in 32ms (Views: 30.9ms | ActiveRecord: 0.0ms)


Started GET "/secret_number" for 127.0.0.1 at 2018-07-09 18:40:08 +1000
Processing by SecretNumberController#homepage as HTML
  Rendering secret_number/homepage.html.erb within layouts/application
  Rendered secret_number/homepage.html.erb within layouts/application (0.9ms)
Completed 200 OK in 36ms (Views: 35.2ms | ActiveRecord: 0.0ms)


Started GET "/secret_number/result?guess=1" for 127.0.0.1 at 2018-07-09 18:40:10 +1000
Processing by SecretNumberController#result as HTML
  Parameters: {"guess"=>"1"}
  Rendering secret_number/result.html.erb within layouts/application
  Rendered secret_number/result.html.erb within layouts/application (0.5ms)
Completed 200 OK in 26ms (Views: 25.4ms | ActiveRecord: 0.0ms)


Started GET "/secret_number" for 127.0.0.1 at 2018-07-09 18:40:11 +1000
Processing by SecretNumberController#homepage as HTML
  Rendering secret_number/homepage.html.erb within layouts/application
  Rendered secret_number/homepage.html.erb within layouts/application (0.3ms)
Completed 200 OK in 35ms (Views: 33.9ms | ActiveRecord: 0.0ms)


Started GET "/secret_number/result?guess=2" for 127.0.0.1 at 2018-07-09 18:40:13 +1000
Processing by SecretNumberController#result as HTML
  Parameters: {"guess"=>"2"}
  Rendering secret_number/result.html.erb within layouts/application
  Rendered secret_number/result.html.erb within layouts/application (0.3ms)
Completed 200 OK in 21ms (Views: 19.9ms | ActiveRecord: 0.0ms)


Started GET "/secret_number" for 127.0.0.1 at 2018-07-09 18:40:13 +1000
Processing by SecretNumberController#homepage as HTML
  Rendering secret_number/homepage.html.erb within layouts/application
  Rendered secret_number/homepage.html.erb within layouts/application (0.5ms)
Completed 200 OK in 29ms (Views: 28.1ms | ActiveRecord: 0.0ms)


Started GET "/secret_number/result?guess=3" for 127.0.0.1 at 2018-07-09 18:40:14 +1000
Processing by SecretNumberController#result as HTML
  Parameters: {"guess"=>"3"}
  Rendering secret_number/result.html.erb within layouts/application
  Rendered secret_number/result.html.erb within layouts/application (0.3ms)
Completed 200 OK in 18ms (Views: 17.1ms | ActiveRecord: 0.0ms)


Started GET "/secret_number" for 127.0.0.1 at 2018-07-09 18:40:15 +1000
Processing by SecretNumberController#homepage as HTML
  Rendering secret_number/homepage.html.erb within layouts/application
  Rendered secret_number/homepage.html.erb within layouts/application (0.3ms)
Completed 200 OK in 36ms (Views: 34.8ms | ActiveRecord: 0.0ms)


Started GET "/secret_number/result?guess=4" for 127.0.0.1 at 2018-07-09 18:40:17 +1000
Processing by SecretNumberController#result as HTML
  Parameters: {"guess"=>"4"}
  Rendering secret_number/result.html.erb within layouts/application
  Rendered secret_number/result.html.erb within layouts/application (0.4ms)
Completed 200 OK in 20ms (Views: 19.4ms | ActiveRecord: 0.0ms)


Started GET "/secret_number" for 127.0.0.1 at 2018-07-09 18:40:18 +1000
Processing by SecretNumberController#homepage as HTML
  Rendering secret_number/homepage.html.erb within layouts/application
  Rendered secret_number/homepage.html.erb within layouts/application (0.4ms)
Completed 200 OK in 31ms (Views: 30.3ms | ActiveRecord: 0.0ms)


Started GET "/secret_number/result?guess=" for 127.0.0.1 at 2018-07-09 18:40:18 +1000
Processing by SecretNumberController#result as HTML
  Parameters: {"guess"=>""}
  Rendering secret_number/result.html.erb within layouts/application
  Rendered secret_number/result.html.erb within layouts/application (0.5ms)
Completed 200 OK in 19ms (Views: 18.0ms | ActiveRecord: 0.0ms)


Started GET "/secret_number/result?guess=" for 127.0.0.1 at 2018-07-09 18:40:49 +1000
Processing by SecretNumberController#result as HTML
  Parameters: {"guess"=>""}
  Rendering secret_number/result.html.erb within layouts/application
  Rendered secret_number/result.html.erb within layouts/application (0.3ms)
Completed 200 OK in 20ms (Views: 19.4ms | ActiveRecord: 0.0ms)


Started GET "/secret_number" for 127.0.0.1 at 2018-07-09 18:40:49 +1000
Processing by SecretNumberController#homepage as HTML
  Rendering secret_number/homepage.html.erb within layouts/application
  Rendered secret_number/homepage.html.erb within layouts/application (1.2ms)
Completed 200 OK in 92ms (Views: 90.2ms | ActiveRecord: 0.0ms)


Started GET "/secret_number/result?guess=1" for 127.0.0.1 at 2018-07-09 18:40:51 +1000
Processing by SecretNumberController#result as HTML
  Parameters: {"guess"=>"1"}
  Rendering secret_number/result.html.erb within layouts/application
  Rendered secret_number/result.html.erb within layouts/application (0.4ms)
Completed 200 OK in 27ms (Views: 26.1ms | ActiveRecord: 0.0ms)


Started GET "/secret_number" for 127.0.0.1 at 2018-07-09 18:40:53 +1000
Processing by SecretNumberController#homepage as HTML
  Rendering secret_number/homepage.html.erb within layouts/application
  Rendered secret_number/homepage.html.erb within layouts/application (0.6ms)
Completed 200 OK in 32ms (Views: 31.0ms | ActiveRecord: 0.0ms)


Started GET "/secret_number/result?guess=2" for 127.0.0.1 at 2018-07-09 18:40:55 +1000
Processing by SecretNumberController#result as HTML
  Parameters: {"guess"=>"2"}
  Rendering secret_number/result.html.erb within layouts/application
  Rendered secret_number/result.html.erb within layouts/application (0.3ms)
Completed 200 OK in 22ms (Views: 21.6ms | ActiveRecord: 0.0ms)


Started GET "/secret_number" for 127.0.0.1 at 2018-07-09 18:40:55 +1000
Processing by SecretNumberController#homepage as HTML
  Rendering secret_number/homepage.html.erb within layouts/application
  Rendered secret_number/homepage.html.erb within layouts/application (0.4ms)
Completed 200 OK in 32ms (Views: 30.8ms | ActiveRecord: 0.0ms)


Started GET "/secret_number/result?guess=1" for 127.0.0.1 at 2018-07-09 18:40:57 +1000
Processing by SecretNumberController#result as HTML
  Parameters: {"guess"=>"1"}
  Rendering secret_number/result.html.erb within layouts/application
  Rendered secret_number/result.html.erb within layouts/application (0.4ms)
Completed 200 OK in 24ms (Views: 23.6ms | ActiveRecord: 0.0ms)


Started GET "/secret_number" for 127.0.0.1 at 2018-07-09 18:40:57 +1000
Processing by SecretNumberController#homepage as HTML
  Rendering secret_number/homepage.html.erb within layouts/application
  Rendered secret_number/homepage.html.erb within layouts/application (0.4ms)
Completed 200 OK in 36ms (Views: 34.8ms | ActiveRecord: 0.0ms)


Started GET "/secret_number/result?guess=1" for 127.0.0.1 at 2018-07-09 18:40:59 +1000
Processing by SecretNumberController#result as HTML
  Parameters: {"guess"=>"1"}
  Rendering secret_number/result.html.erb within layouts/application
  Rendered secret_number/result.html.erb within layouts/application (0.3ms)
Completed 200 OK in 17ms (Views: 16.3ms | ActiveRecord: 0.0ms)


Started GET "/secret_number/result?guess=1" for 127.0.0.1 at 2018-07-09 18:45:38 +1000
Processing by SecretNumberController#result as HTML
  Parameters: {"guess"=>"1"}
  Rendering secret_number/result.html.erb within layouts/application
  Rendered secret_number/result.html.erb within layouts/application (0.4ms)
Completed 200 OK in 31ms (Views: 30.9ms | ActiveRecord: 0.0ms)


Started GET "/secret_number" for 127.0.0.1 at 2018-07-09 18:45:39 +1000
Processing by SecretNumberController#homepage as HTML
  Rendering secret_number/homepage.html.erb within layouts/application
  Rendered secret_number/homepage.html.erb within layouts/application (0.5ms)
Completed 200 OK in 28ms (Views: 27.5ms | ActiveRecord: 0.0ms)


Started GET "/secret_number" for 127.0.0.1 at 2018-07-09 18:45:49 +1000
Processing by SecretNumberController#homepage as HTML
  Rendering secret_number/homepage.html.erb within layouts/application
  Rendered secret_number/homepage.html.erb within layouts/application (0.4ms)
Completed 200 OK in 21ms (Views: 20.0ms | ActiveRecord: 0.0ms)


Started GET "/secret_number/result?guess=1" for 127.0.0.1 at 2018-07-09 18:45:51 +1000
Processing by SecretNumberController#result as HTML
  Parameters: {"guess"=>"1"}
  Rendering secret_number/result.html.erb within layouts/application
  Rendered secret_number/result.html.erb within layouts/application (0.4ms)
Completed 200 OK in 19ms (Views: 18.5ms | ActiveRecord: 0.0ms)


Started GET "/secret_number" for 127.0.0.1 at 2018-07-09 18:45:56 +1000
Processing by SecretNumberController#homepage as HTML
  Rendering secret_number/homepage.html.erb within layouts/application
  Rendered secret_number/homepage.html.erb within layouts/application (0.5ms)
Completed 200 OK in 28ms (Views: 27.6ms | ActiveRecord: 0.0ms)


Started GET "/secret_number/result?guess=2" for 127.0.0.1 at 2018-07-09 18:45:58 +1000
Processing by SecretNumberController#result as HTML
  Parameters: {"guess"=>"2"}
  Rendering secret_number/result.html.erb within layouts/application
  Rendered secret_number/result.html.erb within layouts/application (0.3ms)
Completed 200 OK in 21ms (Views: 19.9ms | ActiveRecord: 0.0ms)


Started GET "/secret_number/result?guess=2" for 127.0.0.1 at 2018-07-09 18:46:19 +1000
Processing by SecretNumberController#result as HTML
  Parameters: {"guess"=>"2"}
  Rendering secret_number/result.html.erb within layouts/application
  Rendered secret_number/result.html.erb within layouts/application (0.5ms)
Completed 200 OK in 19ms (Views: 18.3ms | ActiveRecord: 0.0ms)


Started GET "/secret_number/result?guess=2" for 127.0.0.1 at 2018-07-09 18:46:22 +1000
Processing by SecretNumberController#result as HTML
  Parameters: {"guess"=>"2"}
  Rendering secret_number/result.html.erb within layouts/application
  Rendered secret_number/result.html.erb within layouts/application (0.6ms)
Completed 200 OK in 30ms (Views: 28.8ms | ActiveRecord: 0.0ms)


Started GET "/secret_number" for 127.0.0.1 at 2018-07-09 18:46:24 +1000
Processing by SecretNumberController#homepage as HTML
  Rendering secret_number/homepage.html.erb within layouts/application
  Rendered secret_number/homepage.html.erb within layouts/application (0.3ms)
Completed 200 OK in 18ms (Views: 17.5ms | ActiveRecord: 0.0ms)


Started GET "/secret_number" for 127.0.0.1 at 2018-07-09 18:46:24 +1000
Processing by SecretNumberController#homepage as HTML
  Rendering secret_number/homepage.html.erb within layouts/application
  Rendered secret_number/homepage.html.erb within layouts/application (0.5ms)
Completed 200 OK in 31ms (Views: 30.5ms | ActiveRecord: 0.0ms)


Started GET "/secret_number/result?guess=2" for 127.0.0.1 at 2018-07-09 18:46:26 +1000
Processing by SecretNumberController#result as HTML
  Parameters: {"guess"=>"2"}
  Rendering secret_number/result.html.erb within layouts/application
  Rendered secret_number/result.html.erb within layouts/application (0.4ms)
Completed 200 OK in 20ms (Views: 19.4ms | ActiveRecord: 0.0ms)


Started GET "/secret_number" for 127.0.0.1 at 2018-07-09 18:46:27 +1000
Processing by SecretNumberController#homepage as HTML
  Rendering secret_number/homepage.html.erb within layouts/application
  Rendered secret_number/homepage.html.erb within layouts/application (0.5ms)
Completed 200 OK in 29ms (Views: 27.7ms | ActiveRecord: 0.0ms)


Started GET "/secret_number/result?guess=2" for 127.0.0.1 at 2018-07-09 18:46:28 +1000
Processing by SecretNumberController#result as HTML
  Parameters: {"guess"=>"2"}
  Rendering secret_number/result.html.erb within layouts/application
  Rendered secret_number/result.html.erb within layouts/application (0.4ms)
Completed 200 OK in 19ms (Views: 18.1ms | ActiveRecord: 0.0ms)


Started GET "/secret_number" for 127.0.0.1 at 2018-07-09 18:46:29 +1000
Processing by SecretNumberController#homepage as HTML
  Rendering secret_number/homepage.html.erb within layouts/application
  Rendered secret_number/homepage.html.erb within layouts/application (0.5ms)
Completed 200 OK in 34ms (Views: 32.9ms | ActiveRecord: 0.0ms)


Started GET "/secret_number/result?guess=2" for 127.0.0.1 at 2018-07-09 18:46:31 +1000
Processing by SecretNumberController#result as HTML
  Parameters: {"guess"=>"2"}
  Rendering secret_number/result.html.erb within layouts/application
  Rendered secret_number/result.html.erb within layouts/application (0.4ms)
Completed 200 OK in 21ms (Views: 19.8ms | ActiveRecord: 0.0ms)


Started GET "/secret_number" for 127.0.0.1 at 2018-07-09 18:46:35 +1000
Processing by SecretNumberController#homepage as HTML
  Rendering secret_number/homepage.html.erb within layouts/application
  Rendered secret_number/homepage.html.erb within layouts/application (0.4ms)
Completed 200 OK in 38ms (Views: 37.9ms | ActiveRecord: 0.0ms)


Started GET "/secret_number/result?guess=2" for 127.0.0.1 at 2018-07-09 18:46:36 +1000
Processing by SecretNumberController#result as HTML
  Parameters: {"guess"=>"2"}
  Rendering secret_number/result.html.erb within layouts/application
  Rendered secret_number/result.html.erb within layouts/application (0.7ms)
Completed 200 OK in 19ms (Views: 18.7ms | ActiveRecord: 0.0ms)


Started GET "/secret_number" for 127.0.0.1 at 2018-07-09 18:46:37 +1000
Processing by SecretNumberController#homepage as HTML
  Rendering secret_number/homepage.html.erb within layouts/application
  Rendered secret_number/homepage.html.erb within layouts/application (0.3ms)
Completed 200 OK in 27ms (Views: 26.2ms | ActiveRecord: 0.0ms)


Started GET "/secret_number/result?guess=2" for 127.0.0.1 at 2018-07-09 18:46:38 +1000
Processing by SecretNumberController#result as HTML
  Parameters: {"guess"=>"2"}
  Rendering secret_number/result.html.erb within layouts/application
  Rendered secret_number/result.html.erb within layouts/application (0.5ms)
Completed 200 OK in 20ms (Views: 18.9ms | ActiveRecord: 0.0ms)


Started GET "/secret_number" for 127.0.0.1 at 2018-07-09 18:46:39 +1000
Processing by SecretNumberController#homepage as HTML
  Rendering secret_number/homepage.html.erb within layouts/application
  Rendered secret_number/homepage.html.erb within layouts/application (0.4ms)
Completed 200 OK in 24ms (Views: 23.7ms | ActiveRecord: 0.0ms)


Started GET "/secret_number/result?guess=2" for 127.0.0.1 at 2018-07-09 18:46:40 +1000
Processing by SecretNumberController#result as HTML
  Parameters: {"guess"=>"2"}
  Rendering secret_number/result.html.erb within layouts/application
  Rendered secret_number/result.html.erb within layouts/application (0.4ms)
Completed 200 OK in 23ms (Views: 22.7ms | ActiveRecord: 0.0ms)


Started GET "/secret_number/result?guess=2" for 127.0.0.1 at 2018-07-09 18:47:06 +1000
Processing by SecretNumberController#result as HTML
  Parameters: {"guess"=>"2"}
  Rendering secret_number/result.html.erb within layouts/application
  Rendered secret_number/result.html.erb within layouts/application (0.4ms)
Completed 200 OK in 27ms (Views: 26.7ms | ActiveRecord: 0.0ms)


Started GET "/secret_number" for 127.0.0.1 at 2018-07-09 18:47:07 +1000
Processing by SecretNumberController#homepage as HTML
  Rendering secret_number/homepage.html.erb within layouts/application
  Rendered secret_number/homepage.html.erb within layouts/application (0.4ms)
Completed 200 OK in 28ms (Views: 27.4ms | ActiveRecord: 0.0ms)


Started GET "/secret_number/result?guess=2" for 127.0.0.1 at 2018-07-09 18:47:09 +1000
Processing by SecretNumberController#result as HTML
  Parameters: {"guess"=>"2"}
  Rendering secret_number/result.html.erb within layouts/application
  Rendered secret_number/result.html.erb within layouts/application (0.4ms)
Completed 200 OK in 26ms (Views: 25.5ms | ActiveRecord: 0.0ms)


Started GET "/secret_number" for 127.0.0.1 at 2018-07-09 18:47:10 +1000
Processing by SecretNumberController#homepage as HTML
  Rendering secret_number/homepage.html.erb within layouts/application
  Rendered secret_number/homepage.html.erb within layouts/application (0.6ms)
Completed 200 OK in 25ms (Views: 24.5ms | ActiveRecord: 0.0ms)


Started GET "/secret_number/result?guess=2" for 127.0.0.1 at 2018-07-09 18:47:11 +1000
Processing by SecretNumberController#result as HTML
  Parameters: {"guess"=>"2"}
  Rendering secret_number/result.html.erb within layouts/application
  Rendered secret_number/result.html.erb within layouts/application (0.4ms)
Completed 200 OK in 27ms (Views: 25.8ms | ActiveRecord: 0.0ms)


Started GET "/secret_number" for 127.0.0.1 at 2018-07-09 18:47:12 +1000
Processing by SecretNumberController#homepage as HTML
  Rendering secret_number/homepage.html.erb within layouts/application
  Rendered secret_number/homepage.html.erb within layouts/application (0.5ms)
Completed 200 OK in 28ms (Views: 27.0ms | ActiveRecord: 0.0ms)


Started GET "/secret_number/result?guess=2" for 127.0.0.1 at 2018-07-09 18:47:13 +1000
Processing by SecretNumberController#result as HTML
  Parameters: {"guess"=>"2"}
  Rendering secret_number/result.html.erb within layouts/application
  Rendered secret_number/result.html.erb within layouts/application (0.4ms)
Completed 200 OK in 19ms (Views: 18.2ms | ActiveRecord: 0.0ms)


Started GET "/secret_number" for 127.0.0.1 at 2018-07-09 18:47:14 +1000
Processing by SecretNumberController#homepage as HTML
  Rendering secret_number/homepage.html.erb within layouts/application
  Rendered secret_number/homepage.html.erb within layouts/application (0.5ms)
Completed 200 OK in 25ms (Views: 24.6ms | ActiveRecord: 0.0ms)


Started GET "/secret_number/result?guess=2" for 127.0.0.1 at 2018-07-09 18:47:15 +1000
Processing by SecretNumberController#result as HTML
  Parameters: {"guess"=>"2"}
  Rendering secret_number/result.html.erb within layouts/application
  Rendered secret_number/result.html.erb within layouts/application (0.5ms)
Completed 200 OK in 21ms (Views: 20.1ms | ActiveRecord: 0.0ms)


Started GET "/secret_number" for 127.0.0.1 at 2018-07-09 18:47:16 +1000
Processing by SecretNumberController#homepage as HTML
  Rendering secret_number/homepage.html.erb within layouts/application
  Rendered secret_number/homepage.html.erb within layouts/application (0.5ms)
Completed 200 OK in 29ms (Views: 28.0ms | ActiveRecord: 0.0ms)


Started GET "/secret_number/result?guess=1" for 127.0.0.1 at 2018-07-09 18:47:17 +1000
Processing by SecretNumberController#result as HTML
  Parameters: {"guess"=>"1"}
  Rendering secret_number/result.html.erb within layouts/application
  Rendered secret_number/result.html.erb within layouts/application (0.4ms)
Completed 200 OK in 23ms (Views: 22.6ms | ActiveRecord: 0.0ms)


Started GET "/secret_number" for 127.0.0.1 at 2018-07-09 18:47:18 +1000
Processing by SecretNumberController#homepage as HTML
  Rendering secret_number/homepage.html.erb within layouts/application
  Rendered secret_number/homepage.html.erb within layouts/application (0.7ms)
Completed 200 OK in 30ms (Views: 28.8ms | ActiveRecord: 0.0ms)


Started GET "/secret_number/result?guess=1" for 127.0.0.1 at 2018-07-09 18:47:19 +1000
Processing by SecretNumberController#result as HTML
  Parameters: {"guess"=>"1"}
  Rendering secret_number/result.html.erb within layouts/application
  Rendered secret_number/result.html.erb within layouts/application (0.4ms)
Completed 200 OK in 24ms (Views: 22.9ms | ActiveRecord: 0.0ms)


Started GET "/secret_number" for 127.0.0.1 at 2018-07-09 18:47:30 +1000
Processing by SecretNumberController#homepage as HTML
  Rendering secret_number/homepage.html.erb within layouts/application
  Rendered secret_number/homepage.html.erb within layouts/application (0.3ms)
Completed 200 OK in 19ms (Views: 18.6ms | ActiveRecord: 0.0ms)


Started GET "/secret_number" for 127.0.0.1 at 2018-07-09 18:47:32 +1000
Processing by SecretNumberController#homepage as HTML
  Rendering secret_number/homepage.html.erb within layouts/application
  Rendered secret_number/homepage.html.erb within layouts/application (0.4ms)
Completed 200 OK in 25ms (Views: 24.6ms | ActiveRecord: 0.0ms)


Started GET "/secret_number/result?guess=2" for 127.0.0.1 at 2018-07-09 18:47:35 +1000
Processing by SecretNumberController#result as HTML
  Parameters: {"guess"=>"2"}
  Rendering secret_number/result.html.erb within layouts/application
  Rendered secret_number/result.html.erb within layouts/application (0.5ms)
Completed 200 OK in 20ms (Views: 19.2ms | ActiveRecord: 0.0ms)


Started GET "/secret_number" for 127.0.0.1 at 2018-07-09 18:48:15 +1000
Processing by SecretNumberController#homepage as HTML
  Rendering secret_number/homepage.html.erb within layouts/application
  Rendered secret_number/homepage.html.erb within layouts/application (0.3ms)
Completed 200 OK in 18ms (Views: 17.4ms | ActiveRecord: 0.0ms)


Started GET "/secret_number" for 127.0.0.1 at 2018-07-09 18:48:15 +1000
Processing by SecretNumberController#homepage as HTML
  Rendering secret_number/homepage.html.erb within layouts/application
  Rendered secret_number/homepage.html.erb within layouts/application (0.8ms)
Completed 200 OK in 26ms (Views: 25.3ms | ActiveRecord: 0.0ms)


Started GET "/secret_number/result?guess=2" for 127.0.0.1 at 2018-07-09 18:48:17 +1000
Processing by SecretNumberController#result as HTML
  Parameters: {"guess"=>"2"}
  Rendering secret_number/result.html.erb within layouts/application
  Rendered secret_number/result.html.erb within layouts/application (0.4ms)
Completed 200 OK in 20ms (Views: 19.3ms | ActiveRecord: 0.0ms)


Started GET "/secret_number" for 127.0.0.1 at 2018-07-09 18:48:21 +1000
Processing by SecretNumberController#homepage as HTML
  Rendering secret_number/homepage.html.erb within layouts/application
  Rendered secret_number/homepage.html.erb within layouts/application (1.4ms)
Completed 200 OK in 37ms (Views: 35.2ms | ActiveRecord: 0.0ms)


Started GET "/secret_number/result?guess=1" for 127.0.0.1 at 2018-07-09 18:48:22 +1000
Processing by SecretNumberController#result as HTML
  Parameters: {"guess"=>"1"}
  Rendering secret_number/result.html.erb within layouts/application
  Rendered secret_number/result.html.erb within layouts/application (0.5ms)
Completed 200 OK in 22ms (Views: 20.5ms | ActiveRecord: 0.0ms)


Started GET "/secret_number" for 127.0.0.1 at 2018-07-09 18:48:35 +1000
Processing by SecretNumberController#homepage as HTML
  Rendering secret_number/homepage.html.erb within layouts/application
  Rendered secret_number/homepage.html.erb within layouts/application (1.2ms)
Completed 200 OK in 19ms (Views: 18.9ms | ActiveRecord: 0.0ms)


Started GET "/secret_number" for 127.0.0.1 at 2018-07-09 18:48:35 +1000
Processing by SecretNumberController#homepage as HTML
  Rendering secret_number/homepage.html.erb within layouts/application
  Rendered secret_number/homepage.html.erb within layouts/application (0.4ms)
Completed 200 OK in 19ms (Views: 18.9ms | ActiveRecord: 0.0ms)


Started GET "/secret_number/result?guess=2" for 127.0.0.1 at 2018-07-09 18:48:36 +1000
Processing by SecretNumberController#result as HTML
  Parameters: {"guess"=>"2"}
  Rendering secret_number/result.html.erb within layouts/application
  Rendered secret_number/result.html.erb within layouts/application (0.4ms)
Completed 200 OK in 20ms (Views: 19.3ms | ActiveRecord: 0.0ms)


Started GET "/secret_number/result?guess=2" for 127.0.0.1 at 2018-07-09 18:49:02 +1000
Processing by SecretNumberController#result as HTML
  Parameters: {"guess"=>"2"}
  Rendering secret_number/result.html.erb within layouts/application
  Rendered secret_number/result.html.erb within layouts/application (0.4ms)
Completed 200 OK in 23ms (Views: 21.6ms | ActiveRecord: 0.0ms)


Started GET "/secret_number" for 127.0.0.1 at 2018-07-09 18:49:03 +1000
Processing by SecretNumberController#homepage as HTML
  Rendering secret_number/homepage.html.erb within layouts/application
  Rendered secret_number/homepage.html.erb within layouts/application (0.4ms)
Completed 200 OK in 28ms (Views: 27.0ms | ActiveRecord: 0.0ms)


Started GET "/secret_number" for 127.0.0.1 at 2018-07-09 18:49:04 +1000
Processing by SecretNumberController#homepage as HTML
  Rendering secret_number/homepage.html.erb within layouts/application
  Rendered secret_number/homepage.html.erb within layouts/application (0.3ms)
Completed 200 OK in 18ms (Views: 17.8ms | ActiveRecord: 0.0ms)


Started GET "/secret_number" for 127.0.0.1 at 2018-07-09 18:49:04 +1000
Processing by SecretNumberController#homepage as HTML
  Rendering secret_number/homepage.html.erb within layouts/application
  Rendered secret_number/homepage.html.erb within layouts/application (0.4ms)
Completed 200 OK in 46ms (Views: 45.4ms | ActiveRecord: 0.0ms)


Started GET "/secret_number/result?guess=2" for 127.0.0.1 at 2018-07-09 18:49:05 +1000
Processing by SecretNumberController#result as HTML
  Parameters: {"guess"=>"2"}
  Rendering secret_number/result.html.erb within layouts/application
  Rendered secret_number/result.html.erb within layouts/application (0.5ms)
Completed 200 OK in 21ms (Views: 20.6ms | ActiveRecord: 0.0ms)


Started GET "/secret_number" for 127.0.0.1 at 2018-07-09 18:49:08 +1000
Processing by SecretNumberController#homepage as HTML
  Rendering secret_number/homepage.html.erb within layouts/application
  Rendered secret_number/homepage.html.erb within layouts/application (0.5ms)
Completed 200 OK in 33ms (Views: 31.8ms | ActiveRecord: 0.0ms)


Started GET "/secret_number/result?guess=2" for 127.0.0.1 at 2018-07-09 18:49:10 +1000
Processing by SecretNumberController#result as HTML
  Parameters: {"guess"=>"2"}
  Rendering secret_number/result.html.erb within layouts/application
  Rendered secret_number/result.html.erb within layouts/application (0.5ms)
Completed 200 OK in 22ms (Views: 21.2ms | ActiveRecord: 0.0ms)


Started GET "/secret_number" for 127.0.0.1 at 2018-07-09 18:49:13 +1000
Processing by SecretNumberController#homepage as HTML
  Rendering secret_number/homepage.html.erb within layouts/application
  Rendered secret_number/homepage.html.erb within layouts/application (0.3ms)
Completed 200 OK in 52ms (Views: 50.5ms | ActiveRecord: 0.0ms)


Started GET "/secret_number/result?guess=2" for 127.0.0.1 at 2018-07-09 18:49:14 +1000
Processing by SecretNumberController#result as HTML
  Parameters: {"guess"=>"2"}
  Rendering secret_number/result.html.erb within layouts/application
  Rendered secret_number/result.html.erb within layouts/application (0.6ms)
Completed 200 OK in 37ms (Views: 35.3ms | ActiveRecord: 0.0ms)


Started GET "/secret_number/result?guess=2" for 127.0.0.1 at 2018-07-09 18:49:33 +1000
Processing by SecretNumberController#result as HTML
  Parameters: {"guess"=>"2"}
  Rendering secret_number/result.html.erb within layouts/application
  Rendered secret_number/result.html.erb within layouts/application (0.4ms)
Completed 200 OK in 20ms (Views: 19.1ms | ActiveRecord: 0.0ms)


Started GET "/secret_number" for 127.0.0.1 at 2018-07-09 18:49:34 +1000
Processing by SecretNumberController#homepage as HTML
  Rendering secret_number/homepage.html.erb within layouts/application
  Rendered secret_number/homepage.html.erb within layouts/application (0.4ms)
Completed 200 OK in 28ms (Views: 27.5ms | ActiveRecord: 0.0ms)


Started GET "/secret_number" for 127.0.0.1 at 2018-07-09 18:49:35 +1000
Processing by SecretNumberController#homepage as HTML
  Rendering secret_number/homepage.html.erb within layouts/application
  Rendered secret_number/homepage.html.erb within layouts/application (0.3ms)
Completed 200 OK in 20ms (Views: 19.2ms | ActiveRecord: 0.0ms)


Started GET "/secret_number/result?guess=2" for 127.0.0.1 at 2018-07-09 18:49:37 +1000
Processing by SecretNumberController#result as HTML
  Parameters: {"guess"=>"2"}
  Rendering secret_number/result.html.erb within layouts/application
  Rendered secret_number/result.html.erb within layouts/application (0.4ms)
Completed 200 OK in 21ms (Views: 20.2ms | ActiveRecord: 0.0ms)


Started GET "/secret_number" for 127.0.0.1 at 2018-07-09 18:49:57 +1000
Processing by SecretNumberController#homepage as HTML
  Rendering secret_number/homepage.html.erb within layouts/application
  Rendered secret_number/homepage.html.erb within layouts/application (0.5ms)
Completed 200 OK in 26ms (Views: 24.8ms | ActiveRecord: 0.0ms)


Started GET "/secret_number/result?guess=1" for 127.0.0.1 at 2018-07-09 18:49:58 +1000
Processing by SecretNumberController#result as HTML
  Parameters: {"guess"=>"1"}
  Rendering secret_number/result.html.erb within layouts/application
  Rendered secret_number/result.html.erb within layouts/application (0.5ms)
Completed 200 OK in 20ms (Views: 19.2ms | ActiveRecord: 0.0ms)


Started GET "/secret_number/result?guess=1" for 127.0.0.1 at 2018-07-09 18:50:16 +1000
Processing by SecretNumberController#result as HTML
  Parameters: {"guess"=>"1"}
  Rendering secret_number/result.html.erb within layouts/application
  Rendered secret_number/result.html.erb within layouts/application (0.5ms)
Completed 200 OK in 20ms (Views: 19.3ms | ActiveRecord: 0.0ms)


Started GET "/secret_number" for 127.0.0.1 at 2018-07-09 18:50:17 +1000
Processing by SecretNumberController#homepage as HTML
  Rendering secret_number/homepage.html.erb within layouts/application
  Rendered secret_number/homepage.html.erb within layouts/application (0.5ms)
Completed 200 OK in 34ms (Views: 32.6ms | ActiveRecord: 0.0ms)


Started GET "/secret_number" for 127.0.0.1 at 2018-07-09 18:50:18 +1000
Processing by SecretNumberController#homepage as HTML
  Rendering secret_number/homepage.html.erb within layouts/application
  Rendered secret_number/homepage.html.erb within layouts/application (0.4ms)
Completed 200 OK in 24ms (Views: 22.9ms | ActiveRecord: 0.0ms)


Started GET "/secret_number" for 127.0.0.1 at 2018-07-09 18:50:18 +1000
Processing by SecretNumberController#homepage as HTML
  Rendering secret_number/homepage.html.erb within layouts/application
  Rendered secret_number/homepage.html.erb within layouts/application (0.4ms)
Completed 200 OK in 44ms (Views: 42.4ms | ActiveRecord: 0.0ms)


Started GET "/secret_number" for 127.0.0.1 at 2018-07-09 18:50:18 +1000
Processing by SecretNumberController#homepage as HTML
  Rendering secret_number/homepage.html.erb within layouts/application
  Rendered secret_number/homepage.html.erb within layouts/application (0.4ms)
Completed 200 OK in 26ms (Views: 24.5ms | ActiveRecord: 0.0ms)


Started GET "/secret_number/result?guess=2" for 127.0.0.1 at 2018-07-09 18:50:20 +1000
Processing by SecretNumberController#result as HTML
  Parameters: {"guess"=>"2"}
  Rendering secret_number/result.html.erb within layouts/application
  Rendered secret_number/result.html.erb within layouts/application (0.6ms)
Completed 200 OK in 28ms (Views: 27.4ms | ActiveRecord: 0.0ms)


Started GET "/secret_number" for 127.0.0.1 at 2018-07-09 18:50:20 +1000
Processing by SecretNumberController#homepage as HTML
  Rendering secret_number/homepage.html.erb within layouts/application
  Rendered secret_number/homepage.html.erb within layouts/application (0.5ms)
Completed 200 OK in 27ms (Views: 25.5ms | ActiveRecord: 0.0ms)


Started GET "/secret_number/result?guess=1" for 127.0.0.1 at 2018-07-09 18:50:21 +1000
Processing by SecretNumberController#result as HTML
  Parameters: {"guess"=>"1"}
  Rendering secret_number/result.html.erb within layouts/application
  Rendered secret_number/result.html.erb within layouts/application (0.7ms)
Completed 200 OK in 22ms (Views: 21.2ms | ActiveRecord: 0.0ms)


Started GET "/secret_number" for 127.0.0.1 at 2018-07-09 18:53:07 +1000
Processing by SecretNumberController#homepage as HTML
  Rendering secret_number/homepage.html.erb within layouts/application
  Rendered secret_number/homepage.html.erb within layouts/application (0.3ms)
Completed 200 OK in 21ms (Views: 20.5ms | ActiveRecord: 0.0ms)


Started GET "/secret_number/result?guess=2" for 127.0.0.1 at 2018-07-09 18:53:08 +1000
Processing by SecretNumberController#result as HTML
  Parameters: {"guess"=>"2"}
  Rendering secret_number/result.html.erb within layouts/application
  Rendered secret_number/result.html.erb within layouts/application (0.5ms)
Completed 500 Internal Server Error in 12ms (ActiveRecord: 0.0ms)


  
SyntaxError (/Users/kennyliu/Projects/WDi28-Homework/wenjun_liu/week_05/day_01/Games_on_Rails/app/views/secret_number/result.html.erb:1: syntax error, unexpected keyword_else, expecting ')'
...Corret" if @result == true else "Incorrect");@output_buffer....
...                           ^~~~):
  
app/views/secret_number/result.html.erb:1: syntax error, unexpected keyword_else, expecting ')'
app/controllers/secret_number_controller.rb:12:in `result'
Started GET "/secret_number/result?guess=2" for 127.0.0.1 at 2018-07-09 18:55:35 +1000
Processing by SecretNumberController#result as HTML
  Parameters: {"guess"=>"2"}
  Rendering secret_number/result.html.erb within layouts/application
  Rendered secret_number/result.html.erb within layouts/application (0.4ms)
Completed 200 OK in 29ms (Views: 28.2ms | ActiveRecord: 0.0ms)


Started GET "/secret_number" for 127.0.0.1 at 2018-07-09 18:55:39 +1000
Processing by SecretNumberController#homepage as HTML
  Rendering secret_number/homepage.html.erb within layouts/application
  Rendered secret_number/homepage.html.erb within layouts/application (0.4ms)
Completed 200 OK in 33ms (Views: 31.0ms | ActiveRecord: 0.0ms)


Started GET "/secret_number/result?guess=2" for 127.0.0.1 at 2018-07-09 18:55:40 +1000
Processing by SecretNumberController#result as HTML
  Parameters: {"guess"=>"2"}
  Rendering secret_number/result.html.erb within layouts/application
  Rendered secret_number/result.html.erb within layouts/application (0.4ms)
Completed 200 OK in 18ms (Views: 17.9ms | ActiveRecord: 0.0ms)


Started GET "/secret_number" for 127.0.0.1 at 2018-07-09 18:55:41 +1000
Processing by SecretNumberController#homepage as HTML
  Rendering secret_number/homepage.html.erb within layouts/application
  Rendered secret_number/homepage.html.erb within layouts/application (0.4ms)
Completed 200 OK in 34ms (Views: 33.2ms | ActiveRecord: 0.0ms)


Started GET "/secret_number/result?guess=3" for 127.0.0.1 at 2018-07-09 18:55:43 +1000
Processing by SecretNumberController#result as HTML
  Parameters: {"guess"=>"3"}
  Rendering secret_number/result.html.erb within layouts/application
  Rendered secret_number/result.html.erb within layouts/application (0.7ms)
Completed 200 OK in 33ms (Views: 31.9ms | ActiveRecord: 0.0ms)


Started GET "/secret_number" for 127.0.0.1 at 2018-07-09 18:55:43 +1000
Processing by SecretNumberController#homepage as HTML
  Rendering secret_number/homepage.html.erb within layouts/application
  Rendered secret_number/homepage.html.erb within layouts/application (1.3ms)
Completed 200 OK in 26ms (Views: 25.5ms | ActiveRecord: 0.0ms)


Started GET "/secret_number/result?guess=4" for 127.0.0.1 at 2018-07-09 18:55:45 +1000
Processing by SecretNumberController#result as HTML
  Parameters: {"guess"=>"4"}
  Rendering secret_number/result.html.erb within layouts/application
  Rendered secret_number/result.html.erb within layouts/application (0.5ms)
Completed 200 OK in 19ms (Views: 18.2ms | ActiveRecord: 0.0ms)


Started GET "/secret_number" for 127.0.0.1 at 2018-07-09 18:55:45 +1000
Processing by SecretNumberController#homepage as HTML
  Rendering secret_number/homepage.html.erb within layouts/application
  Rendered secret_number/homepage.html.erb within layouts/application (0.9ms)
Completed 200 OK in 31ms (Views: 29.3ms | ActiveRecord: 0.0ms)


Started GET "/secret_number/result?guess=5" for 127.0.0.1 at 2018-07-09 18:55:47 +1000
Processing by SecretNumberController#result as HTML
  Parameters: {"guess"=>"5"}
  Rendering secret_number/result.html.erb within layouts/application
  Rendered secret_number/result.html.erb within layouts/application (0.5ms)
Completed 200 OK in 20ms (Views: 19.7ms | ActiveRecord: 0.0ms)


Started GET "/secret_number" for 127.0.0.1 at 2018-07-09 18:55:48 +1000
Processing by SecretNumberController#homepage as HTML
  Rendering secret_number/homepage.html.erb within layouts/application
  Rendered secret_number/homepage.html.erb within layouts/application (0.3ms)
Completed 200 OK in 27ms (Views: 26.1ms | ActiveRecord: 0.0ms)


Started GET "/secret_number/result?guess=5" for 127.0.0.1 at 2018-07-09 18:55:49 +1000
Processing by SecretNumberController#result as HTML
  Parameters: {"guess"=>"5"}
  Rendering secret_number/result.html.erb within layouts/application
  Rendered secret_number/result.html.erb within layouts/application (0.4ms)
Completed 200 OK in 21ms (Views: 20.2ms | ActiveRecord: 0.0ms)


Started GET "/secret_number" for 127.0.0.1 at 2018-07-09 18:55:50 +1000
Processing by SecretNumberController#homepage as HTML
  Rendering secret_number/homepage.html.erb within layouts/application
  Rendered secret_number/homepage.html.erb within layouts/application (0.6ms)
Completed 200 OK in 31ms (Views: 30.0ms | ActiveRecord: 0.0ms)


Started GET "/secret_number/result?guess=5" for 127.0.0.1 at 2018-07-09 18:55:51 +1000
Processing by SecretNumberController#result as HTML
  Parameters: {"guess"=>"5"}
  Rendering secret_number/result.html.erb within layouts/application
  Rendered secret_number/result.html.erb within layouts/application (0.4ms)
Completed 200 OK in 20ms (Views: 19.2ms | ActiveRecord: 0.0ms)


Started GET "/secret_number" for 127.0.0.1 at 2018-07-09 18:55:52 +1000
Processing by SecretNumberController#homepage as HTML
  Rendering secret_number/homepage.html.erb within layouts/application
  Rendered secret_number/homepage.html.erb within layouts/application (0.9ms)
Completed 200 OK in 30ms (Views: 28.4ms | ActiveRecord: 0.0ms)


Started GET "/secret_number/result?guess=5" for 127.0.0.1 at 2018-07-09 18:55:53 +1000
Processing by SecretNumberController#result as HTML
  Parameters: {"guess"=>"5"}
  Rendering secret_number/result.html.erb within layouts/application
  Rendered secret_number/result.html.erb within layouts/application (0.4ms)
Completed 200 OK in 26ms (Views: 25.1ms | ActiveRecord: 0.0ms)


Started GET "/secret_number" for 127.0.0.1 at 2018-07-09 18:55:54 +1000
Processing by SecretNumberController#homepage as HTML
  Rendering secret_number/homepage.html.erb within layouts/application
  Rendered secret_number/homepage.html.erb within layouts/application (0.6ms)
Completed 200 OK in 24ms (Views: 23.2ms | ActiveRecord: 0.0ms)


Started GET "/secret_number/result?guess=7" for 127.0.0.1 at 2018-07-09 18:55:57 +1000
Processing by SecretNumberController#result as HTML
  Parameters: {"guess"=>"7"}
  Rendering secret_number/result.html.erb within layouts/application
  Rendered secret_number/result.html.erb within layouts/application (0.4ms)
Completed 200 OK in 22ms (Views: 21.1ms | ActiveRecord: 0.0ms)


Started GET "/secret_number" for 127.0.0.1 at 2018-07-09 18:55:58 +1000
Processing by SecretNumberController#homepage as HTML
  Rendering secret_number/homepage.html.erb within layouts/application
  Rendered secret_number/homepage.html.erb within layouts/application (0.7ms)
Completed 200 OK in 26ms (Views: 25.3ms | ActiveRecord: 0.0ms)


Started GET "/secret_number/result?guess=7" for 127.0.0.1 at 2018-07-09 18:55:59 +1000
Processing by SecretNumberController#result as HTML
  Parameters: {"guess"=>"7"}
  Rendering secret_number/result.html.erb within layouts/application
  Rendered secret_number/result.html.erb within layouts/application (0.4ms)
Completed 200 OK in 19ms (Views: 18.6ms | ActiveRecord: 0.0ms)


Started GET "/secret_number" for 127.0.0.1 at 2018-07-09 18:56:00 +1000
Processing by SecretNumberController#homepage as HTML
  Rendering secret_number/homepage.html.erb within layouts/application
  Rendered secret_number/homepage.html.erb within layouts/application (0.4ms)
Completed 200 OK in 34ms (Views: 32.6ms | ActiveRecord: 0.0ms)


Started GET "/secret_number/result?guess=7" for 127.0.0.1 at 2018-07-09 18:56:01 +1000
Processing by SecretNumberController#result as HTML
  Parameters: {"guess"=>"7"}
  Rendering secret_number/result.html.erb within layouts/application
  Rendered secret_number/result.html.erb within layouts/application (0.5ms)
Completed 200 OK in 27ms (Views: 25.6ms | ActiveRecord: 0.0ms)


Started GET "/secret_number" for 127.0.0.1 at 2018-07-09 18:56:02 +1000
Processing by SecretNumberController#homepage as HTML
  Rendering secret_number/homepage.html.erb within layouts/application
  Rendered secret_number/homepage.html.erb within layouts/application (0.8ms)
Completed 200 OK in 30ms (Views: 29.4ms | ActiveRecord: 0.0ms)


Started GET "/secret_number/result?guess=7" for 127.0.0.1 at 2018-07-09 18:56:04 +1000
Processing by SecretNumberController#result as HTML
  Parameters: {"guess"=>"7"}
  Rendering secret_number/result.html.erb within layouts/application
  Rendered secret_number/result.html.erb within layouts/application (0.4ms)
Completed 200 OK in 21ms (Views: 20.5ms | ActiveRecord: 0.0ms)


Started GET "/" for 127.0.0.1 at 2018-07-09 18:57:52 +1000
Processing by PagesController#homepage as HTML
  Rendering pages/homepage.html.erb within layouts/application
  Rendered pages/homepage.html.erb within layouts/application (0.4ms)
Completed 200 OK in 36ms (Views: 35.3ms | ActiveRecord: 0.0ms)


Started GET "/" for 127.0.0.1 at 2018-07-09 20:30:23 +1000
Processing by PagesController#homepage as HTML
  Rendering pages/homepage.html.erb within layouts/application
  Rendered pages/homepage.html.erb within layouts/application (0.8ms)
Completed 200 OK in 41ms (Views: 38.5ms | ActiveRecord: 0.0ms)


Started GET "/rock_paper_scissors" for 127.0.0.1 at 2018-07-09 20:30:24 +1000
Processing by RockPaperScissorsController#homepage as HTML
  Rendering rock_paper_scissors/homepage.html.erb within layouts/application
  Rendered rock_paper_scissors/homepage.html.erb within layouts/application (0.6ms)
Completed 200 OK in 37ms (Views: 36.6ms | ActiveRecord: 0.0ms)


Started GET "/rock_paper_scissors/scissors" for 127.0.0.1 at 2018-07-09 20:30:26 +1000
Processing by RockPaperScissorsController#result as HTML
  Parameters: {"play"=>"scissors"}
Completed 500 Internal Server Error in 154ms (ActiveRecord: 0.0ms)


  
NameError (undefined local variable or method `param' for #<RockPaperScissorsController:0x00007fd64cd37938>
Did you mean?  params
               params=):
  
app/controllers/rock_paper_scissors_controller.rb:7:in `result'
Started GET "/rock_paper_scissors" for 127.0.0.1 at 2018-07-09 20:30:38 +1000
Processing by RockPaperScissorsController#homepage as HTML
  Rendering rock_paper_scissors/homepage.html.erb within layouts/application
  Rendered rock_paper_scissors/homepage.html.erb within layouts/application (0.3ms)
Completed 200 OK in 26ms (Views: 25.7ms | ActiveRecord: 0.0ms)


Started GET "/rock_paper_scissors" for 127.0.0.1 at 2018-07-09 20:30:39 +1000
Processing by RockPaperScissorsController#homepage as HTML
  Rendering rock_paper_scissors/homepage.html.erb within layouts/application
  Rendered rock_paper_scissors/homepage.html.erb within layouts/application (0.7ms)
Completed 200 OK in 25ms (Views: 24.2ms | ActiveRecord: 0.0ms)


Started GET "/rock_paper_scissors" for 127.0.0.1 at 2018-07-09 20:30:39 +1000
Processing by RockPaperScissorsController#homepage as HTML
  Rendering rock_paper_scissors/homepage.html.erb within layouts/application
  Rendered rock_paper_scissors/homepage.html.erb within layouts/application (0.5ms)
Completed 200 OK in 92ms (Views: 91.3ms | ActiveRecord: 0.0ms)


Started GET "/rock_paper_scissors" for 127.0.0.1 at 2018-07-09 20:30:39 +1000
Processing by RockPaperScissorsController#homepage as HTML
  Rendering rock_paper_scissors/homepage.html.erb within layouts/application
  Rendered rock_paper_scissors/homepage.html.erb within layouts/application (0.4ms)
Completed 200 OK in 36ms (Views: 35.0ms | ActiveRecord: 0.0ms)


Started GET "/rock_paper_scissors" for 127.0.0.1 at 2018-07-09 20:30:39 +1000
Processing by RockPaperScissorsController#homepage as HTML
  Rendering rock_paper_scissors/homepage.html.erb within layouts/application
  Rendered rock_paper_scissors/homepage.html.erb within layouts/application (0.4ms)
Completed 200 OK in 42ms (Views: 41.1ms | ActiveRecord: 0.0ms)


Started GET "/rock_paper_scissors/scissors" for 127.0.0.1 at 2018-07-09 20:30:40 +1000
Processing by RockPaperScissorsController#result as HTML
  Parameters: {"play"=>"scissors"}
  Rendering rock_paper_scissors/homepage.html.erb within layouts/application
  Rendered rock_paper_scissors/homepage.html.erb within layouts/application (0.4ms)
Completed 200 OK in 52ms (Views: 51.3ms | ActiveRecord: 0.0ms)


Started GET "/rock_paper_scissors/scissors" for 127.0.0.1 at 2018-07-09 21:57:03 +1000
Processing by RockPaperScissorsController#result as HTML
  Parameters: {"play"=>"scissors"}
  Rendering rock_paper_scissors/result.html.erb within layouts/application
  Rendered rock_paper_scissors/result.html.erb within layouts/application (0.4ms)
Completed 200 OK in 28ms (Views: 27.2ms | ActiveRecord: 0.0ms)


Started GET "/rock_paper_scissors" for 127.0.0.1 at 2018-07-09 21:57:37 +1000
Processing by RockPaperScissorsController#homepage as HTML
  Rendering rock_paper_scissors/homepage.html.erb within layouts/application
  Rendered rock_paper_scissors/homepage.html.erb within layouts/application (0.3ms)
Completed 200 OK in 31ms (Views: 30.7ms | ActiveRecord: 0.0ms)


Started GET "/rock_paper_scissors/paper" for 127.0.0.1 at 2018-07-09 21:57:39 +1000
Processing by RockPaperScissorsController#result as HTML
  Parameters: {"play"=>"paper"}
  Rendering rock_paper_scissors/result.html.erb within layouts/application
  Rendered rock_paper_scissors/result.html.erb within layouts/application (1.0ms)
Completed 200 OK in 38ms (Views: 36.8ms | ActiveRecord: 0.0ms)


Started GET "/rock_paper_scissors" for 127.0.0.1 at 2018-07-09 21:58:01 +1000
Processing by RockPaperScissorsController#homepage as HTML
  Rendering rock_paper_scissors/homepage.html.erb within layouts/application
  Rendered rock_paper_scissors/homepage.html.erb within layouts/application (0.4ms)
Completed 200 OK in 38ms (Views: 37.4ms | ActiveRecord: 0.0ms)


Started GET "/rock_paper_scissors/rock" for 127.0.0.1 at 2018-07-09 21:58:03 +1000
Processing by RockPaperScissorsController#result as HTML
  Parameters: {"play"=>"rock"}
  Rendering rock_paper_scissors/result.html.erb within layouts/application
  Rendered rock_paper_scissors/result.html.erb within layouts/application (0.4ms)
Completed 200 OK in 29ms (Views: 28.3ms | ActiveRecord: 0.0ms)


Started GET "/rock_paper_scissors" for 127.0.0.1 at 2018-07-09 21:58:05 +1000
Processing by RockPaperScissorsController#homepage as HTML
  Rendering rock_paper_scissors/homepage.html.erb within layouts/application
  Rendered rock_paper_scissors/homepage.html.erb within layouts/application (0.4ms)
Completed 200 OK in 44ms (Views: 43.3ms | ActiveRecord: 0.0ms)


Started GET "/rock_paper_scissors/paper" for 127.0.0.1 at 2018-07-09 21:58:05 +1000
Processing by RockPaperScissorsController#result as HTML
  Parameters: {"play"=>"paper"}
  Rendering rock_paper_scissors/result.html.erb within layouts/application
  Rendered rock_paper_scissors/result.html.erb within layouts/application (0.5ms)
Completed 200 OK in 28ms (Views: 27.6ms | ActiveRecord: 0.0ms)


Started GET "/rock_paper_scissors" for 127.0.0.1 at 2018-07-09 21:58:07 +1000
Processing by RockPaperScissorsController#homepage as HTML
  Rendering rock_paper_scissors/homepage.html.erb within layouts/application
  Rendered rock_paper_scissors/homepage.html.erb within layouts/application (0.3ms)
Completed 200 OK in 31ms (Views: 30.4ms | ActiveRecord: 0.0ms)


Started GET "/rock_paper_scissors/paper" for 127.0.0.1 at 2018-07-09 21:58:08 +1000
Processing by RockPaperScissorsController#result as HTML
  Parameters: {"play"=>"paper"}
  Rendering rock_paper_scissors/result.html.erb within layouts/application
  Rendered rock_paper_scissors/result.html.erb within layouts/application (0.5ms)
Completed 200 OK in 45ms (Views: 44.5ms | ActiveRecord: 0.0ms)


Started GET "/rock_paper_scissors" for 127.0.0.1 at 2018-07-09 21:58:09 +1000
Processing by RockPaperScissorsController#homepage as HTML
  Rendering rock_paper_scissors/homepage.html.erb within layouts/application
  Rendered rock_paper_scissors/homepage.html.erb within layouts/application (0.3ms)
Completed 200 OK in 42ms (Views: 39.6ms | ActiveRecord: 0.0ms)


Started GET "/rock_paper_scissors/paper" for 127.0.0.1 at 2018-07-09 21:58:10 +1000
Processing by RockPaperScissorsController#result as HTML
  Parameters: {"play"=>"paper"}
  Rendering rock_paper_scissors/result.html.erb within layouts/application
  Rendered rock_paper_scissors/result.html.erb within layouts/application (0.5ms)
Completed 200 OK in 31ms (Views: 30.0ms | ActiveRecord: 0.0ms)


Started GET "/rock_paper_scissors" for 127.0.0.1 at 2018-07-09 21:58:12 +1000
Processing by RockPaperScissorsController#homepage as HTML
  Rendering rock_paper_scissors/homepage.html.erb within layouts/application
  Rendered rock_paper_scissors/homepage.html.erb within layouts/application (0.4ms)
Completed 200 OK in 32ms (Views: 31.2ms | ActiveRecord: 0.0ms)


Started GET "/rock_paper_scissors/paper" for 127.0.0.1 at 2018-07-09 21:58:12 +1000
Processing by RockPaperScissorsController#result as HTML
  Parameters: {"play"=>"paper"}
  Rendering rock_paper_scissors/result.html.erb within layouts/application
  Rendered rock_paper_scissors/result.html.erb within layouts/application (0.5ms)
Completed 200 OK in 35ms (Views: 32.9ms | ActiveRecord: 0.0ms)


Started GET "/rock_paper_scissors" for 127.0.0.1 at 2018-07-09 21:58:14 +1000
Processing by RockPaperScissorsController#homepage as HTML
  Rendering rock_paper_scissors/homepage.html.erb within layouts/application
  Rendered rock_paper_scissors/homepage.html.erb within layouts/application (0.3ms)
Completed 200 OK in 33ms (Views: 31.7ms | ActiveRecord: 0.0ms)


Started GET "/rock_paper_scissors/paper" for 127.0.0.1 at 2018-07-09 21:58:15 +1000
Processing by RockPaperScissorsController#result as HTML
  Parameters: {"play"=>"paper"}
  Rendering rock_paper_scissors/result.html.erb within layouts/application
  Rendered rock_paper_scissors/result.html.erb within layouts/application (0.6ms)
Completed 200 OK in 32ms (Views: 30.9ms | ActiveRecord: 0.0ms)


Started GET "/rock_paper_scissors" for 127.0.0.1 at 2018-07-09 21:58:16 +1000
Processing by RockPaperScissorsController#homepage as HTML
  Rendering rock_paper_scissors/homepage.html.erb within layouts/application
  Rendered rock_paper_scissors/homepage.html.erb within layouts/application (0.5ms)
Completed 200 OK in 75ms (Views: 74.2ms | ActiveRecord: 0.0ms)


Started GET "/rock_paper_scissors/paper" for 127.0.0.1 at 2018-07-09 21:58:17 +1000
Processing by RockPaperScissorsController#result as HTML
  Parameters: {"play"=>"paper"}
  Rendering rock_paper_scissors/result.html.erb within layouts/application
  Rendered rock_paper_scissors/result.html.erb within layouts/application (0.4ms)
Completed 200 OK in 38ms (Views: 37.8ms | ActiveRecord: 0.0ms)


Started GET "/rock_paper_scissors" for 127.0.0.1 at 2018-07-09 21:58:19 +1000
Processing by RockPaperScissorsController#homepage as HTML
  Rendering rock_paper_scissors/homepage.html.erb within layouts/application
  Rendered rock_paper_scissors/homepage.html.erb within layouts/application (0.3ms)
Completed 200 OK in 34ms (Views: 32.5ms | ActiveRecord: 0.0ms)


Started GET "/rock_paper_scissors/scissors" for 127.0.0.1 at 2018-07-09 21:58:20 +1000
Processing by RockPaperScissorsController#result as HTML
  Parameters: {"play"=>"scissors"}
  Rendering rock_paper_scissors/result.html.erb within layouts/application
  Rendered rock_paper_scissors/result.html.erb within layouts/application (0.5ms)
Completed 200 OK in 36ms (Views: 35.4ms | ActiveRecord: 0.0ms)


