  [1m[35m (372.9ms)[0m  [1m[35mCREATE DATABASE "football_development" ENCODING = 'unicode'[0m
  ↳ bin/rails:9
  [1m[35m (316.7ms)[0m  [1m[35mCREATE DATABASE "football_test" ENCODING = 'unicode'[0m
  ↳ bin/rails:9
  [1m[35m (21.3ms)[0m  [1m[35mCREATE TABLE "schema_migrations" ("version" character varying NOT NULL PRIMARY KEY)[0m
  ↳ /Users/kennyliu/.rvm/gems/ruby-2.5.1/bin/rake:23
  [1m[35m (8.6ms)[0m  [1m[35mCREATE TABLE "ar_internal_metadata" ("key" character varying NOT NULL PRIMARY KEY, "value" character varying, "created_at" timestamp NOT NULL, "updated_at" timestamp NOT NULL)[0m
  ↳ /Users/kennyliu/.rvm/gems/ruby-2.5.1/bin/rake:23
  [1m[35m (0.8ms)[0m  [1m[34mSELECT pg_try_advisory_lock(829307114278137390)[0m
  ↳ /Users/kennyliu/.rvm/gems/ruby-2.5.1/bin/rake:23
  [1m[35m (1.0ms)[0m  [1m[34mSELECT "schema_migrations"."version" FROM "schema_migrations" ORDER BY "schema_migrations"."version" ASC[0m
  ↳ /Users/kennyliu/.rvm/gems/ruby-2.5.1/bin/rake:23
Migrating to CreatePlayers (20180711102014)
  [1m[35m (4.6ms)[0m  [1m[35mBEGIN[0m
  ↳ /Users/kennyliu/.rvm/gems/ruby-2.5.1/bin/rake:23
  [1m[35m (9.0ms)[0m  [1m[35mCREATE TABLE "players" ("id" bigserial primary key, "name" text, "nationality" text, "position" text, "dob" date, "club_id" integer, "created_at" timestamp NOT NULL, "updated_at" timestamp NOT NULL)[0m
  ↳ db/migrate/20180711102014_create_players.rb:3
  [1m[36mActiveRecord::SchemaMigration Create (0.8ms)[0m  [1m[32mINSERT INTO "schema_migrations" ("version") VALUES ($1) RETURNING "version"[0m  [["version", "20180711102014"]]
  ↳ /Users/kennyliu/.rvm/gems/ruby-2.5.1/bin/rake:23
  [1m[35m (17.0ms)[0m  [1m[35mCOMMIT[0m
  ↳ /Users/kennyliu/.rvm/gems/ruby-2.5.1/bin/rake:23
Migrating to CreateClubs (20180711112208)
  [1m[35m (0.3ms)[0m  [1m[35mBEGIN[0m
  ↳ /Users/kennyliu/.rvm/gems/ruby-2.5.1/bin/rake:23
  [1m[35m (6.2ms)[0m  [1m[35mCREATE TABLE "clubs" ("id" bigserial primary key, "name" text, "region" text, "img" text, "created_at" timestamp NOT NULL, "updated_at" timestamp NOT NULL)[0m
  ↳ db/migrate/20180711112208_create_clubs.rb:3
  [1m[36mActiveRecord::SchemaMigration Create (1.4ms)[0m  [1m[32mINSERT INTO "schema_migrations" ("version") VALUES ($1) RETURNING "version"[0m  [["version", "20180711112208"]]
  ↳ /Users/kennyliu/.rvm/gems/ruby-2.5.1/bin/rake:23
  [1m[35m (0.8ms)[0m  [1m[35mCOMMIT[0m
  ↳ /Users/kennyliu/.rvm/gems/ruby-2.5.1/bin/rake:23
  [1m[36mActiveRecord::InternalMetadata Load (0.4ms)[0m  [1m[34mSELECT  "ar_internal_metadata".* FROM "ar_internal_metadata" WHERE "ar_internal_metadata"."key" = $1 LIMIT $2[0m  [["key", "environment"], ["LIMIT", 1]]
  ↳ /Users/kennyliu/.rvm/gems/ruby-2.5.1/bin/rake:23
  [1m[35m (0.2ms)[0m  [1m[35mBEGIN[0m
  ↳ /Users/kennyliu/.rvm/gems/ruby-2.5.1/bin/rake:23
  [1m[36mActiveRecord::InternalMetadata Create (0.6ms)[0m  [1m[32mINSERT INTO "ar_internal_metadata" ("key", "value", "created_at", "updated_at") VALUES ($1, $2, $3, $4) RETURNING "key"[0m  [["key", "environment"], ["value", "development"], ["created_at", "2018-07-11 11:32:37.449234"], ["updated_at", "2018-07-11 11:32:37.449234"]]
  ↳ /Users/kennyliu/.rvm/gems/ruby-2.5.1/bin/rake:23
  [1m[35m (0.4ms)[0m  [1m[35mCOMMIT[0m
  ↳ /Users/kennyliu/.rvm/gems/ruby-2.5.1/bin/rake:23
  [1m[35m (0.3ms)[0m  [1m[34mSELECT pg_advisory_unlock(829307114278137390)[0m
  ↳ /Users/kennyliu/.rvm/gems/ruby-2.5.1/bin/rake:23
  [1m[35m (0.3ms)[0m  [1m[34mSELECT "schema_migrations"."version" FROM "schema_migrations" ORDER BY "schema_migrations"."version" ASC[0m
  ↳ /Users/kennyliu/.rvm/gems/ruby-2.5.1/bin/rake:23
  [1m[35m (1.1ms)[0m  [1m[34mSELECT "schema_migrations"."version" FROM "schema_migrations" ORDER BY "schema_migrations"."version" ASC[0m
  ↳ /Users/kennyliu/.rvm/gems/ruby-2.5.1/bin/annotate:23
Started GET "/" for 127.0.0.1 at 2018-07-11 22:10:11 +1000
  [1m[35m (0.9ms)[0m  [1m[34mSELECT "schema_migrations"."version" FROM "schema_migrations" ORDER BY "schema_migrations"."version" ASC[0m
  ↳ /Users/kennyliu/.rvm/gems/ruby-2.5.1/gems/activerecord-5.2.0/lib/active_record/log_subscriber.rb:98
Processing by Rails::WelcomeController#index as HTML
  Rendering /Users/kennyliu/.rvm/gems/ruby-2.5.1/gems/railties-5.2.0/lib/rails/templates/rails/welcome/index.html.erb
  Rendered /Users/kennyliu/.rvm/gems/ruby-2.5.1/gems/railties-5.2.0/lib/rails/templates/rails/welcome/index.html.erb (5.9ms)
Completed 200 OK in 37ms (Views: 19.0ms | ActiveRecord: 0.0ms)


Started GET "/plaers" for 127.0.0.1 at 2018-07-11 22:10:16 +1000
  
ActionController::RoutingError (No route matches [GET] "/plaers"):
  
actionpack (5.2.0) lib/action_dispatch/middleware/debug_exceptions.rb:65:in `call'
web-console (3.6.2) lib/web_console/middleware.rb:135:in `call_app'
web-console (3.6.2) lib/web_console/middleware.rb:30:in `block in call'
web-console (3.6.2) lib/web_console/middleware.rb:20:in `catch'
web-console (3.6.2) lib/web_console/middleware.rb:20:in `call'
actionpack (5.2.0) lib/action_dispatch/middleware/show_exceptions.rb:33:in `call'
railties (5.2.0) lib/rails/rack/logger.rb:38:in `call_app'
railties (5.2.0) lib/rails/rack/logger.rb:26:in `block in call'
activesupport (5.2.0) lib/active_support/tagged_logging.rb:71:in `block in tagged'
activesupport (5.2.0) lib/active_support/tagged_logging.rb:28:in `tagged'
activesupport (5.2.0) lib/active_support/tagged_logging.rb:71:in `tagged'
railties (5.2.0) lib/rails/rack/logger.rb:26:in `call'
sprockets-rails (3.2.1) lib/sprockets/rails/quiet_assets.rb:13:in `call'
actionpack (5.2.0) lib/action_dispatch/middleware/remote_ip.rb:81:in `call'
actionpack (5.2.0) lib/action_dispatch/middleware/request_id.rb:27:in `call'
rack (2.0.5) lib/rack/method_override.rb:22:in `call'
rack (2.0.5) lib/rack/runtime.rb:22:in `call'
activesupport (5.2.0) lib/active_support/cache/strategy/local_cache_middleware.rb:29:in `call'
actionpack (5.2.0) lib/action_dispatch/middleware/executor.rb:14:in `call'
actionpack (5.2.0) lib/action_dispatch/middleware/static.rb:127:in `call'
rack (2.0.5) lib/rack/sendfile.rb:111:in `call'
railties (5.2.0) lib/rails/engine.rb:524:in `call'
puma (3.11.4) lib/puma/configuration.rb:225:in `call'
puma (3.11.4) lib/puma/server.rb:632:in `handle_request'
puma (3.11.4) lib/puma/server.rb:446:in `process_client'
puma (3.11.4) lib/puma/server.rb:306:in `block in run'
puma (3.11.4) lib/puma/thread_pool.rb:120:in `block in spawn_thread'
Started GET "/players" for 127.0.0.1 at 2018-07-11 22:10:21 +1000
Processing by PlayersController#index as HTML
  Rendering players/index.html.erb within layouts/application
  Rendered players/index.html.erb within layouts/application (0.4ms)
Completed 200 OK in 500ms (Views: 497.2ms | ActiveRecord: 0.0ms)


Started GET "/players" for 127.0.0.1 at 2018-07-11 22:15:55 +1000
  [1m[35m (1.1ms)[0m  [1m[34mSELECT "schema_migrations"."version" FROM "schema_migrations" ORDER BY "schema_migrations"."version" ASC[0m
  ↳ /Users/kennyliu/.rvm/gems/ruby-2.5.1/gems/activerecord-5.2.0/lib/active_record/log_subscriber.rb:98
Processing by PlayersController#index as HTML
  Rendering players/index.html.erb within layouts/application
  Rendered players/index.html.erb within layouts/application (0.9ms)
Completed 200 OK in 446ms (Views: 436.8ms | ActiveRecord: 0.0ms)


Started GET "/players" for 127.0.0.1 at 2018-07-11 22:16:09 +1000
Processing by PlayersController#index as HTML
  Rendering players/index.html.erb within layouts/application
  Rendered players/index.html.erb within layouts/application (0.3ms)
Completed 200 OK in 25ms (Views: 22.6ms | ActiveRecord: 0.0ms)


Started GET "/players" for 127.0.0.1 at 2018-07-11 22:16:13 +1000
Processing by PlayersController#index as HTML
  Rendering players/index.html.erb within layouts/application
  Rendered players/index.html.erb within layouts/application (0.4ms)
Completed 200 OK in 23ms (Views: 20.2ms | ActiveRecord: 0.0ms)


Started GET "/players" for 127.0.0.1 at 2018-07-11 22:16:16 +1000
Processing by PlayersController#index as HTML
  Rendering players/index.html.erb within layouts/application
  Rendered players/index.html.erb within layouts/application (0.4ms)
Completed 200 OK in 25ms (Views: 22.2ms | ActiveRecord: 0.0ms)


Started GET "/players" for 127.0.0.1 at 2018-07-11 22:26:00 +1000
Processing by PlayersController#index as HTML
  Rendering players/index.html.erb within layouts/application
  [1m[36mPlayer Load (1.1ms)[0m  [1m[34mSELECT "players".* FROM "players"[0m
  ↳ app/views/players/index.html.erb:2
  Rendered players/index.html.erb within layouts/application (8.0ms)
Completed 200 OK in 56ms (Views: 39.4ms | ActiveRecord: 4.7ms)


Started GET "/players" for 127.0.0.1 at 2018-07-11 22:26:04 +1000
Processing by PlayersController#index as HTML
  Rendering players/index.html.erb within layouts/application
  [1m[36mPlayer Load (0.7ms)[0m  [1m[34mSELECT "players".* FROM "players"[0m
  ↳ app/views/players/index.html.erb:2
  Rendered players/index.html.erb within layouts/application (2.0ms)
Completed 200 OK in 36ms (Views: 30.5ms | ActiveRecord: 0.7ms)


Started GET "/players" for 127.0.0.1 at 2018-07-11 22:34:37 +1000
Processing by PlayersController#index as HTML
  Rendering players/index.html.erb within layouts/application
  [1m[36mPlayer Load (0.7ms)[0m  [1m[34mSELECT "players".* FROM "players"[0m
  ↳ app/views/players/index.html.erb:2
  Rendered players/index.html.erb within layouts/application (6.3ms)
Completed 200 OK in 44ms (Views: 32.4ms | ActiveRecord: 4.5ms)


Started GET "/players" for 127.0.0.1 at 2018-07-11 22:34:38 +1000
Processing by PlayersController#index as HTML
  Rendering players/index.html.erb within layouts/application
  [1m[36mPlayer Load (0.3ms)[0m  [1m[34mSELECT "players".* FROM "players"[0m
  ↳ app/views/players/index.html.erb:2
  Rendered players/index.html.erb within layouts/application (1.2ms)
Completed 200 OK in 34ms (Views: 30.8ms | ActiveRecord: 0.3ms)


Started GET "/players" for 127.0.0.1 at 2018-07-11 22:34:38 +1000
Processing by PlayersController#index as HTML
  Rendering players/index.html.erb within layouts/application
  [1m[36mPlayer Load (0.8ms)[0m  [1m[34mSELECT "players".* FROM "players"[0m
  ↳ app/views/players/index.html.erb:2
  Rendered players/index.html.erb within layouts/application (2.1ms)
Completed 200 OK in 35ms (Views: 30.1ms | ActiveRecord: 0.8ms)


Started GET "/players" for 127.0.0.1 at 2018-07-11 22:34:39 +1000
Processing by PlayersController#index as HTML
  Rendering players/index.html.erb within layouts/application
  [1m[36mPlayer Load (0.4ms)[0m  [1m[34mSELECT "players".* FROM "players"[0m
  ↳ app/views/players/index.html.erb:2
  Rendered players/index.html.erb within layouts/application (1.5ms)
Completed 200 OK in 37ms (Views: 32.6ms | ActiveRecord: 0.4ms)


Started GET "/players" for 127.0.0.1 at 2018-07-11 22:40:46 +1000
Processing by PlayersController#index as HTML
  Rendering players/index.html.erb within layouts/application
  [1m[36mPlayer Load (0.7ms)[0m  [1m[34mSELECT "players".* FROM "players"[0m
  ↳ app/views/players/index.html.erb:2
  Rendered players/index.html.erb within layouts/application (1.7ms)
Completed 200 OK in 35ms (Views: 30.9ms | ActiveRecord: 0.7ms)


Started GET "/players/new" for 127.0.0.1 at 2018-07-11 22:40:47 +1000
Processing by PlayersController#new as HTML
Completed 500 Internal Server Error in 7ms (ActiveRecord: 0.0ms)


  
NameError (uninitialized constant PlayersController::Work):
  
app/controllers/players_controller.rb:14:in `new'
Started GET "/players/new" for 127.0.0.1 at 2018-07-11 22:41:05 +1000
Processing by PlayersController#new as HTML
  Rendering players/new.html.erb within layouts/application
  Rendered players/_form.html.erb (378.6ms)
  Rendered players/new.html.erb within layouts/application (381.8ms)
Completed 500 Internal Server Error in 411ms (ActiveRecord: 9.7ms)


  
ActionView::Template::Error (undefined local variable or method `f' for #<#<Class:0x00007fa50ef22618>:0x00007fa50ef1a620>):
     8:   <%= p.label :Position%>
     9:   <%= p.text_field :position %>
    10: 
    11:   <%= f.label :dob, "Date of Birth" %>
    12:   <%= f.date_field :dob %>
    13: 
    14:   <%= f.label :Club %>
  
app/views/players/_form.html.erb:11:in `block in _app_views_players__form_html_erb__1618031030301473426_70173456693200'
app/views/players/_form.html.erb:1:in `_app_views_players__form_html_erb__1618031030301473426_70173456693200'
app/views/players/new.html.erb:3:in `_app_views_players_new_html_erb___799405168024678331_70173448543460'
Started GET "/players/new" for 127.0.0.1 at 2018-07-11 22:41:32 +1000
Processing by PlayersController#new as HTML
  Rendering players/new.html.erb within layouts/application
  [1m[35m (1.1ms)[0m  [1m[34mSELECT "clubs"."name", "clubs"."id" FROM "clubs"[0m
  ↳ app/views/players/_form.html.erb:15
  Rendered players/_form.html.erb (36.4ms)
  Rendered players/new.html.erb within layouts/application (39.5ms)
Completed 200 OK in 68ms (Views: 61.8ms | ActiveRecord: 3.7ms)


Started POST "/players" for 127.0.0.1 at 2018-07-11 22:42:26 +1000
  
AbstractController::ActionNotFound (The action 'create' could not be found for PlayersController):
  
actionpack (5.2.0) lib/abstract_controller/base.rb:129:in `process'
actionview (5.2.0) lib/action_view/rendering.rb:32:in `process'
actionpack (5.2.0) lib/action_controller/metal.rb:191:in `dispatch'
actionpack (5.2.0) lib/action_controller/metal.rb:252:in `dispatch'
actionpack (5.2.0) lib/action_dispatch/routing/route_set.rb:52:in `dispatch'
actionpack (5.2.0) lib/action_dispatch/routing/route_set.rb:34:in `serve'
actionpack (5.2.0) lib/action_dispatch/journey/router.rb:52:in `block in serve'
actionpack (5.2.0) lib/action_dispatch/journey/router.rb:35:in `each'
actionpack (5.2.0) lib/action_dispatch/journey/router.rb:35:in `serve'
actionpack (5.2.0) lib/action_dispatch/routing/route_set.rb:840:in `call'
rack (2.0.5) lib/rack/tempfile_reaper.rb:15:in `call'
rack (2.0.5) lib/rack/etag.rb:25:in `call'
rack (2.0.5) lib/rack/conditional_get.rb:38:in `call'
rack (2.0.5) lib/rack/head.rb:12:in `call'
actionpack (5.2.0) lib/action_dispatch/http/content_security_policy.rb:18:in `call'
rack (2.0.5) lib/rack/session/abstract/id.rb:232:in `context'
rack (2.0.5) lib/rack/session/abstract/id.rb:226:in `call'
actionpack (5.2.0) lib/action_dispatch/middleware/cookies.rb:670:in `call'
activerecord (5.2.0) lib/active_record/migration.rb:559:in `call'
actionpack (5.2.0) lib/action_dispatch/middleware/callbacks.rb:28:in `block in call'
activesupport (5.2.0) lib/active_support/callbacks.rb:98:in `run_callbacks'
actionpack (5.2.0) lib/action_dispatch/middleware/callbacks.rb:26:in `call'
actionpack (5.2.0) lib/action_dispatch/middleware/executor.rb:14:in `call'
actionpack (5.2.0) lib/action_dispatch/middleware/debug_exceptions.rb:61:in `call'
web-console (3.6.2) lib/web_console/middleware.rb:135:in `call_app'
web-console (3.6.2) lib/web_console/middleware.rb:30:in `block in call'
web-console (3.6.2) lib/web_console/middleware.rb:20:in `catch'
web-console (3.6.2) lib/web_console/middleware.rb:20:in `call'
actionpack (5.2.0) lib/action_dispatch/middleware/show_exceptions.rb:33:in `call'
railties (5.2.0) lib/rails/rack/logger.rb:38:in `call_app'
railties (5.2.0) lib/rails/rack/logger.rb:26:in `block in call'
activesupport (5.2.0) lib/active_support/tagged_logging.rb:71:in `block in tagged'
activesupport (5.2.0) lib/active_support/tagged_logging.rb:28:in `tagged'
activesupport (5.2.0) lib/active_support/tagged_logging.rb:71:in `tagged'
railties (5.2.0) lib/rails/rack/logger.rb:26:in `call'
sprockets-rails (3.2.1) lib/sprockets/rails/quiet_assets.rb:13:in `call'
actionpack (5.2.0) lib/action_dispatch/middleware/remote_ip.rb:81:in `call'
actionpack (5.2.0) lib/action_dispatch/middleware/request_id.rb:27:in `call'
rack (2.0.5) lib/rack/method_override.rb:22:in `call'
rack (2.0.5) lib/rack/runtime.rb:22:in `call'
activesupport (5.2.0) lib/active_support/cache/strategy/local_cache_middleware.rb:29:in `call'
actionpack (5.2.0) lib/action_dispatch/middleware/executor.rb:14:in `call'
actionpack (5.2.0) lib/action_dispatch/middleware/static.rb:127:in `call'
rack (2.0.5) lib/rack/sendfile.rb:111:in `call'
railties (5.2.0) lib/rails/engine.rb:524:in `call'
puma (3.11.4) lib/puma/configuration.rb:225:in `call'
puma (3.11.4) lib/puma/server.rb:632:in `handle_request'
puma (3.11.4) lib/puma/server.rb:446:in `process_client'
puma (3.11.4) lib/puma/server.rb:306:in `block in run'
puma (3.11.4) lib/puma/thread_pool.rb:120:in `block in spawn_thread'
Started POST "/players" for 127.0.0.1 at 2018-07-11 22:44:29 +1000
Processing by PlayersController#create as HTML
  Parameters: {"utf8"=>"✓", "authenticity_token"=>"GPCOh07gg8yCUf8HVayobp0oZ+I9yHiviH9Nhh/OOTL/ZAL6OhK3wk882JQk40G3TjkPR4MvolztXOQT5+0jBg==", "player"=>{"name"=>"aaa", "nationality"=>"Australia", "position"=>"back", "dob"=>"1990-01-10", "club_id"=>""}, "commit"=>"Create Player"}
Completed 500 Internal Server Error in 3ms (ActiveRecord: 0.0ms)


  
NameError (uninitialized constant PlayersController::Work):
  
app/controllers/players_controller.rb:18:in `create'
Started POST "/players" for 127.0.0.1 at 2018-07-11 22:44:39 +1000
Processing by PlayersController#create as HTML
  Parameters: {"utf8"=>"✓", "authenticity_token"=>"GPCOh07gg8yCUf8HVayobp0oZ+I9yHiviH9Nhh/OOTL/ZAL6OhK3wk882JQk40G3TjkPR4MvolztXOQT5+0jBg==", "player"=>{"name"=>"aaa", "nationality"=>"Australia", "position"=>"back", "dob"=>"1990-01-10", "club_id"=>""}, "commit"=>"Create Player"}
  [1m[35m (0.2ms)[0m  [1m[35mBEGIN[0m
  ↳ app/controllers/players_controller.rb:18
  [1m[36mPlayer Create (8.4ms)[0m  [1m[32mINSERT INTO "players" ("name", "nationality", "position", "dob", "created_at", "updated_at") VALUES ($1, $2, $3, $4, $5, $6) RETURNING "id"[0m  [["name", "aaa"], ["nationality", "Australia"], ["position", "back"], ["dob", "1990-01-10"], ["created_at", "2018-07-11 12:44:39.904803"], ["updated_at", "2018-07-11 12:44:39.904803"]]
  ↳ app/controllers/players_controller.rb:18
  [1m[35m (0.5ms)[0m  [1m[35mCOMMIT[0m
  ↳ app/controllers/players_controller.rb:18
Completed 500 Internal Server Error in 223ms (ActiveRecord: 16.2ms)


  
NameError (undefined local variable or method `work' for #<PlayersController:0x00007fa513b43b28>):
  
app/controllers/players_controller.rb:19:in `create'
Started POST "/players" for 127.0.0.1 at 2018-07-11 22:44:49 +1000
Processing by PlayersController#create as HTML
  Parameters: {"utf8"=>"✓", "authenticity_token"=>"GPCOh07gg8yCUf8HVayobp0oZ+I9yHiviH9Nhh/OOTL/ZAL6OhK3wk882JQk40G3TjkPR4MvolztXOQT5+0jBg==", "player"=>{"name"=>"aaa", "nationality"=>"Australia", "position"=>"back", "dob"=>"1990-01-10", "club_id"=>""}, "commit"=>"Create Player"}
  [1m[35m (0.2ms)[0m  [1m[35mBEGIN[0m
  ↳ app/controllers/players_controller.rb:18
  [1m[36mPlayer Create (0.5ms)[0m  [1m[32mINSERT INTO "players" ("name", "nationality", "position", "dob", "created_at", "updated_at") VALUES ($1, $2, $3, $4, $5, $6) RETURNING "id"[0m  [["name", "aaa"], ["nationality", "Australia"], ["position", "back"], ["dob", "1990-01-10"], ["created_at", "2018-07-11 12:44:49.395167"], ["updated_at", "2018-07-11 12:44:49.395167"]]
  ↳ app/controllers/players_controller.rb:18
  [1m[35m (3.8ms)[0m  [1m[35mCOMMIT[0m
  ↳ app/controllers/players_controller.rb:18
Redirected to http://localhost:3000/players/2
Completed 302 Found in 35ms (ActiveRecord: 14.8ms)


Started GET "/players/2" for 127.0.0.1 at 2018-07-11 22:44:49 +1000
Processing by PlayersController#show as HTML
  Parameters: {"id"=>"2"}
  [1m[36mPlayer Load (0.4ms)[0m  [1m[34mSELECT  "players".* FROM "players" WHERE "players"."id" = $1 LIMIT $2[0m  [["id", 2], ["LIMIT", 1]]
  ↳ app/controllers/players_controller.rb:7
  Rendering players/show.html.erb within layouts/application
  Rendered players/show.html.erb within layouts/application (0.4ms)
Completed 200 OK in 55ms (Views: 37.6ms | ActiveRecord: 2.6ms)


Started GET "/players/2" for 127.0.0.1 at 2018-07-11 22:51:17 +1000
Processing by PlayersController#show as HTML
  Parameters: {"id"=>"2"}
  [1m[36mPlayer Load (0.9ms)[0m  [1m[34mSELECT  "players".* FROM "players" WHERE "players"."id" = $1 LIMIT $2[0m  [["id", 2], ["LIMIT", 1]]
  ↳ app/controllers/players_controller.rb:7
  Rendering players/show.html.erb within layouts/application
  Rendered players/show.html.erb within layouts/application (120.9ms)
Completed 500 Internal Server Error in 131ms (ActiveRecord: 0.9ms)


  
ActionView::Template::Error (undefined method `edit_artist_path' for #<#<Class:0x00007fa510c456f0>:0x00007fa514187c00>
Did you mean?  edit_player_path):
    12: </ul>
    13: 
    14: <div class="controls">
    15:   <%= link_to "Edit artist", edit_artist_path(@artist) %>
    16:   <%= link_to "Delete artist", artist_path(@artist), :method => 'delete', :data => {:confirm => 'Are you sure?'} %>
    17: </div>
  
app/views/players/show.html.erb:15:in `_app_views_players_show_html_erb__2089895042798754593_70173491749560'
Started GET "/players/2" for 127.0.0.1 at 2018-07-11 22:51:46 +1000
Processing by PlayersController#show as HTML
  Parameters: {"id"=>"2"}
  [1m[36mPlayer Load (0.5ms)[0m  [1m[34mSELECT  "players".* FROM "players" WHERE "players"."id" = $1 LIMIT $2[0m  [["id", 2], ["LIMIT", 1]]
  ↳ app/controllers/players_controller.rb:7
  Rendering players/show.html.erb within layouts/application
  Rendered players/show.html.erb within layouts/application (0.8ms)
Completed 200 OK in 44ms (Views: 38.8ms | ActiveRecord: 0.5ms)


Started GET "/players/2" for 127.0.0.1 at 2018-07-11 22:52:11 +1000
Processing by PlayersController#show as HTML
  Parameters: {"id"=>"2"}
  [1m[36mPlayer Load (0.5ms)[0m  [1m[34mSELECT  "players".* FROM "players" WHERE "players"."id" = $1 LIMIT $2[0m  [["id", 2], ["LIMIT", 1]]
  ↳ app/controllers/players_controller.rb:7
  Rendering players/show.html.erb within layouts/application
  Rendered players/show.html.erb within layouts/application (1.1ms)
Completed 200 OK in 46ms (Views: 38.9ms | ActiveRecord: 0.5ms)


Started GET "/players" for 127.0.0.1 at 2018-07-11 22:52:15 +1000
Processing by PlayersController#index as HTML
  Rendering players/index.html.erb within layouts/application
  [1m[36mPlayer Load (0.5ms)[0m  [1m[34mSELECT "players".* FROM "players"[0m
  ↳ app/views/players/index.html.erb:2
  Rendered players/index.html.erb within layouts/application (3.4ms)
Completed 200 OK in 46ms (Views: 41.7ms | ActiveRecord: 0.5ms)


Started GET "/players/2" for 127.0.0.1 at 2018-07-11 22:52:19 +1000
Processing by PlayersController#show as HTML
  Parameters: {"id"=>"2"}
  [1m[36mPlayer Load (0.3ms)[0m  [1m[34mSELECT  "players".* FROM "players" WHERE "players"."id" = $1 LIMIT $2[0m  [["id", 2], ["LIMIT", 1]]
  ↳ app/controllers/players_controller.rb:7
  Rendering players/show.html.erb within layouts/application
  Rendered players/show.html.erb within layouts/application (2.6ms)
Completed 200 OK in 43ms (Views: 34.7ms | ActiveRecord: 0.6ms)


Started GET "/players" for 127.0.0.1 at 2018-07-11 22:52:21 +1000
Processing by PlayersController#index as HTML
  Rendering players/index.html.erb within layouts/application
  [1m[36mPlayer Load (1.0ms)[0m  [1m[34mSELECT "players".* FROM "players"[0m
  ↳ app/views/players/index.html.erb:2
  Rendered players/index.html.erb within layouts/application (5.3ms)
Completed 200 OK in 47ms (Views: 40.4ms | ActiveRecord: 1.0ms)


Started GET "/players/1" for 127.0.0.1 at 2018-07-11 22:52:22 +1000
Processing by PlayersController#show as HTML
  Parameters: {"id"=>"1"}
  [1m[36mPlayer Load (0.3ms)[0m  [1m[34mSELECT  "players".* FROM "players" WHERE "players"."id" = $1 LIMIT $2[0m  [["id", 1], ["LIMIT", 1]]
  ↳ app/controllers/players_controller.rb:7
  Rendering players/show.html.erb within layouts/application
  Rendered players/show.html.erb within layouts/application (1.8ms)
Completed 200 OK in 44ms (Views: 39.8ms | ActiveRecord: 0.3ms)


Started GET "/players" for 127.0.0.1 at 2018-07-11 22:52:23 +1000
Processing by PlayersController#index as HTML
  Rendering players/index.html.erb within layouts/application
  [1m[36mPlayer Load (0.5ms)[0m  [1m[34mSELECT "players".* FROM "players"[0m
  ↳ app/views/players/index.html.erb:2
  Rendered players/index.html.erb within layouts/application (2.5ms)
Completed 200 OK in 33ms (Views: 27.7ms | ActiveRecord: 0.5ms)


Started GET "/players/2" for 127.0.0.1 at 2018-07-11 22:52:24 +1000
Processing by PlayersController#show as HTML
  Parameters: {"id"=>"2"}
  [1m[36mPlayer Load (0.4ms)[0m  [1m[34mSELECT  "players".* FROM "players" WHERE "players"."id" = $1 LIMIT $2[0m  [["id", 2], ["LIMIT", 1]]
  ↳ app/controllers/players_controller.rb:7
  Rendering players/show.html.erb within layouts/application
  Rendered players/show.html.erb within layouts/application (1.6ms)
Completed 200 OK in 42ms (Views: 37.6ms | ActiveRecord: 0.4ms)


Started DELETE "/players/2" for 127.0.0.1 at 2018-07-11 22:52:27 +1000
  
AbstractController::ActionNotFound (The action 'destroy' could not be found for PlayersController):
  
actionpack (5.2.0) lib/abstract_controller/base.rb:129:in `process'
actionview (5.2.0) lib/action_view/rendering.rb:32:in `process'
actionpack (5.2.0) lib/action_controller/metal.rb:191:in `dispatch'
actionpack (5.2.0) lib/action_controller/metal.rb:252:in `dispatch'
actionpack (5.2.0) lib/action_dispatch/routing/route_set.rb:52:in `dispatch'
actionpack (5.2.0) lib/action_dispatch/routing/route_set.rb:34:in `serve'
actionpack (5.2.0) lib/action_dispatch/journey/router.rb:52:in `block in serve'
actionpack (5.2.0) lib/action_dispatch/journey/router.rb:35:in `each'
actionpack (5.2.0) lib/action_dispatch/journey/router.rb:35:in `serve'
actionpack (5.2.0) lib/action_dispatch/routing/route_set.rb:840:in `call'
rack (2.0.5) lib/rack/tempfile_reaper.rb:15:in `call'
rack (2.0.5) lib/rack/etag.rb:25:in `call'
rack (2.0.5) lib/rack/conditional_get.rb:38:in `call'
rack (2.0.5) lib/rack/head.rb:12:in `call'
actionpack (5.2.0) lib/action_dispatch/http/content_security_policy.rb:18:in `call'
rack (2.0.5) lib/rack/session/abstract/id.rb:232:in `context'
rack (2.0.5) lib/rack/session/abstract/id.rb:226:in `call'
actionpack (5.2.0) lib/action_dispatch/middleware/cookies.rb:670:in `call'
activerecord (5.2.0) lib/active_record/migration.rb:559:in `call'
actionpack (5.2.0) lib/action_dispatch/middleware/callbacks.rb:28:in `block in call'
activesupport (5.2.0) lib/active_support/callbacks.rb:98:in `run_callbacks'
actionpack (5.2.0) lib/action_dispatch/middleware/callbacks.rb:26:in `call'
actionpack (5.2.0) lib/action_dispatch/middleware/executor.rb:14:in `call'
actionpack (5.2.0) lib/action_dispatch/middleware/debug_exceptions.rb:61:in `call'
web-console (3.6.2) lib/web_console/middleware.rb:135:in `call_app'
web-console (3.6.2) lib/web_console/middleware.rb:30:in `block in call'
web-console (3.6.2) lib/web_console/middleware.rb:20:in `catch'
web-console (3.6.2) lib/web_console/middleware.rb:20:in `call'
actionpack (5.2.0) lib/action_dispatch/middleware/show_exceptions.rb:33:in `call'
railties (5.2.0) lib/rails/rack/logger.rb:38:in `call_app'
railties (5.2.0) lib/rails/rack/logger.rb:26:in `block in call'
activesupport (5.2.0) lib/active_support/tagged_logging.rb:71:in `block in tagged'
activesupport (5.2.0) lib/active_support/tagged_logging.rb:28:in `tagged'
activesupport (5.2.0) lib/active_support/tagged_logging.rb:71:in `tagged'
railties (5.2.0) lib/rails/rack/logger.rb:26:in `call'
sprockets-rails (3.2.1) lib/sprockets/rails/quiet_assets.rb:13:in `call'
actionpack (5.2.0) lib/action_dispatch/middleware/remote_ip.rb:81:in `call'
actionpack (5.2.0) lib/action_dispatch/middleware/request_id.rb:27:in `call'
rack (2.0.5) lib/rack/method_override.rb:22:in `call'
rack (2.0.5) lib/rack/runtime.rb:22:in `call'
activesupport (5.2.0) lib/active_support/cache/strategy/local_cache_middleware.rb:29:in `call'
actionpack (5.2.0) lib/action_dispatch/middleware/executor.rb:14:in `call'
actionpack (5.2.0) lib/action_dispatch/middleware/static.rb:127:in `call'
rack (2.0.5) lib/rack/sendfile.rb:111:in `call'
railties (5.2.0) lib/rails/engine.rb:524:in `call'
puma (3.11.4) lib/puma/configuration.rb:225:in `call'
puma (3.11.4) lib/puma/server.rb:632:in `handle_request'
puma (3.11.4) lib/puma/server.rb:446:in `process_client'
puma (3.11.4) lib/puma/server.rb:306:in `block in run'
puma (3.11.4) lib/puma/thread_pool.rb:120:in `block in spawn_thread'
Started GET "/players" for 127.0.0.1 at 2018-07-11 22:52:32 +1000
Processing by PlayersController#index as HTML
  Rendering players/index.html.erb within layouts/application
  [1m[36mPlayer Load (0.4ms)[0m  [1m[34mSELECT "players".* FROM "players"[0m
  ↳ app/views/players/index.html.erb:2
  Rendered players/index.html.erb within layouts/application (1.7ms)
Completed 200 OK in 26ms (Views: 22.9ms | ActiveRecord: 0.4ms)


Started GET "/players" for 127.0.0.1 at 2018-07-11 22:53:36 +1000
Processing by PlayersController#index as HTML
  Rendering players/index.html.erb within layouts/application
  [1m[36mPlayer Load (0.3ms)[0m  [1m[34mSELECT "players".* FROM "players"[0m
  ↳ app/views/players/index.html.erb:2
  Rendered players/index.html.erb within layouts/application (16.5ms)
Completed 200 OK in 42ms (Views: 26.7ms | ActiveRecord: 9.2ms)


Started GET "/players/2" for 127.0.0.1 at 2018-07-11 22:53:37 +1000
Processing by PlayersController#show as HTML
  Parameters: {"id"=>"2"}
  [1m[36mPlayer Load (0.3ms)[0m  [1m[34mSELECT  "players".* FROM "players" WHERE "players"."id" = $1 LIMIT $2[0m  [["id", 2], ["LIMIT", 1]]
  ↳ app/controllers/players_controller.rb:7
  Rendering players/show.html.erb within layouts/application
  Rendered players/show.html.erb within layouts/application (4.7ms)
Completed 200 OK in 32ms (Views: 26.5ms | ActiveRecord: 0.3ms)


Started DELETE "/players/2" for 127.0.0.1 at 2018-07-11 22:53:40 +1000
Processing by PlayersController#destroy as HTML
  Parameters: {"authenticity_token"=>"X/Ygh/PJWfYftgNAfY0Xo2RInAsXoMoNtAZFbRbhdva4Yqz6hztt+NLbJNMMwv56t1n0rqlHEP7RJez47sJswg==", "id"=>"2"}
  [1m[36mPlayer Load (0.3ms)[0m  [1m[34mSELECT  "players".* FROM "players" WHERE "players"."id" = $1 LIMIT $2[0m  [["id", 2], ["LIMIT", 1]]
  ↳ app/controllers/players_controller.rb:23
  [1m[35m (0.2ms)[0m  [1m[35mBEGIN[0m
  ↳ app/controllers/players_controller.rb:24
  [1m[36mPlayer Destroy (0.5ms)[0m  [1m[31mDELETE FROM "players" WHERE "players"."id" = $1[0m  [["id", 2]]
  ↳ app/controllers/players_controller.rb:24
  [1m[35m (2.8ms)[0m  [1m[35mCOMMIT[0m
  ↳ app/controllers/players_controller.rb:24
Redirected to http://localhost:3000/players
Completed 302 Found in 7ms (ActiveRecord: 3.8ms)


Started GET "/players" for 127.0.0.1 at 2018-07-11 22:53:40 +1000
Processing by PlayersController#index as HTML
  Rendering players/index.html.erb within layouts/application
  [1m[36mPlayer Load (0.4ms)[0m  [1m[34mSELECT "players".* FROM "players"[0m
  ↳ app/views/players/index.html.erb:2
  Rendered players/index.html.erb within layouts/application (1.5ms)
Completed 200 OK in 26ms (Views: 22.6ms | ActiveRecord: 0.4ms)


Started GET "/players/1" for 127.0.0.1 at 2018-07-11 22:53:42 +1000
Processing by PlayersController#show as HTML
  Parameters: {"id"=>"1"}
  [1m[36mPlayer Load (0.3ms)[0m  [1m[34mSELECT  "players".* FROM "players" WHERE "players"."id" = $1 LIMIT $2[0m  [["id", 1], ["LIMIT", 1]]
  ↳ app/controllers/players_controller.rb:7
  Rendering players/show.html.erb within layouts/application
  Rendered players/show.html.erb within layouts/application (0.8ms)
Completed 200 OK in 33ms (Views: 28.1ms | ActiveRecord: 0.3ms)


Started DELETE "/players/1" for 127.0.0.1 at 2018-07-11 22:53:44 +1000
Processing by PlayersController#destroy as HTML
  Parameters: {"authenticity_token"=>"kIxa3rXGnqCM0OXFefy51WDjqX6tDZwAHZ0lzuB6U553GNajwTSqrkG9wlYIs1AMs/LB2xPqRvN4voxbGFlJqg==", "id"=>"1"}
  [1m[36mPlayer Load (0.3ms)[0m  [1m[34mSELECT  "players".* FROM "players" WHERE "players"."id" = $1 LIMIT $2[0m  [["id", 1], ["LIMIT", 1]]
  ↳ app/controllers/players_controller.rb:23
  [1m[35m (0.1ms)[0m  [1m[35mBEGIN[0m
  ↳ app/controllers/players_controller.rb:24
  [1m[36mPlayer Destroy (0.4ms)[0m  [1m[31mDELETE FROM "players" WHERE "players"."id" = $1[0m  [["id", 1]]
  ↳ app/controllers/players_controller.rb:24
  [1m[35m (1.7ms)[0m  [1m[35mCOMMIT[0m
  ↳ app/controllers/players_controller.rb:24
Redirected to http://localhost:3000/players
Completed 302 Found in 7ms (ActiveRecord: 2.5ms)


Started GET "/players" for 127.0.0.1 at 2018-07-11 22:53:44 +1000
Processing by PlayersController#index as HTML
  Rendering players/index.html.erb within layouts/application
  [1m[36mPlayer Load (0.3ms)[0m  [1m[34mSELECT "players".* FROM "players"[0m
  ↳ app/views/players/index.html.erb:2
  Rendered players/index.html.erb within layouts/application (1.4ms)
Completed 200 OK in 27ms (Views: 23.0ms | ActiveRecord: 0.3ms)


Started GET "/players/new" for 127.0.0.1 at 2018-07-11 22:53:47 +1000
Processing by PlayersController#new as HTML
  Rendering players/new.html.erb within layouts/application
  [1m[35m (0.4ms)[0m  [1m[34mSELECT "clubs"."name", "clubs"."id" FROM "clubs"[0m
  ↳ app/views/players/_form.html.erb:15
  Rendered players/_form.html.erb (6.8ms)
  Rendered players/new.html.erb within layouts/application (14.1ms)
Completed 200 OK in 44ms (Views: 34.6ms | ActiveRecord: 2.8ms)


Started POST "/players" for 127.0.0.1 at 2018-07-11 22:53:58 +1000
Processing by PlayersController#create as HTML
  Parameters: {"utf8"=>"✓", "authenticity_token"=>"cx0lHKC4zx5h8q4cr+ZI9KJJEhwX0uA9pyXrGDxJJWPISHbA7ktEYnwyawZemoKpYZgK4KXchXiR2Ustke42hA==", "player"=>{"name"=>"asdwqe", "nationality"=>"ascxdawe", "position"=>"asdasdw", "dob"=>"2018-07-02", "club_id"=>""}, "commit"=>"Create Player"}
  [1m[35m (0.3ms)[0m  [1m[35mBEGIN[0m
  ↳ app/controllers/players_controller.rb:18
  [1m[36mPlayer Create (0.8ms)[0m  [1m[32mINSERT INTO "players" ("name", "nationality", "position", "dob", "created_at", "updated_at") VALUES ($1, $2, $3, $4, $5, $6) RETURNING "id"[0m  [["name", "asdwqe"], ["nationality", "ascxdawe"], ["position", "asdasdw"], ["dob", "2018-07-02"], ["created_at", "2018-07-11 12:53:58.191501"], ["updated_at", "2018-07-11 12:53:58.191501"]]
  ↳ app/controllers/players_controller.rb:18
  [1m[35m (0.4ms)[0m  [1m[35mCOMMIT[0m
  ↳ app/controllers/players_controller.rb:18
Redirected to http://localhost:3000/players/3
Completed 302 Found in 6ms (ActiveRecord: 1.5ms)


Started GET "/players/3" for 127.0.0.1 at 2018-07-11 22:53:58 +1000
Processing by PlayersController#show as HTML
  Parameters: {"id"=>"3"}
  [1m[36mPlayer Load (0.3ms)[0m  [1m[34mSELECT  "players".* FROM "players" WHERE "players"."id" = $1 LIMIT $2[0m  [["id", 3], ["LIMIT", 1]]
  ↳ app/controllers/players_controller.rb:7
  Rendering players/show.html.erb within layouts/application
  Rendered players/show.html.erb within layouts/application (0.8ms)
Completed 200 OK in 31ms (Views: 26.8ms | ActiveRecord: 0.3ms)


Started GET "/players/3" for 127.0.0.1 at 2018-07-11 22:58:21 +1000
Processing by PlayersController#show as HTML
  Parameters: {"id"=>"3"}
  [1m[36mPlayer Load (0.2ms)[0m  [1m[34mSELECT  "players".* FROM "players" WHERE "players"."id" = $1 LIMIT $2[0m  [["id", 3], ["LIMIT", 1]]
  ↳ app/controllers/players_controller.rb:7
  Rendering players/show.html.erb within layouts/application
  Rendered players/show.html.erb within layouts/application (0.7ms)
Completed 200 OK in 38ms (Views: 34.5ms | ActiveRecord: 0.2ms)


Started GET "/players/3" for 127.0.0.1 at 2018-07-11 22:59:47 +1000
Processing by PlayersController#show as HTML
  Parameters: {"id"=>"3"}
  [1m[36mPlayer Load (0.2ms)[0m  [1m[34mSELECT  "players".* FROM "players" WHERE "players"."id" = $1 LIMIT $2[0m  [["id", 3], ["LIMIT", 1]]
  ↳ app/controllers/players_controller.rb:7
  Rendering players/show.html.erb within layouts/application
  Rendered players/show.html.erb within layouts/application (3.8ms)
Completed 200 OK in 42ms (Views: 24.7ms | ActiveRecord: 5.5ms)


Started GET "/players/3/edit" for 127.0.0.1 at 2018-07-11 22:59:48 +1000
Processing by PlayersController#edit as HTML
  Parameters: {"id"=>"3"}
  [1m[36mPlayer Load (0.3ms)[0m  [1m[34mSELECT  "players".* FROM "players" WHERE "players"."id" = $1 LIMIT $2[0m  [["id", 3], ["LIMIT", 1]]
  ↳ app/controllers/players_controller.rb:11
  Rendering players/edit.html.erb within layouts/application
  [1m[35m (0.2ms)[0m  [1m[34mSELECT "clubs"."name", "clubs"."id" FROM "clubs"[0m
  ↳ app/views/players/_form.html.erb:15
  Rendered players/_form.html.erb (7.7ms)
  Rendered players/edit.html.erb within layouts/application (12.0ms)
Completed 200 OK in 42ms (Views: 34.8ms | ActiveRecord: 2.8ms)


Started PATCH "/players/3" for 127.0.0.1 at 2018-07-11 22:59:53 +1000
  
AbstractController::ActionNotFound (The action 'update' could not be found for PlayersController):
  
actionpack (5.2.0) lib/abstract_controller/base.rb:129:in `process'
actionview (5.2.0) lib/action_view/rendering.rb:32:in `process'
actionpack (5.2.0) lib/action_controller/metal.rb:191:in `dispatch'
actionpack (5.2.0) lib/action_controller/metal.rb:252:in `dispatch'
actionpack (5.2.0) lib/action_dispatch/routing/route_set.rb:52:in `dispatch'
actionpack (5.2.0) lib/action_dispatch/routing/route_set.rb:34:in `serve'
actionpack (5.2.0) lib/action_dispatch/journey/router.rb:52:in `block in serve'
actionpack (5.2.0) lib/action_dispatch/journey/router.rb:35:in `each'
actionpack (5.2.0) lib/action_dispatch/journey/router.rb:35:in `serve'
actionpack (5.2.0) lib/action_dispatch/routing/route_set.rb:840:in `call'
rack (2.0.5) lib/rack/tempfile_reaper.rb:15:in `call'
rack (2.0.5) lib/rack/etag.rb:25:in `call'
rack (2.0.5) lib/rack/conditional_get.rb:38:in `call'
rack (2.0.5) lib/rack/head.rb:12:in `call'
actionpack (5.2.0) lib/action_dispatch/http/content_security_policy.rb:18:in `call'
rack (2.0.5) lib/rack/session/abstract/id.rb:232:in `context'
rack (2.0.5) lib/rack/session/abstract/id.rb:226:in `call'
actionpack (5.2.0) lib/action_dispatch/middleware/cookies.rb:670:in `call'
activerecord (5.2.0) lib/active_record/migration.rb:559:in `call'
actionpack (5.2.0) lib/action_dispatch/middleware/callbacks.rb:28:in `block in call'
activesupport (5.2.0) lib/active_support/callbacks.rb:98:in `run_callbacks'
actionpack (5.2.0) lib/action_dispatch/middleware/callbacks.rb:26:in `call'
actionpack (5.2.0) lib/action_dispatch/middleware/executor.rb:14:in `call'
actionpack (5.2.0) lib/action_dispatch/middleware/debug_exceptions.rb:61:in `call'
web-console (3.6.2) lib/web_console/middleware.rb:135:in `call_app'
web-console (3.6.2) lib/web_console/middleware.rb:30:in `block in call'
web-console (3.6.2) lib/web_console/middleware.rb:20:in `catch'
web-console (3.6.2) lib/web_console/middleware.rb:20:in `call'
actionpack (5.2.0) lib/action_dispatch/middleware/show_exceptions.rb:33:in `call'
railties (5.2.0) lib/rails/rack/logger.rb:38:in `call_app'
railties (5.2.0) lib/rails/rack/logger.rb:26:in `block in call'
activesupport (5.2.0) lib/active_support/tagged_logging.rb:71:in `block in tagged'
activesupport (5.2.0) lib/active_support/tagged_logging.rb:28:in `tagged'
activesupport (5.2.0) lib/active_support/tagged_logging.rb:71:in `tagged'
railties (5.2.0) lib/rails/rack/logger.rb:26:in `call'
sprockets-rails (3.2.1) lib/sprockets/rails/quiet_assets.rb:13:in `call'
actionpack (5.2.0) lib/action_dispatch/middleware/remote_ip.rb:81:in `call'
actionpack (5.2.0) lib/action_dispatch/middleware/request_id.rb:27:in `call'
rack (2.0.5) lib/rack/method_override.rb:22:in `call'
rack (2.0.5) lib/rack/runtime.rb:22:in `call'
activesupport (5.2.0) lib/active_support/cache/strategy/local_cache_middleware.rb:29:in `call'
actionpack (5.2.0) lib/action_dispatch/middleware/executor.rb:14:in `call'
actionpack (5.2.0) lib/action_dispatch/middleware/static.rb:127:in `call'
rack (2.0.5) lib/rack/sendfile.rb:111:in `call'
railties (5.2.0) lib/rails/engine.rb:524:in `call'
puma (3.11.4) lib/puma/configuration.rb:225:in `call'
puma (3.11.4) lib/puma/server.rb:632:in `handle_request'
puma (3.11.4) lib/puma/server.rb:446:in `process_client'
puma (3.11.4) lib/puma/server.rb:306:in `block in run'
puma (3.11.4) lib/puma/thread_pool.rb:120:in `block in spawn_thread'
Started PATCH "/players/3" for 127.0.0.1 at 2018-07-11 23:00:40 +1000
Processing by PlayersController#update as HTML
  Parameters: {"utf8"=>"✓", "authenticity_token"=>"+HcZTHZ+rqNIcrSGxYtvrHUv2MgfxVeadcfe/gEn2xxGm8bTXRRgXIhDgVT7DC0Bw3nlsnEGjCDozbiKI4Ffuw==", "player"=>{"name"=>"asdwqe", "nationality"=>"ascxdawe", "position"=>"asdasdw", "dob"=>"2018-07-02", "club_id"=>""}, "commit"=>"Update Player", "id"=>"3"}
  [1m[36mPlayer Load (0.2ms)[0m  [1m[34mSELECT  "players".* FROM "players" WHERE "players"."id" = $1 LIMIT $2[0m  [["id", 3], ["LIMIT", 1]]
  ↳ app/controllers/players_controller.rb:15
  [1m[35m (0.2ms)[0m  [1m[35mBEGIN[0m
  ↳ app/controllers/players_controller.rb:16
  [1m[35m (0.1ms)[0m  [1m[35mCOMMIT[0m
  ↳ app/controllers/players_controller.rb:16
Redirected to http://localhost:3000/players/3
Completed 302 Found in 16ms (ActiveRecord: 5.9ms)


Started GET "/players/3" for 127.0.0.1 at 2018-07-11 23:00:40 +1000
Processing by PlayersController#show as HTML
  Parameters: {"id"=>"3"}
  [1m[36mPlayer Load (0.2ms)[0m  [1m[34mSELECT  "players".* FROM "players" WHERE "players"."id" = $1 LIMIT $2[0m  [["id", 3], ["LIMIT", 1]]
  ↳ app/controllers/players_controller.rb:7
  Rendering players/show.html.erb within layouts/application
  Rendered players/show.html.erb within layouts/application (4.0ms)
Completed 200 OK in 35ms (Views: 31.7ms | ActiveRecord: 0.2ms)


Started GET "/players/3/edit" for 127.0.0.1 at 2018-07-11 23:00:41 +1000
Processing by PlayersController#edit as HTML
  Parameters: {"id"=>"3"}
  [1m[36mPlayer Load (0.2ms)[0m  [1m[34mSELECT  "players".* FROM "players" WHERE "players"."id" = $1 LIMIT $2[0m  [["id", 3], ["LIMIT", 1]]
  ↳ app/controllers/players_controller.rb:11
  Rendering players/edit.html.erb within layouts/application
  [1m[35m (0.2ms)[0m  [1m[34mSELECT "clubs"."name", "clubs"."id" FROM "clubs"[0m
  ↳ app/views/players/_form.html.erb:15
  Rendered players/_form.html.erb (6.9ms)
  Rendered players/edit.html.erb within layouts/application (11.9ms)
Completed 200 OK in 48ms (Views: 38.4ms | ActiveRecord: 3.3ms)


Started PATCH "/players/3" for 127.0.0.1 at 2018-07-11 23:00:45 +1000
Processing by PlayersController#update as HTML
  Parameters: {"utf8"=>"✓", "authenticity_token"=>"pUxL1FM2hAkUXpisaNMJR5Xg0ahK16gG9jnEGCkCLKAboJRLeFxK9tRvrX5WVEvqI7bs0iQUc7xrM6JsC6SoBw==", "player"=>{"name"=>"asdwqe", "nationality"=>"aawe", "position"=>"asdasdw", "dob"=>"2018-07-02", "club_id"=>""}, "commit"=>"Update Player", "id"=>"3"}
  [1m[36mPlayer Load (0.4ms)[0m  [1m[34mSELECT  "players".* FROM "players" WHERE "players"."id" = $1 LIMIT $2[0m  [["id", 3], ["LIMIT", 1]]
  ↳ app/controllers/players_controller.rb:15
  [1m[35m (0.2ms)[0m  [1m[35mBEGIN[0m
  ↳ app/controllers/players_controller.rb:16
  [1m[36mPlayer Update (0.6ms)[0m  [1m[33mUPDATE "players" SET "nationality" = $1, "updated_at" = $2 WHERE "players"."id" = $3[0m  [["nationality", "aawe"], ["updated_at", "2018-07-11 13:00:45.380370"], ["id", 3]]
  ↳ app/controllers/players_controller.rb:16
  [1m[35m (1.5ms)[0m  [1m[35mCOMMIT[0m
  ↳ app/controllers/players_controller.rb:16
Redirected to http://localhost:3000/players/3
Completed 302 Found in 8ms (ActiveRecord: 2.8ms)


Started GET "/players/3" for 127.0.0.1 at 2018-07-11 23:00:45 +1000
Processing by PlayersController#show as HTML
  Parameters: {"id"=>"3"}
  [1m[36mPlayer Load (0.2ms)[0m  [1m[34mSELECT  "players".* FROM "players" WHERE "players"."id" = $1 LIMIT $2[0m  [["id", 3], ["LIMIT", 1]]
  ↳ app/controllers/players_controller.rb:7
  Rendering players/show.html.erb within layouts/application
  Rendered players/show.html.erb within layouts/application (0.8ms)
Completed 200 OK in 34ms (Views: 28.8ms | ActiveRecord: 0.2ms)


Started GET "/players/3" for 127.0.0.1 at 2018-07-11 23:05:30 +1000
Processing by PlayersController#show as HTML
  Parameters: {"id"=>"3"}
  [1m[36mPlayer Load (0.1ms)[0m  [1m[34mSELECT  "players".* FROM "players" WHERE "players"."id" = $1 LIMIT $2[0m  [["id", 3], ["LIMIT", 1]]
  ↳ app/controllers/players_controller.rb:7
  Rendering players/show.html.erb within layouts/application
  Rendered players/show.html.erb within layouts/application (4.5ms)
Completed 200 OK in 49ms (Views: 32.0ms | ActiveRecord: 5.0ms)


Started GET "/clubs" for 127.0.0.1 at 2018-07-11 23:05:32 +1000
Processing by ClubsController#index as HTML
  Rendering clubs/index.html.erb within layouts/application
  [1m[36mClub Load (0.3ms)[0m  [1m[34mSELECT "clubs".* FROM "clubs"[0m
  ↳ app/views/clubs/index.html.erb:2
  Rendered clubs/index.html.erb within layouts/application (3.5ms)
Completed 200 OK in 42ms (Views: 35.5ms | ActiveRecord: 1.9ms)


Started GET "/clubs" for 127.0.0.1 at 2018-07-11 23:09:13 +1000
Processing by ClubsController#index as HTML
  Rendering clubs/index.html.erb within layouts/application
  [1m[36mClub Load (0.4ms)[0m  [1m[34mSELECT "clubs".* FROM "clubs"[0m
  ↳ app/views/clubs/index.html.erb:2
  Rendered clubs/index.html.erb within layouts/application (3.7ms)
Completed 200 OK in 31ms (Views: 24.3ms | ActiveRecord: 2.2ms)


Started GET "/clubs" for 127.0.0.1 at 2018-07-11 23:09:14 +1000
Processing by ClubsController#index as HTML
  Rendering clubs/index.html.erb within layouts/application
  [1m[36mClub Load (0.4ms)[0m  [1m[34mSELECT "clubs".* FROM "clubs"[0m
  ↳ app/views/clubs/index.html.erb:2
  Rendered clubs/index.html.erb within layouts/application (1.7ms)
Completed 200 OK in 29ms (Views: 24.2ms | ActiveRecord: 0.4ms)


Started GET "/clubs/new" for 127.0.0.1 at 2018-07-11 23:09:15 +1000
Processing by ClubsController#new as HTML
  Rendering clubs/new.html.erb within layouts/application
  Rendered clubs/_form.html.erb (5.9ms)
  Rendered clubs/new.html.erb within layouts/application (8.5ms)
Completed 200 OK in 45ms (Views: 28.8ms | ActiveRecord: 4.6ms)


Started POST "/clubs" for 127.0.0.1 at 2018-07-11 23:09:48 +1000
Processing by ClubsController#create as HTML
  Parameters: {"utf8"=>"✓", "authenticity_token"=>"rHZhYy8JhcngM3FubjFzvbJ83ldgcGrfTtGVv1kDlxEPSjHjd43gf6c6MNWFxGSYcSMy0VM2cC0damjZ3Q7bJg==", "club"=>{"name"=>"aaa", "region"=>"rerere", "img"=>"https://www.fillmurray.com/200/300"}, "commit"=>"Create Club"}
  [1m[35m (0.2ms)[0m  [1m[35mBEGIN[0m
  ↳ app/controllers/clubs_controller.rb:17
  [1m[36mClub Create (2.4ms)[0m  [1m[32mINSERT INTO "clubs" ("name", "region", "img", "created_at", "updated_at") VALUES ($1, $2, $3, $4, $5) RETURNING "id"[0m  [["name", "aaa"], ["region", "rerere"], ["img", "https://www.fillmurray.com/200/300"], ["created_at", "2018-07-11 13:09:48.207551"], ["updated_at", "2018-07-11 13:09:48.207551"]]
  ↳ app/controllers/clubs_controller.rb:17
  [1m[35m (0.5ms)[0m  [1m[35mCOMMIT[0m
  ↳ app/controllers/clubs_controller.rb:17
Redirected to http://localhost:3000/clubs/1
Completed 302 Found in 8ms (ActiveRecord: 3.1ms)


Started GET "/clubs/1" for 127.0.0.1 at 2018-07-11 23:09:48 +1000
Processing by ClubsController#show as HTML
  Parameters: {"id"=>"1"}
  Rendering clubs/show.html.erb within layouts/application
  Rendered clubs/show.html.erb within layouts/application (0.4ms)
Completed 200 OK in 32ms (Views: 28.9ms | ActiveRecord: 0.0ms)


Started GET "/clubs" for 127.0.0.1 at 2018-07-11 23:09:51 +1000
Processing by ClubsController#index as HTML
  Rendering clubs/index.html.erb within layouts/application
  [1m[36mClub Load (0.5ms)[0m  [1m[34mSELECT "clubs".* FROM "clubs"[0m
  ↳ app/views/clubs/index.html.erb:2
  Rendered clubs/index.html.erb within layouts/application (2.4ms)
Completed 200 OK in 34ms (Views: 28.8ms | ActiveRecord: 0.5ms)


Started GET "/clubs/1" for 127.0.0.1 at 2018-07-11 23:09:52 +1000
Processing by ClubsController#show as HTML
  Parameters: {"id"=>"1"}
  Rendering clubs/show.html.erb within layouts/application
  Rendered clubs/show.html.erb within layouts/application (0.3ms)
Completed 200 OK in 48ms (Views: 42.4ms | ActiveRecord: 0.0ms)


Started GET "/players" for 127.0.0.1 at 2018-07-11 23:10:02 +1000
Processing by PlayersController#index as HTML
  Rendering players/index.html.erb within layouts/application
  [1m[36mPlayer Load (0.5ms)[0m  [1m[34mSELECT "players".* FROM "players"[0m
  ↳ app/views/players/index.html.erb:2
  Rendered players/index.html.erb within layouts/application (13.7ms)
Completed 200 OK in 41ms (Views: 31.7ms | ActiveRecord: 4.4ms)


Started GET "/players/3" for 127.0.0.1 at 2018-07-11 23:10:03 +1000
Processing by PlayersController#show as HTML
  Parameters: {"id"=>"3"}
  [1m[36mPlayer Load (0.9ms)[0m  [1m[34mSELECT  "players".* FROM "players" WHERE "players"."id" = $1 LIMIT $2[0m  [["id", 3], ["LIMIT", 1]]
  ↳ app/controllers/players_controller.rb:7
  Rendering players/show.html.erb within layouts/application
  Rendered players/show.html.erb within layouts/application (2.4ms)
Completed 200 OK in 42ms (Views: 30.3ms | ActiveRecord: 0.9ms)


Started GET "/players/3/edit" for 127.0.0.1 at 2018-07-11 23:10:03 +1000
Processing by PlayersController#edit as HTML
  Parameters: {"id"=>"3"}
  [1m[36mPlayer Load (0.3ms)[0m  [1m[34mSELECT  "players".* FROM "players" WHERE "players"."id" = $1 LIMIT $2[0m  [["id", 3], ["LIMIT", 1]]
  ↳ app/controllers/players_controller.rb:11
  Rendering players/edit.html.erb within layouts/application
  [1m[35m (0.6ms)[0m  [1m[34mSELECT "clubs"."name", "clubs"."id" FROM "clubs"[0m
  ↳ app/views/players/_form.html.erb:15
  Rendered players/_form.html.erb (5.0ms)
  Rendered players/edit.html.erb within layouts/application (10.3ms)
Completed 200 OK in 41ms (Views: 35.6ms | ActiveRecord: 0.9ms)


Started PATCH "/players/3" for 127.0.0.1 at 2018-07-11 23:10:07 +1000
Processing by PlayersController#update as HTML
  Parameters: {"utf8"=>"✓", "authenticity_token"=>"Vyfe+71J2RPyQzUJFTSNnlZRxNoKmTMyFeRs4sbR9CnpywFkliMX7DJyANsrs88z4Af5oGRa6IiI7gqW5Hdwjg==", "player"=>{"name"=>"asdwqe", "nationality"=>"aawe", "position"=>"asdasdw", "dob"=>"2018-07-02", "club_id"=>"1"}, "commit"=>"Update Player", "id"=>"3"}
  [1m[36mPlayer Load (0.3ms)[0m  [1m[34mSELECT  "players".* FROM "players" WHERE "players"."id" = $1 LIMIT $2[0m  [["id", 3], ["LIMIT", 1]]
  ↳ app/controllers/players_controller.rb:15
  [1m[35m (0.2ms)[0m  [1m[35mBEGIN[0m
  ↳ app/controllers/players_controller.rb:16
  [1m[36mPlayer Update (0.5ms)[0m  [1m[33mUPDATE "players" SET "club_id" = $1, "updated_at" = $2 WHERE "players"."id" = $3[0m  [["club_id", 1], ["updated_at", "2018-07-11 13:10:07.751405"], ["id", 3]]
  ↳ app/controllers/players_controller.rb:16
  [1m[35m (0.6ms)[0m  [1m[35mCOMMIT[0m
  ↳ app/controllers/players_controller.rb:16
Redirected to http://localhost:3000/players/3
Completed 302 Found in 8ms (ActiveRecord: 1.6ms)


Started GET "/players/3" for 127.0.0.1 at 2018-07-11 23:10:07 +1000
Processing by PlayersController#show as HTML
  Parameters: {"id"=>"3"}
  [1m[36mPlayer Load (0.2ms)[0m  [1m[34mSELECT  "players".* FROM "players" WHERE "players"."id" = $1 LIMIT $2[0m  [["id", 3], ["LIMIT", 1]]
  ↳ app/controllers/players_controller.rb:7
  Rendering players/show.html.erb within layouts/application
  [1m[36mClub Load (0.4ms)[0m  [1m[34mSELECT  "clubs".* FROM "clubs" WHERE "clubs"."id" = $1 LIMIT $2[0m  [["id", 1], ["LIMIT", 1]]
  ↳ app/views/players/show.html.erb:9
  Rendered players/show.html.erb within layouts/application (8.3ms)
Completed 200 OK in 37ms (Views: 32.6ms | ActiveRecord: 0.6ms)


Started GET "/clubs/1" for 127.0.0.1 at 2018-07-11 23:10:09 +1000
Processing by ClubsController#show as HTML
  Parameters: {"id"=>"1"}
  Rendering clubs/show.html.erb within layouts/application
  Rendered clubs/show.html.erb within layouts/application (0.4ms)
Completed 200 OK in 35ms (Views: 30.9ms | ActiveRecord: 0.0ms)


Started GET "/clubs/1" for 127.0.0.1 at 2018-07-11 23:16:30 +1000
Processing by ClubsController#show as HTML
  Parameters: {"id"=>"1"}
  Rendering clubs/show.html.erb within layouts/application
  Rendered clubs/show.html.erb within layouts/application (3.8ms)
Completed 500 Internal Server Error in 13ms (ActiveRecord: 0.0ms)


  
ActionView::Template::Error (undefined method `name' for nil:NilClass):
    1: <h1><%= @club.name %></h1>
    2: 
    3: <ul>
    4:   <li>Region: <%= @club.region %></li>
  
app/views/clubs/show.html.erb:1:in `_app_views_clubs_show_html_erb___3044629945564790100_70173452884440'
Started GET "/clubs/1" for 127.0.0.1 at 2018-07-11 23:17:58 +1000
Processing by ClubsController#show as HTML
  Parameters: {"id"=>"1"}
  [1m[36mClub Load (0.4ms)[0m  [1m[34mSELECT  "clubs".* FROM "clubs" WHERE "clubs"."id" = $1 LIMIT $2[0m  [["id", 1], ["LIMIT", 1]]
  ↳ app/controllers/clubs_controller.rb:7
  Rendering clubs/show.html.erb within layouts/application
  Rendered clubs/show.html.erb within layouts/application (145.6ms)
Completed 500 Internal Server Error in 177ms (ActiveRecord: 9.0ms)


  
ActionView::Template::Error (undefined method `imgae_tag' for #<#<Class:0x00007fa51587a480>:0x00007fa515878ae0>
Did you mean?  image_tag):
    3: <ul>
    4:   <li>Region: <%= @club.region %></li>
    5:   <% if @club.img.present?  %>
    6:     <li><%= imgae_tag @club.img %></li>
    7:   <% end %>
    8: </ul>
    9: 
  
app/views/clubs/show.html.erb:6:in `_app_views_clubs_show_html_erb___3044629945564790100_70173503772240'
Started GET "/clubs/1" for 127.0.0.1 at 2018-07-11 23:18:22 +1000
Processing by ClubsController#show as HTML
  Parameters: {"id"=>"1"}
  [1m[36mClub Load (0.3ms)[0m  [1m[34mSELECT  "clubs".* FROM "clubs" WHERE "clubs"."id" = $1 LIMIT $2[0m  [["id", 1], ["LIMIT", 1]]
  ↳ app/controllers/clubs_controller.rb:7
  Rendering clubs/show.html.erb within layouts/application
  Rendered clubs/show.html.erb within layouts/application (0.8ms)
Completed 200 OK in 41ms (Views: 37.8ms | ActiveRecord: 0.3ms)


Started GET "/clubs/1/edit" for 127.0.0.1 at 2018-07-11 23:18:30 +1000
Processing by ClubsController#edit as HTML
  Parameters: {"id"=>"1"}
  [1m[36mClub Load (0.3ms)[0m  [1m[34mSELECT  "clubs".* FROM "clubs" WHERE "clubs"."id" = $1 LIMIT $2[0m  [["id", 1], ["LIMIT", 1]]
  ↳ app/controllers/clubs_controller.rb:11
  Rendering clubs/edit.html.erb within layouts/application
  Rendered clubs/_form.html.erb (3.1ms)
  Rendered clubs/edit.html.erb within layouts/application (7.4ms)
Completed 200 OK in 44ms (Views: 38.4ms | ActiveRecord: 0.3ms)


Started PATCH "/clubs/1" for 127.0.0.1 at 2018-07-11 23:18:32 +1000
Processing by ClubsController#update as HTML
  Parameters: {"utf8"=>"✓", "authenticity_token"=>"+XWkOxa6fETkL+DHYTurO+UQkxBrFKkCNy9wU1UVst7KWuKP9d7Tc4hPxwFRj46TpMYV0FmiDfiPXsEjlzxAYA==", "club"=>{"name"=>"aaa2", "region"=>"rerere", "img"=>"https://www.fillmurray.com/200/300"}, "commit"=>"Update Club", "id"=>"1"}
  [1m[36mClub Load (0.7ms)[0m  [1m[34mSELECT  "clubs".* FROM "clubs" WHERE "clubs"."id" = $1 LIMIT $2[0m  [["id", 1], ["LIMIT", 1]]
  ↳ app/controllers/clubs_controller.rb:15
  [1m[35m (0.2ms)[0m  [1m[35mBEGIN[0m
  ↳ app/controllers/clubs_controller.rb:16
  [1m[36mClub Update (0.5ms)[0m  [1m[33mUPDATE "clubs" SET "name" = $1, "updated_at" = $2 WHERE "clubs"."id" = $3[0m  [["name", "aaa2"], ["updated_at", "2018-07-11 13:18:32.802208"], ["id", 1]]
  ↳ app/controllers/clubs_controller.rb:16
  [1m[35m (1.3ms)[0m  [1m[35mCOMMIT[0m
  ↳ app/controllers/clubs_controller.rb:16
Redirected to http://localhost:3000/clubs/1
Completed 302 Found in 8ms (ActiveRecord: 2.7ms)


Started GET "/clubs/1" for 127.0.0.1 at 2018-07-11 23:18:32 +1000
Processing by ClubsController#show as HTML
  Parameters: {"id"=>"1"}
  [1m[36mClub Load (0.3ms)[0m  [1m[34mSELECT  "clubs".* FROM "clubs" WHERE "clubs"."id" = $1 LIMIT $2[0m  [["id", 1], ["LIMIT", 1]]
  ↳ app/controllers/clubs_controller.rb:7
  Rendering clubs/show.html.erb within layouts/application
  Rendered clubs/show.html.erb within layouts/application (0.7ms)
Completed 200 OK in 30ms (Views: 25.0ms | ActiveRecord: 0.3ms)


Started GET "/clubs/new" for 127.0.0.1 at 2018-07-11 23:18:35 +1000
Processing by ClubsController#new as HTML
  Rendering clubs/new.html.erb within layouts/application
  Rendered clubs/_form.html.erb (4.2ms)
  Rendered clubs/new.html.erb within layouts/application (8.5ms)
Completed 200 OK in 37ms (Views: 32.9ms | ActiveRecord: 0.0ms)


Started POST "/clubs" for 127.0.0.1 at 2018-07-11 23:18:39 +1000
Processing by ClubsController#create as HTML
  Parameters: {"utf8"=>"✓", "authenticity_token"=>"KED2ZPF0Iym6Hd8AUUbZ/dON6W4QFukWwAfbAzcufUGLfKbkqfBGn/0Unru6s87YENIF6CNQ8+STvCZlsyMxdg==", "club"=>{"name"=>"asdas", "region"=>"dsd", "img"=>"https://www.fillmurray.com/200/300"}, "commit"=>"Create Club"}
  [1m[35m (0.2ms)[0m  [1m[35mBEGIN[0m
  ↳ app/controllers/clubs_controller.rb:25
  [1m[36mClub Create (0.7ms)[0m  [1m[32mINSERT INTO "clubs" ("name", "region", "img", "created_at", "updated_at") VALUES ($1, $2, $3, $4, $5) RETURNING "id"[0m  [["name", "asdas"], ["region", "dsd"], ["img", "https://www.fillmurray.com/200/300"], ["created_at", "2018-07-11 13:18:39.318647"], ["updated_at", "2018-07-11 13:18:39.318647"]]
  ↳ app/controllers/clubs_controller.rb:25
  [1m[35m (0.5ms)[0m  [1m[35mCOMMIT[0m
  ↳ app/controllers/clubs_controller.rb:25
Redirected to http://localhost:3000/clubs/2
Completed 302 Found in 6ms (ActiveRecord: 1.4ms)


Started GET "/clubs/2" for 127.0.0.1 at 2018-07-11 23:18:39 +1000
Processing by ClubsController#show as HTML
  Parameters: {"id"=>"2"}
  [1m[36mClub Load (0.3ms)[0m  [1m[34mSELECT  "clubs".* FROM "clubs" WHERE "clubs"."id" = $1 LIMIT $2[0m  [["id", 2], ["LIMIT", 1]]
  ↳ app/controllers/clubs_controller.rb:7
  Rendering clubs/show.html.erb within layouts/application
  Rendered clubs/show.html.erb within layouts/application (1.1ms)
Completed 200 OK in 28ms (Views: 24.2ms | ActiveRecord: 0.3ms)


Started GET "/players" for 127.0.0.1 at 2018-07-11 23:18:41 +1000
Processing by PlayersController#index as HTML
  Rendering players/index.html.erb within layouts/application
  [1m[36mPlayer Load (0.7ms)[0m  [1m[34mSELECT "players".* FROM "players"[0m
  ↳ app/views/players/index.html.erb:2
  Rendered players/index.html.erb within layouts/application (13.9ms)
Completed 200 OK in 43ms (Views: 31.7ms | ActiveRecord: 6.0ms)


Started GET "/clubs" for 127.0.0.1 at 2018-07-11 23:18:42 +1000
Processing by ClubsController#index as HTML
  Rendering clubs/index.html.erb within layouts/application
  [1m[36mClub Load (2.9ms)[0m  [1m[34mSELECT "clubs".* FROM "clubs"[0m
  ↳ app/views/clubs/index.html.erb:2
  Rendered clubs/index.html.erb within layouts/application (6.3ms)
Completed 200 OK in 34ms (Views: 27.5ms | ActiveRecord: 2.9ms)


Started GET "/clubs" for 127.0.0.1 at 2018-07-11 23:19:38 +1000
Processing by ClubsController#index as HTML
  Rendering clubs/index.html.erb within layouts/application
  [1m[36mClub Load (0.3ms)[0m  [1m[34mSELECT "clubs".* FROM "clubs"[0m
  ↳ app/views/clubs/index.html.erb:2
  Rendered clubs/index.html.erb within layouts/application (1.5ms)
Completed 200 OK in 30ms (Views: 27.0ms | ActiveRecord: 0.3ms)


Started GET "/players" for 127.0.0.1 at 2018-07-11 23:19:44 +1000
Processing by PlayersController#index as HTML
  Rendering players/index.html.erb within layouts/application
  [1m[36mPlayer Load (0.7ms)[0m  [1m[34mSELECT "players".* FROM "players"[0m
  ↳ app/views/players/index.html.erb:2
  Rendered players/index.html.erb within layouts/application (3.4ms)
Completed 200 OK in 40ms (Views: 34.4ms | ActiveRecord: 0.7ms)


Started GET "/players/new" for 127.0.0.1 at 2018-07-11 23:19:47 +1000
Processing by PlayersController#new as HTML
  Rendering players/new.html.erb within layouts/application
  [1m[35m (0.3ms)[0m  [1m[34mSELECT "clubs"."name", "clubs"."id" FROM "clubs"[0m
  ↳ app/views/players/_form.html.erb:15
  Rendered players/_form.html.erb (3.2ms)
  Rendered players/new.html.erb within layouts/application (6.4ms)
Completed 200 OK in 37ms (Views: 32.7ms | ActiveRecord: 0.3ms)


Started POST "/players" for 127.0.0.1 at 2018-07-11 23:19:57 +1000
Processing by PlayersController#create as HTML
  Parameters: {"utf8"=>"✓", "authenticity_token"=>"pOnT4DEjZdtGhQy3Rs0zQhbpTBkVLwYodWkXGzrFi+kfvIA8f9Dup1tFya23sfkf1ThU5achY21Dlbcul2KYDg==", "player"=>{"name"=>"asdads", "nationality"=>"asdad", "position"=>"1231", "dob"=>"2018-07-23", "club_id"=>"2"}, "commit"=>"Create Player"}
  [1m[35m (0.2ms)[0m  [1m[35mBEGIN[0m
  ↳ app/controllers/players_controller.rb:25
  [1m[36mPlayer Create (0.9ms)[0m  [1m[32mINSERT INTO "players" ("name", "nationality", "position", "dob", "club_id", "created_at", "updated_at") VALUES ($1, $2, $3, $4, $5, $6, $7) RETURNING "id"[0m  [["name", "asdads"], ["nationality", "asdad"], ["position", "1231"], ["dob", "2018-07-23"], ["club_id", 2], ["created_at", "2018-07-11 13:19:57.384068"], ["updated_at", "2018-07-11 13:19:57.384068"]]
  ↳ app/controllers/players_controller.rb:25
  [1m[35m (0.5ms)[0m  [1m[35mCOMMIT[0m
  ↳ app/controllers/players_controller.rb:25
Redirected to http://localhost:3000/players/4
Completed 302 Found in 6ms (ActiveRecord: 1.6ms)


Started GET "/players/4" for 127.0.0.1 at 2018-07-11 23:19:57 +1000
Processing by PlayersController#show as HTML
  Parameters: {"id"=>"4"}
  [1m[36mPlayer Load (0.5ms)[0m  [1m[34mSELECT  "players".* FROM "players" WHERE "players"."id" = $1 LIMIT $2[0m  [["id", 4], ["LIMIT", 1]]
  ↳ app/controllers/players_controller.rb:7
  Rendering players/show.html.erb within layouts/application
  [1m[36mClub Load (0.2ms)[0m  [1m[34mSELECT  "clubs".* FROM "clubs" WHERE "clubs"."id" = $1 LIMIT $2[0m  [["id", 2], ["LIMIT", 1]]
  ↳ app/views/players/show.html.erb:9
  Rendered players/show.html.erb within layouts/application (3.6ms)
Completed 200 OK in 32ms (Views: 26.2ms | ActiveRecord: 0.7ms)


Started GET "/players" for 127.0.0.1 at 2018-07-11 23:20:00 +1000
Processing by PlayersController#index as HTML
  Rendering players/index.html.erb within layouts/application
  [1m[36mPlayer Load (2.4ms)[0m  [1m[34mSELECT "players".* FROM "players"[0m
  ↳ app/views/players/index.html.erb:2
  Rendered players/index.html.erb within layouts/application (4.7ms)
Completed 200 OK in 38ms (Views: 31.0ms | ActiveRecord: 2.4ms)


Started GET "/players/4" for 127.0.0.1 at 2018-07-11 23:20:01 +1000
Processing by PlayersController#show as HTML
  Parameters: {"id"=>"4"}
  [1m[36mPlayer Load (0.3ms)[0m  [1m[34mSELECT  "players".* FROM "players" WHERE "players"."id" = $1 LIMIT $2[0m  [["id", 4], ["LIMIT", 1]]
  ↳ app/controllers/players_controller.rb:7
  Rendering players/show.html.erb within layouts/application
  [1m[36mClub Load (0.3ms)[0m  [1m[34mSELECT  "clubs".* FROM "clubs" WHERE "clubs"."id" = $1 LIMIT $2[0m  [["id", 2], ["LIMIT", 1]]
  ↳ app/views/players/show.html.erb:9
  Rendered players/show.html.erb within layouts/application (2.3ms)
Completed 200 OK in 32ms (Views: 26.9ms | ActiveRecord: 0.6ms)


Started GET "/clubs/2" for 127.0.0.1 at 2018-07-11 23:20:03 +1000
Processing by ClubsController#show as HTML
  Parameters: {"id"=>"2"}
  [1m[36mClub Load (0.3ms)[0m  [1m[34mSELECT  "clubs".* FROM "clubs" WHERE "clubs"."id" = $1 LIMIT $2[0m  [["id", 2], ["LIMIT", 1]]
  ↳ app/controllers/clubs_controller.rb:7
  Rendering clubs/show.html.erb within layouts/application
  Rendered clubs/show.html.erb within layouts/application (1.1ms)
Completed 200 OK in 35ms (Views: 30.3ms | ActiveRecord: 0.3ms)


