  [1m[35m (501.9ms)[0m  [1m[35mCREATE DATABASE "aww_app_development" ENCODING = 'unicode'[0m
  ↳ bin/rails:9
  [1m[35m (416.1ms)[0m  [1m[35mCREATE DATABASE "aww_app_test" ENCODING = 'unicode'[0m
  ↳ bin/rails:9
  [1m[35m (9.8ms)[0m  [1m[35mCREATE TABLE "schema_migrations" ("version" character varying NOT NULL PRIMARY KEY)[0m
  ↳ bin/rails:9
  [1m[35m (7.5ms)[0m  [1m[35mCREATE TABLE "ar_internal_metadata" ("key" character varying NOT NULL PRIMARY KEY, "value" character varying, "created_at" timestamp NOT NULL, "updated_at" timestamp NOT NULL)[0m
  ↳ bin/rails:9
  [1m[35m (0.5ms)[0m  [1m[34mSELECT pg_try_advisory_lock(80385973614157680)[0m
  ↳ bin/rails:9
  [1m[35m (1.2ms)[0m  [1m[34mSELECT "schema_migrations"."version" FROM "schema_migrations" ORDER BY "schema_migrations"."version" ASC[0m
  ↳ bin/rails:9
Migrating to CreatePets (20180711095419)
  [1m[35m (0.3ms)[0m  [1m[35mBEGIN[0m
  ↳ bin/rails:9
  [1m[35m (9.3ms)[0m  [1m[35mCREATE TABLE "pets" ("id" bigserial primary key, "name" text, "image_url" text, "description" text, "created_at" timestamp NOT NULL, "updated_at" timestamp NOT NULL)[0m
  ↳ db/migrate/20180711095419_create_pets.rb:3
  [1m[36mActiveRecord::SchemaMigration Create (1.3ms)[0m  [1m[32mINSERT INTO "schema_migrations" ("version") VALUES ($1) RETURNING "version"[0m  [["version", "20180711095419"]]
  ↳ bin/rails:9
  [1m[35m (1.4ms)[0m  [1m[35mCOMMIT[0m
  ↳ bin/rails:9
  [1m[36mActiveRecord::InternalMetadata Load (0.9ms)[0m  [1m[34mSELECT  "ar_internal_metadata".* FROM "ar_internal_metadata" WHERE "ar_internal_metadata"."key" = $1 LIMIT $2[0m  [["key", "environment"], ["LIMIT", 1]]
  ↳ bin/rails:9
  [1m[35m (0.7ms)[0m  [1m[35mBEGIN[0m
  ↳ bin/rails:9
  [1m[36mActiveRecord::InternalMetadata Create (0.9ms)[0m  [1m[32mINSERT INTO "ar_internal_metadata" ("key", "value", "created_at", "updated_at") VALUES ($1, $2, $3, $4) RETURNING "key"[0m  [["key", "environment"], ["value", "development"], ["created_at", "2018-07-11 09:57:00.355461"], ["updated_at", "2018-07-11 09:57:00.355461"]]
  ↳ bin/rails:9
  [1m[35m (1.2ms)[0m  [1m[35mCOMMIT[0m
  ↳ bin/rails:9
  [1m[35m (0.4ms)[0m  [1m[34mSELECT pg_advisory_unlock(80385973614157680)[0m
  ↳ bin/rails:9
  [1m[35m (0.6ms)[0m  [1m[34mSELECT "schema_migrations"."version" FROM "schema_migrations" ORDER BY "schema_migrations"."version" ASC[0m
  ↳ bin/rails:9
  [1m[35m (1.0ms)[0m  [1m[34mSELECT "schema_migrations"."version" FROM "schema_migrations" ORDER BY "schema_migrations"."version" ASC[0m
  ↳ bin/rails:9
  [1m[35m (0.4ms)[0m  [1m[34mSELECT "schema_migrations"."version" FROM "schema_migrations" ORDER BY "schema_migrations"."version" ASC[0m
  ↳ bin/rails:9
  [1m[35m (0.4ms)[0m  [1m[34mSELECT "schema_migrations"."version" FROM "schema_migrations" ORDER BY "schema_migrations"."version" ASC[0m
  ↳ bin/rails:9
  [1m[35m (0.3ms)[0m  [1m[34mSELECT pg_try_advisory_lock(80385973614157680)[0m
  ↳ bin/rails:9
  [1m[35m (0.3ms)[0m  [1m[34mSELECT "schema_migrations"."version" FROM "schema_migrations" ORDER BY "schema_migrations"."version" ASC[0m
  ↳ bin/rails:9
Migrating to CreatePets (20180711095419)
  [1m[35m (0.2ms)[0m  [1m[35mBEGIN[0m
  ↳ bin/rails:9
  [1m[35m (2.5ms)[0m  [1m[35mDROP TABLE "pets"[0m
  ↳ bin/rails:9
  [1m[36mActiveRecord::SchemaMigration Destroy (0.7ms)[0m  [1m[31mDELETE FROM "schema_migrations" WHERE "schema_migrations"."version" = $1[0m  [["version", "20180711095419"]]
  ↳ bin/rails:9
  [1m[35m (2.9ms)[0m  [1m[35mCOMMIT[0m
  ↳ bin/rails:9
  [1m[35m (0.4ms)[0m  [1m[34mSELECT pg_advisory_unlock(80385973614157680)[0m
  ↳ bin/rails:9
  [1m[35m (0.4ms)[0m  [1m[34mSELECT "schema_migrations"."version" FROM "schema_migrations" ORDER BY "schema_migrations"."version" ASC[0m
  ↳ bin/rails:9
  [1m[35m (0.2ms)[0m  [1m[34mSELECT pg_try_advisory_lock(80385973614157680)[0m
  ↳ bin/rails:9
  [1m[35m (1.0ms)[0m  [1m[34mSELECT "schema_migrations"."version" FROM "schema_migrations" ORDER BY "schema_migrations"."version" ASC[0m
  ↳ bin/rails:9
Migrating to CreatePets (20180711095419)
  [1m[35m (0.2ms)[0m  [1m[35mBEGIN[0m
  ↳ bin/rails:9
  [1m[35m (8.8ms)[0m  [1m[35mCREATE TABLE "pets" ("id" bigserial primary key, "name" text, "owner_name" text, "image_url" text, "description" text, "created_at" timestamp NOT NULL, "updated_at" timestamp NOT NULL)[0m
  ↳ db/migrate/20180711095419_create_pets.rb:3
  [1m[36mActiveRecord::SchemaMigration Create (0.5ms)[0m  [1m[32mINSERT INTO "schema_migrations" ("version") VALUES ($1) RETURNING "version"[0m  [["version", "20180711095419"]]
  ↳ bin/rails:9
  [1m[35m (1.5ms)[0m  [1m[35mCOMMIT[0m
  ↳ bin/rails:9
  [1m[36mActiveRecord::InternalMetadata Load (0.6ms)[0m  [1m[34mSELECT  "ar_internal_metadata".* FROM "ar_internal_metadata" WHERE "ar_internal_metadata"."key" = $1 LIMIT $2[0m  [["key", "environment"], ["LIMIT", 1]]
  ↳ bin/rails:9
  [1m[35m (0.3ms)[0m  [1m[35mBEGIN[0m
  ↳ bin/rails:9
  [1m[35m (0.2ms)[0m  [1m[35mCOMMIT[0m
  ↳ bin/rails:9
  [1m[35m (0.3ms)[0m  [1m[34mSELECT pg_advisory_unlock(80385973614157680)[0m
  ↳ bin/rails:9
  [1m[35m (0.6ms)[0m  [1m[34mSELECT "schema_migrations"."version" FROM "schema_migrations" ORDER BY "schema_migrations"."version" ASC[0m
  ↳ bin/rails:9
  [1m[35m (1.6ms)[0m  [1m[34mSELECT "schema_migrations"."version" FROM "schema_migrations" ORDER BY "schema_migrations"."version" ASC[0m
  ↳ /Users/sparker/.rvm/gems/ruby-2.5.1/bin/annotate:23
  [1m[35m (0.2ms)[0m  [1m[34mSELECT pg_try_advisory_lock(80385973614157680)[0m
  ↳ bin/rails:9
  [1m[35m (1.1ms)[0m  [1m[34mSELECT "schema_migrations"."version" FROM "schema_migrations" ORDER BY "schema_migrations"."version" ASC[0m
  ↳ bin/rails:9
Migrating to CreateComments (20180711100223)
  [1m[35m (0.2ms)[0m  [1m[35mBEGIN[0m
  ↳ bin/rails:9
  [1m[35m (9.5ms)[0m  [1m[35mCREATE TABLE "comments" ("id" bigserial primary key, "message" text, "author" text, "pet_id" integer, "created_at" timestamp NOT NULL, "updated_at" timestamp NOT NULL)[0m
  ↳ db/migrate/20180711100223_create_comments.rb:3
  [1m[36mActiveRecord::SchemaMigration Create (0.6ms)[0m  [1m[32mINSERT INTO "schema_migrations" ("version") VALUES ($1) RETURNING "version"[0m  [["version", "20180711100223"]]
  ↳ bin/rails:9
  [1m[35m (1.3ms)[0m  [1m[35mCOMMIT[0m
  ↳ bin/rails:9
  [1m[36mActiveRecord::InternalMetadata Load (0.5ms)[0m  [1m[34mSELECT  "ar_internal_metadata".* FROM "ar_internal_metadata" WHERE "ar_internal_metadata"."key" = $1 LIMIT $2[0m  [["key", "environment"], ["LIMIT", 1]]
  ↳ bin/rails:9
  [1m[35m (0.3ms)[0m  [1m[35mBEGIN[0m
  ↳ bin/rails:9
  [1m[35m (0.3ms)[0m  [1m[35mCOMMIT[0m
  ↳ bin/rails:9
  [1m[35m (0.5ms)[0m  [1m[34mSELECT pg_advisory_unlock(80385973614157680)[0m
  ↳ bin/rails:9
  [1m[35m (0.5ms)[0m  [1m[34mSELECT "schema_migrations"."version" FROM "schema_migrations" ORDER BY "schema_migrations"."version" ASC[0m
  ↳ bin/rails:9
  [1m[35m (1.6ms)[0m  [1m[34mSELECT "schema_migrations"."version" FROM "schema_migrations" ORDER BY "schema_migrations"."version" ASC[0m
  ↳ /Users/sparker/.rvm/gems/ruby-2.5.1/bin/annotate:23
  [1m[35m (1.5ms)[0m  [1m[34mSELECT "schema_migrations"."version" FROM "schema_migrations" ORDER BY "schema_migrations"."version" ASC[0m
  ↳ bin/rails:9
  [1m[35m (1.0ms)[0m  [1m[34mSELECT "schema_migrations"."version" FROM "schema_migrations" ORDER BY "schema_migrations"."version" ASC[0m
  ↳ bin/rails:9
  [1m[36mComment Load (2.1ms)[0m  [1m[34mSELECT "comments".* FROM "comments"[0m
  ↳ db/seeds.rb:8
  [1m[36mPet Load (2.1ms)[0m  [1m[34mSELECT "pets".* FROM "pets"[0m
  ↳ db/seeds.rb:9
  [1m[35m (0.2ms)[0m  [1m[35mBEGIN[0m
  ↳ db/seeds.rb:18
  [1m[36mPet Create (0.9ms)[0m  [1m[32mINSERT INTO "pets" ("name", "owner_name", "image_url", "description", "created_at", "updated_at") VALUES ($1, $2, $3, $4, $5, $6) RETURNING "id"[0m  [["name", "Pupperini"], ["owner_name", "Ricky Gervais"], ["image_url", "https://images.unsplash.com/photo-1453227588063-bb302b62f50b?ixlib=rb-0.3.5&ixid=eyJhcHBfaWQiOjEyMDd9&s=02542c89eff9e8b4ee9e472325ebd23e&auto=format&fit=crop&w=1050&q=80"], ["description", "Doggo ipsum heck stop it fren shoober blep, shooberino."], ["created_at", "2018-07-11 10:24:14.500160"], ["updated_at", "2018-07-11 10:24:14.500160"]]
  ↳ db/seeds.rb:18
  [1m[35m (2.3ms)[0m  [1m[35mCOMMIT[0m
  ↳ db/seeds.rb:18
  [1m[35m (0.2ms)[0m  [1m[35mBEGIN[0m
  ↳ db/seeds.rb:19
  [1m[36mPet Create (0.5ms)[0m  [1m[32mINSERT INTO "pets" ("name", "owner_name", "image_url", "description", "created_at", "updated_at") VALUES ($1, $2, $3, $4, $5, $6) RETURNING "id"[0m  [["name", "Blep King"], ["owner_name", "Kath Day-Knight"], ["image_url", "https://images.unsplash.com/photo-1513245543132-31f507417b26?ixlib=rb-0.3.5&ixid=eyJhcHBfaWQiOjEyMDd9&s=5bb3e8174f4434897bde332bdf650d93&auto=format&fit=crop&w=675&q=80"], ["description", "Attack the dog then pretend like nothing happened fight an alligator and win destroy couch. Find a way to fit in tiny box russian blue or put toy mouse in food bowl run out of litter box at full speed jumps off balcony gives owner dead mouse at present then poops in litter box snatches yarn and fights with dog cat chases laser ."], ["created_at", "2018-07-11 10:24:14.506014"], ["updated_at", "2018-07-11 10:24:14.506014"]]
  ↳ db/seeds.rb:19
  [1m[35m (1.1ms)[0m  [1m[35mCOMMIT[0m
  ↳ db/seeds.rb:19
  [1m[35m (0.1ms)[0m  [1m[35mBEGIN[0m
  ↳ db/seeds.rb:20
  [1m[36mPet Create (0.4ms)[0m  [1m[32mINSERT INTO "pets" ("name", "owner_name", "image_url", "description", "created_at", "updated_at") VALUES ($1, $2, $3, $4, $5, $6) RETURNING "id"[0m  [["name", "Dundee"], ["owner_name", "Michael J"], ["image_url", "https://images.unsplash.com/photo-1511632271790-65247e635cce?ixlib=rb-0.3.5&ixid=eyJhcHBfaWQiOjEyMDd9&s=189f38fdd7496441c7bec324d8f2dcab&auto=format&fit=crop&w=1050&q=80"], ["description", "Croc, choc, chicken stock."], ["created_at", "2018-07-11 10:24:14.509508"], ["updated_at", "2018-07-11 10:24:14.509508"]]
  ↳ db/seeds.rb:20
  [1m[35m (1.6ms)[0m  [1m[35mCOMMIT[0m
  ↳ db/seeds.rb:20
  [1m[35m (0.2ms)[0m  [1m[35mBEGIN[0m
  ↳ db/seeds.rb:30
  [1m[36mPet Load (2.4ms)[0m  [1m[34mSELECT  "pets".* FROM "pets" WHERE "pets"."id" = $1 LIMIT $2[0m  [["id", 1], ["LIMIT", 1]]
  ↳ db/seeds.rb:30
  [1m[36mComment Create (13.1ms)[0m  [1m[32mINSERT INTO "comments" ("message", "author", "pet_id", "created_at", "updated_at") VALUES ($1, $2, $3, $4, $5) RETURNING "id"[0m  [["message", "lalalallalalalalallallalala"], ["author", "Sonicakes"], ["pet_id", 1], ["created_at", "2018-07-11 10:24:14.571415"], ["updated_at", "2018-07-11 10:24:14.571415"]]
  ↳ db/seeds.rb:30
  [1m[35m (3.2ms)[0m  [1m[35mCOMMIT[0m
  ↳ db/seeds.rb:30
  [1m[36mPet Load (1.0ms)[0m  [1m[34mSELECT  "pets".* FROM "pets" ORDER BY "pets"."id" ASC LIMIT $1[0m  [["LIMIT", 1]]
Started GET "/" for 127.0.0.1 at 2018-07-11 20:26:58 +1000
  [1m[35m (1.5ms)[0m  [1m[34mSELECT "schema_migrations"."version" FROM "schema_migrations" ORDER BY "schema_migrations"."version" ASC[0m
  ↳ /Users/sparker/.rvm/gems/ruby-2.5.1/gems/activerecord-5.2.0/lib/active_record/log_subscriber.rb:98
Processing by Rails::WelcomeController#index as HTML
  Rendering /Users/sparker/.rvm/gems/ruby-2.5.1/gems/railties-5.2.0/lib/rails/templates/rails/welcome/index.html.erb
  Rendered /Users/sparker/.rvm/gems/ruby-2.5.1/gems/railties-5.2.0/lib/rails/templates/rails/welcome/index.html.erb (63.0ms)
Completed 200 OK in 127ms (Views: 104.1ms | ActiveRecord: 0.0ms)


Started GET "/rails/info" for 127.0.0.1 at 2018-07-11 20:27:03 +1000
Processing by Rails::InfoController#index as HTML
Redirected to http://localhost:3000/rails/info/routes
Completed 302 Found in 2ms (ActiveRecord: 0.0ms)


Started GET "/rails/info/routes" for 127.0.0.1 at 2018-07-11 20:27:03 +1000
Processing by Rails::InfoController#routes as HTML
  Rendering /Users/sparker/.rvm/gems/ruby-2.5.1/gems/railties-5.2.0/lib/rails/templates/rails/info/routes.html.erb within layouts/application
  Rendered collection of /Users/sparker/.rvm/gems/ruby-2.5.1/gems/actionpack-5.2.0/lib/action_dispatch/middleware/templates/routes/_route.html.erb [19 times] (23.3ms)
  Rendered /Users/sparker/.rvm/gems/ruby-2.5.1/gems/actionpack-5.2.0/lib/action_dispatch/middleware/templates/routes/_table.html.erb (29.2ms)
  Rendered /Users/sparker/.rvm/gems/ruby-2.5.1/gems/railties-5.2.0/lib/rails/templates/rails/info/routes.html.erb within layouts/application (98.6ms)
Completed 200 OK in 134ms (Views: 124.6ms | ActiveRecord: 0.0ms)


Started GET "/pets" for 127.0.0.1 at 2018-07-11 20:27:12 +1000
  
ActionController::RoutingError (No route matches [GET] "/pets"):
  
actionpack (5.2.0) lib/action_dispatch/middleware/debug_exceptions.rb:65:in `call'
web-console (3.6.2) lib/web_console/middleware.rb:135:in `call_app'
web-console (3.6.2) lib/web_console/middleware.rb:30:in `block in call'
web-console (3.6.2) lib/web_console/middleware.rb:20:in `catch'
web-console (3.6.2) lib/web_console/middleware.rb:20:in `call'
actionpack (5.2.0) lib/action_dispatch/middleware/show_exceptions.rb:33:in `call'
railties (5.2.0) lib/rails/rack/logger.rb:38:in `call_app'
railties (5.2.0) lib/rails/rack/logger.rb:26:in `block in call'
activesupport (5.2.0) lib/active_support/tagged_logging.rb:71:in `block in tagged'
activesupport (5.2.0) lib/active_support/tagged_logging.rb:28:in `tagged'
activesupport (5.2.0) lib/active_support/tagged_logging.rb:71:in `tagged'
railties (5.2.0) lib/rails/rack/logger.rb:26:in `call'
sprockets-rails (3.2.1) lib/sprockets/rails/quiet_assets.rb:13:in `call'
actionpack (5.2.0) lib/action_dispatch/middleware/remote_ip.rb:81:in `call'
actionpack (5.2.0) lib/action_dispatch/middleware/request_id.rb:27:in `call'
rack (2.0.5) lib/rack/method_override.rb:22:in `call'
rack (2.0.5) lib/rack/runtime.rb:22:in `call'
activesupport (5.2.0) lib/active_support/cache/strategy/local_cache_middleware.rb:29:in `call'
actionpack (5.2.0) lib/action_dispatch/middleware/executor.rb:14:in `call'
actionpack (5.2.0) lib/action_dispatch/middleware/static.rb:127:in `call'
rack (2.0.5) lib/rack/sendfile.rb:111:in `call'
railties (5.2.0) lib/rails/engine.rb:524:in `call'
puma (3.11.4) lib/puma/configuration.rb:225:in `call'
puma (3.11.4) lib/puma/server.rb:632:in `handle_request'
puma (3.11.4) lib/puma/server.rb:446:in `process_client'
puma (3.11.4) lib/puma/server.rb:306:in `block in run'
puma (3.11.4) lib/puma/thread_pool.rb:120:in `block in spawn_thread'
Started GET "/pets/index" for 127.0.0.1 at 2018-07-11 20:27:25 +1000
Processing by PetsController#index as HTML
  Rendering pets/index.html.erb within layouts/application
  Rendered pets/index.html.erb within layouts/application (0.6ms)
Completed 200 OK in 1432ms (Views: 1422.4ms | ActiveRecord: 0.0ms)


Started GET "/pets/index" for 127.0.0.1 at 2018-07-11 20:28:22 +1000
Processing by PetsController#index as HTML
  Rendering pets/index.html.erb within layouts/application
  Rendered pets/index.html.erb within layouts/application (0.6ms)
Completed 200 OK in 143ms (Views: 126.5ms | ActiveRecord: 0.0ms)


Started GET "/pets/index" for 127.0.0.1 at 2018-07-11 20:28:24 +1000
Processing by PetsController#index as HTML
  Rendering pets/index.html.erb within layouts/application
  Rendered pets/index.html.erb within layouts/application (0.4ms)
Completed 200 OK in 67ms (Views: 63.2ms | ActiveRecord: 0.0ms)


Started GET "/pets/index" for 127.0.0.1 at 2018-07-11 20:34:06 +1000
Processing by PetsController#index as HTML
  Rendering pets/index.html.erb within layouts/application
  Rendered pets/index.html.erb within layouts/application (0.4ms)
Completed 200 OK in 68ms (Views: 58.9ms | ActiveRecord: 0.0ms)


Started GET "/pets/new" for 127.0.0.1 at 2018-07-11 20:34:10 +1000
Processing by PetsController#new as HTML
  Rendering pets/new.html.erb within layouts/application
  Rendered pets/_form.html.erb (4.8ms)
  Rendered pets/new.html.erb within layouts/application (8.6ms)
Completed 500 Internal Server Error in 20ms (ActiveRecord: 0.0ms)


  
ActionView::Template::Error (First argument in form cannot contain nil or be empty):
    1: <%= form_for @pet do |f| %>
    2:   <%= f.label :name %>
    3:   <%= f.text_field :name, :autofocus => true %>
    4: 
  
app/views/pets/_form.html.erb:1:in `_app_views_pets__form_html_erb___2356342399157722691_70356917597960'
app/views/pets/new.html.erb:3:in `_app_views_pets_new_html_erb__3232831154392621126_70356902824520'
Started GET "/pets/new" for 127.0.0.1 at 2018-07-11 20:35:09 +1000
Processing by PetsController#new as HTML
  Rendering pets/new.html.erb within layouts/application
  Rendered pets/_form.html.erb (278.0ms)
  Rendered pets/new.html.erb within layouts/application (283.8ms)
Completed 500 Internal Server Error in 323ms (ActiveRecord: 10.6ms)


  
ActionView::Template::Error (undefined method `pets_path' for #<#<Class:0x00007ffa7e5e7088>:0x00007ffa7e5dee60>
Did you mean?  pets_new_path):
    1: <%= form_for @pet do |f| %>
    2:   <%= f.label :name %>
    3:   <%= f.text_field :name, :autofocus => true %>
    4: 
  
app/views/pets/_form.html.erb:1:in `_app_views_pets__form_html_erb___2356342399157722691_70356919248540'
app/views/pets/new.html.erb:3:in `_app_views_pets_new_html_erb__3232831154392621126_70356919345580'
Started GET "/pets/new" for 127.0.0.1 at 2018-07-11 20:40:21 +1000
Processing by PetsController#new as HTML
  Rendering pets/new.html.erb within layouts/application
  Rendered pets/_form.html.erb (26.3ms)
  Rendered pets/new.html.erb within layouts/application (31.3ms)
Completed 200 OK in 202ms (Views: 85.3ms | ActiveRecord: 8.8ms)


Started GET "/pets/new" for 127.0.0.1 at 2018-07-11 20:43:47 +1000
Processing by PetsController#new as HTML
  Rendering pets/new.html.erb within layouts/application
  Rendered pets/_form.html.erb (2.0ms)
  Rendered pets/new.html.erb within layouts/application (5.0ms)
Completed 200 OK in 18ms (Views: 13.5ms | ActiveRecord: 0.0ms)


Started GET "/stylesheets/app.css" for 127.0.0.1 at 2018-07-11 20:43:47 +1000
  
ActionController::RoutingError (No route matches [GET] "/stylesheets/app.css"):
  
actionpack (5.2.0) lib/action_dispatch/middleware/debug_exceptions.rb:65:in `call'
web-console (3.6.2) lib/web_console/middleware.rb:135:in `call_app'
web-console (3.6.2) lib/web_console/middleware.rb:30:in `block in call'
web-console (3.6.2) lib/web_console/middleware.rb:20:in `catch'
web-console (3.6.2) lib/web_console/middleware.rb:20:in `call'
actionpack (5.2.0) lib/action_dispatch/middleware/show_exceptions.rb:33:in `call'
railties (5.2.0) lib/rails/rack/logger.rb:38:in `call_app'
railties (5.2.0) lib/rails/rack/logger.rb:26:in `block in call'
activesupport (5.2.0) lib/active_support/tagged_logging.rb:71:in `block in tagged'
activesupport (5.2.0) lib/active_support/tagged_logging.rb:28:in `tagged'
activesupport (5.2.0) lib/active_support/tagged_logging.rb:71:in `tagged'
railties (5.2.0) lib/rails/rack/logger.rb:26:in `call'
sprockets-rails (3.2.1) lib/sprockets/rails/quiet_assets.rb:13:in `call'
actionpack (5.2.0) lib/action_dispatch/middleware/remote_ip.rb:81:in `call'
actionpack (5.2.0) lib/action_dispatch/middleware/request_id.rb:27:in `call'
rack (2.0.5) lib/rack/method_override.rb:22:in `call'
rack (2.0.5) lib/rack/runtime.rb:22:in `call'
activesupport (5.2.0) lib/active_support/cache/strategy/local_cache_middleware.rb:29:in `call'
actionpack (5.2.0) lib/action_dispatch/middleware/executor.rb:14:in `call'
actionpack (5.2.0) lib/action_dispatch/middleware/static.rb:127:in `call'
rack (2.0.5) lib/rack/sendfile.rb:111:in `call'
railties (5.2.0) lib/rails/engine.rb:524:in `call'
puma (3.11.4) lib/puma/configuration.rb:225:in `call'
puma (3.11.4) lib/puma/server.rb:632:in `handle_request'
puma (3.11.4) lib/puma/server.rb:446:in `process_client'
puma (3.11.4) lib/puma/server.rb:306:in `block in run'
puma (3.11.4) lib/puma/thread_pool.rb:120:in `block in spawn_thread'
Started GET "/pets/new" for 127.0.0.1 at 2018-07-11 20:44:30 +1000
Processing by PetsController#new as HTML
  Rendering pets/new.html.erb within layouts/application
  Rendered pets/_form.html.erb (2.0ms)
  Rendered pets/new.html.erb within layouts/application (5.1ms)
Completed 200 OK in 18ms (Views: 13.9ms | ActiveRecord: 0.0ms)


Started GET "/stylesheets/app.css" for 127.0.0.1 at 2018-07-11 20:44:30 +1000
  
ActionController::RoutingError (No route matches [GET] "/stylesheets/app.css"):
  
actionpack (5.2.0) lib/action_dispatch/middleware/debug_exceptions.rb:65:in `call'
web-console (3.6.2) lib/web_console/middleware.rb:135:in `call_app'
web-console (3.6.2) lib/web_console/middleware.rb:30:in `block in call'
web-console (3.6.2) lib/web_console/middleware.rb:20:in `catch'
web-console (3.6.2) lib/web_console/middleware.rb:20:in `call'
actionpack (5.2.0) lib/action_dispatch/middleware/show_exceptions.rb:33:in `call'
railties (5.2.0) lib/rails/rack/logger.rb:38:in `call_app'
railties (5.2.0) lib/rails/rack/logger.rb:26:in `block in call'
activesupport (5.2.0) lib/active_support/tagged_logging.rb:71:in `block in tagged'
activesupport (5.2.0) lib/active_support/tagged_logging.rb:28:in `tagged'
activesupport (5.2.0) lib/active_support/tagged_logging.rb:71:in `tagged'
railties (5.2.0) lib/rails/rack/logger.rb:26:in `call'
sprockets-rails (3.2.1) lib/sprockets/rails/quiet_assets.rb:13:in `call'
actionpack (5.2.0) lib/action_dispatch/middleware/remote_ip.rb:81:in `call'
actionpack (5.2.0) lib/action_dispatch/middleware/request_id.rb:27:in `call'
rack (2.0.5) lib/rack/method_override.rb:22:in `call'
rack (2.0.5) lib/rack/runtime.rb:22:in `call'
activesupport (5.2.0) lib/active_support/cache/strategy/local_cache_middleware.rb:29:in `call'
actionpack (5.2.0) lib/action_dispatch/middleware/executor.rb:14:in `call'
actionpack (5.2.0) lib/action_dispatch/middleware/static.rb:127:in `call'
rack (2.0.5) lib/rack/sendfile.rb:111:in `call'
railties (5.2.0) lib/rails/engine.rb:524:in `call'
puma (3.11.4) lib/puma/configuration.rb:225:in `call'
puma (3.11.4) lib/puma/server.rb:632:in `handle_request'
puma (3.11.4) lib/puma/server.rb:446:in `process_client'
puma (3.11.4) lib/puma/server.rb:306:in `block in run'
puma (3.11.4) lib/puma/thread_pool.rb:120:in `block in spawn_thread'
