  [1m[35m (866.1ms)[0m  [1m[35mCREATE DATABASE "book_development" ENCODING = 'unicode'[0m
  ↳ bin/rails:9
  [1m[35m (562.2ms)[0m  [1m[35mCREATE DATABASE "book_test" ENCODING = 'unicode'[0m
  ↳ bin/rails:9
  [1m[35m (6.9ms)[0m  [1m[35mCREATE DATABASE "book_development" ENCODING = 'unicode'[0m
  ↳ bin/rails:9
  [1m[35m (1.2ms)[0m  [1m[35mCREATE DATABASE "book_test" ENCODING = 'unicode'[0m
  ↳ bin/rails:9
  [1m[35m (315.8ms)[0m  [1m[35mCREATE TABLE "schema_migrations" ("version" character varying NOT NULL PRIMARY KEY)[0m
  ↳ bin/rails:9
  [1m[35m (49.6ms)[0m  [1m[35mCREATE TABLE "ar_internal_metadata" ("key" character varying NOT NULL PRIMARY KEY, "value" character varying, "created_at" timestamp NOT NULL, "updated_at" timestamp NOT NULL)[0m
  ↳ bin/rails:9
  [1m[35m (3.8ms)[0m  [1m[34mSELECT pg_try_advisory_lock(5034401897551617150)[0m
  ↳ bin/rails:9
  [1m[35m (8.9ms)[0m  [1m[34mSELECT "schema_migrations"."version" FROM "schema_migrations" ORDER BY "schema_migrations"."version" ASC[0m
  ↳ bin/rails:9
Migrating to CreateWriter (20180711141241)
  [1m[35m (4.7ms)[0m  [1m[35mBEGIN[0m
  ↳ bin/rails:9
  [1m[35m (48.9ms)[0m  [1m[35mCREATE TABLE "writers" ("id" bigserial primary key, "name" text, "family" text, "image" text, "created_at" timestamp NOT NULL, "updated_at" timestamp NOT NULL)[0m
  ↳ db/migrate/20180711141241_create_writer.rb:3
  [1m[36mActiveRecord::SchemaMigration Create (33.3ms)[0m  [1m[32mINSERT INTO "schema_migrations" ("version") VALUES ($1) RETURNING "version"[0m  [["version", "20180711141241"]]
  ↳ bin/rails:9
  [1m[35m (3.0ms)[0m  [1m[35mCOMMIT[0m
  ↳ bin/rails:9
Migrating to CreateBooks (20180711141305)
  [1m[35m (0.8ms)[0m  [1m[35mBEGIN[0m
  ↳ bin/rails:9
  [1m[35m (23.9ms)[0m  [1m[35mCREATE TABLE "books" ("id" bigserial primary key, "title" text, "images" text, "writer_id" integer, "created_at" timestamp NOT NULL, "updated_at" timestamp NOT NULL)[0m
  ↳ db/migrate/20180711141305_create_books.rb:3
  [1m[36mActiveRecord::SchemaMigration Create (0.9ms)[0m  [1m[32mINSERT INTO "schema_migrations" ("version") VALUES ($1) RETURNING "version"[0m  [["version", "20180711141305"]]
  ↳ bin/rails:9
  [1m[35m (1.2ms)[0m  [1m[35mCOMMIT[0m
  ↳ bin/rails:9
  [1m[36mActiveRecord::InternalMetadata Load (1.2ms)[0m  [1m[34mSELECT  "ar_internal_metadata".* FROM "ar_internal_metadata" WHERE "ar_internal_metadata"."key" = $1 LIMIT $2[0m  [["key", "environment"], ["LIMIT", 1]]
  ↳ bin/rails:9
  [1m[35m (0.2ms)[0m  [1m[35mBEGIN[0m
  ↳ bin/rails:9
  [1m[36mActiveRecord::InternalMetadata Create (1.6ms)[0m  [1m[32mINSERT INTO "ar_internal_metadata" ("key", "value", "created_at", "updated_at") VALUES ($1, $2, $3, $4) RETURNING "key"[0m  [["key", "environment"], ["value", "development"], ["created_at", "2018-07-11 23:03:50.222600"], ["updated_at", "2018-07-11 23:03:50.222600"]]
  ↳ bin/rails:9
  [1m[35m (10.6ms)[0m  [1m[35mCOMMIT[0m
  ↳ bin/rails:9
  [1m[35m (0.6ms)[0m  [1m[34mSELECT pg_advisory_unlock(5034401897551617150)[0m
  ↳ bin/rails:9
  [1m[35m (4.2ms)[0m  [1m[34mSELECT "schema_migrations"."version" FROM "schema_migrations" ORDER BY "schema_migrations"."version" ASC[0m
  ↳ bin/rails:9
  [1m[35m (1.8ms)[0m  [1m[34mSELECT "schema_migrations"."version" FROM "schema_migrations" ORDER BY "schema_migrations"."version" ASC[0m
  ↳ bin/rails:9
  [1m[35m (8.1ms)[0m  [1m[34mSELECT "schema_migrations"."version" FROM "schema_migrations" ORDER BY "schema_migrations"."version" ASC[0m
  ↳ bin/rails:9
  [1m[36mWriter Load (1.7ms)[0m  [1m[34mSELECT "writers".* FROM "writers"[0m
  ↳ db/seeds.rb:8
  [1m[35m (3.8ms)[0m  [1m[35mBEGIN[0m
  ↳ db/seeds.rb:10
  [1m[36mWriter Create (6.9ms)[0m  [1m[32mINSERT INTO "writers" ("name", "family", "image", "created_at", "updated_at") VALUES ($1, $2, $3, $4, $5) RETURNING "id"[0m  [["name", "Harper"], ["family", "Lee"], ["image", "https://upload.wikimedia.org/wikipedia/commons/5/5f/HarperLee_2007Nov05.jpg"], ["created_at", "2018-07-11 23:06:41.929459"], ["updated_at", "2018-07-11 23:06:41.929459"]]
  ↳ db/seeds.rb:10
  [1m[35m (3.1ms)[0m  [1m[35mCOMMIT[0m
  ↳ db/seeds.rb:10
  [1m[35m (0.4ms)[0m  [1m[35mBEGIN[0m
  ↳ db/seeds.rb:17
  [1m[36mWriter Create (25.1ms)[0m  [1m[32mINSERT INTO "writers" ("name", "family", "image", "created_at", "updated_at") VALUES ($1, $2, $3, $4, $5) RETURNING "id"[0m  [["name", "Markus"], ["family", "Zusak"], ["image", "https://upload.wikimedia.org/wikipedia/commons/thumb/f/f3/Zusak%2C_Markus._2013._Credit_Page_Thirteen.jpg/220px-Zusak%2C_Markus._2013._Credit_Page_Thirteen.jpg"], ["created_at", "2018-07-11 23:06:41.944957"], ["updated_at", "2018-07-11 23:06:41.944957"]]
  ↳ db/seeds.rb:17
  [1m[35m (2.5ms)[0m  [1m[35mCOMMIT[0m
  ↳ db/seeds.rb:17
  [1m[35m (16.1ms)[0m  [1m[34mSELECT "schema_migrations"."version" FROM "schema_migrations" ORDER BY "schema_migrations"."version" ASC[0m
  ↳ bin/rails:9
  [1m[36mWriter Load (11.5ms)[0m  [1m[34mSELECT "writers".* FROM "writers"[0m
  ↳ db/seeds.rb:8
  [1m[35m (0.3ms)[0m  [1m[35mBEGIN[0m
  ↳ db/seeds.rb:8
  [1m[36mWriter Destroy (193.8ms)[0m  [1m[31mDELETE FROM "writers" WHERE "writers"."id" = $1[0m  [["id", 1]]
  ↳ db/seeds.rb:8
  [1m[35m (3.8ms)[0m  [1m[35mCOMMIT[0m
  ↳ db/seeds.rb:8
  [1m[35m (1.2ms)[0m  [1m[35mBEGIN[0m
  ↳ db/seeds.rb:8
  [1m[36mWriter Destroy (0.9ms)[0m  [1m[31mDELETE FROM "writers" WHERE "writers"."id" = $1[0m  [["id", 2]]
  ↳ db/seeds.rb:8
  [1m[35m (2.2ms)[0m  [1m[35mCOMMIT[0m
  ↳ db/seeds.rb:8
  [1m[35m (0.3ms)[0m  [1m[35mBEGIN[0m
  ↳ db/seeds.rb:10
  [1m[36mWriter Create (3.2ms)[0m  [1m[32mINSERT INTO "writers" ("name", "family", "image", "created_at", "updated_at") VALUES ($1, $2, $3, $4, $5) RETURNING "id"[0m  [["name", "Harper"], ["family", "Lee"], ["image", "https://upload.wikimedia.org/wikipedia/commons/5/5f/HarperLee_2007Nov05.jpg"], ["created_at", "2018-07-11 23:09:28.836651"], ["updated_at", "2018-07-11 23:09:28.836651"]]
  ↳ db/seeds.rb:10
  [1m[35m (7.8ms)[0m  [1m[35mCOMMIT[0m
  ↳ db/seeds.rb:10
  [1m[35m (0.3ms)[0m  [1m[35mBEGIN[0m
  ↳ db/seeds.rb:17
  [1m[36mWriter Create (0.7ms)[0m  [1m[32mINSERT INTO "writers" ("name", "family", "image", "created_at", "updated_at") VALUES ($1, $2, $3, $4, $5) RETURNING "id"[0m  [["name", "Markus"], ["family", "Zusak"], ["image", "https://upload.wikimedia.org/wikipedia/commons/thumb/f/f3/Zusak%2C_Markus._2013._Credit_Page_Thirteen.jpg/220px-Zusak%2C_Markus._2013._Credit_Page_Thirteen.jpg"], ["created_at", "2018-07-11 23:09:28.851430"], ["updated_at", "2018-07-11 23:09:28.851430"]]
  ↳ db/seeds.rb:17
  [1m[35m (2.3ms)[0m  [1m[35mCOMMIT[0m
  ↳ db/seeds.rb:17
  [1m[35m (2.3ms)[0m  [1m[34mSELECT "schema_migrations"."version" FROM "schema_migrations" ORDER BY "schema_migrations"."version" ASC[0m
  ↳ bin/rails:9
  [1m[36mWriter Load (1.3ms)[0m  [1m[34mSELECT "writers".* FROM "writers"[0m
  ↳ db/seeds.rb:8
  [1m[35m (0.3ms)[0m  [1m[35mBEGIN[0m
  ↳ db/seeds.rb:8
  [1m[36mWriter Destroy (1.2ms)[0m  [1m[31mDELETE FROM "writers" WHERE "writers"."id" = $1[0m  [["id", 3]]
  ↳ db/seeds.rb:8
  [1m[35m (2.5ms)[0m  [1m[35mCOMMIT[0m
  ↳ db/seeds.rb:8
  [1m[35m (0.2ms)[0m  [1m[35mBEGIN[0m
  ↳ db/seeds.rb:8
  [1m[36mWriter Destroy (0.9ms)[0m  [1m[31mDELETE FROM "writers" WHERE "writers"."id" = $1[0m  [["id", 4]]
  ↳ db/seeds.rb:8
  [1m[35m (2.2ms)[0m  [1m[35mCOMMIT[0m
  ↳ db/seeds.rb:8
  [1m[35m (0.2ms)[0m  [1m[35mBEGIN[0m
  ↳ db/seeds.rb:10
  [1m[36mWriter Create (2.8ms)[0m  [1m[32mINSERT INTO "writers" ("name", "family", "image", "created_at", "updated_at") VALUES ($1, $2, $3, $4, $5) RETURNING "id"[0m  [["name", "Harper"], ["family", "Lee"], ["image", "https://upload.wikimedia.org/wikipedia/commons/5/5f/HarperLee_2007Nov05.jpg"], ["created_at", "2018-07-11 23:11:01.913097"], ["updated_at", "2018-07-11 23:11:01.913097"]]
  ↳ db/seeds.rb:10
  [1m[35m (2.5ms)[0m  [1m[35mCOMMIT[0m
  ↳ db/seeds.rb:10
  [1m[35m (0.2ms)[0m  [1m[35mBEGIN[0m
  ↳ db/seeds.rb:17
  [1m[36mWriter Create (0.6ms)[0m  [1m[32mINSERT INTO "writers" ("name", "family", "image", "created_at", "updated_at") VALUES ($1, $2, $3, $4, $5) RETURNING "id"[0m  [["name", "Markus"], ["family", "Zusak"], ["image", "https://upload.wikimedia.org/wikipedia/commons/thumb/f/f3/Zusak%2C_Markus._2013._Credit_Page_Thirteen.jpg/220px-Zusak%2C_Markus._2013._Credit_Page_Thirteen.jpg"], ["created_at", "2018-07-11 23:11:01.921074"], ["updated_at", "2018-07-11 23:11:01.921074"]]
  ↳ db/seeds.rb:17
  [1m[35m (2.4ms)[0m  [1m[35mCOMMIT[0m
  ↳ db/seeds.rb:17
  [1m[35m (6.0ms)[0m  [1m[34mSELECT "schema_migrations"."version" FROM "schema_migrations" ORDER BY "schema_migrations"."version" ASC[0m
  ↳ bin/rails:9
  [1m[36mWriter Load (1.2ms)[0m  [1m[34mSELECT "writers".* FROM "writers"[0m
  ↳ db/seeds.rb:8
  [1m[35m (0.5ms)[0m  [1m[35mBEGIN[0m
  ↳ db/seeds.rb:8
  [1m[36mWriter Destroy (1.3ms)[0m  [1m[31mDELETE FROM "writers" WHERE "writers"."id" = $1[0m  [["id", 5]]
  ↳ db/seeds.rb:8
  [1m[35m (3.2ms)[0m  [1m[35mCOMMIT[0m
  ↳ db/seeds.rb:8
  [1m[35m (0.4ms)[0m  [1m[35mBEGIN[0m
  ↳ db/seeds.rb:8
  [1m[36mWriter Destroy (1.1ms)[0m  [1m[31mDELETE FROM "writers" WHERE "writers"."id" = $1[0m  [["id", 6]]
  ↳ db/seeds.rb:8
  [1m[35m (2.3ms)[0m  [1m[35mCOMMIT[0m
  ↳ db/seeds.rb:8
  [1m[35m (0.3ms)[0m  [1m[35mBEGIN[0m
  ↳ db/seeds.rb:10
  [1m[36mWriter Create (2.9ms)[0m  [1m[32mINSERT INTO "writers" ("name", "family", "image", "created_at", "updated_at") VALUES ($1, $2, $3, $4, $5) RETURNING "id"[0m  [["name", "Harper"], ["family", "Lee"], ["image", "https://upload.wikimedia.org/wikipedia/commons/5/5f/HarperLee_2007Nov05.jpg"], ["created_at", "2018-07-11 23:16:28.326616"], ["updated_at", "2018-07-11 23:16:28.326616"]]
  ↳ db/seeds.rb:10
  [1m[35m (3.4ms)[0m  [1m[35mCOMMIT[0m
  ↳ db/seeds.rb:10
  [1m[35m (0.2ms)[0m  [1m[35mBEGIN[0m
  ↳ db/seeds.rb:17
  [1m[36mWriter Create (0.5ms)[0m  [1m[32mINSERT INTO "writers" ("name", "family", "image", "created_at", "updated_at") VALUES ($1, $2, $3, $4, $5) RETURNING "id"[0m  [["name", "Markus"], ["family", "Zusak"], ["image", "https://upload.wikimedia.org/wikipedia/commons/thumb/f/f3/Zusak%2C_Markus._2013._Credit_Page_Thirteen.jpg/220px-Zusak%2C_Markus._2013._Credit_Page_Thirteen.jpg"], ["created_at", "2018-07-11 23:16:28.336794"], ["updated_at", "2018-07-11 23:16:28.336794"]]
  ↳ db/seeds.rb:17
  [1m[35m (2.8ms)[0m  [1m[35mCOMMIT[0m
  ↳ db/seeds.rb:17
  [1m[35m (3.1ms)[0m  [1m[34mSELECT "schema_migrations"."version" FROM "schema_migrations" ORDER BY "schema_migrations"."version" ASC[0m
  ↳ bin/rails:9
  [1m[35m (3.0ms)[0m  [1m[34mSELECT "ar_internal_metadata"."value" FROM "ar_internal_metadata" WHERE "ar_internal_metadata"."key" = $1[0m  [["key", "environment"]]
  ↳ bin/rails:9
  [1m[35m (0.4ms)[0m  [1m[34mSELECT "schema_migrations"."version" FROM "schema_migrations" ORDER BY "schema_migrations"."version" ASC[0m
  ↳ bin/rails:9
  [1m[35m (0.4ms)[0m  [1m[34mSELECT "ar_internal_metadata"."value" FROM "ar_internal_metadata" WHERE "ar_internal_metadata"."key" = $1[0m  [["key", "environment"]]
  ↳ bin/rails:9
  [1m[35m (0.4ms)[0m  [1m[34mSELECT "schema_migrations"."version" FROM "schema_migrations" ORDER BY "schema_migrations"."version" ASC[0m
  ↳ bin/rails:9
  [1m[35m (0.3ms)[0m  [1m[34mSELECT "ar_internal_metadata"."value" FROM "ar_internal_metadata" WHERE "ar_internal_metadata"."key" = $1[0m  [["key", "environment"]]
  ↳ bin/rails:9
  [1m[35m (245.5ms)[0m  [1m[35mDROP DATABASE IF EXISTS "book_development"[0m
  ↳ bin/rails:9
  [1m[35m (196.8ms)[0m  [1m[35mDROP DATABASE IF EXISTS "book_test"[0m
  ↳ bin/rails:9
  [1m[35m (559.6ms)[0m  [1m[35mCREATE DATABASE "book_development" ENCODING = 'unicode'[0m
  ↳ bin/rails:9
  [1m[35m (639.2ms)[0m  [1m[35mCREATE DATABASE "book_test" ENCODING = 'unicode'[0m
  ↳ bin/rails:9
  [1m[35m (38.2ms)[0m  [1m[35mCREATE TABLE "schema_migrations" ("version" character varying NOT NULL PRIMARY KEY)[0m
  ↳ bin/rails:9
  [1m[35m (25.2ms)[0m  [1m[35mCREATE TABLE "ar_internal_metadata" ("key" character varying NOT NULL PRIMARY KEY, "value" character varying, "created_at" timestamp NOT NULL, "updated_at" timestamp NOT NULL)[0m
  ↳ bin/rails:9
  [1m[35m (0.7ms)[0m  [1m[34mSELECT pg_try_advisory_lock(5034401897551617150)[0m
  ↳ bin/rails:9
  [1m[35m (3.7ms)[0m  [1m[34mSELECT "schema_migrations"."version" FROM "schema_migrations" ORDER BY "schema_migrations"."version" ASC[0m
  ↳ bin/rails:9
Migrating to CreateWriters (20180711141241)
  [1m[35m (0.4ms)[0m  [1m[35mBEGIN[0m
  ↳ bin/rails:9
  [1m[35m (30.3ms)[0m  [1m[35mCREATE TABLE "writers" ("id" bigserial primary key, "name" text, "family" text, "image" text, "created_at" timestamp NOT NULL, "updated_at" timestamp NOT NULL)[0m
  ↳ db/migrate/20180711141241_create_writers.rb:3
  [1m[36mActiveRecord::SchemaMigration Create (0.8ms)[0m  [1m[32mINSERT INTO "schema_migrations" ("version") VALUES ($1) RETURNING "version"[0m  [["version", "20180711141241"]]
  ↳ bin/rails:9
  [1m[35m (4.4ms)[0m  [1m[35mCOMMIT[0m
  ↳ bin/rails:9
Migrating to CreateBooks (20180711141305)
  [1m[35m (5.6ms)[0m  [1m[35mBEGIN[0m
  ↳ bin/rails:9
  [1m[35m (22.6ms)[0m  [1m[35mCREATE TABLE "books" ("id" bigserial primary key, "title" text, "images" text, "writer_id" integer, "created_at" timestamp NOT NULL, "updated_at" timestamp NOT NULL)[0m
  ↳ db/migrate/20180711141305_create_books.rb:3
  [1m[36mActiveRecord::SchemaMigration Create (116.3ms)[0m  [1m[32mINSERT INTO "schema_migrations" ("version") VALUES ($1) RETURNING "version"[0m  [["version", "20180711141305"]]
  ↳ bin/rails:9
  [1m[35m (26.1ms)[0m  [1m[35mCOMMIT[0m
  ↳ bin/rails:9
  [1m[36mActiveRecord::InternalMetadata Load (0.7ms)[0m  [1m[34mSELECT  "ar_internal_metadata".* FROM "ar_internal_metadata" WHERE "ar_internal_metadata"."key" = $1 LIMIT $2[0m  [["key", "environment"], ["LIMIT", 1]]
  ↳ bin/rails:9
  [1m[35m (0.2ms)[0m  [1m[35mBEGIN[0m
  ↳ bin/rails:9
  [1m[36mActiveRecord::InternalMetadata Create (1.7ms)[0m  [1m[32mINSERT INTO "ar_internal_metadata" ("key", "value", "created_at", "updated_at") VALUES ($1, $2, $3, $4) RETURNING "key"[0m  [["key", "environment"], ["value", "development"], ["created_at", "2018-07-11 23:20:13.778684"], ["updated_at", "2018-07-11 23:20:13.778684"]]
  ↳ bin/rails:9
  [1m[35m (1.0ms)[0m  [1m[35mCOMMIT[0m
  ↳ bin/rails:9
  [1m[35m (0.9ms)[0m  [1m[34mSELECT pg_advisory_unlock(5034401897551617150)[0m
  ↳ bin/rails:9
  [1m[35m (0.7ms)[0m  [1m[34mSELECT "schema_migrations"."version" FROM "schema_migrations" ORDER BY "schema_migrations"."version" ASC[0m
  ↳ bin/rails:9
  [1m[35m (1.6ms)[0m  [1m[34mSELECT "schema_migrations"."version" FROM "schema_migrations" ORDER BY "schema_migrations"."version" ASC[0m
  ↳ bin/rails:9
  [1m[36mWriter Load (3.5ms)[0m  [1m[34mSELECT "writers".* FROM "writers"[0m
  ↳ db/seeds.rb:8
  [1m[35m (0.3ms)[0m  [1m[35mBEGIN[0m
  ↳ db/seeds.rb:10
  [1m[36mWriter Create (1.0ms)[0m  [1m[32mINSERT INTO "writers" ("name", "family", "image", "created_at", "updated_at") VALUES ($1, $2, $3, $4, $5) RETURNING "id"[0m  [["name", "Harper"], ["family", "Lee"], ["image", "https://upload.wikimedia.org/wikipedia/commons/5/5f/HarperLee_2007Nov05.jpg"], ["created_at", "2018-07-11 23:20:32.683623"], ["updated_at", "2018-07-11 23:20:32.683623"]]
  ↳ db/seeds.rb:10
  [1m[35m (2.3ms)[0m  [1m[35mCOMMIT[0m
  ↳ db/seeds.rb:10
  [1m[35m (0.2ms)[0m  [1m[35mBEGIN[0m
  ↳ db/seeds.rb:17
  [1m[36mWriter Create (0.6ms)[0m  [1m[32mINSERT INTO "writers" ("name", "family", "image", "created_at", "updated_at") VALUES ($1, $2, $3, $4, $5) RETURNING "id"[0m  [["name", "Markus"], ["family", "Zusak"], ["image", "https://upload.wikimedia.org/wikipedia/commons/thumb/f/f3/Zusak%2C_Markus._2013._Credit_Page_Thirteen.jpg/220px-Zusak%2C_Markus._2013._Credit_Page_Thirteen.jpg"], ["created_at", "2018-07-11 23:20:32.689483"], ["updated_at", "2018-07-11 23:20:32.689483"]]
  ↳ db/seeds.rb:17
  [1m[35m (2.1ms)[0m  [1m[35mCOMMIT[0m
  ↳ db/seeds.rb:17
  [1m[36mWriter Load (17.8ms)[0m  [1m[34mSELECT  "writers".* FROM "writers" LIMIT $1[0m  [["LIMIT", 11]]
  [1m[35m (14.8ms)[0m  [1m[34mSELECT "schema_migrations"."version" FROM "schema_migrations" ORDER BY "schema_migrations"."version" ASC[0m
  ↳ bin/rails:9
  [1m[36mWriter Load (1.1ms)[0m  [1m[34mSELECT "writers".* FROM "writers"[0m
  ↳ db/seeds.rb:8
  [1m[35m (5.7ms)[0m  [1m[35mBEGIN[0m
  ↳ db/seeds.rb:8
  [1m[36mWriter Destroy (30.8ms)[0m  [1m[31mDELETE FROM "writers" WHERE "writers"."id" = $1[0m  [["id", 1]]
  ↳ db/seeds.rb:8
  [1m[35m (2.6ms)[0m  [1m[35mCOMMIT[0m
  ↳ db/seeds.rb:8
  [1m[35m (0.8ms)[0m  [1m[35mBEGIN[0m
  ↳ db/seeds.rb:8
  [1m[36mWriter Destroy (1.0ms)[0m  [1m[31mDELETE FROM "writers" WHERE "writers"."id" = $1[0m  [["id", 2]]
  ↳ db/seeds.rb:8
  [1m[35m (0.6ms)[0m  [1m[35mCOMMIT[0m
  ↳ db/seeds.rb:8
  [1m[35m (0.3ms)[0m  [1m[35mBEGIN[0m
  ↳ db/seeds.rb:10
  [1m[36mWriter Create (5.7ms)[0m  [1m[32mINSERT INTO "writers" ("name", "family", "image", "created_at", "updated_at") VALUES ($1, $2, $3, $4, $5) RETURNING "id"[0m  [["name", "Harper"], ["family", "Lee"], ["image", "https://upload.wikimedia.org/wikipedia/commons/5/5f/HarperLee_2007Nov05.jpg"], ["created_at", "2018-07-11 23:31:47.470610"], ["updated_at", "2018-07-11 23:31:47.470610"]]
  ↳ db/seeds.rb:10
  [1m[35m (2.6ms)[0m  [1m[35mCOMMIT[0m
  ↳ db/seeds.rb:10
  [1m[35m (0.5ms)[0m  [1m[35mBEGIN[0m
  ↳ db/seeds.rb:17
  [1m[36mWriter Create (0.5ms)[0m  [1m[32mINSERT INTO "writers" ("name", "family", "image", "created_at", "updated_at") VALUES ($1, $2, $3, $4, $5) RETURNING "id"[0m  [["name", "Markus"], ["family", "Zusak"], ["image", "https://upload.wikimedia.org/wikipedia/commons/thumb/f/f3/Zusak%2C_Markus._2013._Credit_Page_Thirteen.jpg/220px-Zusak%2C_Markus._2013._Credit_Page_Thirteen.jpg"], ["created_at", "2018-07-11 23:31:47.482473"], ["updated_at", "2018-07-11 23:31:47.482473"]]
  ↳ db/seeds.rb:17
  [1m[35m (2.1ms)[0m  [1m[35mCOMMIT[0m
  ↳ db/seeds.rb:17
  [1m[36mWriter Load (0.8ms)[0m  [1m[34mSELECT "writers".* FROM "writers"[0m
  [1m[35m (0.2ms)[0m  [1m[35mBEGIN[0m
  [1m[36mWriter Destroy (0.9ms)[0m  [1m[31mDELETE FROM "writers" WHERE "writers"."id" = $1[0m  [["id", 3]]
  [1m[35m (2.3ms)[0m  [1m[35mCOMMIT[0m
  [1m[35m (0.2ms)[0m  [1m[35mBEGIN[0m
  [1m[36mWriter Destroy (1.0ms)[0m  [1m[31mDELETE FROM "writers" WHERE "writers"."id" = $1[0m  [["id", 4]]
  [1m[35m (2.2ms)[0m  [1m[35mCOMMIT[0m
  [1m[35m (1.2ms)[0m  [1m[34mSELECT "schema_migrations"."version" FROM "schema_migrations" ORDER BY "schema_migrations"."version" ASC[0m
  ↳ bin/rails:9
  [1m[36mWriter Load (0.8ms)[0m  [1m[34mSELECT "writers".* FROM "writers"[0m
  ↳ db/seeds.rb:8
  [1m[35m (0.3ms)[0m  [1m[35mBEGIN[0m
  ↳ db/seeds.rb:10
  [1m[36mWriter Create (0.8ms)[0m  [1m[32mINSERT INTO "writers" ("name", "family", "image", "created_at", "updated_at") VALUES ($1, $2, $3, $4, $5) RETURNING "id"[0m  [["name", "Harper"], ["family", "Lee"], ["image", "https://upload.wikimedia.org/wikipedia/commons/5/5f/HarperLee_2007Nov05.jpg"], ["created_at", "2018-07-11 23:32:55.226097"], ["updated_at", "2018-07-11 23:32:55.226097"]]
  ↳ db/seeds.rb:10
  [1m[35m (2.3ms)[0m  [1m[35mCOMMIT[0m
  ↳ db/seeds.rb:10
  [1m[35m (0.2ms)[0m  [1m[35mBEGIN[0m
  ↳ db/seeds.rb:17
  [1m[36mWriter Create (0.6ms)[0m  [1m[32mINSERT INTO "writers" ("name", "family", "image", "created_at", "updated_at") VALUES ($1, $2, $3, $4, $5) RETURNING "id"[0m  [["name", "Markus"], ["family", "Zusak"], ["image", "https://upload.wikimedia.org/wikipedia/commons/thumb/f/f3/Zusak%2C_Markus._2013._Credit_Page_Thirteen.jpg/220px-Zusak%2C_Markus._2013._Credit_Page_Thirteen.jpg"], ["created_at", "2018-07-11 23:32:55.231693"], ["updated_at", "2018-07-11 23:32:55.231693"]]
  ↳ db/seeds.rb:17
  [1m[35m (2.4ms)[0m  [1m[35mCOMMIT[0m
  ↳ db/seeds.rb:17
  [1m[35m (1.4ms)[0m  [1m[34mSELECT "schema_migrations"."version" FROM "schema_migrations" ORDER BY "schema_migrations"."version" ASC[0m
  ↳ bin/rails:9
  [1m[36mWriter Load (0.8ms)[0m  [1m[34mSELECT "writers".* FROM "writers"[0m
  ↳ db/seeds.rb:8
  [1m[35m (0.3ms)[0m  [1m[35mBEGIN[0m
  ↳ db/seeds.rb:8
  [1m[36mWriter Destroy (0.7ms)[0m  [1m[31mDELETE FROM "writers" WHERE "writers"."id" = $1[0m  [["id", 5]]
  ↳ db/seeds.rb:8
  [1m[35m (2.3ms)[0m  [1m[35mCOMMIT[0m
  ↳ db/seeds.rb:8
  [1m[35m (0.4ms)[0m  [1m[35mBEGIN[0m
  ↳ db/seeds.rb:8
  [1m[36mWriter Destroy (0.5ms)[0m  [1m[31mDELETE FROM "writers" WHERE "writers"."id" = $1[0m  [["id", 6]]
  ↳ db/seeds.rb:8
  [1m[35m (2.2ms)[0m  [1m[35mCOMMIT[0m
  ↳ db/seeds.rb:8
  [1m[35m (0.2ms)[0m  [1m[35mBEGIN[0m
  ↳ db/seeds.rb:10
  [1m[36mWriter Create (0.8ms)[0m  [1m[32mINSERT INTO "writers" ("name", "family", "image", "created_at", "updated_at") VALUES ($1, $2, $3, $4, $5) RETURNING "id"[0m  [["name", "Harper"], ["family", "Lee"], ["image", "https://upload.wikimedia.org/wikipedia/commons/5/5f/HarperLee_2007Nov05.jpg"], ["created_at", "2018-07-11 23:33:04.476933"], ["updated_at", "2018-07-11 23:33:04.476933"]]
  ↳ db/seeds.rb:10
  [1m[35m (2.2ms)[0m  [1m[35mCOMMIT[0m
  ↳ db/seeds.rb:10
  [1m[35m (0.2ms)[0m  [1m[35mBEGIN[0m
  ↳ db/seeds.rb:17
  [1m[36mWriter Create (0.5ms)[0m  [1m[32mINSERT INTO "writers" ("name", "family", "image", "created_at", "updated_at") VALUES ($1, $2, $3, $4, $5) RETURNING "id"[0m  [["name", "Markus"], ["family", "Zusak"], ["image", "https://upload.wikimedia.org/wikipedia/commons/thumb/f/f3/Zusak%2C_Markus._2013._Credit_Page_Thirteen.jpg/220px-Zusak%2C_Markus._2013._Credit_Page_Thirteen.jpg"], ["created_at", "2018-07-11 23:33:04.482265"], ["updated_at", "2018-07-11 23:33:04.482265"]]
  ↳ db/seeds.rb:17
  [1m[35m (2.2ms)[0m  [1m[35mCOMMIT[0m
  ↳ db/seeds.rb:17
  [1m[35m (1.2ms)[0m  [1m[34mSELECT "schema_migrations"."version" FROM "schema_migrations" ORDER BY "schema_migrations"."version" ASC[0m
  ↳ bin/rails:9
  [1m[36mWriter Load (0.8ms)[0m  [1m[34mSELECT "writers".* FROM "writers"[0m
  ↳ db/seeds.rb:8
  [1m[35m (0.3ms)[0m  [1m[35mBEGIN[0m
  ↳ db/seeds.rb:8
  [1m[36mWriter Destroy (0.8ms)[0m  [1m[31mDELETE FROM "writers" WHERE "writers"."id" = $1[0m  [["id", 7]]
  ↳ db/seeds.rb:8
  [1m[35m (2.2ms)[0m  [1m[35mCOMMIT[0m
  ↳ db/seeds.rb:8
  [1m[35m (0.2ms)[0m  [1m[35mBEGIN[0m
  ↳ db/seeds.rb:8
  [1m[36mWriter Destroy (0.5ms)[0m  [1m[31mDELETE FROM "writers" WHERE "writers"."id" = $1[0m  [["id", 8]]
  ↳ db/seeds.rb:8
  [1m[35m (2.3ms)[0m  [1m[35mCOMMIT[0m
  ↳ db/seeds.rb:8
  [1m[35m (0.2ms)[0m  [1m[35mBEGIN[0m
  ↳ db/seeds.rb:10
  [1m[36mWriter Create (0.8ms)[0m  [1m[32mINSERT INTO "writers" ("name", "family", "image", "created_at", "updated_at") VALUES ($1, $2, $3, $4, $5) RETURNING "id"[0m  [["name", "Harper"], ["family", "Lee"], ["image", "https://upload.wikimedia.org/wikipedia/commons/5/5f/HarperLee_2007Nov05.jpg"], ["created_at", "2018-07-11 23:34:04.565868"], ["updated_at", "2018-07-11 23:34:04.565868"]]
  ↳ db/seeds.rb:10
  [1m[35m (2.2ms)[0m  [1m[35mCOMMIT[0m
  ↳ db/seeds.rb:10
  [1m[35m (0.2ms)[0m  [1m[35mBEGIN[0m
  ↳ db/seeds.rb:17
  [1m[36mWriter Create (0.5ms)[0m  [1m[32mINSERT INTO "writers" ("name", "family", "image", "created_at", "updated_at") VALUES ($1, $2, $3, $4, $5) RETURNING "id"[0m  [["name", "Markus"], ["family", "Zusak"], ["image", "https://upload.wikimedia.org/wikipedia/commons/thumb/f/f3/Zusak%2C_Markus._2013._Credit_Page_Thirteen.jpg/220px-Zusak%2C_Markus._2013._Credit_Page_Thirteen.jpg"], ["created_at", "2018-07-11 23:34:04.571194"], ["updated_at", "2018-07-11 23:34:04.571194"]]
  ↳ db/seeds.rb:17
  [1m[35m (2.1ms)[0m  [1m[35mCOMMIT[0m
  ↳ db/seeds.rb:17
  [1m[35m (1.3ms)[0m  [1m[34mSELECT "schema_migrations"."version" FROM "schema_migrations" ORDER BY "schema_migrations"."version" ASC[0m
  ↳ bin/rails:9
  [1m[35m (0.4ms)[0m  [1m[34mSELECT "schema_migrations"."version" FROM "schema_migrations" ORDER BY "schema_migrations"."version" ASC[0m
  ↳ bin/rails:9
  [1m[35m (0.5ms)[0m  [1m[34mSELECT "schema_migrations"."version" FROM "schema_migrations" ORDER BY "schema_migrations"."version" ASC[0m
  ↳ bin/rails:9
  [1m[35m (3.7ms)[0m  [1m[34mSELECT pg_try_advisory_lock(5034401897551617150)[0m
  ↳ bin/rails:9
  [1m[35m (0.5ms)[0m  [1m[34mSELECT "schema_migrations"."version" FROM "schema_migrations" ORDER BY "schema_migrations"."version" ASC[0m
  ↳ bin/rails:9
Migrating to CreateBooks (20180711141305)
  [1m[35m (0.5ms)[0m  [1m[35mBEGIN[0m
  ↳ bin/rails:9
  [1m[35m (47.2ms)[0m  [1m[35mDROP TABLE "books"[0m
  ↳ bin/rails:9
  [1m[36mActiveRecord::SchemaMigration Destroy (1.2ms)[0m  [1m[31mDELETE FROM "schema_migrations" WHERE "schema_migrations"."version" = $1[0m  [["version", "20180711141305"]]
  ↳ bin/rails:9
  [1m[35m (6.9ms)[0m  [1m[35mCOMMIT[0m
  ↳ bin/rails:9
  [1m[35m (0.7ms)[0m  [1m[34mSELECT pg_advisory_unlock(5034401897551617150)[0m
  ↳ bin/rails:9
  [1m[35m (0.6ms)[0m  [1m[34mSELECT "schema_migrations"."version" FROM "schema_migrations" ORDER BY "schema_migrations"."version" ASC[0m
  ↳ bin/rails:9
  [1m[35m (0.4ms)[0m  [1m[34mSELECT pg_try_advisory_lock(5034401897551617150)[0m
  ↳ bin/rails:9
  [1m[35m (1.7ms)[0m  [1m[34mSELECT "schema_migrations"."version" FROM "schema_migrations" ORDER BY "schema_migrations"."version" ASC[0m
  ↳ bin/rails:9
Migrating to CreatePublications (20180711141305)
  [1m[35m (0.5ms)[0m  [1m[35mBEGIN[0m
  ↳ bin/rails:9
  [1m[35m (240.9ms)[0m  [1m[35mCREATE TABLE "publications" ("id" bigserial primary key, "title" text, "images" text, "writer_id" integer, "created_at" timestamp NOT NULL, "updated_at" timestamp NOT NULL)[0m
  ↳ db/migrate/20180711141305_create_publications.rb:3
  [1m[36mActiveRecord::SchemaMigration Create (0.7ms)[0m  [1m[32mINSERT INTO "schema_migrations" ("version") VALUES ($1) RETURNING "version"[0m  [["version", "20180711141305"]]
  ↳ bin/rails:9
  [1m[35m (2.4ms)[0m  [1m[35mCOMMIT[0m
  ↳ bin/rails:9
  [1m[36mActiveRecord::InternalMetadata Load (3.1ms)[0m  [1m[34mSELECT  "ar_internal_metadata".* FROM "ar_internal_metadata" WHERE "ar_internal_metadata"."key" = $1 LIMIT $2[0m  [["key", "environment"], ["LIMIT", 1]]
  ↳ bin/rails:9
  [1m[35m (0.2ms)[0m  [1m[35mBEGIN[0m
  ↳ bin/rails:9
  [1m[35m (0.2ms)[0m  [1m[35mCOMMIT[0m
  ↳ bin/rails:9
  [1m[35m (0.5ms)[0m  [1m[34mSELECT pg_advisory_unlock(5034401897551617150)[0m
  ↳ bin/rails:9
  [1m[35m (0.4ms)[0m  [1m[34mSELECT "schema_migrations"."version" FROM "schema_migrations" ORDER BY "schema_migrations"."version" ASC[0m
  ↳ bin/rails:9
  [1m[35m (1.6ms)[0m  [1m[34mSELECT "schema_migrations"."version" FROM "schema_migrations" ORDER BY "schema_migrations"."version" ASC[0m
  ↳ bin/rails:9
  [1m[36mWriter Load (0.8ms)[0m  [1m[34mSELECT "writers".* FROM "writers"[0m
  ↳ db/seeds.rb:8
  [1m[35m (0.3ms)[0m  [1m[35mBEGIN[0m
  ↳ db/seeds.rb:8
  [1m[36mWriter Destroy (0.7ms)[0m  [1m[31mDELETE FROM "writers" WHERE "writers"."id" = $1[0m  [["id", 9]]
  ↳ db/seeds.rb:8
  [1m[35m (5.7ms)[0m  [1m[35mCOMMIT[0m
  ↳ db/seeds.rb:8
  [1m[35m (0.3ms)[0m  [1m[35mBEGIN[0m
  ↳ db/seeds.rb:8
  [1m[36mWriter Destroy (0.6ms)[0m  [1m[31mDELETE FROM "writers" WHERE "writers"."id" = $1[0m  [["id", 10]]
  ↳ db/seeds.rb:8
  [1m[35m (2.0ms)[0m  [1m[35mCOMMIT[0m
  ↳ db/seeds.rb:8
  [1m[35m (0.2ms)[0m  [1m[35mBEGIN[0m
  ↳ db/seeds.rb:10
  [1m[36mWriter Create (0.7ms)[0m  [1m[32mINSERT INTO "writers" ("name", "family", "image", "created_at", "updated_at") VALUES ($1, $2, $3, $4, $5) RETURNING "id"[0m  [["name", "Harper"], ["family", "Lee"], ["image", "https://upload.wikimedia.org/wikipedia/commons/5/5f/HarperLee_2007Nov05.jpg"], ["created_at", "2018-07-11 23:38:00.008552"], ["updated_at", "2018-07-11 23:38:00.008552"]]
  ↳ db/seeds.rb:10
  [1m[35m (2.0ms)[0m  [1m[35mCOMMIT[0m
  ↳ db/seeds.rb:10
  [1m[35m (0.2ms)[0m  [1m[35mBEGIN[0m
  ↳ db/seeds.rb:17
  [1m[36mWriter Create (0.6ms)[0m  [1m[32mINSERT INTO "writers" ("name", "family", "image", "created_at", "updated_at") VALUES ($1, $2, $3, $4, $5) RETURNING "id"[0m  [["name", "Markus"], ["family", "Zusak"], ["image", "https://upload.wikimedia.org/wikipedia/commons/thumb/f/f3/Zusak%2C_Markus._2013._Credit_Page_Thirteen.jpg/220px-Zusak%2C_Markus._2013._Credit_Page_Thirteen.jpg"], ["created_at", "2018-07-11 23:38:00.013639"], ["updated_at", "2018-07-11 23:38:00.013639"]]
  ↳ db/seeds.rb:17
  [1m[35m (2.3ms)[0m  [1m[35mCOMMIT[0m
  ↳ db/seeds.rb:17
  [1m[36mPublication Load (0.9ms)[0m  [1m[34mSELECT "publications".* FROM "publications"[0m
  ↳ db/seeds.rb:23
  [1m[35m (1.2ms)[0m  [1m[34mSELECT "schema_migrations"."version" FROM "schema_migrations" ORDER BY "schema_migrations"."version" ASC[0m
  ↳ bin/rails:9
  [1m[35m (0.4ms)[0m  [1m[34mSELECT "schema_migrations"."version" FROM "schema_migrations" ORDER BY "schema_migrations"."version" ASC[0m
  ↳ bin/rails:9
  [1m[35m (0.5ms)[0m  [1m[34mSELECT "schema_migrations"."version" FROM "schema_migrations" ORDER BY "schema_migrations"."version" ASC[0m
  ↳ bin/rails:9
  [1m[35m (0.4ms)[0m  [1m[34mSELECT pg_try_advisory_lock(5034401897551617150)[0m
  ↳ bin/rails:9
  [1m[35m (0.4ms)[0m  [1m[34mSELECT "schema_migrations"."version" FROM "schema_migrations" ORDER BY "schema_migrations"."version" ASC[0m
  ↳ bin/rails:9
Migrating to CreatePublications (20180711141305)
  [1m[35m (0.3ms)[0m  [1m[35mBEGIN[0m
  ↳ bin/rails:9
  [1m[35m (2.6ms)[0m  [1m[35mDROP TABLE "publications"[0m
  ↳ bin/rails:9
  [1m[36mActiveRecord::SchemaMigration Destroy (0.8ms)[0m  [1m[31mDELETE FROM "schema_migrations" WHERE "schema_migrations"."version" = $1[0m  [["version", "20180711141305"]]
  ↳ bin/rails:9
  [1m[35m (7.1ms)[0m  [1m[35mCOMMIT[0m
  ↳ bin/rails:9
  [1m[35m (0.4ms)[0m  [1m[34mSELECT pg_advisory_unlock(5034401897551617150)[0m
  ↳ bin/rails:9
  [1m[35m (0.5ms)[0m  [1m[34mSELECT "schema_migrations"."version" FROM "schema_migrations" ORDER BY "schema_migrations"."version" ASC[0m
  ↳ bin/rails:9
  [1m[35m (0.5ms)[0m  [1m[34mSELECT pg_try_advisory_lock(5034401897551617150)[0m
  ↳ bin/rails:9
  [1m[35m (1.3ms)[0m  [1m[34mSELECT "schema_migrations"."version" FROM "schema_migrations" ORDER BY "schema_migrations"."version" ASC[0m
  ↳ bin/rails:9
Migrating to CreatePublications (20180711141305)
  [1m[35m (0.2ms)[0m  [1m[35mBEGIN[0m
  ↳ bin/rails:9
  [1m[35m (28.8ms)[0m  [1m[35mCREATE TABLE "publications" ("id" bigserial primary key, "title" text, "image" text, "writer_id" integer, "created_at" timestamp NOT NULL, "updated_at" timestamp NOT NULL)[0m
  ↳ db/migrate/20180711141305_create_publications.rb:3
  [1m[36mActiveRecord::SchemaMigration Create (1.3ms)[0m  [1m[32mINSERT INTO "schema_migrations" ("version") VALUES ($1) RETURNING "version"[0m  [["version", "20180711141305"]]
  ↳ bin/rails:9
  [1m[35m (2.8ms)[0m  [1m[35mCOMMIT[0m
  ↳ bin/rails:9
  [1m[36mActiveRecord::InternalMetadata Load (0.8ms)[0m  [1m[34mSELECT  "ar_internal_metadata".* FROM "ar_internal_metadata" WHERE "ar_internal_metadata"."key" = $1 LIMIT $2[0m  [["key", "environment"], ["LIMIT", 1]]
  ↳ bin/rails:9
  [1m[35m (0.4ms)[0m  [1m[35mBEGIN[0m
  ↳ bin/rails:9
  [1m[35m (0.7ms)[0m  [1m[35mCOMMIT[0m
  ↳ bin/rails:9
  [1m[35m (0.6ms)[0m  [1m[34mSELECT pg_advisory_unlock(5034401897551617150)[0m
  ↳ bin/rails:9
  [1m[35m (0.6ms)[0m  [1m[34mSELECT "schema_migrations"."version" FROM "schema_migrations" ORDER BY "schema_migrations"."version" ASC[0m
  ↳ bin/rails:9
  [1m[35m (0.3ms)[0m  [1m[34mSELECT pg_try_advisory_lock(5034401897551617150)[0m
  ↳ bin/rails:9
  [1m[35m (1.3ms)[0m  [1m[34mSELECT "schema_migrations"."version" FROM "schema_migrations" ORDER BY "schema_migrations"."version" ASC[0m
  ↳ bin/rails:9
  [1m[36mActiveRecord::InternalMetadata Load (0.6ms)[0m  [1m[34mSELECT  "ar_internal_metadata".* FROM "ar_internal_metadata" WHERE "ar_internal_metadata"."key" = $1 LIMIT $2[0m  [["key", "environment"], ["LIMIT", 1]]
  ↳ bin/rails:9
  [1m[35m (0.3ms)[0m  [1m[35mBEGIN[0m
  ↳ bin/rails:9
  [1m[35m (0.3ms)[0m  [1m[35mCOMMIT[0m
  ↳ bin/rails:9
  [1m[35m (0.4ms)[0m  [1m[34mSELECT pg_advisory_unlock(5034401897551617150)[0m
  ↳ bin/rails:9
  [1m[35m (0.5ms)[0m  [1m[34mSELECT "schema_migrations"."version" FROM "schema_migrations" ORDER BY "schema_migrations"."version" ASC[0m
  ↳ bin/rails:9
  [1m[35m (1.2ms)[0m  [1m[34mSELECT "schema_migrations"."version" FROM "schema_migrations" ORDER BY "schema_migrations"."version" ASC[0m
  ↳ bin/rails:9
  [1m[36mWriter Load (0.9ms)[0m  [1m[34mSELECT "writers".* FROM "writers"[0m
  ↳ db/seeds.rb:8
  [1m[35m (0.3ms)[0m  [1m[35mBEGIN[0m
  ↳ db/seeds.rb:8
  [1m[36mWriter Destroy (0.7ms)[0m  [1m[31mDELETE FROM "writers" WHERE "writers"."id" = $1[0m  [["id", 11]]
  ↳ db/seeds.rb:8
  [1m[35m (5.7ms)[0m  [1m[35mCOMMIT[0m
  ↳ db/seeds.rb:8
  [1m[35m (0.2ms)[0m  [1m[35mBEGIN[0m
  ↳ db/seeds.rb:8
  [1m[36mWriter Destroy (0.5ms)[0m  [1m[31mDELETE FROM "writers" WHERE "writers"."id" = $1[0m  [["id", 12]]
  ↳ db/seeds.rb:8
  [1m[35m (4.6ms)[0m  [1m[35mCOMMIT[0m
  ↳ db/seeds.rb:8
  [1m[35m (0.2ms)[0m  [1m[35mBEGIN[0m
  ↳ db/seeds.rb:10
  [1m[36mWriter Create (0.7ms)[0m  [1m[32mINSERT INTO "writers" ("name", "family", "image", "created_at", "updated_at") VALUES ($1, $2, $3, $4, $5) RETURNING "id"[0m  [["name", "Harper"], ["family", "Lee"], ["image", "https://upload.wikimedia.org/wikipedia/commons/5/5f/HarperLee_2007Nov05.jpg"], ["created_at", "2018-07-11 23:39:01.633192"], ["updated_at", "2018-07-11 23:39:01.633192"]]
  ↳ db/seeds.rb:10
  [1m[35m (2.1ms)[0m  [1m[35mCOMMIT[0m
  ↳ db/seeds.rb:10
  [1m[35m (0.2ms)[0m  [1m[35mBEGIN[0m
  ↳ db/seeds.rb:17
  [1m[36mWriter Create (0.6ms)[0m  [1m[32mINSERT INTO "writers" ("name", "family", "image", "created_at", "updated_at") VALUES ($1, $2, $3, $4, $5) RETURNING "id"[0m  [["name", "Markus"], ["family", "Zusak"], ["image", "https://upload.wikimedia.org/wikipedia/commons/thumb/f/f3/Zusak%2C_Markus._2013._Credit_Page_Thirteen.jpg/220px-Zusak%2C_Markus._2013._Credit_Page_Thirteen.jpg"], ["created_at", "2018-07-11 23:39:01.638311"], ["updated_at", "2018-07-11 23:39:01.638311"]]
  ↳ db/seeds.rb:17
  [1m[35m (2.4ms)[0m  [1m[35mCOMMIT[0m
  ↳ db/seeds.rb:17
  [1m[36mPublication Load (1.3ms)[0m  [1m[34mSELECT "publications".* FROM "publications"[0m
  ↳ db/seeds.rb:23
  [1m[35m (0.3ms)[0m  [1m[35mBEGIN[0m
  ↳ db/seeds.rb:25
  [1m[36mPublication Create (10.5ms)[0m  [1m[32mINSERT INTO "publications" ("title", "image", "writer_id", "created_at", "updated_at") VALUES ($1, $2, $3, $4, $5) RETURNING "id"[0m  [["title", "To Kill a Mockingbird"], ["image", "https://www.scholastic.com/content5/media/products/89/9780446310789_mres.jpg"], ["writer_id", 1], ["created_at", "2018-07-11 23:39:01.660673"], ["updated_at", "2018-07-11 23:39:01.660673"]]
  ↳ db/seeds.rb:25
  [1m[35m (2.1ms)[0m  [1m[35mCOMMIT[0m
  ↳ db/seeds.rb:25
  [1m[35m (0.4ms)[0m  [1m[35mBEGIN[0m
  ↳ db/seeds.rb:30
  [1m[36mPublication Create (0.7ms)[0m  [1m[32mINSERT INTO "publications" ("title", "image", "writer_id", "created_at", "updated_at") VALUES ($1, $2, $3, $4, $5) RETURNING "id"[0m  [["title", "The Underdog"], ["image", "https://d1w7fb2mkkr3kw.cloudfront.net/assets/images/book/lrg/9781/8629/9781862914131.jpg"], ["writer_id", 2], ["created_at", "2018-07-11 23:39:01.676317"], ["updated_at", "2018-07-11 23:39:01.676317"]]
  ↳ db/seeds.rb:30
  [1m[35m (2.2ms)[0m  [1m[35mCOMMIT[0m
  ↳ db/seeds.rb:30
