Started GET "/" for 127.0.0.1 at 2018-07-10 16:42:50 +1000
Processing by MountainsController#index as HTML
Completed 406 Not Acceptable in 143ms (ActiveRecord: 0.0ms)


  
ActionController::UnknownFormat (MountainsController#index is missing a template for this request format and variant.

request.formats: ["text/html"]
request.variant: []

NOTE! For XHR/Ajax or API requests, this action would normally respond with 204 No Content: an empty white screen. Since you're loading it in a web browser, we assume that you expected to actually render a template, not nothing, so we're showing an error to be extra-clear. If you expect 204 No Content, carry on. That's what you'll get from an XHR or API request. Give it a shot.):
  
actionpack (5.2.0) lib/action_controller/metal/implicit_render.rb:55:in `default_render'
actionpack (5.2.0) lib/action_controller/metal/basic_implicit_render.rb:6:in `block in send_action'
actionpack (5.2.0) lib/action_controller/metal/basic_implicit_render.rb:6:in `tap'
actionpack (5.2.0) lib/action_controller/metal/basic_implicit_render.rb:6:in `send_action'
actionpack (5.2.0) lib/abstract_controller/base.rb:194:in `process_action'
actionpack (5.2.0) lib/action_controller/metal/rendering.rb:30:in `process_action'
actionpack (5.2.0) lib/abstract_controller/callbacks.rb:42:in `block in process_action'
activesupport (5.2.0) lib/active_support/callbacks.rb:132:in `run_callbacks'
actionpack (5.2.0) lib/abstract_controller/callbacks.rb:41:in `process_action'
actionpack (5.2.0) lib/action_controller/metal/rescue.rb:22:in `process_action'
actionpack (5.2.0) lib/action_controller/metal/instrumentation.rb:34:in `block in process_action'
activesupport (5.2.0) lib/active_support/notifications.rb:168:in `block in instrument'
activesupport (5.2.0) lib/active_support/notifications/instrumenter.rb:23:in `instrument'
activesupport (5.2.0) lib/active_support/notifications.rb:168:in `instrument'
actionpack (5.2.0) lib/action_controller/metal/instrumentation.rb:32:in `process_action'
actionpack (5.2.0) lib/action_controller/metal/params_wrapper.rb:256:in `process_action'
activerecord (5.2.0) lib/active_record/railties/controller_runtime.rb:24:in `process_action'
actionpack (5.2.0) lib/abstract_controller/base.rb:134:in `process'
actionview (5.2.0) lib/action_view/rendering.rb:32:in `process'
actionpack (5.2.0) lib/action_controller/metal.rb:191:in `dispatch'
actionpack (5.2.0) lib/action_controller/metal.rb:252:in `dispatch'
actionpack (5.2.0) lib/action_dispatch/routing/route_set.rb:52:in `dispatch'
actionpack (5.2.0) lib/action_dispatch/routing/route_set.rb:34:in `serve'
actionpack (5.2.0) lib/action_dispatch/journey/router.rb:52:in `block in serve'
actionpack (5.2.0) lib/action_dispatch/journey/router.rb:35:in `each'
actionpack (5.2.0) lib/action_dispatch/journey/router.rb:35:in `serve'
actionpack (5.2.0) lib/action_dispatch/routing/route_set.rb:840:in `call'
rack (2.0.5) lib/rack/tempfile_reaper.rb:15:in `call'
rack (2.0.5) lib/rack/etag.rb:25:in `call'
rack (2.0.5) lib/rack/conditional_get.rb:25:in `call'
rack (2.0.5) lib/rack/head.rb:12:in `call'
actionpack (5.2.0) lib/action_dispatch/http/content_security_policy.rb:18:in `call'
rack (2.0.5) lib/rack/session/abstract/id.rb:232:in `context'
rack (2.0.5) lib/rack/session/abstract/id.rb:226:in `call'
actionpack (5.2.0) lib/action_dispatch/middleware/cookies.rb:670:in `call'
activerecord (5.2.0) lib/active_record/migration.rb:559:in `call'
actionpack (5.2.0) lib/action_dispatch/middleware/callbacks.rb:28:in `block in call'
activesupport (5.2.0) lib/active_support/callbacks.rb:98:in `run_callbacks'
actionpack (5.2.0) lib/action_dispatch/middleware/callbacks.rb:26:in `call'
actionpack (5.2.0) lib/action_dispatch/middleware/executor.rb:14:in `call'
actionpack (5.2.0) lib/action_dispatch/middleware/debug_exceptions.rb:61:in `call'
web-console (3.6.2) lib/web_console/middleware.rb:135:in `call_app'
web-console (3.6.2) lib/web_console/middleware.rb:30:in `block in call'
web-console (3.6.2) lib/web_console/middleware.rb:20:in `catch'
web-console (3.6.2) lib/web_console/middleware.rb:20:in `call'
actionpack (5.2.0) lib/action_dispatch/middleware/show_exceptions.rb:33:in `call'
railties (5.2.0) lib/rails/rack/logger.rb:38:in `call_app'
railties (5.2.0) lib/rails/rack/logger.rb:26:in `block in call'
activesupport (5.2.0) lib/active_support/tagged_logging.rb:71:in `block in tagged'
activesupport (5.2.0) lib/active_support/tagged_logging.rb:28:in `tagged'
activesupport (5.2.0) lib/active_support/tagged_logging.rb:71:in `tagged'
railties (5.2.0) lib/rails/rack/logger.rb:26:in `call'
sprockets-rails (3.2.1) lib/sprockets/rails/quiet_assets.rb:13:in `call'
actionpack (5.2.0) lib/action_dispatch/middleware/remote_ip.rb:81:in `call'
actionpack (5.2.0) lib/action_dispatch/middleware/request_id.rb:27:in `call'
rack (2.0.5) lib/rack/method_override.rb:22:in `call'
rack (2.0.5) lib/rack/runtime.rb:22:in `call'
activesupport (5.2.0) lib/active_support/cache/strategy/local_cache_middleware.rb:29:in `call'
actionpack (5.2.0) lib/action_dispatch/middleware/executor.rb:14:in `call'
actionpack (5.2.0) lib/action_dispatch/middleware/static.rb:127:in `call'
rack (2.0.5) lib/rack/sendfile.rb:111:in `call'
railties (5.2.0) lib/rails/engine.rb:524:in `call'
puma (3.11.4) lib/puma/configuration.rb:225:in `call'
puma (3.11.4) lib/puma/server.rb:632:in `handle_request'
puma (3.11.4) lib/puma/server.rb:446:in `process_client'
puma (3.11.4) lib/puma/server.rb:306:in `block in run'
puma (3.11.4) lib/puma/thread_pool.rb:120:in `block in spawn_thread'
Started GET "/" for 127.0.0.1 at 2018-07-10 16:53:26 +1000
Processing by MountainsController#index as HTML
Completed 406 Not Acceptable in 80ms (ActiveRecord: 0.0ms)


  
ActionController::UnknownFormat (MountainsController#index is missing a template for this request format and variant.

request.formats: ["text/html"]
request.variant: []

NOTE! For XHR/Ajax or API requests, this action would normally respond with 204 No Content: an empty white screen. Since you're loading it in a web browser, we assume that you expected to actually render a template, not nothing, so we're showing an error to be extra-clear. If you expect 204 No Content, carry on. That's what you'll get from an XHR or API request. Give it a shot.):
  
actionpack (5.2.0) lib/action_controller/metal/implicit_render.rb:55:in `default_render'
actionpack (5.2.0) lib/action_controller/metal/basic_implicit_render.rb:6:in `block in send_action'
actionpack (5.2.0) lib/action_controller/metal/basic_implicit_render.rb:6:in `tap'
actionpack (5.2.0) lib/action_controller/metal/basic_implicit_render.rb:6:in `send_action'
actionpack (5.2.0) lib/abstract_controller/base.rb:194:in `process_action'
actionpack (5.2.0) lib/action_controller/metal/rendering.rb:30:in `process_action'
actionpack (5.2.0) lib/abstract_controller/callbacks.rb:42:in `block in process_action'
activesupport (5.2.0) lib/active_support/callbacks.rb:132:in `run_callbacks'
actionpack (5.2.0) lib/abstract_controller/callbacks.rb:41:in `process_action'
actionpack (5.2.0) lib/action_controller/metal/rescue.rb:22:in `process_action'
actionpack (5.2.0) lib/action_controller/metal/instrumentation.rb:34:in `block in process_action'
activesupport (5.2.0) lib/active_support/notifications.rb:168:in `block in instrument'
activesupport (5.2.0) lib/active_support/notifications/instrumenter.rb:23:in `instrument'
activesupport (5.2.0) lib/active_support/notifications.rb:168:in `instrument'
actionpack (5.2.0) lib/action_controller/metal/instrumentation.rb:32:in `process_action'
actionpack (5.2.0) lib/action_controller/metal/params_wrapper.rb:256:in `process_action'
activerecord (5.2.0) lib/active_record/railties/controller_runtime.rb:24:in `process_action'
actionpack (5.2.0) lib/abstract_controller/base.rb:134:in `process'
actionview (5.2.0) lib/action_view/rendering.rb:32:in `process'
actionpack (5.2.0) lib/action_controller/metal.rb:191:in `dispatch'
actionpack (5.2.0) lib/action_controller/metal.rb:252:in `dispatch'
actionpack (5.2.0) lib/action_dispatch/routing/route_set.rb:52:in `dispatch'
actionpack (5.2.0) lib/action_dispatch/routing/route_set.rb:34:in `serve'
actionpack (5.2.0) lib/action_dispatch/journey/router.rb:52:in `block in serve'
actionpack (5.2.0) lib/action_dispatch/journey/router.rb:35:in `each'
actionpack (5.2.0) lib/action_dispatch/journey/router.rb:35:in `serve'
actionpack (5.2.0) lib/action_dispatch/routing/route_set.rb:840:in `call'
rack (2.0.5) lib/rack/tempfile_reaper.rb:15:in `call'
rack (2.0.5) lib/rack/etag.rb:25:in `call'
rack (2.0.5) lib/rack/conditional_get.rb:25:in `call'
rack (2.0.5) lib/rack/head.rb:12:in `call'
actionpack (5.2.0) lib/action_dispatch/http/content_security_policy.rb:18:in `call'
rack (2.0.5) lib/rack/session/abstract/id.rb:232:in `context'
rack (2.0.5) lib/rack/session/abstract/id.rb:226:in `call'
actionpack (5.2.0) lib/action_dispatch/middleware/cookies.rb:670:in `call'
activerecord (5.2.0) lib/active_record/migration.rb:559:in `call'
actionpack (5.2.0) lib/action_dispatch/middleware/callbacks.rb:28:in `block in call'
activesupport (5.2.0) lib/active_support/callbacks.rb:98:in `run_callbacks'
actionpack (5.2.0) lib/action_dispatch/middleware/callbacks.rb:26:in `call'
actionpack (5.2.0) lib/action_dispatch/middleware/executor.rb:14:in `call'
actionpack (5.2.0) lib/action_dispatch/middleware/debug_exceptions.rb:61:in `call'
web-console (3.6.2) lib/web_console/middleware.rb:135:in `call_app'
web-console (3.6.2) lib/web_console/middleware.rb:30:in `block in call'
web-console (3.6.2) lib/web_console/middleware.rb:20:in `catch'
web-console (3.6.2) lib/web_console/middleware.rb:20:in `call'
actionpack (5.2.0) lib/action_dispatch/middleware/show_exceptions.rb:33:in `call'
railties (5.2.0) lib/rails/rack/logger.rb:38:in `call_app'
railties (5.2.0) lib/rails/rack/logger.rb:26:in `block in call'
activesupport (5.2.0) lib/active_support/tagged_logging.rb:71:in `block in tagged'
activesupport (5.2.0) lib/active_support/tagged_logging.rb:28:in `tagged'
activesupport (5.2.0) lib/active_support/tagged_logging.rb:71:in `tagged'
railties (5.2.0) lib/rails/rack/logger.rb:26:in `call'
sprockets-rails (3.2.1) lib/sprockets/rails/quiet_assets.rb:13:in `call'
actionpack (5.2.0) lib/action_dispatch/middleware/remote_ip.rb:81:in `call'
actionpack (5.2.0) lib/action_dispatch/middleware/request_id.rb:27:in `call'
rack (2.0.5) lib/rack/method_override.rb:22:in `call'
rack (2.0.5) lib/rack/runtime.rb:22:in `call'
activesupport (5.2.0) lib/active_support/cache/strategy/local_cache_middleware.rb:29:in `call'
actionpack (5.2.0) lib/action_dispatch/middleware/executor.rb:14:in `call'
actionpack (5.2.0) lib/action_dispatch/middleware/static.rb:127:in `call'
rack (2.0.5) lib/rack/sendfile.rb:111:in `call'
railties (5.2.0) lib/rails/engine.rb:524:in `call'
puma (3.11.4) lib/puma/configuration.rb:225:in `call'
puma (3.11.4) lib/puma/server.rb:632:in `handle_request'
puma (3.11.4) lib/puma/server.rb:446:in `process_client'
puma (3.11.4) lib/puma/server.rb:306:in `block in run'
puma (3.11.4) lib/puma/thread_pool.rb:120:in `block in spawn_thread'
Started GET "/" for 127.0.0.1 at 2018-07-10 17:06:06 +1000
Processing by MountainsController#index as HTML
Completed 406 Not Acceptable in 69ms (ActiveRecord: 0.0ms)


  
ActionController::UnknownFormat (MountainsController#index is missing a template for this request format and variant.

request.formats: ["text/html"]
request.variant: []

NOTE! For XHR/Ajax or API requests, this action would normally respond with 204 No Content: an empty white screen. Since you're loading it in a web browser, we assume that you expected to actually render a template, not nothing, so we're showing an error to be extra-clear. If you expect 204 No Content, carry on. That's what you'll get from an XHR or API request. Give it a shot.):
  
actionpack (5.2.0) lib/action_controller/metal/implicit_render.rb:55:in `default_render'
actionpack (5.2.0) lib/action_controller/metal/basic_implicit_render.rb:6:in `block in send_action'
actionpack (5.2.0) lib/action_controller/metal/basic_implicit_render.rb:6:in `tap'
actionpack (5.2.0) lib/action_controller/metal/basic_implicit_render.rb:6:in `send_action'
actionpack (5.2.0) lib/abstract_controller/base.rb:194:in `process_action'
actionpack (5.2.0) lib/action_controller/metal/rendering.rb:30:in `process_action'
actionpack (5.2.0) lib/abstract_controller/callbacks.rb:42:in `block in process_action'
activesupport (5.2.0) lib/active_support/callbacks.rb:132:in `run_callbacks'
actionpack (5.2.0) lib/abstract_controller/callbacks.rb:41:in `process_action'
actionpack (5.2.0) lib/action_controller/metal/rescue.rb:22:in `process_action'
actionpack (5.2.0) lib/action_controller/metal/instrumentation.rb:34:in `block in process_action'
activesupport (5.2.0) lib/active_support/notifications.rb:168:in `block in instrument'
activesupport (5.2.0) lib/active_support/notifications/instrumenter.rb:23:in `instrument'
activesupport (5.2.0) lib/active_support/notifications.rb:168:in `instrument'
actionpack (5.2.0) lib/action_controller/metal/instrumentation.rb:32:in `process_action'
actionpack (5.2.0) lib/action_controller/metal/params_wrapper.rb:256:in `process_action'
activerecord (5.2.0) lib/active_record/railties/controller_runtime.rb:24:in `process_action'
actionpack (5.2.0) lib/abstract_controller/base.rb:134:in `process'
actionview (5.2.0) lib/action_view/rendering.rb:32:in `process'
actionpack (5.2.0) lib/action_controller/metal.rb:191:in `dispatch'
actionpack (5.2.0) lib/action_controller/metal.rb:252:in `dispatch'
actionpack (5.2.0) lib/action_dispatch/routing/route_set.rb:52:in `dispatch'
actionpack (5.2.0) lib/action_dispatch/routing/route_set.rb:34:in `serve'
actionpack (5.2.0) lib/action_dispatch/journey/router.rb:52:in `block in serve'
actionpack (5.2.0) lib/action_dispatch/journey/router.rb:35:in `each'
actionpack (5.2.0) lib/action_dispatch/journey/router.rb:35:in `serve'
actionpack (5.2.0) lib/action_dispatch/routing/route_set.rb:840:in `call'
rack (2.0.5) lib/rack/tempfile_reaper.rb:15:in `call'
rack (2.0.5) lib/rack/etag.rb:25:in `call'
rack (2.0.5) lib/rack/conditional_get.rb:25:in `call'
rack (2.0.5) lib/rack/head.rb:12:in `call'
actionpack (5.2.0) lib/action_dispatch/http/content_security_policy.rb:18:in `call'
rack (2.0.5) lib/rack/session/abstract/id.rb:232:in `context'
rack (2.0.5) lib/rack/session/abstract/id.rb:226:in `call'
actionpack (5.2.0) lib/action_dispatch/middleware/cookies.rb:670:in `call'
activerecord (5.2.0) lib/active_record/migration.rb:559:in `call'
actionpack (5.2.0) lib/action_dispatch/middleware/callbacks.rb:28:in `block in call'
activesupport (5.2.0) lib/active_support/callbacks.rb:98:in `run_callbacks'
actionpack (5.2.0) lib/action_dispatch/middleware/callbacks.rb:26:in `call'
actionpack (5.2.0) lib/action_dispatch/middleware/executor.rb:14:in `call'
actionpack (5.2.0) lib/action_dispatch/middleware/debug_exceptions.rb:61:in `call'
web-console (3.6.2) lib/web_console/middleware.rb:135:in `call_app'
web-console (3.6.2) lib/web_console/middleware.rb:30:in `block in call'
web-console (3.6.2) lib/web_console/middleware.rb:20:in `catch'
web-console (3.6.2) lib/web_console/middleware.rb:20:in `call'
actionpack (5.2.0) lib/action_dispatch/middleware/show_exceptions.rb:33:in `call'
railties (5.2.0) lib/rails/rack/logger.rb:38:in `call_app'
railties (5.2.0) lib/rails/rack/logger.rb:26:in `block in call'
activesupport (5.2.0) lib/active_support/tagged_logging.rb:71:in `block in tagged'
activesupport (5.2.0) lib/active_support/tagged_logging.rb:28:in `tagged'
activesupport (5.2.0) lib/active_support/tagged_logging.rb:71:in `tagged'
railties (5.2.0) lib/rails/rack/logger.rb:26:in `call'
sprockets-rails (3.2.1) lib/sprockets/rails/quiet_assets.rb:13:in `call'
actionpack (5.2.0) lib/action_dispatch/middleware/remote_ip.rb:81:in `call'
actionpack (5.2.0) lib/action_dispatch/middleware/request_id.rb:27:in `call'
rack (2.0.5) lib/rack/method_override.rb:22:in `call'
rack (2.0.5) lib/rack/runtime.rb:22:in `call'
activesupport (5.2.0) lib/active_support/cache/strategy/local_cache_middleware.rb:29:in `call'
actionpack (5.2.0) lib/action_dispatch/middleware/executor.rb:14:in `call'
actionpack (5.2.0) lib/action_dispatch/middleware/static.rb:127:in `call'
rack (2.0.5) lib/rack/sendfile.rb:111:in `call'
railties (5.2.0) lib/rails/engine.rb:524:in `call'
puma (3.11.4) lib/puma/configuration.rb:225:in `call'
puma (3.11.4) lib/puma/server.rb:632:in `handle_request'
puma (3.11.4) lib/puma/server.rb:446:in `process_client'
puma (3.11.4) lib/puma/server.rb:306:in `block in run'
puma (3.11.4) lib/puma/thread_pool.rb:120:in `block in spawn_thread'
Started GET "/" for 127.0.0.1 at 2018-07-10 17:11:01 +1000
Processing by MountainsController#index as HTML
Completed 406 Not Acceptable in 70ms (ActiveRecord: 0.0ms)


  
ActionController::UnknownFormat (MountainsController#index is missing a template for this request format and variant.

request.formats: ["text/html"]
request.variant: []

NOTE! For XHR/Ajax or API requests, this action would normally respond with 204 No Content: an empty white screen. Since you're loading it in a web browser, we assume that you expected to actually render a template, not nothing, so we're showing an error to be extra-clear. If you expect 204 No Content, carry on. That's what you'll get from an XHR or API request. Give it a shot.):
  
actionpack (5.2.0) lib/action_controller/metal/implicit_render.rb:55:in `default_render'
actionpack (5.2.0) lib/action_controller/metal/basic_implicit_render.rb:6:in `block in send_action'
actionpack (5.2.0) lib/action_controller/metal/basic_implicit_render.rb:6:in `tap'
actionpack (5.2.0) lib/action_controller/metal/basic_implicit_render.rb:6:in `send_action'
actionpack (5.2.0) lib/abstract_controller/base.rb:194:in `process_action'
actionpack (5.2.0) lib/action_controller/metal/rendering.rb:30:in `process_action'
actionpack (5.2.0) lib/abstract_controller/callbacks.rb:42:in `block in process_action'
activesupport (5.2.0) lib/active_support/callbacks.rb:132:in `run_callbacks'
actionpack (5.2.0) lib/abstract_controller/callbacks.rb:41:in `process_action'
actionpack (5.2.0) lib/action_controller/metal/rescue.rb:22:in `process_action'
actionpack (5.2.0) lib/action_controller/metal/instrumentation.rb:34:in `block in process_action'
activesupport (5.2.0) lib/active_support/notifications.rb:168:in `block in instrument'
activesupport (5.2.0) lib/active_support/notifications/instrumenter.rb:23:in `instrument'
activesupport (5.2.0) lib/active_support/notifications.rb:168:in `instrument'
actionpack (5.2.0) lib/action_controller/metal/instrumentation.rb:32:in `process_action'
actionpack (5.2.0) lib/action_controller/metal/params_wrapper.rb:256:in `process_action'
activerecord (5.2.0) lib/active_record/railties/controller_runtime.rb:24:in `process_action'
actionpack (5.2.0) lib/abstract_controller/base.rb:134:in `process'
actionview (5.2.0) lib/action_view/rendering.rb:32:in `process'
actionpack (5.2.0) lib/action_controller/metal.rb:191:in `dispatch'
actionpack (5.2.0) lib/action_controller/metal.rb:252:in `dispatch'
actionpack (5.2.0) lib/action_dispatch/routing/route_set.rb:52:in `dispatch'
actionpack (5.2.0) lib/action_dispatch/routing/route_set.rb:34:in `serve'
actionpack (5.2.0) lib/action_dispatch/journey/router.rb:52:in `block in serve'
actionpack (5.2.0) lib/action_dispatch/journey/router.rb:35:in `each'
actionpack (5.2.0) lib/action_dispatch/journey/router.rb:35:in `serve'
actionpack (5.2.0) lib/action_dispatch/routing/route_set.rb:840:in `call'
rack (2.0.5) lib/rack/tempfile_reaper.rb:15:in `call'
rack (2.0.5) lib/rack/etag.rb:25:in `call'
rack (2.0.5) lib/rack/conditional_get.rb:25:in `call'
rack (2.0.5) lib/rack/head.rb:12:in `call'
actionpack (5.2.0) lib/action_dispatch/http/content_security_policy.rb:18:in `call'
rack (2.0.5) lib/rack/session/abstract/id.rb:232:in `context'
rack (2.0.5) lib/rack/session/abstract/id.rb:226:in `call'
actionpack (5.2.0) lib/action_dispatch/middleware/cookies.rb:670:in `call'
activerecord (5.2.0) lib/active_record/migration.rb:559:in `call'
actionpack (5.2.0) lib/action_dispatch/middleware/callbacks.rb:28:in `block in call'
activesupport (5.2.0) lib/active_support/callbacks.rb:98:in `run_callbacks'
actionpack (5.2.0) lib/action_dispatch/middleware/callbacks.rb:26:in `call'
actionpack (5.2.0) lib/action_dispatch/middleware/executor.rb:14:in `call'
actionpack (5.2.0) lib/action_dispatch/middleware/debug_exceptions.rb:61:in `call'
web-console (3.6.2) lib/web_console/middleware.rb:135:in `call_app'
web-console (3.6.2) lib/web_console/middleware.rb:30:in `block in call'
web-console (3.6.2) lib/web_console/middleware.rb:20:in `catch'
web-console (3.6.2) lib/web_console/middleware.rb:20:in `call'
actionpack (5.2.0) lib/action_dispatch/middleware/show_exceptions.rb:33:in `call'
railties (5.2.0) lib/rails/rack/logger.rb:38:in `call_app'
railties (5.2.0) lib/rails/rack/logger.rb:26:in `block in call'
activesupport (5.2.0) lib/active_support/tagged_logging.rb:71:in `block in tagged'
activesupport (5.2.0) lib/active_support/tagged_logging.rb:28:in `tagged'
activesupport (5.2.0) lib/active_support/tagged_logging.rb:71:in `tagged'
railties (5.2.0) lib/rails/rack/logger.rb:26:in `call'
sprockets-rails (3.2.1) lib/sprockets/rails/quiet_assets.rb:13:in `call'
actionpack (5.2.0) lib/action_dispatch/middleware/remote_ip.rb:81:in `call'
actionpack (5.2.0) lib/action_dispatch/middleware/request_id.rb:27:in `call'
rack (2.0.5) lib/rack/method_override.rb:22:in `call'
rack (2.0.5) lib/rack/runtime.rb:22:in `call'
activesupport (5.2.0) lib/active_support/cache/strategy/local_cache_middleware.rb:29:in `call'
actionpack (5.2.0) lib/action_dispatch/middleware/executor.rb:14:in `call'
actionpack (5.2.0) lib/action_dispatch/middleware/static.rb:127:in `call'
rack (2.0.5) lib/rack/sendfile.rb:111:in `call'
railties (5.2.0) lib/rails/engine.rb:524:in `call'
puma (3.11.4) lib/puma/configuration.rb:225:in `call'
puma (3.11.4) lib/puma/server.rb:632:in `handle_request'
puma (3.11.4) lib/puma/server.rb:446:in `process_client'
puma (3.11.4) lib/puma/server.rb:306:in `block in run'
puma (3.11.4) lib/puma/thread_pool.rb:120:in `block in spawn_thread'
Started GET "/" for 127.0.0.1 at 2018-07-10 17:16:57 +1000
Processing by MountainsController#index as HTML
  Rendering mountains/index.html.erb within layouts/application
  [1m[36mMountain Load (0.5ms)[0m  [1m[34mSELECT "mountains".* FROM "mountains"[0m
  ↳ app/views/mountains/index.html.erb:3
  Rendered mountains/index.html.erb within layouts/application (2.7ms)
Completed 500 Internal Server Error in 9ms (ActiveRecord: 0.5ms)


  
ActionView::Template::Error (SQLite3::SQLException: no such table: mountains: SELECT "mountains".* FROM "mountains"):
    1: <h1>All Mountains</h1>
    2: 
    3: <% @mountains.each do |mountain| %>
    4: 
    5: 
    6: <% end %>
  
app/views/mountains/index.html.erb:3:in `_app_views_mountains_index_html_erb___3840231136945366621_70159371072600'
Started GET "/" for 127.0.0.1 at 2018-07-10 17:46:28 +1000
Processing by MountainsController#index as HTML
  Rendering mountains/index.html.erb within layouts/application
  [1m[36mMountain Load (0.5ms)[0m  [1m[34mSELECT "mountains".* FROM "mountains"[0m
  ↳ app/views/mountains/index.html.erb:3
  Rendered mountains/index.html.erb within layouts/application (2.9ms)
Completed 500 Internal Server Error in 10ms (ActiveRecord: 0.5ms)


  
ActionView::Template::Error (SQLite3::SQLException: no such table: mountains: SELECT "mountains".* FROM "mountains"):
    1: <h1>All Mountains</h1>
    2: 
    3: <% @mountains.each do |mountain| %>
    4: 
    5: 
    6: <% end %>
  
app/views/mountains/index.html.erb:3:in `_app_views_mountains_index_html_erb___3840231136945366621_70159379108580'
Started GET "/" for 127.0.0.1 at 2018-07-10 17:49:25 +1000
Processing by MountainsController#index as HTML
  Rendering mountains/index.html.erb within layouts/application
  [1m[36mMountain Load (0.5ms)[0m  [1m[34mSELECT "mountains".* FROM "mountains"[0m
  ↳ app/views/mountains/index.html.erb:3
  Rendered mountains/index.html.erb within layouts/application (2.4ms)
Completed 500 Internal Server Error in 8ms (ActiveRecord: 0.5ms)


  
ActionView::Template::Error (SQLite3::SQLException: no such table: mountains: SELECT "mountains".* FROM "mountains"):
    1: <h1>All Mountains</h1>
    2: 
    3: <% @mountains.each do |mountain| %>
    4: <p>
    5:   <%=  link_to mountain.name, mountain_path(mountain.id) %> has <%= pluralize mountain.types,'type' %>
    6: </p>
  
app/views/mountains/index.html.erb:3:in `_app_views_mountains_index_html_erb___3840231136945366621_70159384457160'
Started GET "/" for 127.0.0.1 at 2018-07-10 19:20:32 +1000
Processing by MountainsController#index as HTML
  Rendering mountains/index.html.erb within layouts/application
  [1m[36mMountain Load (0.6ms)[0m  [1m[34mSELECT "mountains".* FROM "mountains"[0m
  ↳ app/views/mountains/index.html.erb:3
  Rendered mountains/index.html.erb within layouts/application (2.6ms)
Completed 500 Internal Server Error in 8ms (ActiveRecord: 0.6ms)


  
ActionView::Template::Error (SQLite3::SQLException: no such table: mountains: SELECT "mountains".* FROM "mountains"):
    1: <h1>All Mountains</h1>
    2: 
    3: <% @mountains.each do |mountain| %>
    4: <p>
    5:   <%=  link_to mountain.name, mountain_path(mountain.id) %> has <%= pluralize mountain.types,'type' %>
    6: </p>
  
app/views/mountains/index.html.erb:3:in `_app_views_mountains_index_html_erb___3840231136945366621_70159375570560'
Started GET "/" for 127.0.0.1 at 2018-07-10 21:01:16 +1000
Processing by MountainsController#index as HTML
  Rendering mountains/index.html.erb within layouts/application
  [1m[36mMountain Load (0.6ms)[0m  [1m[34mSELECT "mountains".* FROM "mountains"[0m
  ↳ app/views/mountains/index.html.erb:3
  Rendered mountains/index.html.erb within layouts/application (2.9ms)
Completed 500 Internal Server Error in 9ms (ActiveRecord: 0.6ms)


  
ActionView::Template::Error (SQLite3::SQLException: no such table: mountains: SELECT "mountains".* FROM "mountains"):
    1: <h1>All Mountains</h1>
    2: 
    3: <% @mountains.each do |mountain| %>
    4: <p>
    5:   <%=  link_to mountain.name, mountain_path(mountain.id) %> has <%= pluralize mountain.types,'type' %>
    6: </p>
  
app/views/mountains/index.html.erb:3:in `_app_views_mountains_index_html_erb___3840231136945366621_70159378507020'
Started GET "/" for 127.0.0.1 at 2018-07-11 07:59:20 +1000
Processing by MountainsController#index as HTML
  Rendering mountains/index.html.erb within layouts/application
  [1m[36mMountain Load (0.7ms)[0m  [1m[34mSELECT "mountains".* FROM "mountains"[0m
  ↳ app/views/mountains/index.html.erb:3
  Rendered mountains/index.html.erb within layouts/application (3.1ms)
Completed 500 Internal Server Error in 9ms (ActiveRecord: 0.7ms)


  
ActionView::Template::Error (SQLite3::SQLException: no such table: mountains: SELECT "mountains".* FROM "mountains"):
    1: <h1>All Mountains</h1>
    2: 
    3: <% @mountains.each do |mountain| %>
    4: <p>
    5:   <%=  link_to mountain.name, mountain_path(mountain.id) %> has <%= pluralize mountain.types,'type' %>
    6: </p>
  
app/views/mountains/index.html.erb:3:in `_app_views_mountains_index_html_erb___3840231136945366621_70159385463300'
Started GET "/" for 127.0.0.1 at 2018-07-11 08:04:18 +1000
Processing by MountainsController#index as HTML
  Rendering mountains/index.html.erb within layouts/application
  [1m[36mMountain Load (0.6ms)[0m  [1m[34mSELECT "mountains".* FROM "mountains"[0m
  ↳ app/views/mountains/index.html.erb:3
  Rendered mountains/index.html.erb within layouts/application (2.8ms)
Completed 500 Internal Server Error in 9ms (ActiveRecord: 0.6ms)


  
ActionView::Template::Error (SQLite3::SQLException: no such table: mountains: SELECT "mountains".* FROM "mountains"):
    1: <h1>All Mountains</h1>
    2: 
    3: <% @mountains.each do |mountain| %>
    4: <p>
    5:   <%=  link_to mountain.name, mountain_path(mountain.id) %> has <%= pluralize mountain.types,'type' %>
    6: </p>
  
app/views/mountains/index.html.erb:3:in `_app_views_mountains_index_html_erb___3840231136945366621_70159379549120'
Started GET "/" for 127.0.0.1 at 2018-07-11 08:04:21 +1000
Processing by MountainsController#index as HTML
  Rendering mountains/index.html.erb within layouts/application
  [1m[36mMountain Load (0.8ms)[0m  [1m[34mSELECT "mountains".* FROM "mountains"[0m
  ↳ app/views/mountains/index.html.erb:3
  Rendered mountains/index.html.erb within layouts/application (3.5ms)
Completed 500 Internal Server Error in 10ms (ActiveRecord: 0.8ms)


  
ActionView::Template::Error (SQLite3::SQLException: no such table: mountains: SELECT "mountains".* FROM "mountains"):
    1: <h1>All Mountains</h1>
    2: 
    3: <% @mountains.each do |mountain| %>
    4: <p>
    5:   <%=  link_to mountain.name, mountain_path(mountain.id) %> has <%= pluralize mountain.types,'type' %>
    6: </p>
  
app/views/mountains/index.html.erb:3:in `_app_views_mountains_index_html_erb___3840231136945366621_70159370516040'
Started GET "/" for 127.0.0.1 at 2018-07-11 08:15:37 +1000
Processing by MountainsController#index as HTML
  Rendering mountains/index.html.erb within layouts/application
  [1m[36mMountain Load (0.5ms)[0m  [1m[34mSELECT "mountains".* FROM "mountains"[0m
  ↳ app/views/mountains/index.html.erb:3
  Rendered mountains/index.html.erb within layouts/application (3.0ms)
Completed 500 Internal Server Error in 10ms (ActiveRecord: 0.5ms)


  
ActionView::Template::Error (SQLite3::SQLException: no such table: mountains: SELECT "mountains".* FROM "mountains"):
    1: <h1>All Mountains</h1>
    2: 
    3: <% @mountains.each do |mountains| %>
    4: <p>
    5:   <%=  link_to mountain.name, mountain_path(mountain.id) %> has <%= pluralize mountain.types,'type' %>
    6: </p>
  
app/views/mountains/index.html.erb:3:in `_app_views_mountains_index_html_erb___3840231136945366621_70159376927980'
Started GET "/" for 127.0.0.1 at 2018-07-11 08:32:44 +1000
Processing by MountainsController#index as HTML
  Rendering mountains/index.html.erb within layouts/application
  [1m[36mMountain Load (0.5ms)[0m  [1m[34mSELECT "mountains".* FROM "mountains"[0m
  ↳ app/views/mountains/index.html.erb:3
  Rendered mountains/index.html.erb within layouts/application (2.5ms)
Completed 500 Internal Server Error in 8ms (ActiveRecord: 0.5ms)


  
ActionView::Template::Error (SQLite3::SQLException: no such table: mountains: SELECT "mountains".* FROM "mountains"):
    1: <h1>All Mountains</h1>
    2: 
    3: <% @mountains.each do |m| %>
    4: <p>
    5:   <%=  link_to mountain.name, mountain_path(mountain.id) %> has <%= pluralize mountain.types,'type' %>
    6: </p>
  
app/views/mountains/index.html.erb:3:in `_app_views_mountains_index_html_erb___3840231136945366621_70159384755900'
Started GET "/" for 127.0.0.1 at 2018-07-11 08:41:25 +1000
Processing by MountainsController#index as HTML
  Rendering mountains/index.html.erb within layouts/application
  [1m[36mMountain Load (1.7ms)[0m  [1m[34mSELECT "mountains".* FROM "mountains"[0m
  ↳ app/views/mountains/index.html.erb:3
  Rendered mountains/index.html.erb within layouts/application (6.8ms)
Completed 500 Internal Server Error in 13ms (ActiveRecord: 1.7ms)


  
ActionView::Template::Error (SQLite3::SQLException: no such table: mountains: SELECT "mountains".* FROM "mountains"):
    1: <h1>All Mountains</h1>
    2: 
    3: <% @mountains.each do |m| %>
    4: <p>
    5:   <%=  link_to mountain.name, mountain_path(mountain.id) %> has <%= pluralize mountain.types,'type' %>
    6: </p>
  
app/views/mountains/index.html.erb:3:in `_app_views_mountains_index_html_erb___3840231136945366621_70159384609880'
Started GET "/" for 127.0.0.1 at 2018-07-11 08:45:00 +1000
Processing by MountainsController#index as HTML
  Rendering mountains/index.html.erb within layouts/application
  Rendered mountains/index.html.erb within layouts/application (3.2ms)
Completed 500 Internal Server Error in 9ms (ActiveRecord: 0.0ms)


  
ActionView::Template::Error (undefined method `each' for nil:NilClass):
    1: <h1>All Mountains</h1>
    2: 
    3: <% @name.each do |mountain| %>
    4: <p>
    5:   <%=  link_to mountain.name, mountain_path(mountain.id) %> has <%= pluralize mountain.types,'type' %>
    6: </p>
  
app/views/mountains/index.html.erb:3:in `_app_views_mountains_index_html_erb___3840231136945366621_70159384219800'
Started GET "/" for 127.0.0.1 at 2018-07-11 08:45:26 +1000
Processing by MountainsController#index as HTML
  Rendering mountains/index.html.erb within layouts/application
  Rendered mountains/index.html.erb within layouts/application (3.2ms)
Completed 500 Internal Server Error in 10ms (ActiveRecord: 0.0ms)


  
ActionView::Template::Error (undefined method `each' for nil:NilClass):
    1: <h1>All Mountains</h1>
    2: 
    3: <% @mountain.each do |mountains| %>
    4: <p>
    5:   <%=  link_to mountain.name, mountain_path(mountain.id) %> has <%= pluralize mountain.types,'type' %>
    6: </p>
  
app/views/mountains/index.html.erb:3:in `_app_views_mountains_index_html_erb___3840231136945366621_70159379017280'
Started GET "/" for 127.0.0.1 at 2018-07-11 08:45:32 +1000
Processing by MountainsController#index as HTML
  Rendering mountains/index.html.erb within layouts/application
  Rendered mountains/index.html.erb within layouts/application (2.4ms)
Completed 500 Internal Server Error in 8ms (ActiveRecord: 0.0ms)


  
ActionView::Template::Error (undefined method `each' for nil:NilClass):
    1: <h1>All Mountains</h1>
    2: 
    3: <% @mountain.each do |mountains| %>
    4: <p>
    5:   <%=  link_to mountain.name, mountain_path(mountain.id) %> has <%= pluralize mountain.types,'type' %>
    6: </p>
  
app/views/mountains/index.html.erb:3:in `_app_views_mountains_index_html_erb___3840231136945366621_70159376930040'
Started GET "/" for 127.0.0.1 at 2018-07-11 09:26:39 +1000
Processing by MountainsController#index as HTML
  Rendering mountains/index.html.erb within layouts/application
  [1m[36mMountain Load (0.6ms)[0m  [1m[34mSELECT "mountains".* FROM "mountains"[0m
  ↳ app/views/mountains/index.html.erb:3
  Rendered mountains/index.html.erb within layouts/application (3.1ms)
Completed 500 Internal Server Error in 11ms (ActiveRecord: 0.6ms)


  
ActionView::Template::Error (SQLite3::SQLException: no such table: mountains: SELECT "mountains".* FROM "mountains"):
    1: <h1>All Mountains</h1>
    2: 
    3: <% @mountains.each do |mountain| %>
    4: <p>
    5:   <%=  link_to mountain.name, mountain_path(mountain.id) %> has <%= pluralize mountain.types,'type' %>
    6: </p>
  
app/views/mountains/index.html.erb:3:in `_app_views_mountains_index_html_erb___3840231136945366621_70159370576620'
Started GET "/rails/info/routes" for 127.0.0.1 at 2018-07-11 09:37:54 +1000
Processing by Rails::InfoController#routes as HTML
  Rendering /Users/willy/.rvm/gems/ruby-2.5.1/gems/railties-5.2.0/lib/rails/templates/rails/info/routes.html.erb within layouts/application
  Rendered collection of /Users/willy/.rvm/gems/ruby-2.5.1/gems/actionpack-5.2.0/lib/action_dispatch/middleware/templates/routes/_route.html.erb [13 times] (4.1ms)
  Rendered /Users/willy/.rvm/gems/ruby-2.5.1/gems/actionpack-5.2.0/lib/action_dispatch/middleware/templates/routes/_table.html.erb (8.7ms)
  Rendered /Users/willy/.rvm/gems/ruby-2.5.1/gems/railties-5.2.0/lib/rails/templates/rails/info/routes.html.erb within layouts/application (26.3ms)
Completed 200 OK in 47ms (Views: 35.5ms | ActiveRecord: 0.0ms)


Started GET "/mountains" for 127.0.0.1 at 2018-07-11 09:38:34 +1000
Processing by MountainsController#index as HTML
  Rendering mountains/index.html.erb within layouts/application
  [1m[36mMountain Load (0.6ms)[0m  [1m[34mSELECT "mountains".* FROM "mountains"[0m
  ↳ app/views/mountains/index.html.erb:3
  Rendered mountains/index.html.erb within layouts/application (4.3ms)
Completed 500 Internal Server Error in 44ms (ActiveRecord: 0.6ms)


  
ActionView::Template::Error (SQLite3::SQLException: no such table: mountains: SELECT "mountains".* FROM "mountains"):
    1: <h1>All Mountains</h1>
    2: 
    3: <% @mountains.each do |mountain| %>
    4: <p>
    5:   <%=  link_to mountain.name, mountain_path(mountain.id) %> has <%= pluralize mountain.types,'type' %>
    6: </p>
  
app/views/mountains/index.html.erb:3:in `_app_views_mountains_index_html_erb__3317700167201684332_70139035335280'
