Started GET "/" for 127.0.0.1 at 2018-07-10 19:58:37 +1000

ActiveRecord::PendingMigrationError - Migrations are pending. To resolve this issue, run:

        bin/rails db:migrate RAILS_ENV=development

:

Started POST "/__better_errors/a146829e9ecab824/variables" for 127.0.0.1 at 2018-07-10 19:58:37 +1000
  [1m[35m (0.1ms)[0m  [1m[34mSELECT sqlite_version(*)[0m
  ↳ bin/rails:9
  [1m[35m (2.1ms)[0m  [1m[35mCREATE TABLE "schema_migrations" ("version" varchar NOT NULL PRIMARY KEY)[0m
  ↳ bin/rails:9
  [1m[35m (2.3ms)[0m  [1m[35mCREATE TABLE "ar_internal_metadata" ("key" varchar NOT NULL PRIMARY KEY, "value" varchar, "created_at" datetime NOT NULL, "updated_at" datetime NOT NULL)[0m
  ↳ bin/rails:9
  [1m[35m (0.2ms)[0m  [1m[34mSELECT "schema_migrations"."version" FROM "schema_migrations" ORDER BY "schema_migrations"."version" ASC[0m
  ↳ bin/rails:9
Migrating to CreateOceans (20180710094457)
  [1m[35m (0.1ms)[0m  [1m[36mbegin transaction[0m
  ↳ bin/rails:9
  [1m[35m (0.8ms)[0m  [1m[35mCREATE TABLE "oceans" ("id" integer PRIMARY KEY AUTOINCREMENT NOT NULL, "name" varchar, "average_depth" integer, "image_url" varchar, "created_at" datetime NOT NULL, "updated_at" datetime NOT NULL)[0m
  ↳ db/migrate/20180710094457_create_oceans.rb:3
  [1m[36mActiveRecord::SchemaMigration Create (0.3ms)[0m  [1m[32mINSERT INTO "schema_migrations" ("version") VALUES (?)[0m  [["version", "20180710094457"]]
  ↳ bin/rails:9
  [1m[35m (1.7ms)[0m  [1m[36mcommit transaction[0m
  ↳ bin/rails:9
  [1m[36mActiveRecord::InternalMetadata Load (0.3ms)[0m  [1m[34mSELECT  "ar_internal_metadata".* FROM "ar_internal_metadata" WHERE "ar_internal_metadata"."key" = ? LIMIT ?[0m  [["key", "environment"], ["LIMIT", 1]]
  ↳ bin/rails:9
  [1m[35m (0.1ms)[0m  [1m[36mbegin transaction[0m
  ↳ bin/rails:9
  [1m[36mActiveRecord::InternalMetadata Create (0.5ms)[0m  [1m[32mINSERT INTO "ar_internal_metadata" ("key", "value", "created_at", "updated_at") VALUES (?, ?, ?, ?)[0m  [["key", "environment"], ["value", "development"], ["created_at", "2018-07-10 10:00:02.335696"], ["updated_at", "2018-07-10 10:00:02.335696"]]
  ↳ bin/rails:9
  [1m[35m (1.9ms)[0m  [1m[36mcommit transaction[0m
  ↳ bin/rails:9
  [1m[35m (0.2ms)[0m  [1m[34mSELECT "schema_migrations"."version" FROM "schema_migrations" ORDER BY "schema_migrations"."version" ASC[0m
  ↳ bin/rails:9
Started GET "/" for 127.0.0.1 at 2018-07-10 20:00:10 +1000
  [1m[35m (0.2ms)[0m  [1m[34mSELECT "schema_migrations"."version" FROM "schema_migrations" ORDER BY "schema_migrations"."version" ASC[0m
  ↳ /Users/sparker/.rvm/gems/ruby-2.5.1/gems/activerecord-5.2.0/lib/active_record/log_subscriber.rb:98
Processing by Rails::WelcomeController#index as HTML
  Rendering /Users/sparker/.rvm/gems/ruby-2.5.1/gems/railties-5.2.0/lib/rails/templates/rails/welcome/index.html.erb
  Rendered /Users/sparker/.rvm/gems/ruby-2.5.1/gems/railties-5.2.0/lib/rails/templates/rails/welcome/index.html.erb (6.9ms)
Completed 200 OK in 41ms (Views: 22.2ms | ActiveRecord: 0.0ms)


Started GET "/rails/info" for 127.0.0.1 at 2018-07-10 20:00:16 +1000
Processing by Rails::InfoController#index as HTML
Redirected to http://localhost:3000/rails/info/routes
Completed 302 Found in 4ms (ActiveRecord: 0.0ms)


Started GET "/rails/info/routes" for 127.0.0.1 at 2018-07-10 20:00:16 +1000
Processing by Rails::InfoController#routes as HTML
  Rendering /Users/sparker/.rvm/gems/ruby-2.5.1/gems/railties-5.2.0/lib/rails/templates/rails/info/routes.html.erb within layouts/application
  Rendered collection of /Users/sparker/.rvm/gems/ruby-2.5.1/gems/actionpack-5.2.0/lib/action_dispatch/middleware/templates/routes/_route.html.erb [5 times] (4.3ms)
  Rendered /Users/sparker/.rvm/gems/ruby-2.5.1/gems/actionpack-5.2.0/lib/action_dispatch/middleware/templates/routes/_table.html.erb (36.9ms)
  Rendered /Users/sparker/.rvm/gems/ruby-2.5.1/gems/railties-5.2.0/lib/rails/templates/rails/info/routes.html.erb within layouts/application (60.0ms)
Completed 200 OK in 88ms (Views: 77.4ms | ActiveRecord: 0.0ms)


Started GET "/rails/info/routes" for 127.0.0.1 at 2018-07-10 20:19:58 +1000
Processing by Rails::InfoController#routes as HTML
  Rendering /Users/sparker/.rvm/gems/ruby-2.5.1/gems/railties-5.2.0/lib/rails/templates/rails/info/routes.html.erb within layouts/application
  Rendered collection of /Users/sparker/.rvm/gems/ruby-2.5.1/gems/actionpack-5.2.0/lib/action_dispatch/middleware/templates/routes/_route.html.erb [5 times] (5.0ms)
  Rendered /Users/sparker/.rvm/gems/ruby-2.5.1/gems/actionpack-5.2.0/lib/action_dispatch/middleware/templates/routes/_table.html.erb (1.2ms)
  Rendered /Users/sparker/.rvm/gems/ruby-2.5.1/gems/railties-5.2.0/lib/rails/templates/rails/info/routes.html.erb within layouts/application (17.0ms)
Completed 200 OK in 39ms (Views: 30.4ms | ActiveRecord: 0.0ms)


Started GET "/r" for 127.0.0.1 at 2018-07-10 20:20:03 +1000
  
ActionController::RoutingError (No route matches [GET] "/r"):
  
actionpack (5.2.0) lib/action_dispatch/middleware/debug_exceptions.rb:65:in `call'
rack-contrib (2.0.1) lib/rack/contrib/response_headers.rb:17:in `call'
meta_request (0.6.0) lib/meta_request/middlewares/headers.rb:16:in `call'
web-console (3.6.2) lib/web_console/middleware.rb:135:in `call_app'
web-console (3.6.2) lib/web_console/middleware.rb:30:in `block in call'
web-console (3.6.2) lib/web_console/middleware.rb:20:in `catch'
web-console (3.6.2) lib/web_console/middleware.rb:20:in `call'
actionpack (5.2.0) lib/action_dispatch/middleware/show_exceptions.rb:33:in `call'
railties (5.2.0) lib/rails/rack/logger.rb:38:in `call_app'
railties (5.2.0) lib/rails/rack/logger.rb:26:in `block in call'
activesupport (5.2.0) lib/active_support/tagged_logging.rb:71:in `block in tagged'
activesupport (5.2.0) lib/active_support/tagged_logging.rb:28:in `tagged'
activesupport (5.2.0) lib/active_support/tagged_logging.rb:71:in `tagged'
railties (5.2.0) lib/rails/rack/logger.rb:26:in `call'
sprockets-rails (3.2.1) lib/sprockets/rails/quiet_assets.rb:13:in `call'
actionpack (5.2.0) lib/action_dispatch/middleware/remote_ip.rb:81:in `call'
actionpack (5.2.0) lib/action_dispatch/middleware/request_id.rb:27:in `call'
rack (2.0.5) lib/rack/method_override.rb:22:in `call'
rack (2.0.5) lib/rack/runtime.rb:22:in `call'
activesupport (5.2.0) lib/active_support/cache/strategy/local_cache_middleware.rb:29:in `call'
actionpack (5.2.0) lib/action_dispatch/middleware/executor.rb:14:in `call'
actionpack (5.2.0) lib/action_dispatch/middleware/static.rb:127:in `call'
rack (2.0.5) lib/rack/sendfile.rb:111:in `call'
railties (5.2.0) lib/rails/engine.rb:524:in `call'
puma (3.11.4) lib/puma/configuration.rb:225:in `call'
puma (3.11.4) lib/puma/server.rb:632:in `handle_request'
puma (3.11.4) lib/puma/server.rb:446:in `process_client'
puma (3.11.4) lib/puma/server.rb:306:in `block in run'
puma (3.11.4) lib/puma/thread_pool.rb:120:in `block in spawn_thread'
Started GET "/" for 127.0.0.1 at 2018-07-10 20:20:09 +1000
Processing by Rails::WelcomeController#index as HTML
  Rendering /Users/sparker/.rvm/gems/ruby-2.5.1/gems/railties-5.2.0/lib/rails/templates/rails/welcome/index.html.erb
  Rendered /Users/sparker/.rvm/gems/ruby-2.5.1/gems/railties-5.2.0/lib/rails/templates/rails/welcome/index.html.erb (2.4ms)
Completed 200 OK in 13ms (Views: 6.1ms | ActiveRecord: 0.0ms)


Started GET "/index" for 127.0.0.1 at 2018-07-10 20:22:22 +1000
  
ActionController::RoutingError (No route matches [GET] "/index"):
  
actionpack (5.2.0) lib/action_dispatch/middleware/debug_exceptions.rb:65:in `call'
rack-contrib (2.0.1) lib/rack/contrib/response_headers.rb:17:in `call'
meta_request (0.6.0) lib/meta_request/middlewares/headers.rb:16:in `call'
web-console (3.6.2) lib/web_console/middleware.rb:135:in `call_app'
web-console (3.6.2) lib/web_console/middleware.rb:30:in `block in call'
web-console (3.6.2) lib/web_console/middleware.rb:20:in `catch'
web-console (3.6.2) lib/web_console/middleware.rb:20:in `call'
actionpack (5.2.0) lib/action_dispatch/middleware/show_exceptions.rb:33:in `call'
railties (5.2.0) lib/rails/rack/logger.rb:38:in `call_app'
railties (5.2.0) lib/rails/rack/logger.rb:26:in `block in call'
activesupport (5.2.0) lib/active_support/tagged_logging.rb:71:in `block in tagged'
activesupport (5.2.0) lib/active_support/tagged_logging.rb:28:in `tagged'
activesupport (5.2.0) lib/active_support/tagged_logging.rb:71:in `tagged'
railties (5.2.0) lib/rails/rack/logger.rb:26:in `call'
sprockets-rails (3.2.1) lib/sprockets/rails/quiet_assets.rb:13:in `call'
actionpack (5.2.0) lib/action_dispatch/middleware/remote_ip.rb:81:in `call'
actionpack (5.2.0) lib/action_dispatch/middleware/request_id.rb:27:in `call'
rack (2.0.5) lib/rack/method_override.rb:22:in `call'
rack (2.0.5) lib/rack/runtime.rb:22:in `call'
activesupport (5.2.0) lib/active_support/cache/strategy/local_cache_middleware.rb:29:in `call'
actionpack (5.2.0) lib/action_dispatch/middleware/executor.rb:14:in `call'
actionpack (5.2.0) lib/action_dispatch/middleware/static.rb:127:in `call'
rack (2.0.5) lib/rack/sendfile.rb:111:in `call'
railties (5.2.0) lib/rails/engine.rb:524:in `call'
puma (3.11.4) lib/puma/configuration.rb:225:in `call'
puma (3.11.4) lib/puma/server.rb:632:in `handle_request'
puma (3.11.4) lib/puma/server.rb:446:in `process_client'
puma (3.11.4) lib/puma/server.rb:306:in `block in run'
puma (3.11.4) lib/puma/thread_pool.rb:120:in `block in spawn_thread'
Started GET "/" for 127.0.0.1 at 2018-07-10 20:22:29 +1000
Processing by OceansController#index as HTML
  Rendering oceans/index.html.erb within layouts/application
  Rendered oceans/index.html.erb within layouts/application (0.5ms)
Completed 200 OK in 1115ms (Views: 1104.7ms | ActiveRecord: 0.0ms)


Started GET "/new" for 127.0.0.1 at 2018-07-10 20:22:36 +1000
  
ActionController::RoutingError (No route matches [GET] "/new"):
  
actionpack (5.2.0) lib/action_dispatch/middleware/debug_exceptions.rb:65:in `call'
rack-contrib (2.0.1) lib/rack/contrib/response_headers.rb:17:in `call'
meta_request (0.6.0) lib/meta_request/middlewares/headers.rb:16:in `call'
web-console (3.6.2) lib/web_console/middleware.rb:135:in `call_app'
web-console (3.6.2) lib/web_console/middleware.rb:30:in `block in call'
web-console (3.6.2) lib/web_console/middleware.rb:20:in `catch'
web-console (3.6.2) lib/web_console/middleware.rb:20:in `call'
actionpack (5.2.0) lib/action_dispatch/middleware/show_exceptions.rb:33:in `call'
railties (5.2.0) lib/rails/rack/logger.rb:38:in `call_app'
railties (5.2.0) lib/rails/rack/logger.rb:26:in `block in call'
activesupport (5.2.0) lib/active_support/tagged_logging.rb:71:in `block in tagged'
activesupport (5.2.0) lib/active_support/tagged_logging.rb:28:in `tagged'
activesupport (5.2.0) lib/active_support/tagged_logging.rb:71:in `tagged'
railties (5.2.0) lib/rails/rack/logger.rb:26:in `call'
sprockets-rails (3.2.1) lib/sprockets/rails/quiet_assets.rb:13:in `call'
actionpack (5.2.0) lib/action_dispatch/middleware/remote_ip.rb:81:in `call'
actionpack (5.2.0) lib/action_dispatch/middleware/request_id.rb:27:in `call'
rack (2.0.5) lib/rack/method_override.rb:22:in `call'
rack (2.0.5) lib/rack/runtime.rb:22:in `call'
activesupport (5.2.0) lib/active_support/cache/strategy/local_cache_middleware.rb:29:in `call'
actionpack (5.2.0) lib/action_dispatch/middleware/executor.rb:14:in `call'
actionpack (5.2.0) lib/action_dispatch/middleware/static.rb:127:in `call'
rack (2.0.5) lib/rack/sendfile.rb:111:in `call'
railties (5.2.0) lib/rails/engine.rb:524:in `call'
puma (3.11.4) lib/puma/configuration.rb:225:in `call'
puma (3.11.4) lib/puma/server.rb:632:in `handle_request'
puma (3.11.4) lib/puma/server.rb:446:in `process_client'
puma (3.11.4) lib/puma/server.rb:306:in `block in run'
puma (3.11.4) lib/puma/thread_pool.rb:120:in `block in spawn_thread'
Started GET "/oceans/new" for 127.0.0.1 at 2018-07-10 20:22:52 +1000
Processing by OceansController#new as HTML
  Rendering oceans/new.html.erb within layouts/application
  Rendered oceans/new.html.erb within layouts/application (0.3ms)
Completed 200 OK in 30ms (Views: 25.7ms | ActiveRecord: 0.0ms)


Started GET "/oceans" for 127.0.0.1 at 2018-07-10 20:24:44 +1000
Processing by OceansController#index as HTML
  Rendering oceans/index.html.erb within layouts/application
  [1m[36mOcean Load (0.3ms)[0m  [1m[34mSELECT "oceans".* FROM "oceans"[0m
  ↳ app/views/oceans/index.html.erb:3
  Rendered oceans/index.html.erb within layouts/application (3.7ms)
Completed 200 OK in 29ms (Views: 24.3ms | ActiveRecord: 0.6ms)


Started GET "/oceans" for 127.0.0.1 at 2018-07-10 20:26:15 +1000
Processing by OceansController#index as HTML
  Rendering oceans/index.html.erb within layouts/application
  [1m[36mOcean Load (0.2ms)[0m  [1m[34mSELECT "oceans".* FROM "oceans"[0m
  ↳ app/views/oceans/index.html.erb:3
  Rendered oceans/index.html.erb within layouts/application (1.8ms)
Completed 200 OK in 27ms (Views: 22.2ms | ActiveRecord: 0.2ms)


Started GET "/oceans/new" for 127.0.0.1 at 2018-07-10 20:26:19 +1000
Processing by OceansController#new as HTML
  Rendering oceans/new.html.erb within layouts/application
  Rendered oceans/new.html.erb within layouts/application (0.5ms)
Completed 200 OK in 26ms (Views: 22.1ms | ActiveRecord: 0.0ms)


Started GET "/oceans/new" for 127.0.0.1 at 2018-07-10 20:28:42 +1000
Processing by OceansController#new as HTML
  Rendering oceans/new.html.erb within layouts/application
  Rendered oceans/new.html.erb within layouts/application (0.5ms)
Completed 200 OK in 27ms (Views: 23.7ms | ActiveRecord: 0.0ms)


Started POST "/oceans" for 127.0.0.1 at 2018-07-10 20:28:57 +1000
Processing by OceansController#create as HTML
  Parameters: {"name"=>"fdfd", "image"=>"https://i.ytimg.com/vi/xT6UsQwZyy0/maxresdefault.jpg", "average_depth"=>"9"}
  [1m[35m (0.1ms)[0m  [1m[36mbegin transaction[0m
  ↳ app/controllers/oceans_controller.rb:14
  [1m[36mOcean Create (0.5ms)[0m  [1m[32mINSERT INTO "oceans" ("name", "average_depth", "created_at", "updated_at") VALUES (?, ?, ?, ?)[0m  [["name", "fdfd"], ["average_depth", 9], ["created_at", "2018-07-10 10:28:57.380935"], ["updated_at", "2018-07-10 10:28:57.380935"]]
  ↳ app/controllers/oceans_controller.rb:14
  [1m[35m (1.8ms)[0m  [1m[36mcommit transaction[0m
  ↳ app/controllers/oceans_controller.rb:14
Redirected to http://localhost:3000/oceans/1
Completed 302 Found in 20ms (ActiveRecord: 3.1ms)


Started GET "/oceans/1" for 127.0.0.1 at 2018-07-10 20:28:57 +1000
Processing by OceansController#show as HTML
  Parameters: {"id"=>"1"}
  [1m[36mOcean Load (0.2ms)[0m  [1m[34mSELECT  "oceans".* FROM "oceans" WHERE "oceans"."id" = ? LIMIT ?[0m  [["id", 1], ["LIMIT", 1]]
  ↳ app/controllers/oceans_controller.rb:19
  Rendering oceans/show.html.erb within layouts/application
  Rendered oceans/show.html.erb within layouts/application (1.3ms)
Completed 200 OK in 38ms (Views: 28.8ms | ActiveRecord: 0.2ms)


Started GET "/oceans/new" for 127.0.0.1 at 2018-07-10 20:30:01 +1000
Processing by OceansController#new as HTML
  Rendering oceans/new.html.erb within layouts/application
  Rendered oceans/new.html.erb within layouts/application (0.7ms)
Completed 200 OK in 30ms (Views: 24.7ms | ActiveRecord: 0.0ms)


Started GET "/oceans/new" for 127.0.0.1 at 2018-07-10 20:30:38 +1000
Processing by OceansController#new as HTML
  Rendering oceans/new.html.erb within layouts/application
  Rendered oceans/new.html.erb within layouts/application (0.4ms)
Completed 200 OK in 29ms (Views: 25.5ms | ActiveRecord: 0.0ms)


Started GET "/oceans/1" for 127.0.0.1 at 2018-07-10 20:30:41 +1000
Processing by OceansController#show as HTML
  Parameters: {"id"=>"1"}
  [1m[36mOcean Load (0.2ms)[0m  [1m[34mSELECT  "oceans".* FROM "oceans" WHERE "oceans"."id" = ? LIMIT ?[0m  [["id", 1], ["LIMIT", 1]]
  ↳ app/controllers/oceans_controller.rb:19
  Rendering oceans/show.html.erb within layouts/application
  Rendered oceans/show.html.erb within layouts/application (1.0ms)
Completed 200 OK in 35ms (Views: 28.1ms | ActiveRecord: 0.2ms)


Started GET "/oceans/1" for 127.0.0.1 at 2018-07-10 20:30:42 +1000
Processing by OceansController#show as HTML
  Parameters: {"id"=>"1"}
  [1m[36mOcean Load (0.2ms)[0m  [1m[34mSELECT  "oceans".* FROM "oceans" WHERE "oceans"."id" = ? LIMIT ?[0m  [["id", 1], ["LIMIT", 1]]
  ↳ app/controllers/oceans_controller.rb:19
  Rendering oceans/show.html.erb within layouts/application
  Rendered oceans/show.html.erb within layouts/application (0.9ms)
Completed 200 OK in 34ms (Views: 27.7ms | ActiveRecord: 0.2ms)


Started GET "/oceans/new" for 127.0.0.1 at 2018-07-10 20:31:22 +1000
Processing by OceansController#new as HTML
  Rendering oceans/new.html.erb within layouts/application
  Rendered oceans/new.html.erb within layouts/application (0.5ms)
Completed 200 OK in 35ms (Views: 30.6ms | ActiveRecord: 0.0ms)


Started POST "/oceans" for 127.0.0.1 at 2018-07-10 20:31:56 +1000
Processing by OceansController#create as HTML
  Parameters: {"name"=>"teat", "image_url"=>"https://en.wikipedia.org/wiki/Ocean#/media/File:Clouds_over_the_Atlantic_Ocean.jpg", "average_depth"=>"50"}
  [1m[35m (0.1ms)[0m  [1m[36mbegin transaction[0m
  ↳ app/controllers/oceans_controller.rb:14
  [1m[36mOcean Create (0.8ms)[0m  [1m[32mINSERT INTO "oceans" ("name", "average_depth", "image_url", "created_at", "updated_at") VALUES (?, ?, ?, ?, ?)[0m  [["name", "teat"], ["average_depth", 50], ["image_url", "https://en.wikipedia.org/wiki/Ocean#/media/File:Clouds_over_the_Atlantic_Ocean.jpg"], ["created_at", "2018-07-10 10:31:56.898038"], ["updated_at", "2018-07-10 10:31:56.898038"]]
  ↳ app/controllers/oceans_controller.rb:14
  [1m[35m (3.5ms)[0m  [1m[36mcommit transaction[0m
  ↳ app/controllers/oceans_controller.rb:14
Redirected to http://localhost:3000/oceans/2
Completed 302 Found in 17ms (ActiveRecord: 4.3ms)


Started GET "/oceans/2" for 127.0.0.1 at 2018-07-10 20:31:56 +1000
Processing by OceansController#show as HTML
  Parameters: {"id"=>"2"}
  [1m[36mOcean Load (0.4ms)[0m  [1m[34mSELECT  "oceans".* FROM "oceans" WHERE "oceans"."id" = ? LIMIT ?[0m  [["id", 2], ["LIMIT", 1]]
  ↳ app/controllers/oceans_controller.rb:19
  Rendering oceans/show.html.erb within layouts/application
  Rendered oceans/show.html.erb within layouts/application (1.3ms)
Completed 200 OK in 71ms (Views: 56.9ms | ActiveRecord: 0.4ms)


Started GET "/oceans/new" for 127.0.0.1 at 2018-07-10 20:32:12 +1000
Processing by OceansController#new as HTML
  Rendering oceans/new.html.erb within layouts/application
  Rendered oceans/new.html.erb within layouts/application (0.4ms)
Completed 200 OK in 46ms (Views: 41.1ms | ActiveRecord: 0.0ms)


Started POST "/oceans" for 127.0.0.1 at 2018-07-10 20:32:32 +1000
Processing by OceansController#create as HTML
  Parameters: {"name"=>"Atlantic", "image_url"=>"https://upload.wikimedia.org/wikipedia/commons/e/e0/Clouds_over_the_Atlantic_Ocean.jpg", "average_depth"=>"50"}
  [1m[35m (0.1ms)[0m  [1m[36mbegin transaction[0m
  ↳ app/controllers/oceans_controller.rb:14
  [1m[36mOcean Create (0.6ms)[0m  [1m[32mINSERT INTO "oceans" ("name", "average_depth", "image_url", "created_at", "updated_at") VALUES (?, ?, ?, ?, ?)[0m  [["name", "Atlantic"], ["average_depth", 50], ["image_url", "https://upload.wikimedia.org/wikipedia/commons/e/e0/Clouds_over_the_Atlantic_Ocean.jpg"], ["created_at", "2018-07-10 10:32:32.218346"], ["updated_at", "2018-07-10 10:32:32.218346"]]
  ↳ app/controllers/oceans_controller.rb:14
  [1m[35m (2.1ms)[0m  [1m[36mcommit transaction[0m
  ↳ app/controllers/oceans_controller.rb:14
Redirected to http://localhost:3000/oceans/3
Completed 302 Found in 14ms (ActiveRecord: 2.7ms)


Started GET "/oceans/3" for 127.0.0.1 at 2018-07-10 20:32:32 +1000
Processing by OceansController#show as HTML
  Parameters: {"id"=>"3"}
  [1m[36mOcean Load (0.3ms)[0m  [1m[34mSELECT  "oceans".* FROM "oceans" WHERE "oceans"."id" = ? LIMIT ?[0m  [["id", 3], ["LIMIT", 1]]
  ↳ app/controllers/oceans_controller.rb:19
  Rendering oceans/show.html.erb within layouts/application
  Rendered oceans/show.html.erb within layouts/application (1.5ms)
Completed 200 OK in 77ms (Views: 67.7ms | ActiveRecord: 0.3ms)


Started GET "/oceans/3/edit" for 127.0.0.1 at 2018-07-10 20:34:48 +1000
Processing by OceansController#edit as HTML
  Parameters: {"id"=>"3"}
  [1m[36mOcean Load (0.2ms)[0m  [1m[34mSELECT  "oceans".* FROM "oceans" WHERE "oceans"."id" = ? LIMIT ?[0m  [["id", 3], ["LIMIT", 1]]
  ↳ app/controllers/oceans_controller.rb:23
  Rendering oceans/edit.html.erb within layouts/application
  Rendered oceans/edit.html.erb within layouts/application (0.6ms)
Completed 200 OK in 33ms (Views: 23.1ms | ActiveRecord: 0.2ms)


Started POST "/oceans/3" for 127.0.0.1 at 2018-07-10 20:34:59 +1000
Processing by OceansController#update as HTML
  Parameters: {"name"=>"hhhhhhhhh", "image_url"=>"https://upload.wikimedia.org/wikipedia/commons/e/e0/Clouds_over_the_Atlantic_Ocean.jpg", "average_depth"=>"40", "id"=>"3"}
  [1m[36mOcean Load (0.2ms)[0m  [1m[34mSELECT  "oceans".* FROM "oceans" WHERE "oceans"."id" = ? LIMIT ?[0m  [["id", 3], ["LIMIT", 1]]
  ↳ app/controllers/oceans_controller.rb:27
Completed 500  in 264ms (ActiveRecord: 0.2ms)



NameError - undefined local variable or method `ocean' for #<OceansController:0x00007fe0aaeb2700>
Did you mean?  @ocean:
  app/controllers/oceans_controller.rb:28:in `update'

Started POST "/__better_errors/9636d6d87530f19d/variables" for 127.0.0.1 at 2018-07-10 20:34:59 +1000
Started POST "/oceans/3" for 127.0.0.1 at 2018-07-10 20:39:03 +1000
Processing by OceansController#update as HTML
  Parameters: {"name"=>"hhhhhhhhh", "image_url"=>"https://upload.wikimedia.org/wikipedia/commons/e/e0/Clouds_over_the_Atlantic_Ocean.jpg", "average_depth"=>"40", "id"=>"3"}
  [1m[36mOcean Load (0.2ms)[0m  [1m[34mSELECT  "oceans".* FROM "oceans" WHERE "oceans"."id" = ? LIMIT ?[0m  [["id", 3], ["LIMIT", 1]]
  ↳ app/controllers/oceans_controller.rb:27
  [1m[35m (0.1ms)[0m  [1m[36mbegin transaction[0m
  ↳ app/controllers/oceans_controller.rb:31
  [1m[36mOcean Update (0.5ms)[0m  [1m[33mUPDATE "oceans" SET "name" = ?, "average_depth" = ?, "updated_at" = ? WHERE "oceans"."id" = ?[0m  [["name", "hhhhhhhhh"], ["average_depth", 40], ["updated_at", "2018-07-10 10:39:03.735487"], ["id", 3]]
  ↳ app/controllers/oceans_controller.rb:31
  [1m[35m (1.7ms)[0m  [1m[36mcommit transaction[0m
  ↳ app/controllers/oceans_controller.rb:31
Redirected to http://localhost:3000/oceans/3
Completed 302 Found in 34ms (ActiveRecord: 3.8ms)


Started GET "/oceans/3" for 127.0.0.1 at 2018-07-10 20:39:03 +1000
Processing by OceansController#show as HTML
  Parameters: {"id"=>"3"}
  [1m[36mOcean Load (0.1ms)[0m  [1m[34mSELECT  "oceans".* FROM "oceans" WHERE "oceans"."id" = ? LIMIT ?[0m  [["id", 3], ["LIMIT", 1]]
  ↳ app/controllers/oceans_controller.rb:19
  Rendering oceans/show.html.erb within layouts/application
  Rendered oceans/show.html.erb within layouts/application (1.0ms)
Completed 200 OK in 52ms (Views: 45.5ms | ActiveRecord: 0.1ms)


Started GET "/oceans" for 127.0.0.1 at 2018-07-10 20:39:10 +1000
Processing by OceansController#index as HTML
  Rendering oceans/index.html.erb within layouts/application
  [1m[36mOcean Load (0.2ms)[0m  [1m[34mSELECT "oceans".* FROM "oceans"[0m
  ↳ app/views/oceans/index.html.erb:3
  Rendered oceans/index.html.erb within layouts/application (3.4ms)
Completed 200 OK in 39ms (Views: 33.8ms | ActiveRecord: 0.2ms)


Started GET "/oceans/2" for 127.0.0.1 at 2018-07-10 20:39:23 +1000
Processing by OceansController#show as HTML
  Parameters: {"id"=>"2"}
  [1m[36mOcean Load (0.1ms)[0m  [1m[34mSELECT  "oceans".* FROM "oceans" WHERE "oceans"."id" = ? LIMIT ?[0m  [["id", 2], ["LIMIT", 1]]
  ↳ app/controllers/oceans_controller.rb:19
  Rendering oceans/show.html.erb within layouts/application
  Rendered oceans/show.html.erb within layouts/application (0.7ms)
Completed 200 OK in 40ms (Views: 31.1ms | ActiveRecord: 0.1ms)


Started DELETE "/oceans/2" for 127.0.0.1 at 2018-07-10 20:39:26 +1000
Processing by OceansController#destroy as HTML
  Parameters: {"authenticity_token"=>"1LSKQ5kcaKfT1MlQISxPiQyt+IUsyUWZXyb0y2HXA684mCsMoN/K74e8F4/vG+/HI9l45I9R8wMlbSDF2pXplA==", "id"=>"2"}
Completed 500  in 3ms (ActiveRecord: 0.0ms)



ArgumentError - wrong number of arguments (given 1, expected 0):
  app/controllers/oceans_controller.rb:36:in `destroy'

Started POST "/__better_errors/f6378207886b385c/variables" for 127.0.0.1 at 2018-07-10 20:39:26 +1000
Started DELETE "/oceans/2" for 127.0.0.1 at 2018-07-10 20:39:43 +1000
Processing by OceansController#destroy as HTML
  Parameters: {"authenticity_token"=>"1LSKQ5kcaKfT1MlQISxPiQyt+IUsyUWZXyb0y2HXA684mCsMoN/K74e8F4/vG+/HI9l45I9R8wMlbSDF2pXplA==", "id"=>"2"}
Completed 500  in 2ms (ActiveRecord: 0.0ms)



ArgumentError - wrong number of arguments (given 1, expected 0):
  app/controllers/oceans_controller.rb:36:in `destroy'

Started POST "/__better_errors/21864f9ba4f6a61b/variables" for 127.0.0.1 at 2018-07-10 20:39:43 +1000
Started DELETE "/oceans/2" for 127.0.0.1 at 2018-07-10 20:40:02 +1000
Processing by OceansController#destroy as HTML
  Parameters: {"authenticity_token"=>"1LSKQ5kcaKfT1MlQISxPiQyt+IUsyUWZXyb0y2HXA684mCsMoN/K74e8F4/vG+/HI9l45I9R8wMlbSDF2pXplA==", "id"=>"2"}
  [1m[36mOcean Load (0.2ms)[0m  [1m[34mSELECT  "oceans".* FROM "oceans" WHERE "oceans"."id" = ? LIMIT ?[0m  [["id", 2], ["LIMIT", 1]]
  ↳ app/controllers/oceans_controller.rb:36
  [1m[35m (0.2ms)[0m  [1m[36mbegin transaction[0m
  ↳ app/controllers/oceans_controller.rb:37
  [1m[36mOcean Destroy (0.4ms)[0m  [1m[31mDELETE FROM "oceans" WHERE "oceans"."id" = ?[0m  [["id", 2]]
  ↳ app/controllers/oceans_controller.rb:37
  [1m[35m (1.7ms)[0m  [1m[36mcommit transaction[0m
  ↳ app/controllers/oceans_controller.rb:37
Redirected to http://localhost:3000/oceans
Completed 302 Found in 19ms (ActiveRecord: 3.2ms)


Started GET "/oceans" for 127.0.0.1 at 2018-07-10 20:40:02 +1000
Processing by OceansController#index as HTML
  Rendering oceans/index.html.erb within layouts/application
  [1m[36mOcean Load (0.2ms)[0m  [1m[34mSELECT "oceans".* FROM "oceans"[0m
  ↳ app/views/oceans/index.html.erb:3
  Rendered oceans/index.html.erb within layouts/application (2.2ms)
Completed 200 OK in 40ms (Views: 35.0ms | ActiveRecord: 0.2ms)


