Started GET "/" for 127.0.0.1 at 2018-07-09 14:44:14 +1000
Processing by PagesController#home as HTML
  Rendering pages/home.html.erb within layouts/application
  Rendered pages/home.html.erb within layouts/application (1.3ms)
Completed 200 OK in 526ms (Views: 518.3ms | ActiveRecord: 0.0ms)


Started GET "/" for 127.0.0.1 at 2018-07-09 14:44:18 +1000
Processing by PagesController#home as HTML
  Rendering pages/home.html.erb within layouts/application
  Rendered pages/home.html.erb within layouts/application (0.7ms)
Completed 200 OK in 47ms (Views: 46.5ms | ActiveRecord: 0.0ms)


Started GET "/" for 127.0.0.1 at 2018-07-09 14:44:20 +1000
Processing by PagesController#home as HTML
  Rendering pages/home.html.erb within layouts/application
  Rendered pages/home.html.erb within layouts/application (0.7ms)
Completed 200 OK in 49ms (Views: 47.7ms | ActiveRecord: 0.0ms)


Started GET "/" for 127.0.0.1 at 2018-07-09 14:48:05 +1000
Processing by PagesController#home as HTML
  Rendering pages/home.html.erb within layouts/application
  Rendered pages/home.html.erb within layouts/application (0.5ms)
Completed 200 OK in 61ms (Views: 60.4ms | ActiveRecord: 0.0ms)


Started GET "/" for 127.0.0.1 at 2018-07-09 14:48:18 +1000
Processing by PagesController#home as HTML
  Rendering pages/home.html.erb within layouts/application
  Rendered pages/home.html.erb within layouts/application (0.4ms)
Completed 200 OK in 41ms (Views: 40.1ms | ActiveRecord: 0.0ms)


Started GET "/game" for 127.0.0.1 at 2018-07-09 14:48:23 +1000
  
ActionController::RoutingError (No route matches [GET] "/game"):
  
actionpack (5.2.0) lib/action_dispatch/middleware/debug_exceptions.rb:65:in `call'
web-console (3.6.2) lib/web_console/middleware.rb:135:in `call_app'
web-console (3.6.2) lib/web_console/middleware.rb:30:in `block in call'
web-console (3.6.2) lib/web_console/middleware.rb:20:in `catch'
web-console (3.6.2) lib/web_console/middleware.rb:20:in `call'
actionpack (5.2.0) lib/action_dispatch/middleware/show_exceptions.rb:33:in `call'
railties (5.2.0) lib/rails/rack/logger.rb:38:in `call_app'
railties (5.2.0) lib/rails/rack/logger.rb:26:in `block in call'
activesupport (5.2.0) lib/active_support/tagged_logging.rb:71:in `block in tagged'
activesupport (5.2.0) lib/active_support/tagged_logging.rb:28:in `tagged'
activesupport (5.2.0) lib/active_support/tagged_logging.rb:71:in `tagged'
railties (5.2.0) lib/rails/rack/logger.rb:26:in `call'
sprockets-rails (3.2.1) lib/sprockets/rails/quiet_assets.rb:13:in `call'
actionpack (5.2.0) lib/action_dispatch/middleware/remote_ip.rb:81:in `call'
actionpack (5.2.0) lib/action_dispatch/middleware/request_id.rb:27:in `call'
rack (2.0.5) lib/rack/method_override.rb:22:in `call'
rack (2.0.5) lib/rack/runtime.rb:22:in `call'
activesupport (5.2.0) lib/active_support/cache/strategy/local_cache_middleware.rb:29:in `call'
actionpack (5.2.0) lib/action_dispatch/middleware/executor.rb:14:in `call'
actionpack (5.2.0) lib/action_dispatch/middleware/static.rb:127:in `call'
rack (2.0.5) lib/rack/sendfile.rb:111:in `call'
railties (5.2.0) lib/rails/engine.rb:524:in `call'
puma (3.11.4) lib/puma/configuration.rb:225:in `call'
puma (3.11.4) lib/puma/server.rb:632:in `handle_request'
puma (3.11.4) lib/puma/server.rb:446:in `process_client'
puma (3.11.4) lib/puma/server.rb:306:in `block in run'
puma (3.11.4) lib/puma/thread_pool.rb:120:in `call'
puma (3.11.4) lib/puma/thread_pool.rb:120:in `block in spawn_thread'
Started GET "/" for 127.0.0.1 at 2018-07-09 14:49:11 +1000
Processing by PagesController#home as HTML
  Rendering pages/home.html.erb within layouts/application
  Rendered pages/home.html.erb within layouts/application (0.4ms)
Completed 200 OK in 50ms (Views: 49.9ms | ActiveRecord: 0.0ms)


Started GET "/" for 127.0.0.1 at 2018-07-09 14:49:40 +1000
Processing by PagesController#home as HTML
  Rendering pages/home.html.erb within layouts/application
  Rendered pages/home.html.erb within layouts/application (0.5ms)
Completed 200 OK in 103ms (Views: 102.5ms | ActiveRecord: 0.0ms)


Started GET "/magic" for 127.0.0.1 at 2018-07-09 14:49:41 +1000
  
ActionController::RoutingError (No route matches [GET] "/magic"):
  
actionpack (5.2.0) lib/action_dispatch/middleware/debug_exceptions.rb:65:in `call'
web-console (3.6.2) lib/web_console/middleware.rb:135:in `call_app'
web-console (3.6.2) lib/web_console/middleware.rb:30:in `block in call'
web-console (3.6.2) lib/web_console/middleware.rb:20:in `catch'
web-console (3.6.2) lib/web_console/middleware.rb:20:in `call'
actionpack (5.2.0) lib/action_dispatch/middleware/show_exceptions.rb:33:in `call'
railties (5.2.0) lib/rails/rack/logger.rb:38:in `call_app'
railties (5.2.0) lib/rails/rack/logger.rb:26:in `block in call'
activesupport (5.2.0) lib/active_support/tagged_logging.rb:71:in `block in tagged'
activesupport (5.2.0) lib/active_support/tagged_logging.rb:28:in `tagged'
activesupport (5.2.0) lib/active_support/tagged_logging.rb:71:in `tagged'
railties (5.2.0) lib/rails/rack/logger.rb:26:in `call'
sprockets-rails (3.2.1) lib/sprockets/rails/quiet_assets.rb:13:in `call'
actionpack (5.2.0) lib/action_dispatch/middleware/remote_ip.rb:81:in `call'
actionpack (5.2.0) lib/action_dispatch/middleware/request_id.rb:27:in `call'
rack (2.0.5) lib/rack/method_override.rb:22:in `call'
rack (2.0.5) lib/rack/runtime.rb:22:in `call'
activesupport (5.2.0) lib/active_support/cache/strategy/local_cache_middleware.rb:29:in `call'
actionpack (5.2.0) lib/action_dispatch/middleware/executor.rb:14:in `call'
actionpack (5.2.0) lib/action_dispatch/middleware/static.rb:127:in `call'
rack (2.0.5) lib/rack/sendfile.rb:111:in `call'
railties (5.2.0) lib/rails/engine.rb:524:in `call'
puma (3.11.4) lib/puma/configuration.rb:225:in `call'
puma (3.11.4) lib/puma/server.rb:632:in `handle_request'
puma (3.11.4) lib/puma/server.rb:446:in `process_client'
puma (3.11.4) lib/puma/server.rb:306:in `block in run'
puma (3.11.4) lib/puma/thread_pool.rb:120:in `call'
puma (3.11.4) lib/puma/thread_pool.rb:120:in `block in spawn_thread'
Started GET "/magic" for 127.0.0.1 at 2018-07-09 14:49:52 +1000
Processing by MagicController#game as HTML
  Rendering magic/game.html.erb within layouts/application
  Rendered magic/game.html.erb within layouts/application (0.7ms)
Completed 200 OK in 64ms (Views: 62.8ms | ActiveRecord: 0.0ms)


Started GET "/magic" for 127.0.0.1 at 2018-07-09 14:53:16 +1000
Processing by MagicController#game as HTML
  Rendering magic/game.html.erb within layouts/application
  Rendered magic/game.html.erb within layouts/application (0.5ms)
Completed 200 OK in 82ms (Views: 80.9ms | ActiveRecord: 0.0ms)


Started GET "/" for 127.0.0.1 at 2018-07-09 14:53:19 +1000
Processing by PagesController#home as HTML
  Rendering pages/home.html.erb within layouts/application
  Rendered pages/home.html.erb within layouts/application (0.7ms)
Completed 200 OK in 50ms (Views: 49.0ms | ActiveRecord: 0.0ms)


Started GET "/secretn" for 127.0.0.1 at 2018-07-09 14:53:21 +1000
Processing by SecretnController#game as HTML
  Rendering secretn/game.html.erb within layouts/application
  Rendered secretn/game.html.erb within layouts/application (0.7ms)
Completed 200 OK in 50ms (Views: 48.6ms | ActiveRecord: 0.0ms)


Started GET "/magic" for 127.0.0.1 at 2018-07-09 14:53:23 +1000
Processing by MagicController#game as HTML
  Rendering magic/game.html.erb within layouts/application
  Rendered magic/game.html.erb within layouts/application (0.6ms)
Completed 200 OK in 44ms (Views: 43.5ms | ActiveRecord: 0.0ms)


Started GET "/" for 127.0.0.1 at 2018-07-09 14:53:25 +1000
Processing by PagesController#home as HTML
  Rendering pages/home.html.erb within layouts/application
  Rendered pages/home.html.erb within layouts/application (0.5ms)
Completed 200 OK in 39ms (Views: 37.6ms | ActiveRecord: 0.0ms)


Started GET "/magic" for 127.0.0.1 at 2018-07-09 14:53:50 +1000
Processing by MagicController#game as HTML
  Rendering magic/game.html.erb within layouts/application
  Rendered magic/game.html.erb within layouts/application (0.6ms)
Completed 200 OK in 57ms (Views: 55.6ms | ActiveRecord: 0.0ms)


Started GET "/" for 127.0.0.1 at 2018-07-09 14:57:09 +1000
Processing by PagesController#home as HTML
  Rendering pages/home.html.erb within layouts/application
  Rendered pages/home.html.erb within layouts/application (0.4ms)
Completed 200 OK in 44ms (Views: 43.7ms | ActiveRecord: 0.0ms)


Started GET "/" for 127.0.0.1 at 2018-07-09 14:57:11 +1000
Processing by PagesController#home as HTML
  Rendering pages/home.html.erb within layouts/application
  Rendered pages/home.html.erb within layouts/application (0.7ms)
Completed 200 OK in 39ms (Views: 38.2ms | ActiveRecord: 0.0ms)


Started GET "/magic" for 127.0.0.1 at 2018-07-09 14:57:13 +1000
Processing by MagicController#game as HTML
  Rendering magic/game.html.erb within layouts/application
  Rendered magic/game.html.erb within layouts/application (0.9ms)
Completed 200 OK in 52ms (Views: 51.4ms | ActiveRecord: 0.0ms)


Started GET "/secretn" for 127.0.0.1 at 2018-07-09 14:57:15 +1000
Processing by SecretnController#game as HTML
  Rendering secretn/game.html.erb within layouts/application
  Rendered secretn/game.html.erb within layouts/application (0.5ms)
Completed 200 OK in 48ms (Views: 47.0ms | ActiveRecord: 0.0ms)


Started GET "/" for 127.0.0.1 at 2018-07-09 15:03:00 +1000
Processing by PagesController#home as HTML
  Rendering pages/home.html.erb within layouts/application
  Rendered pages/home.html.erb within layouts/application (0.7ms)
Completed 200 OK in 95ms (Views: 94.7ms | ActiveRecord: 0.0ms)


Started GET "/magic" for 127.0.0.1 at 2018-07-09 15:03:01 +1000
Processing by MagicController#game as HTML
  Rendering magic/game.html.erb within layouts/application
  Rendered magic/game.html.erb within layouts/application (0.7ms)
Completed 200 OK in 79ms (Views: 78.0ms | ActiveRecord: 0.0ms)


Started POST "/magic" for 127.0.0.1 at 2018-07-09 15:03:05 +1000
  
ActionController::RoutingError (No route matches [POST] "/magic"):
  
actionpack (5.2.0) lib/action_dispatch/middleware/debug_exceptions.rb:65:in `call'
web-console (3.6.2) lib/web_console/middleware.rb:135:in `call_app'
web-console (3.6.2) lib/web_console/middleware.rb:30:in `block in call'
web-console (3.6.2) lib/web_console/middleware.rb:20:in `catch'
web-console (3.6.2) lib/web_console/middleware.rb:20:in `call'
actionpack (5.2.0) lib/action_dispatch/middleware/show_exceptions.rb:33:in `call'
railties (5.2.0) lib/rails/rack/logger.rb:38:in `call_app'
railties (5.2.0) lib/rails/rack/logger.rb:26:in `block in call'
activesupport (5.2.0) lib/active_support/tagged_logging.rb:71:in `block in tagged'
activesupport (5.2.0) lib/active_support/tagged_logging.rb:28:in `tagged'
activesupport (5.2.0) lib/active_support/tagged_logging.rb:71:in `tagged'
railties (5.2.0) lib/rails/rack/logger.rb:26:in `call'
sprockets-rails (3.2.1) lib/sprockets/rails/quiet_assets.rb:13:in `call'
actionpack (5.2.0) lib/action_dispatch/middleware/remote_ip.rb:81:in `call'
actionpack (5.2.0) lib/action_dispatch/middleware/request_id.rb:27:in `call'
rack (2.0.5) lib/rack/method_override.rb:22:in `call'
rack (2.0.5) lib/rack/runtime.rb:22:in `call'
activesupport (5.2.0) lib/active_support/cache/strategy/local_cache_middleware.rb:29:in `call'
actionpack (5.2.0) lib/action_dispatch/middleware/executor.rb:14:in `call'
actionpack (5.2.0) lib/action_dispatch/middleware/static.rb:127:in `call'
rack (2.0.5) lib/rack/sendfile.rb:111:in `call'
railties (5.2.0) lib/rails/engine.rb:524:in `call'
puma (3.11.4) lib/puma/configuration.rb:225:in `call'
puma (3.11.4) lib/puma/server.rb:632:in `handle_request'
puma (3.11.4) lib/puma/server.rb:446:in `process_client'
puma (3.11.4) lib/puma/server.rb:306:in `block in run'
puma (3.11.4) lib/puma/thread_pool.rb:120:in `call'
puma (3.11.4) lib/puma/thread_pool.rb:120:in `block in spawn_thread'
Started POST "/magic" for 127.0.0.1 at 2018-07-09 15:05:19 +1000
  
ActionController::RoutingError (No route matches [POST] "/magic"):
  
actionpack (5.2.0) lib/action_dispatch/middleware/debug_exceptions.rb:65:in `call'
web-console (3.6.2) lib/web_console/middleware.rb:135:in `call_app'
web-console (3.6.2) lib/web_console/middleware.rb:30:in `block in call'
web-console (3.6.2) lib/web_console/middleware.rb:20:in `catch'
web-console (3.6.2) lib/web_console/middleware.rb:20:in `call'
actionpack (5.2.0) lib/action_dispatch/middleware/show_exceptions.rb:33:in `call'
railties (5.2.0) lib/rails/rack/logger.rb:38:in `call_app'
railties (5.2.0) lib/rails/rack/logger.rb:26:in `block in call'
activesupport (5.2.0) lib/active_support/tagged_logging.rb:71:in `block in tagged'
activesupport (5.2.0) lib/active_support/tagged_logging.rb:28:in `tagged'
activesupport (5.2.0) lib/active_support/tagged_logging.rb:71:in `tagged'
railties (5.2.0) lib/rails/rack/logger.rb:26:in `call'
sprockets-rails (3.2.1) lib/sprockets/rails/quiet_assets.rb:13:in `call'
actionpack (5.2.0) lib/action_dispatch/middleware/remote_ip.rb:81:in `call'
actionpack (5.2.0) lib/action_dispatch/middleware/request_id.rb:27:in `call'
rack (2.0.5) lib/rack/method_override.rb:22:in `call'
rack (2.0.5) lib/rack/runtime.rb:22:in `call'
activesupport (5.2.0) lib/active_support/cache/strategy/local_cache_middleware.rb:29:in `call'
actionpack (5.2.0) lib/action_dispatch/middleware/executor.rb:14:in `call'
actionpack (5.2.0) lib/action_dispatch/middleware/static.rb:127:in `call'
rack (2.0.5) lib/rack/sendfile.rb:111:in `call'
railties (5.2.0) lib/rails/engine.rb:524:in `call'
puma (3.11.4) lib/puma/configuration.rb:225:in `call'
puma (3.11.4) lib/puma/server.rb:632:in `handle_request'
puma (3.11.4) lib/puma/server.rb:446:in `process_client'
puma (3.11.4) lib/puma/server.rb:306:in `block in run'
puma (3.11.4) lib/puma/thread_pool.rb:120:in `call'
puma (3.11.4) lib/puma/thread_pool.rb:120:in `block in spawn_thread'
Started POST "/magic" for 127.0.0.1 at 2018-07-09 15:06:31 +1000
  
ActionController::RoutingError (No route matches [POST] "/magic"):
  
actionpack (5.2.0) lib/action_dispatch/middleware/debug_exceptions.rb:65:in `call'
web-console (3.6.2) lib/web_console/middleware.rb:135:in `call_app'
web-console (3.6.2) lib/web_console/middleware.rb:30:in `block in call'
web-console (3.6.2) lib/web_console/middleware.rb:20:in `catch'
web-console (3.6.2) lib/web_console/middleware.rb:20:in `call'
actionpack (5.2.0) lib/action_dispatch/middleware/show_exceptions.rb:33:in `call'
railties (5.2.0) lib/rails/rack/logger.rb:38:in `call_app'
railties (5.2.0) lib/rails/rack/logger.rb:26:in `block in call'
activesupport (5.2.0) lib/active_support/tagged_logging.rb:71:in `block in tagged'
activesupport (5.2.0) lib/active_support/tagged_logging.rb:28:in `tagged'
activesupport (5.2.0) lib/active_support/tagged_logging.rb:71:in `tagged'
railties (5.2.0) lib/rails/rack/logger.rb:26:in `call'
sprockets-rails (3.2.1) lib/sprockets/rails/quiet_assets.rb:13:in `call'
actionpack (5.2.0) lib/action_dispatch/middleware/remote_ip.rb:81:in `call'
actionpack (5.2.0) lib/action_dispatch/middleware/request_id.rb:27:in `call'
rack (2.0.5) lib/rack/method_override.rb:22:in `call'
rack (2.0.5) lib/rack/runtime.rb:22:in `call'
activesupport (5.2.0) lib/active_support/cache/strategy/local_cache_middleware.rb:29:in `call'
actionpack (5.2.0) lib/action_dispatch/middleware/executor.rb:14:in `call'
actionpack (5.2.0) lib/action_dispatch/middleware/static.rb:127:in `call'
rack (2.0.5) lib/rack/sendfile.rb:111:in `call'
railties (5.2.0) lib/rails/engine.rb:524:in `call'
puma (3.11.4) lib/puma/configuration.rb:225:in `call'
puma (3.11.4) lib/puma/server.rb:632:in `handle_request'
puma (3.11.4) lib/puma/server.rb:446:in `process_client'
puma (3.11.4) lib/puma/server.rb:306:in `block in run'
puma (3.11.4) lib/puma/thread_pool.rb:120:in `call'
puma (3.11.4) lib/puma/thread_pool.rb:120:in `block in spawn_thread'
Started POST "/magic" for 127.0.0.1 at 2018-07-09 15:08:07 +1000
  
ActionController::RoutingError (No route matches [POST] "/magic"):
  
actionpack (5.2.0) lib/action_dispatch/middleware/debug_exceptions.rb:65:in `call'
web-console (3.6.2) lib/web_console/middleware.rb:135:in `call_app'
web-console (3.6.2) lib/web_console/middleware.rb:30:in `block in call'
web-console (3.6.2) lib/web_console/middleware.rb:20:in `catch'
web-console (3.6.2) lib/web_console/middleware.rb:20:in `call'
actionpack (5.2.0) lib/action_dispatch/middleware/show_exceptions.rb:33:in `call'
railties (5.2.0) lib/rails/rack/logger.rb:38:in `call_app'
railties (5.2.0) lib/rails/rack/logger.rb:26:in `block in call'
activesupport (5.2.0) lib/active_support/tagged_logging.rb:71:in `block in tagged'
activesupport (5.2.0) lib/active_support/tagged_logging.rb:28:in `tagged'
activesupport (5.2.0) lib/active_support/tagged_logging.rb:71:in `tagged'
railties (5.2.0) lib/rails/rack/logger.rb:26:in `call'
sprockets-rails (3.2.1) lib/sprockets/rails/quiet_assets.rb:13:in `call'
actionpack (5.2.0) lib/action_dispatch/middleware/remote_ip.rb:81:in `call'
actionpack (5.2.0) lib/action_dispatch/middleware/request_id.rb:27:in `call'
rack (2.0.5) lib/rack/method_override.rb:22:in `call'
rack (2.0.5) lib/rack/runtime.rb:22:in `call'
activesupport (5.2.0) lib/active_support/cache/strategy/local_cache_middleware.rb:29:in `call'
actionpack (5.2.0) lib/action_dispatch/middleware/executor.rb:14:in `call'
actionpack (5.2.0) lib/action_dispatch/middleware/static.rb:127:in `call'
rack (2.0.5) lib/rack/sendfile.rb:111:in `call'
railties (5.2.0) lib/rails/engine.rb:524:in `call'
puma (3.11.4) lib/puma/configuration.rb:225:in `call'
puma (3.11.4) lib/puma/server.rb:632:in `handle_request'
puma (3.11.4) lib/puma/server.rb:446:in `process_client'
puma (3.11.4) lib/puma/server.rb:306:in `block in run'
puma (3.11.4) lib/puma/thread_pool.rb:120:in `call'
puma (3.11.4) lib/puma/thread_pool.rb:120:in `block in spawn_thread'
Started POST "/magic" for 127.0.0.1 at 2018-07-09 15:09:33 +1000
  
ActionController::RoutingError (No route matches [POST] "/magic"):
  
actionpack (5.2.0) lib/action_dispatch/middleware/debug_exceptions.rb:65:in `call'
web-console (3.6.2) lib/web_console/middleware.rb:135:in `call_app'
web-console (3.6.2) lib/web_console/middleware.rb:30:in `block in call'
web-console (3.6.2) lib/web_console/middleware.rb:20:in `catch'
web-console (3.6.2) lib/web_console/middleware.rb:20:in `call'
actionpack (5.2.0) lib/action_dispatch/middleware/show_exceptions.rb:33:in `call'
railties (5.2.0) lib/rails/rack/logger.rb:38:in `call_app'
railties (5.2.0) lib/rails/rack/logger.rb:26:in `block in call'
activesupport (5.2.0) lib/active_support/tagged_logging.rb:71:in `block in tagged'
activesupport (5.2.0) lib/active_support/tagged_logging.rb:28:in `tagged'
activesupport (5.2.0) lib/active_support/tagged_logging.rb:71:in `tagged'
railties (5.2.0) lib/rails/rack/logger.rb:26:in `call'
sprockets-rails (3.2.1) lib/sprockets/rails/quiet_assets.rb:13:in `call'
actionpack (5.2.0) lib/action_dispatch/middleware/remote_ip.rb:81:in `call'
actionpack (5.2.0) lib/action_dispatch/middleware/request_id.rb:27:in `call'
rack (2.0.5) lib/rack/method_override.rb:22:in `call'
rack (2.0.5) lib/rack/runtime.rb:22:in `call'
activesupport (5.2.0) lib/active_support/cache/strategy/local_cache_middleware.rb:29:in `call'
actionpack (5.2.0) lib/action_dispatch/middleware/executor.rb:14:in `call'
actionpack (5.2.0) lib/action_dispatch/middleware/static.rb:127:in `call'
rack (2.0.5) lib/rack/sendfile.rb:111:in `call'
railties (5.2.0) lib/rails/engine.rb:524:in `call'
puma (3.11.4) lib/puma/configuration.rb:225:in `call'
puma (3.11.4) lib/puma/server.rb:632:in `handle_request'
puma (3.11.4) lib/puma/server.rb:446:in `process_client'
puma (3.11.4) lib/puma/server.rb:306:in `block in run'
puma (3.11.4) lib/puma/thread_pool.rb:120:in `call'
puma (3.11.4) lib/puma/thread_pool.rb:120:in `block in spawn_thread'
Started POST "/magic" for 127.0.0.1 at 2018-07-09 15:10:01 +1000
  
ActionController::RoutingError (No route matches [POST] "/magic"):
  
actionpack (5.2.0) lib/action_dispatch/middleware/debug_exceptions.rb:65:in `call'
web-console (3.6.2) lib/web_console/middleware.rb:135:in `call_app'
web-console (3.6.2) lib/web_console/middleware.rb:30:in `block in call'
web-console (3.6.2) lib/web_console/middleware.rb:20:in `catch'
web-console (3.6.2) lib/web_console/middleware.rb:20:in `call'
actionpack (5.2.0) lib/action_dispatch/middleware/show_exceptions.rb:33:in `call'
railties (5.2.0) lib/rails/rack/logger.rb:38:in `call_app'
railties (5.2.0) lib/rails/rack/logger.rb:26:in `block in call'
activesupport (5.2.0) lib/active_support/tagged_logging.rb:71:in `block in tagged'
activesupport (5.2.0) lib/active_support/tagged_logging.rb:28:in `tagged'
activesupport (5.2.0) lib/active_support/tagged_logging.rb:71:in `tagged'
railties (5.2.0) lib/rails/rack/logger.rb:26:in `call'
sprockets-rails (3.2.1) lib/sprockets/rails/quiet_assets.rb:13:in `call'
actionpack (5.2.0) lib/action_dispatch/middleware/remote_ip.rb:81:in `call'
actionpack (5.2.0) lib/action_dispatch/middleware/request_id.rb:27:in `call'
rack (2.0.5) lib/rack/method_override.rb:22:in `call'
rack (2.0.5) lib/rack/runtime.rb:22:in `call'
activesupport (5.2.0) lib/active_support/cache/strategy/local_cache_middleware.rb:29:in `call'
actionpack (5.2.0) lib/action_dispatch/middleware/executor.rb:14:in `call'
actionpack (5.2.0) lib/action_dispatch/middleware/static.rb:127:in `call'
rack (2.0.5) lib/rack/sendfile.rb:111:in `call'
railties (5.2.0) lib/rails/engine.rb:524:in `call'
puma (3.11.4) lib/puma/configuration.rb:225:in `call'
puma (3.11.4) lib/puma/server.rb:632:in `handle_request'
puma (3.11.4) lib/puma/server.rb:446:in `process_client'
puma (3.11.4) lib/puma/server.rb:306:in `block in run'
puma (3.11.4) lib/puma/thread_pool.rb:120:in `call'
puma (3.11.4) lib/puma/thread_pool.rb:120:in `block in spawn_thread'
Started POST "/magic" for 127.0.0.1 at 2018-07-09 15:12:12 +1000
  
ActionController::RoutingError (No route matches [POST] "/magic"):
  
actionpack (5.2.0) lib/action_dispatch/middleware/debug_exceptions.rb:65:in `call'
web-console (3.6.2) lib/web_console/middleware.rb:135:in `call_app'
web-console (3.6.2) lib/web_console/middleware.rb:30:in `block in call'
web-console (3.6.2) lib/web_console/middleware.rb:20:in `catch'
web-console (3.6.2) lib/web_console/middleware.rb:20:in `call'
actionpack (5.2.0) lib/action_dispatch/middleware/show_exceptions.rb:33:in `call'
railties (5.2.0) lib/rails/rack/logger.rb:38:in `call_app'
railties (5.2.0) lib/rails/rack/logger.rb:26:in `block in call'
activesupport (5.2.0) lib/active_support/tagged_logging.rb:71:in `block in tagged'
activesupport (5.2.0) lib/active_support/tagged_logging.rb:28:in `tagged'
activesupport (5.2.0) lib/active_support/tagged_logging.rb:71:in `tagged'
railties (5.2.0) lib/rails/rack/logger.rb:26:in `call'
sprockets-rails (3.2.1) lib/sprockets/rails/quiet_assets.rb:13:in `call'
actionpack (5.2.0) lib/action_dispatch/middleware/remote_ip.rb:81:in `call'
actionpack (5.2.0) lib/action_dispatch/middleware/request_id.rb:27:in `call'
rack (2.0.5) lib/rack/method_override.rb:22:in `call'
rack (2.0.5) lib/rack/runtime.rb:22:in `call'
activesupport (5.2.0) lib/active_support/cache/strategy/local_cache_middleware.rb:29:in `call'
actionpack (5.2.0) lib/action_dispatch/middleware/executor.rb:14:in `call'
actionpack (5.2.0) lib/action_dispatch/middleware/static.rb:127:in `call'
rack (2.0.5) lib/rack/sendfile.rb:111:in `call'
railties (5.2.0) lib/rails/engine.rb:524:in `call'
puma (3.11.4) lib/puma/configuration.rb:225:in `call'
puma (3.11.4) lib/puma/server.rb:632:in `handle_request'
puma (3.11.4) lib/puma/server.rb:446:in `process_client'
puma (3.11.4) lib/puma/server.rb:306:in `block in run'
puma (3.11.4) lib/puma/thread_pool.rb:120:in `call'
puma (3.11.4) lib/puma/thread_pool.rb:120:in `block in spawn_thread'
Started POST "/magic" for 127.0.0.1 at 2018-07-09 15:13:05 +1000
  
ActionController::RoutingError (No route matches [POST] "/magic"):
  
actionpack (5.2.0) lib/action_dispatch/middleware/debug_exceptions.rb:65:in `call'
web-console (3.6.2) lib/web_console/middleware.rb:135:in `call_app'
web-console (3.6.2) lib/web_console/middleware.rb:30:in `block in call'
web-console (3.6.2) lib/web_console/middleware.rb:20:in `catch'
web-console (3.6.2) lib/web_console/middleware.rb:20:in `call'
actionpack (5.2.0) lib/action_dispatch/middleware/show_exceptions.rb:33:in `call'
railties (5.2.0) lib/rails/rack/logger.rb:38:in `call_app'
railties (5.2.0) lib/rails/rack/logger.rb:26:in `block in call'
activesupport (5.2.0) lib/active_support/tagged_logging.rb:71:in `block in tagged'
activesupport (5.2.0) lib/active_support/tagged_logging.rb:28:in `tagged'
activesupport (5.2.0) lib/active_support/tagged_logging.rb:71:in `tagged'
railties (5.2.0) lib/rails/rack/logger.rb:26:in `call'
sprockets-rails (3.2.1) lib/sprockets/rails/quiet_assets.rb:13:in `call'
actionpack (5.2.0) lib/action_dispatch/middleware/remote_ip.rb:81:in `call'
actionpack (5.2.0) lib/action_dispatch/middleware/request_id.rb:27:in `call'
rack (2.0.5) lib/rack/method_override.rb:22:in `call'
rack (2.0.5) lib/rack/runtime.rb:22:in `call'
activesupport (5.2.0) lib/active_support/cache/strategy/local_cache_middleware.rb:29:in `call'
actionpack (5.2.0) lib/action_dispatch/middleware/executor.rb:14:in `call'
actionpack (5.2.0) lib/action_dispatch/middleware/static.rb:127:in `call'
rack (2.0.5) lib/rack/sendfile.rb:111:in `call'
railties (5.2.0) lib/rails/engine.rb:524:in `call'
puma (3.11.4) lib/puma/configuration.rb:225:in `call'
puma (3.11.4) lib/puma/server.rb:632:in `handle_request'
puma (3.11.4) lib/puma/server.rb:446:in `process_client'
puma (3.11.4) lib/puma/server.rb:306:in `block in run'
puma (3.11.4) lib/puma/thread_pool.rb:120:in `call'
puma (3.11.4) lib/puma/thread_pool.rb:120:in `block in spawn_thread'
Started POST "/magic" for 127.0.0.1 at 2018-07-09 15:17:58 +1000
  
ActionController::RoutingError (undefined method `get' for MagicController:Class):
  
app/controllers/magic_controller.rb:8:in `<class:MagicController>'
app/controllers/magic_controller.rb:1:in `<top (required)>'
Started POST "/magic" for 127.0.0.1 at 2018-07-09 15:18:46 +1000
  
SyntaxError (/Users/lucaspadua/Projects/WDi28-Homework/lucas_padua/week_05/day_01/game/app/controllers/magic_controller.rb:8: syntax error, unexpected tSTRING_BEG
  def '/magic/' do
       ^
/Users/lucaspadua/Projects/WDi28-Homework/lucas_padua/week_05/day_01/game/app/controllers/magic_controller.rb:8: syntax error, unexpected keyword_do, expecting keyword_end
/Users/lucaspadua/Projects/WDi28-Homework/lucas_padua/week_05/day_01/game/app/controllers/magic_controller.rb:14: syntax error, unexpected keyword_end, expecting end-of-input):
  
app/controllers/magic_controller.rb:8: syntax error, unexpected tSTRING_BEG
app/controllers/magic_controller.rb:8: syntax error, unexpected keyword_do, expecting keyword_end
app/controllers/magic_controller.rb:14: syntax error, unexpected keyword_end, expecting end-of-input
Started POST "/magic" for 127.0.0.1 at 2018-07-09 15:19:09 +1000
  
SyntaxError (/Users/lucaspadua/Projects/WDi28-Homework/lucas_padua/week_05/day_01/game/app/controllers/magic_controller.rb:8: syntax error, unexpected tSTRING_BEG
  def '/magic/' 
       ^
/Users/lucaspadua/Projects/WDi28-Homework/lucas_padua/week_05/day_01/game/app/controllers/magic_controller.rb:14: syntax error, unexpected keyword_end, expecting end-of-input):
  
app/controllers/magic_controller.rb:8: syntax error, unexpected tSTRING_BEG
app/controllers/magic_controller.rb:14: syntax error, unexpected keyword_end, expecting end-of-input
Started POST "/magic" for 127.0.0.1 at 2018-07-09 15:19:52 +1000
  
SyntaxError (/Users/lucaspadua/Projects/WDi28-Homework/lucas_padua/week_05/day_01/game/app/controllers/magic_controller.rb:8: syntax error, unexpected tSTRING_BEG
  def '/magic' 
       ^
/Users/lucaspadua/Projects/WDi28-Homework/lucas_padua/week_05/day_01/game/app/controllers/magic_controller.rb:12: syntax error, unexpected keyword_end, expecting end-of-input):
  
app/controllers/magic_controller.rb:8: syntax error, unexpected tSTRING_BEG
app/controllers/magic_controller.rb:12: syntax error, unexpected keyword_end, expecting end-of-input
Started POST "/magic" for 127.0.0.1 at 2018-07-09 15:20:19 +1000
  
SyntaxError (/Users/lucaspadua/Projects/WDi28-Homework/lucas_padua/week_05/day_01/game/app/controllers/magic_controller.rb:8: syntax error, unexpected tSTRING_BEG
  def '/magic'
       ^
/Users/lucaspadua/Projects/WDi28-Homework/lucas_padua/week_05/day_01/game/app/controllers/magic_controller.rb:12: syntax error, unexpected keyword_end, expecting end-of-input):
  
app/controllers/magic_controller.rb:8: syntax error, unexpected tSTRING_BEG
app/controllers/magic_controller.rb:12: syntax error, unexpected keyword_end, expecting end-of-input
Started POST "/magic" for 127.0.0.1 at 2018-07-09 15:20:33 +1000
Processing by MagicController#game as HTML
  Parameters: {"name"=>"Translatorss"}
Can't verify CSRF token authenticity.
Completed 422 Unprocessable Entity in 1ms (ActiveRecord: 0.0ms)


  
ActionController::InvalidAuthenticityToken (ActionController::InvalidAuthenticityToken):
  
actionpack (5.2.0) lib/action_controller/metal/request_forgery_protection.rb:211:in `handle_unverified_request'
actionpack (5.2.0) lib/action_controller/metal/request_forgery_protection.rb:243:in `handle_unverified_request'
actionpack (5.2.0) lib/action_controller/metal/request_forgery_protection.rb:238:in `verify_authenticity_token'
activesupport (5.2.0) lib/active_support/callbacks.rb:426:in `block in make_lambda'
activesupport (5.2.0) lib/active_support/callbacks.rb:198:in `call'
activesupport (5.2.0) lib/active_support/callbacks.rb:198:in `block (2 levels) in halting'
actionpack (5.2.0) lib/abstract_controller/callbacks.rb:34:in `call'
actionpack (5.2.0) lib/abstract_controller/callbacks.rb:34:in `block (2 levels) in <module:Callbacks>'
activesupport (5.2.0) lib/active_support/callbacks.rb:199:in `call'
activesupport (5.2.0) lib/active_support/callbacks.rb:199:in `block in halting'
activesupport (5.2.0) lib/active_support/callbacks.rb:513:in `call'
activesupport (5.2.0) lib/active_support/callbacks.rb:513:in `block in invoke_before'
activesupport (5.2.0) lib/active_support/callbacks.rb:513:in `each'
activesupport (5.2.0) lib/active_support/callbacks.rb:513:in `invoke_before'
activesupport (5.2.0) lib/active_support/callbacks.rb:131:in `run_callbacks'
actionpack (5.2.0) lib/abstract_controller/callbacks.rb:41:in `process_action'
actionpack (5.2.0) lib/action_controller/metal/rescue.rb:22:in `process_action'
actionpack (5.2.0) lib/action_controller/metal/instrumentation.rb:34:in `block in process_action'
activesupport (5.2.0) lib/active_support/notifications.rb:168:in `block in instrument'
activesupport (5.2.0) lib/active_support/notifications/instrumenter.rb:23:in `instrument'
activesupport (5.2.0) lib/active_support/notifications.rb:168:in `instrument'
actionpack (5.2.0) lib/action_controller/metal/instrumentation.rb:32:in `process_action'
actionpack (5.2.0) lib/action_controller/metal/params_wrapper.rb:256:in `process_action'
activerecord (5.2.0) lib/active_record/railties/controller_runtime.rb:24:in `process_action'
actionpack (5.2.0) lib/abstract_controller/base.rb:134:in `process'
actionview (5.2.0) lib/action_view/rendering.rb:32:in `process'
actionpack (5.2.0) lib/action_controller/metal.rb:191:in `dispatch'
actionpack (5.2.0) lib/action_controller/metal.rb:252:in `dispatch'
actionpack (5.2.0) lib/action_dispatch/routing/route_set.rb:52:in `dispatch'
actionpack (5.2.0) lib/action_dispatch/routing/route_set.rb:34:in `serve'
actionpack (5.2.0) lib/action_dispatch/journey/router.rb:52:in `block in serve'
actionpack (5.2.0) lib/action_dispatch/journey/router.rb:35:in `each'
actionpack (5.2.0) lib/action_dispatch/journey/router.rb:35:in `serve'
actionpack (5.2.0) lib/action_dispatch/routing/route_set.rb:840:in `call'
rack (2.0.5) lib/rack/tempfile_reaper.rb:15:in `call'
rack (2.0.5) lib/rack/etag.rb:25:in `call'
rack (2.0.5) lib/rack/conditional_get.rb:38:in `call'
rack (2.0.5) lib/rack/head.rb:12:in `call'
actionpack (5.2.0) lib/action_dispatch/http/content_security_policy.rb:18:in `call'
rack (2.0.5) lib/rack/session/abstract/id.rb:232:in `context'
rack (2.0.5) lib/rack/session/abstract/id.rb:226:in `call'
actionpack (5.2.0) lib/action_dispatch/middleware/cookies.rb:670:in `call'
activerecord (5.2.0) lib/active_record/migration.rb:559:in `call'
actionpack (5.2.0) lib/action_dispatch/middleware/callbacks.rb:28:in `block in call'
activesupport (5.2.0) lib/active_support/callbacks.rb:98:in `run_callbacks'
actionpack (5.2.0) lib/action_dispatch/middleware/callbacks.rb:26:in `call'
actionpack (5.2.0) lib/action_dispatch/middleware/executor.rb:14:in `call'
actionpack (5.2.0) lib/action_dispatch/middleware/debug_exceptions.rb:61:in `call'
web-console (3.6.2) lib/web_console/middleware.rb:135:in `call_app'
web-console (3.6.2) lib/web_console/middleware.rb:30:in `block in call'
web-console (3.6.2) lib/web_console/middleware.rb:20:in `catch'
web-console (3.6.2) lib/web_console/middleware.rb:20:in `call'
actionpack (5.2.0) lib/action_dispatch/middleware/show_exceptions.rb:33:in `call'
railties (5.2.0) lib/rails/rack/logger.rb:38:in `call_app'
railties (5.2.0) lib/rails/rack/logger.rb:26:in `block in call'
activesupport (5.2.0) lib/active_support/tagged_logging.rb:71:in `block in tagged'
activesupport (5.2.0) lib/active_support/tagged_logging.rb:28:in `tagged'
activesupport (5.2.0) lib/active_support/tagged_logging.rb:71:in `tagged'
railties (5.2.0) lib/rails/rack/logger.rb:26:in `call'
sprockets-rails (3.2.1) lib/sprockets/rails/quiet_assets.rb:13:in `call'
actionpack (5.2.0) lib/action_dispatch/middleware/remote_ip.rb:81:in `call'
actionpack (5.2.0) lib/action_dispatch/middleware/request_id.rb:27:in `call'
rack (2.0.5) lib/rack/method_override.rb:22:in `call'
rack (2.0.5) lib/rack/runtime.rb:22:in `call'
activesupport (5.2.0) lib/active_support/cache/strategy/local_cache_middleware.rb:29:in `call'
actionpack (5.2.0) lib/action_dispatch/middleware/executor.rb:14:in `call'
actionpack (5.2.0) lib/action_dispatch/middleware/static.rb:127:in `call'
rack (2.0.5) lib/rack/sendfile.rb:111:in `call'
railties (5.2.0) lib/rails/engine.rb:524:in `call'
puma (3.11.4) lib/puma/configuration.rb:225:in `call'
puma (3.11.4) lib/puma/server.rb:632:in `handle_request'
puma (3.11.4) lib/puma/server.rb:446:in `process_client'
puma (3.11.4) lib/puma/server.rb:306:in `block in run'
puma (3.11.4) lib/puma/thread_pool.rb:120:in `call'
puma (3.11.4) lib/puma/thread_pool.rb:120:in `block in spawn_thread'
Started GET "/" for 127.0.0.1 at 2018-07-09 15:29:05 +1000
Processing by PagesController#home as HTML
  Rendering pages/home.html.erb within layouts/application
  Rendered pages/home.html.erb within layouts/application (0.5ms)
Completed 200 OK in 101ms (Views: 100.1ms | ActiveRecord: 0.0ms)


Started GET "/magic" for 127.0.0.1 at 2018-07-09 15:29:07 +1000
Processing by MagicController#game as HTML
  Rendering magic/game.html.erb within layouts/application
  Rendered magic/game.html.erb within layouts/application (0.8ms)
Completed 200 OK in 64ms (Views: 63.3ms | ActiveRecord: 0.0ms)


Started POST "/magic" for 127.0.0.1 at 2018-07-09 15:29:09 +1000
  
ActionController::RoutingError (No route matches [POST] "/magic"):
  
actionpack (5.2.0) lib/action_dispatch/middleware/debug_exceptions.rb:65:in `call'
web-console (3.6.2) lib/web_console/middleware.rb:135:in `call_app'
web-console (3.6.2) lib/web_console/middleware.rb:30:in `block in call'
web-console (3.6.2) lib/web_console/middleware.rb:20:in `catch'
web-console (3.6.2) lib/web_console/middleware.rb:20:in `call'
actionpack (5.2.0) lib/action_dispatch/middleware/show_exceptions.rb:33:in `call'
railties (5.2.0) lib/rails/rack/logger.rb:38:in `call_app'
railties (5.2.0) lib/rails/rack/logger.rb:26:in `block in call'
activesupport (5.2.0) lib/active_support/tagged_logging.rb:71:in `block in tagged'
activesupport (5.2.0) lib/active_support/tagged_logging.rb:28:in `tagged'
activesupport (5.2.0) lib/active_support/tagged_logging.rb:71:in `tagged'
railties (5.2.0) lib/rails/rack/logger.rb:26:in `call'
sprockets-rails (3.2.1) lib/sprockets/rails/quiet_assets.rb:13:in `call'
actionpack (5.2.0) lib/action_dispatch/middleware/remote_ip.rb:81:in `call'
actionpack (5.2.0) lib/action_dispatch/middleware/request_id.rb:27:in `call'
rack (2.0.5) lib/rack/method_override.rb:22:in `call'
rack (2.0.5) lib/rack/runtime.rb:22:in `call'
activesupport (5.2.0) lib/active_support/cache/strategy/local_cache_middleware.rb:29:in `call'
actionpack (5.2.0) lib/action_dispatch/middleware/executor.rb:14:in `call'
actionpack (5.2.0) lib/action_dispatch/middleware/static.rb:127:in `call'
rack (2.0.5) lib/rack/sendfile.rb:111:in `call'
railties (5.2.0) lib/rails/engine.rb:524:in `call'
puma (3.11.4) lib/puma/configuration.rb:225:in `call'
puma (3.11.4) lib/puma/server.rb:632:in `handle_request'
puma (3.11.4) lib/puma/server.rb:446:in `process_client'
puma (3.11.4) lib/puma/server.rb:306:in `block in run'
puma (3.11.4) lib/puma/thread_pool.rb:120:in `call'
puma (3.11.4) lib/puma/thread_pool.rb:120:in `block in spawn_thread'
Started POST "/magic" for 127.0.0.1 at 2018-07-09 15:29:52 +1000
  
ActionController::RoutingError (No route matches [POST] "/magic"):
  
actionpack (5.2.0) lib/action_dispatch/middleware/debug_exceptions.rb:65:in `call'
web-console (3.6.2) lib/web_console/middleware.rb:135:in `call_app'
web-console (3.6.2) lib/web_console/middleware.rb:30:in `block in call'
web-console (3.6.2) lib/web_console/middleware.rb:20:in `catch'
web-console (3.6.2) lib/web_console/middleware.rb:20:in `call'
actionpack (5.2.0) lib/action_dispatch/middleware/show_exceptions.rb:33:in `call'
railties (5.2.0) lib/rails/rack/logger.rb:38:in `call_app'
railties (5.2.0) lib/rails/rack/logger.rb:26:in `block in call'
activesupport (5.2.0) lib/active_support/tagged_logging.rb:71:in `block in tagged'
activesupport (5.2.0) lib/active_support/tagged_logging.rb:28:in `tagged'
activesupport (5.2.0) lib/active_support/tagged_logging.rb:71:in `tagged'
railties (5.2.0) lib/rails/rack/logger.rb:26:in `call'
sprockets-rails (3.2.1) lib/sprockets/rails/quiet_assets.rb:13:in `call'
actionpack (5.2.0) lib/action_dispatch/middleware/remote_ip.rb:81:in `call'
actionpack (5.2.0) lib/action_dispatch/middleware/request_id.rb:27:in `call'
rack (2.0.5) lib/rack/method_override.rb:22:in `call'
rack (2.0.5) lib/rack/runtime.rb:22:in `call'
activesupport (5.2.0) lib/active_support/cache/strategy/local_cache_middleware.rb:29:in `call'
actionpack (5.2.0) lib/action_dispatch/middleware/executor.rb:14:in `call'
actionpack (5.2.0) lib/action_dispatch/middleware/static.rb:127:in `call'
rack (2.0.5) lib/rack/sendfile.rb:111:in `call'
railties (5.2.0) lib/rails/engine.rb:524:in `call'
puma (3.11.4) lib/puma/configuration.rb:225:in `call'
puma (3.11.4) lib/puma/server.rb:632:in `handle_request'
puma (3.11.4) lib/puma/server.rb:446:in `process_client'
puma (3.11.4) lib/puma/server.rb:306:in `block in run'
puma (3.11.4) lib/puma/thread_pool.rb:120:in `call'
puma (3.11.4) lib/puma/thread_pool.rb:120:in `block in spawn_thread'
Started POST "/magic" for 127.0.0.1 at 2018-07-09 15:29:55 +1000
  
ActionController::RoutingError (No route matches [POST] "/magic"):
  
actionpack (5.2.0) lib/action_dispatch/middleware/debug_exceptions.rb:65:in `call'
web-console (3.6.2) lib/web_console/middleware.rb:135:in `call_app'
web-console (3.6.2) lib/web_console/middleware.rb:30:in `block in call'
web-console (3.6.2) lib/web_console/middleware.rb:20:in `catch'
web-console (3.6.2) lib/web_console/middleware.rb:20:in `call'
actionpack (5.2.0) lib/action_dispatch/middleware/show_exceptions.rb:33:in `call'
railties (5.2.0) lib/rails/rack/logger.rb:38:in `call_app'
railties (5.2.0) lib/rails/rack/logger.rb:26:in `block in call'
activesupport (5.2.0) lib/active_support/tagged_logging.rb:71:in `block in tagged'
activesupport (5.2.0) lib/active_support/tagged_logging.rb:28:in `tagged'
activesupport (5.2.0) lib/active_support/tagged_logging.rb:71:in `tagged'
railties (5.2.0) lib/rails/rack/logger.rb:26:in `call'
sprockets-rails (3.2.1) lib/sprockets/rails/quiet_assets.rb:13:in `call'
actionpack (5.2.0) lib/action_dispatch/middleware/remote_ip.rb:81:in `call'
actionpack (5.2.0) lib/action_dispatch/middleware/request_id.rb:27:in `call'
rack (2.0.5) lib/rack/method_override.rb:22:in `call'
rack (2.0.5) lib/rack/runtime.rb:22:in `call'
activesupport (5.2.0) lib/active_support/cache/strategy/local_cache_middleware.rb:29:in `call'
actionpack (5.2.0) lib/action_dispatch/middleware/executor.rb:14:in `call'
actionpack (5.2.0) lib/action_dispatch/middleware/static.rb:127:in `call'
rack (2.0.5) lib/rack/sendfile.rb:111:in `call'
railties (5.2.0) lib/rails/engine.rb:524:in `call'
puma (3.11.4) lib/puma/configuration.rb:225:in `call'
puma (3.11.4) lib/puma/server.rb:632:in `handle_request'
puma (3.11.4) lib/puma/server.rb:446:in `process_client'
puma (3.11.4) lib/puma/server.rb:306:in `block in run'
puma (3.11.4) lib/puma/thread_pool.rb:120:in `call'
puma (3.11.4) lib/puma/thread_pool.rb:120:in `block in spawn_thread'
Started POST "/magic" for 127.0.0.1 at 2018-07-09 15:33:23 +1000
  
ActionController::RoutingError (No route matches [POST] "/magic"):
  
actionpack (5.2.0) lib/action_dispatch/middleware/debug_exceptions.rb:65:in `call'
web-console (3.6.2) lib/web_console/middleware.rb:135:in `call_app'
web-console (3.6.2) lib/web_console/middleware.rb:30:in `block in call'
web-console (3.6.2) lib/web_console/middleware.rb:20:in `catch'
web-console (3.6.2) lib/web_console/middleware.rb:20:in `call'
actionpack (5.2.0) lib/action_dispatch/middleware/show_exceptions.rb:33:in `call'
railties (5.2.0) lib/rails/rack/logger.rb:38:in `call_app'
railties (5.2.0) lib/rails/rack/logger.rb:26:in `block in call'
activesupport (5.2.0) lib/active_support/tagged_logging.rb:71:in `block in tagged'
activesupport (5.2.0) lib/active_support/tagged_logging.rb:28:in `tagged'
activesupport (5.2.0) lib/active_support/tagged_logging.rb:71:in `tagged'
railties (5.2.0) lib/rails/rack/logger.rb:26:in `call'
sprockets-rails (3.2.1) lib/sprockets/rails/quiet_assets.rb:13:in `call'
actionpack (5.2.0) lib/action_dispatch/middleware/remote_ip.rb:81:in `call'
actionpack (5.2.0) lib/action_dispatch/middleware/request_id.rb:27:in `call'
rack (2.0.5) lib/rack/method_override.rb:22:in `call'
rack (2.0.5) lib/rack/runtime.rb:22:in `call'
activesupport (5.2.0) lib/active_support/cache/strategy/local_cache_middleware.rb:29:in `call'
actionpack (5.2.0) lib/action_dispatch/middleware/executor.rb:14:in `call'
actionpack (5.2.0) lib/action_dispatch/middleware/static.rb:127:in `call'
rack (2.0.5) lib/rack/sendfile.rb:111:in `call'
railties (5.2.0) lib/rails/engine.rb:524:in `call'
puma (3.11.4) lib/puma/configuration.rb:225:in `call'
puma (3.11.4) lib/puma/server.rb:632:in `handle_request'
puma (3.11.4) lib/puma/server.rb:446:in `process_client'
puma (3.11.4) lib/puma/server.rb:306:in `block in run'
puma (3.11.4) lib/puma/thread_pool.rb:120:in `call'
puma (3.11.4) lib/puma/thread_pool.rb:120:in `block in spawn_thread'
Started GET "/magic" for 127.0.0.1 at 2018-07-09 15:44:31 +1000
Processing by MagicController#game as HTML
  Rendering magic/game.html.erb within layouts/application
  Rendered magic/game.html.erb within layouts/application (0.4ms)
Completed 200 OK in 84ms (Views: 83.0ms | ActiveRecord: 0.0ms)


Started POST "/magic" for 127.0.0.1 at 2018-07-09 15:44:34 +1000
  
ActionController::RoutingError (No route matches [POST] "/magic"):
  
actionpack (5.2.0) lib/action_dispatch/middleware/debug_exceptions.rb:65:in `call'
web-console (3.6.2) lib/web_console/middleware.rb:135:in `call_app'
web-console (3.6.2) lib/web_console/middleware.rb:30:in `block in call'
web-console (3.6.2) lib/web_console/middleware.rb:20:in `catch'
web-console (3.6.2) lib/web_console/middleware.rb:20:in `call'
actionpack (5.2.0) lib/action_dispatch/middleware/show_exceptions.rb:33:in `call'
railties (5.2.0) lib/rails/rack/logger.rb:38:in `call_app'
railties (5.2.0) lib/rails/rack/logger.rb:26:in `block in call'
activesupport (5.2.0) lib/active_support/tagged_logging.rb:71:in `block in tagged'
activesupport (5.2.0) lib/active_support/tagged_logging.rb:28:in `tagged'
activesupport (5.2.0) lib/active_support/tagged_logging.rb:71:in `tagged'
railties (5.2.0) lib/rails/rack/logger.rb:26:in `call'
sprockets-rails (3.2.1) lib/sprockets/rails/quiet_assets.rb:13:in `call'
actionpack (5.2.0) lib/action_dispatch/middleware/remote_ip.rb:81:in `call'
actionpack (5.2.0) lib/action_dispatch/middleware/request_id.rb:27:in `call'
rack (2.0.5) lib/rack/method_override.rb:22:in `call'
rack (2.0.5) lib/rack/runtime.rb:22:in `call'
activesupport (5.2.0) lib/active_support/cache/strategy/local_cache_middleware.rb:29:in `call'
actionpack (5.2.0) lib/action_dispatch/middleware/executor.rb:14:in `call'
actionpack (5.2.0) lib/action_dispatch/middleware/static.rb:127:in `call'
rack (2.0.5) lib/rack/sendfile.rb:111:in `call'
railties (5.2.0) lib/rails/engine.rb:524:in `call'
puma (3.11.4) lib/puma/configuration.rb:225:in `call'
puma (3.11.4) lib/puma/server.rb:632:in `handle_request'
puma (3.11.4) lib/puma/server.rb:446:in `process_client'
puma (3.11.4) lib/puma/server.rb:306:in `block in run'
puma (3.11.4) lib/puma/thread_pool.rb:120:in `call'
puma (3.11.4) lib/puma/thread_pool.rb:120:in `block in spawn_thread'
Started POST "/magic" for 127.0.0.1 at 2018-07-09 15:53:51 +1000
  
ActionController::RoutingError (No route matches [POST] "/magic"):
  
actionpack (5.2.0) lib/action_dispatch/middleware/debug_exceptions.rb:65:in `call'
web-console (3.6.2) lib/web_console/middleware.rb:135:in `call_app'
web-console (3.6.2) lib/web_console/middleware.rb:30:in `block in call'
web-console (3.6.2) lib/web_console/middleware.rb:20:in `catch'
web-console (3.6.2) lib/web_console/middleware.rb:20:in `call'
actionpack (5.2.0) lib/action_dispatch/middleware/show_exceptions.rb:33:in `call'
railties (5.2.0) lib/rails/rack/logger.rb:38:in `call_app'
railties (5.2.0) lib/rails/rack/logger.rb:26:in `block in call'
activesupport (5.2.0) lib/active_support/tagged_logging.rb:71:in `block in tagged'
activesupport (5.2.0) lib/active_support/tagged_logging.rb:28:in `tagged'
activesupport (5.2.0) lib/active_support/tagged_logging.rb:71:in `tagged'
railties (5.2.0) lib/rails/rack/logger.rb:26:in `call'
sprockets-rails (3.2.1) lib/sprockets/rails/quiet_assets.rb:13:in `call'
actionpack (5.2.0) lib/action_dispatch/middleware/remote_ip.rb:81:in `call'
actionpack (5.2.0) lib/action_dispatch/middleware/request_id.rb:27:in `call'
rack (2.0.5) lib/rack/method_override.rb:22:in `call'
rack (2.0.5) lib/rack/runtime.rb:22:in `call'
activesupport (5.2.0) lib/active_support/cache/strategy/local_cache_middleware.rb:29:in `call'
actionpack (5.2.0) lib/action_dispatch/middleware/executor.rb:14:in `call'
actionpack (5.2.0) lib/action_dispatch/middleware/static.rb:127:in `call'
rack (2.0.5) lib/rack/sendfile.rb:111:in `call'
railties (5.2.0) lib/rails/engine.rb:524:in `call'
puma (3.11.4) lib/puma/configuration.rb:225:in `call'
puma (3.11.4) lib/puma/server.rb:632:in `handle_request'
puma (3.11.4) lib/puma/server.rb:446:in `process_client'
puma (3.11.4) lib/puma/server.rb:306:in `block in run'
puma (3.11.4) lib/puma/thread_pool.rb:120:in `call'
puma (3.11.4) lib/puma/thread_pool.rb:120:in `block in spawn_thread'
Started POST "/magic" for 127.0.0.1 at 2018-07-09 15:53:59 +1000
  
ActionController::RoutingError (No route matches [POST] "/magic"):
  
actionpack (5.2.0) lib/action_dispatch/middleware/debug_exceptions.rb:65:in `call'
web-console (3.6.2) lib/web_console/middleware.rb:135:in `call_app'
web-console (3.6.2) lib/web_console/middleware.rb:30:in `block in call'
web-console (3.6.2) lib/web_console/middleware.rb:20:in `catch'
web-console (3.6.2) lib/web_console/middleware.rb:20:in `call'
actionpack (5.2.0) lib/action_dispatch/middleware/show_exceptions.rb:33:in `call'
railties (5.2.0) lib/rails/rack/logger.rb:38:in `call_app'
railties (5.2.0) lib/rails/rack/logger.rb:26:in `block in call'
activesupport (5.2.0) lib/active_support/tagged_logging.rb:71:in `block in tagged'
activesupport (5.2.0) lib/active_support/tagged_logging.rb:28:in `tagged'
activesupport (5.2.0) lib/active_support/tagged_logging.rb:71:in `tagged'
railties (5.2.0) lib/rails/rack/logger.rb:26:in `call'
sprockets-rails (3.2.1) lib/sprockets/rails/quiet_assets.rb:13:in `call'
actionpack (5.2.0) lib/action_dispatch/middleware/remote_ip.rb:81:in `call'
actionpack (5.2.0) lib/action_dispatch/middleware/request_id.rb:27:in `call'
rack (2.0.5) lib/rack/method_override.rb:22:in `call'
rack (2.0.5) lib/rack/runtime.rb:22:in `call'
activesupport (5.2.0) lib/active_support/cache/strategy/local_cache_middleware.rb:29:in `call'
actionpack (5.2.0) lib/action_dispatch/middleware/executor.rb:14:in `call'
actionpack (5.2.0) lib/action_dispatch/middleware/static.rb:127:in `call'
rack (2.0.5) lib/rack/sendfile.rb:111:in `call'
railties (5.2.0) lib/rails/engine.rb:524:in `call'
puma (3.11.4) lib/puma/configuration.rb:225:in `call'
puma (3.11.4) lib/puma/server.rb:632:in `handle_request'
puma (3.11.4) lib/puma/server.rb:446:in `process_client'
puma (3.11.4) lib/puma/server.rb:306:in `block in run'
puma (3.11.4) lib/puma/thread_pool.rb:120:in `call'
puma (3.11.4) lib/puma/thread_pool.rb:120:in `block in spawn_thread'
Started GET "/" for 127.0.0.1 at 2018-07-09 16:00:02 +1000
Processing by PagesController#home as HTML
  Rendering pages/home.html.erb within layouts/application
  Rendered pages/home.html.erb within layouts/application (0.7ms)
Completed 200 OK in 102ms (Views: 100.5ms | ActiveRecord: 0.0ms)


Started GET "/magic" for 127.0.0.1 at 2018-07-09 16:00:04 +1000
Processing by MagicController#game as HTML
  Rendering magic/game.html.erb within layouts/application
  Rendered magic/game.html.erb within layouts/application (0.5ms)
Completed 200 OK in 53ms (Views: 52.1ms | ActiveRecord: 0.0ms)


Started GET "/magic/answer?name=asd" for 127.0.0.1 at 2018-07-09 16:00:07 +1000
Processing by MagicController#magicanswer as HTML
  Parameters: {"name"=>"asd"}
  Rendering magic/result.html.erb within layouts/application
  Rendered magic/result.html.erb within layouts/application (0.4ms)
Completed 200 OK in 42ms (Views: 41.7ms | ActiveRecord: 0.0ms)


Started GET "/magic/answer?name=asd" for 127.0.0.1 at 2018-07-09 16:01:26 +1000
Processing by MagicController#magicanswer as HTML
  Parameters: {"name"=>"asd"}
  Rendering magic/result.html.erb within layouts/application
  Rendered magic/result.html.erb within layouts/application (0.6ms)
Completed 200 OK in 51ms (Views: 50.4ms | ActiveRecord: 0.0ms)


Started GET "/magic/answer?name=asd" for 127.0.0.1 at 2018-07-09 16:01:35 +1000
Processing by MagicController#magicanswer as HTML
  Parameters: {"name"=>"asd"}
  Rendering magic/result.html.erb within layouts/application
  Rendered magic/result.html.erb within layouts/application (0.9ms)
Completed 200 OK in 35ms (Views: 34.7ms | ActiveRecord: 0.0ms)


Started GET "/magic/answer?name=asd" for 127.0.0.1 at 2018-07-09 16:01:36 +1000
Processing by MagicController#magicanswer as HTML
  Parameters: {"name"=>"asd"}
  Rendering magic/result.html.erb within layouts/application
  Rendered magic/result.html.erb within layouts/application (0.5ms)
Completed 200 OK in 37ms (Views: 36.7ms | ActiveRecord: 0.0ms)


Started GET "/" for 127.0.0.1 at 2018-07-09 16:01:38 +1000
Processing by PagesController#home as HTML
  Rendering pages/home.html.erb within layouts/application
  Rendered pages/home.html.erb within layouts/application (0.7ms)
Completed 200 OK in 59ms (Views: 58.4ms | ActiveRecord: 0.0ms)


Started GET "/magic" for 127.0.0.1 at 2018-07-09 16:01:40 +1000
Processing by MagicController#game as HTML
  Rendering magic/game.html.erb within layouts/application
  Rendered magic/game.html.erb within layouts/application (5.2ms)
Completed 200 OK in 65ms (Views: 63.7ms | ActiveRecord: 0.0ms)


Started GET "/magic/answer?name=asd" for 127.0.0.1 at 2018-07-09 16:01:42 +1000
Processing by MagicController#magicanswer as HTML
  Parameters: {"name"=>"asd"}
  Rendering magic/result.html.erb within layouts/application
  Rendered magic/result.html.erb within layouts/application (0.4ms)
Completed 200 OK in 36ms (Views: 35.5ms | ActiveRecord: 0.0ms)


Started GET "/magic/answer?name=asd" for 127.0.0.1 at 2018-07-09 16:02:12 +1000
Processing by MagicController#magicanswer as HTML
  Parameters: {"name"=>"asd"}
  Rendering magic/result.html.erb within layouts/application
  Rendered magic/result.html.erb within layouts/application (0.4ms)
Completed 200 OK in 34ms (Views: 33.0ms | ActiveRecord: 0.0ms)


Started GET "/" for 127.0.0.1 at 2018-07-09 16:04:46 +1000
Processing by PagesController#home as HTML
  Rendering pages/home.html.erb within layouts/application
  Rendered pages/home.html.erb within layouts/application (0.4ms)
Completed 200 OK in 52ms (Views: 51.3ms | ActiveRecord: 0.0ms)


Started GET "/magic" for 127.0.0.1 at 2018-07-09 16:04:48 +1000
Processing by MagicController#game as HTML
  Rendering magic/game.html.erb within layouts/application
  Rendered magic/game.html.erb within layouts/application (0.6ms)
Completed 200 OK in 53ms (Views: 52.0ms | ActiveRecord: 0.0ms)


Started GET "/magic/answer?name=asd" for 127.0.0.1 at 2018-07-09 16:04:51 +1000
Processing by MagicController#magicanswer as HTML
  Parameters: {"name"=>"asd"}
  Rendering magic/result.html.erb within layouts/application
  Rendered magic/result.html.erb within layouts/application (0.7ms)
Completed 200 OK in 32ms (Views: 31.5ms | ActiveRecord: 0.0ms)


Started GET "/" for 127.0.0.1 at 2018-07-09 16:04:55 +1000
Processing by PagesController#home as HTML
  Rendering pages/home.html.erb within layouts/application
  Rendered pages/home.html.erb within layouts/application (0.5ms)
Completed 200 OK in 51ms (Views: 50.3ms | ActiveRecord: 0.0ms)


Started GET "/secretn" for 127.0.0.1 at 2018-07-09 16:04:56 +1000
Processing by SecretnController#game as HTML
  Rendering secretn/game.html.erb within layouts/application
  Rendered secretn/game.html.erb within layouts/application (0.4ms)
Completed 200 OK in 34ms (Views: 33.4ms | ActiveRecord: 0.0ms)


Started GET "/secretn/answer?name=8" for 127.0.0.1 at 2018-07-09 16:05:01 +1000
  
ActionController::RoutingError (No route matches [GET] "/secretn/answer"):
  
actionpack (5.2.0) lib/action_dispatch/middleware/debug_exceptions.rb:65:in `call'
web-console (3.6.2) lib/web_console/middleware.rb:135:in `call_app'
web-console (3.6.2) lib/web_console/middleware.rb:30:in `block in call'
web-console (3.6.2) lib/web_console/middleware.rb:20:in `catch'
web-console (3.6.2) lib/web_console/middleware.rb:20:in `call'
actionpack (5.2.0) lib/action_dispatch/middleware/show_exceptions.rb:33:in `call'
railties (5.2.0) lib/rails/rack/logger.rb:38:in `call_app'
railties (5.2.0) lib/rails/rack/logger.rb:26:in `block in call'
activesupport (5.2.0) lib/active_support/tagged_logging.rb:71:in `block in tagged'
activesupport (5.2.0) lib/active_support/tagged_logging.rb:28:in `tagged'
activesupport (5.2.0) lib/active_support/tagged_logging.rb:71:in `tagged'
railties (5.2.0) lib/rails/rack/logger.rb:26:in `call'
sprockets-rails (3.2.1) lib/sprockets/rails/quiet_assets.rb:13:in `call'
actionpack (5.2.0) lib/action_dispatch/middleware/remote_ip.rb:81:in `call'
actionpack (5.2.0) lib/action_dispatch/middleware/request_id.rb:27:in `call'
rack (2.0.5) lib/rack/method_override.rb:22:in `call'
rack (2.0.5) lib/rack/runtime.rb:22:in `call'
activesupport (5.2.0) lib/active_support/cache/strategy/local_cache_middleware.rb:29:in `call'
actionpack (5.2.0) lib/action_dispatch/middleware/executor.rb:14:in `call'
actionpack (5.2.0) lib/action_dispatch/middleware/static.rb:127:in `call'
rack (2.0.5) lib/rack/sendfile.rb:111:in `call'
railties (5.2.0) lib/rails/engine.rb:524:in `call'
puma (3.11.4) lib/puma/configuration.rb:225:in `call'
puma (3.11.4) lib/puma/server.rb:632:in `handle_request'
puma (3.11.4) lib/puma/server.rb:446:in `process_client'
puma (3.11.4) lib/puma/server.rb:306:in `block in run'
puma (3.11.4) lib/puma/thread_pool.rb:120:in `call'
puma (3.11.4) lib/puma/thread_pool.rb:120:in `block in spawn_thread'
Started GET "/" for 127.0.0.1 at 2018-07-09 16:13:09 +1000
Processing by PagesController#home as HTML
  Rendering pages/home.html.erb within layouts/application
  Rendered pages/home.html.erb within layouts/application (0.4ms)
Completed 200 OK in 95ms (Views: 94.7ms | ActiveRecord: 0.0ms)


Started GET "/secretn" for 127.0.0.1 at 2018-07-09 16:13:11 +1000
Processing by SecretnController#game as HTML
  Rendering secretn/game.html.erb within layouts/application
  Rendered secretn/game.html.erb within layouts/application (1.3ms)
Completed 200 OK in 50ms (Views: 48.8ms | ActiveRecord: 0.0ms)


Started GET "/secretn/answer?name=8" for 127.0.0.1 at 2018-07-09 16:13:15 +1000
  
AbstractController::ActionNotFound (The action 'secretnanswer' could not be found for SecretnController):
  
actionpack (5.2.0) lib/abstract_controller/base.rb:129:in `process'
actionview (5.2.0) lib/action_view/rendering.rb:32:in `process'
actionpack (5.2.0) lib/action_controller/metal.rb:191:in `dispatch'
actionpack (5.2.0) lib/action_controller/metal.rb:252:in `dispatch'
actionpack (5.2.0) lib/action_dispatch/routing/route_set.rb:52:in `dispatch'
actionpack (5.2.0) lib/action_dispatch/routing/route_set.rb:34:in `serve'
actionpack (5.2.0) lib/action_dispatch/journey/router.rb:52:in `block in serve'
actionpack (5.2.0) lib/action_dispatch/journey/router.rb:35:in `each'
actionpack (5.2.0) lib/action_dispatch/journey/router.rb:35:in `serve'
actionpack (5.2.0) lib/action_dispatch/routing/route_set.rb:840:in `call'
rack (2.0.5) lib/rack/tempfile_reaper.rb:15:in `call'
rack (2.0.5) lib/rack/etag.rb:25:in `call'
rack (2.0.5) lib/rack/conditional_get.rb:25:in `call'
rack (2.0.5) lib/rack/head.rb:12:in `call'
actionpack (5.2.0) lib/action_dispatch/http/content_security_policy.rb:18:in `call'
rack (2.0.5) lib/rack/session/abstract/id.rb:232:in `context'
rack (2.0.5) lib/rack/session/abstract/id.rb:226:in `call'
actionpack (5.2.0) lib/action_dispatch/middleware/cookies.rb:670:in `call'
activerecord (5.2.0) lib/active_record/migration.rb:559:in `call'
actionpack (5.2.0) lib/action_dispatch/middleware/callbacks.rb:28:in `block in call'
activesupport (5.2.0) lib/active_support/callbacks.rb:98:in `run_callbacks'
actionpack (5.2.0) lib/action_dispatch/middleware/callbacks.rb:26:in `call'
actionpack (5.2.0) lib/action_dispatch/middleware/executor.rb:14:in `call'
actionpack (5.2.0) lib/action_dispatch/middleware/debug_exceptions.rb:61:in `call'
web-console (3.6.2) lib/web_console/middleware.rb:135:in `call_app'
web-console (3.6.2) lib/web_console/middleware.rb:30:in `block in call'
web-console (3.6.2) lib/web_console/middleware.rb:20:in `catch'
web-console (3.6.2) lib/web_console/middleware.rb:20:in `call'
actionpack (5.2.0) lib/action_dispatch/middleware/show_exceptions.rb:33:in `call'
railties (5.2.0) lib/rails/rack/logger.rb:38:in `call_app'
railties (5.2.0) lib/rails/rack/logger.rb:26:in `block in call'
activesupport (5.2.0) lib/active_support/tagged_logging.rb:71:in `block in tagged'
activesupport (5.2.0) lib/active_support/tagged_logging.rb:28:in `tagged'
activesupport (5.2.0) lib/active_support/tagged_logging.rb:71:in `tagged'
railties (5.2.0) lib/rails/rack/logger.rb:26:in `call'
sprockets-rails (3.2.1) lib/sprockets/rails/quiet_assets.rb:13:in `call'
actionpack (5.2.0) lib/action_dispatch/middleware/remote_ip.rb:81:in `call'
actionpack (5.2.0) lib/action_dispatch/middleware/request_id.rb:27:in `call'
rack (2.0.5) lib/rack/method_override.rb:22:in `call'
rack (2.0.5) lib/rack/runtime.rb:22:in `call'
activesupport (5.2.0) lib/active_support/cache/strategy/local_cache_middleware.rb:29:in `call'
actionpack (5.2.0) lib/action_dispatch/middleware/executor.rb:14:in `call'
actionpack (5.2.0) lib/action_dispatch/middleware/static.rb:127:in `call'
rack (2.0.5) lib/rack/sendfile.rb:111:in `call'
railties (5.2.0) lib/rails/engine.rb:524:in `call'
puma (3.11.4) lib/puma/configuration.rb:225:in `call'
puma (3.11.4) lib/puma/server.rb:632:in `handle_request'
puma (3.11.4) lib/puma/server.rb:446:in `process_client'
puma (3.11.4) lib/puma/server.rb:306:in `block in run'
puma (3.11.4) lib/puma/thread_pool.rb:120:in `call'
puma (3.11.4) lib/puma/thread_pool.rb:120:in `block in spawn_thread'
Started GET "/" for 127.0.0.1 at 2018-07-09 16:14:48 +1000
Processing by PagesController#home as HTML
  Rendering pages/home.html.erb within layouts/application
  Rendered pages/home.html.erb within layouts/application (0.4ms)
Completed 200 OK in 88ms (Views: 87.5ms | ActiveRecord: 0.0ms)


Started GET "/magic" for 127.0.0.1 at 2018-07-09 16:14:50 +1000
Processing by MagicController#game as HTML
  Rendering magic/game.html.erb within layouts/application
  Rendered magic/game.html.erb within layouts/application (0.7ms)
Completed 200 OK in 53ms (Views: 52.2ms | ActiveRecord: 0.0ms)


Started GET "/magic/answer?name=erqwe" for 127.0.0.1 at 2018-07-09 16:14:52 +1000
Processing by MagicController#magicanswer as HTML
  Parameters: {"name"=>"erqwe"}
  Rendering magic/result.html.erb within layouts/application
  Rendered magic/result.html.erb within layouts/application (0.4ms)
Completed 200 OK in 33ms (Views: 32.3ms | ActiveRecord: 0.0ms)


Started GET "/magic/answer?name=erqwe" for 127.0.0.1 at 2018-07-09 16:15:21 +1000
Processing by MagicController#magicanswer as HTML
  Parameters: {"name"=>"erqwe"}
  Rendering magic/result.html.erb within layouts/application
  Rendered magic/result.html.erb within layouts/application (0.4ms)
Completed 200 OK in 36ms (Views: 35.0ms | ActiveRecord: 0.0ms)


Started GET "/magic/answer?name=erqwe" for 127.0.0.1 at 2018-07-09 16:15:26 +1000
Processing by MagicController#magicanswer as HTML
  Parameters: {"name"=>"erqwe"}
  Rendering magic/result.html.erb within layouts/application
  Rendered magic/result.html.erb within layouts/application (0.4ms)
Completed 200 OK in 32ms (Views: 31.6ms | ActiveRecord: 0.0ms)


Started GET "/magic/answer?name=erqwe" for 127.0.0.1 at 2018-07-09 16:15:28 +1000
Processing by MagicController#magicanswer as HTML
  Parameters: {"name"=>"erqwe"}
  Rendering magic/result.html.erb within layouts/application
  Rendered magic/result.html.erb within layouts/application (0.4ms)
Completed 200 OK in 30ms (Views: 29.5ms | ActiveRecord: 0.0ms)


Started GET "/" for 127.0.0.1 at 2018-07-09 16:17:27 +1000
Processing by PagesController#home as HTML
  Rendering pages/home.html.erb within layouts/application
  Rendered pages/home.html.erb within layouts/application (0.6ms)
Completed 200 OK in 44ms (Views: 43.1ms | ActiveRecord: 0.0ms)


Started GET "/secretn" for 127.0.0.1 at 2018-07-09 16:17:29 +1000
Processing by SecretnController#game as HTML
  Rendering secretn/game.html.erb within layouts/application
  Rendered secretn/game.html.erb within layouts/application (0.4ms)
Completed 200 OK in 62ms (Views: 60.7ms | ActiveRecord: 0.0ms)


Started GET "/secretn" for 127.0.0.1 at 2018-07-09 16:21:22 +1000
  
SyntaxError (/Users/lucaspadua/Projects/WDi28-Homework/lucas_padua/week_05/day_01/game/app/controllers/secretn_controller.rb:7: syntax error, unexpected '=', expecting ';' or '\n'
  def secretnanswer = GUESS
                     ^
/Users/lucaspadua/Projects/WDi28-Homework/lucas_padua/week_05/day_01/game/app/controllers/secretn_controller.rb:9: dynamic constant assignment
    if GUESS = secretnanswer
              ^):
  
app/controllers/secretn_controller.rb:7: syntax error, unexpected '=', expecting ';' or '\n'
app/controllers/secretn_controller.rb:9: dynamic constant assignment
Started GET "/" for 127.0.0.1 at 2018-07-09 16:29:39 +1000
Processing by PagesController#home as HTML
  Rendering pages/home.html.erb within layouts/application
  Rendered pages/home.html.erb within layouts/application (0.5ms)
Completed 200 OK in 92ms (Views: 90.9ms | ActiveRecord: 0.0ms)


Started GET "/secretn" for 127.0.0.1 at 2018-07-09 16:29:41 +1000
  
SyntaxError (/Users/lucaspadua/Projects/WDi28-Homework/lucas_padua/week_05/day_01/game/app/controllers/secretn_controller.rb:9: dynamic constant assignment
    SECRET_NUMBER = rand 1..10
                   ^
/Users/lucaspadua/Projects/WDi28-Homework/lucas_padua/week_05/day_01/game/app/controllers/secretn_controller.rb:12: dynamic constant assignment
    SECRET_NUMBER = secretnanswer.to_i
                   ^
/Users/lucaspadua/Projects/WDi28-Homework/lucas_padua/week_05/day_01/game/app/controllers/secretn_controller.rb:18: syntax error, unexpected end-of-input, expecting keyword_end):
  
app/controllers/secretn_controller.rb:9: dynamic constant assignment
app/controllers/secretn_controller.rb:12: dynamic constant assignment
app/controllers/secretn_controller.rb:18: syntax error, unexpected end-of-input, expecting keyword_end
Started GET "/secretn" for 127.0.0.1 at 2018-07-09 16:30:11 +1000
  
SyntaxError (/Users/lucaspadua/Projects/WDi28-Homework/lucas_padua/week_05/day_01/game/app/controllers/secretn_controller.rb:10: dynamic constant assignment
    SECRET_NUMBER = rand 1..10
                   ^
/Users/lucaspadua/Projects/WDi28-Homework/lucas_padua/week_05/day_01/game/app/controllers/secretn_controller.rb:11: dynamic constant assignment
    SECRET_NUMBER = secretnanswer.to_i
                   ^
/Users/lucaspadua/Projects/WDi28-Homework/lucas_padua/week_05/day_01/game/app/controllers/secretn_controller.rb:17: syntax error, unexpected end-of-input, expecting keyword_end):
  
app/controllers/secretn_controller.rb:10: dynamic constant assignment
app/controllers/secretn_controller.rb:11: dynamic constant assignment
app/controllers/secretn_controller.rb:17: syntax error, unexpected end-of-input, expecting keyword_end
Started GET "/" for 127.0.0.1 at 2018-07-09 16:35:45 +1000
Processing by PagesController#home as HTML
  Rendering pages/home.html.erb within layouts/application
  Rendered pages/home.html.erb within layouts/application (0.5ms)
Completed 200 OK in 101ms (Views: 100.1ms | ActiveRecord: 0.0ms)


Started GET "/secretn" for 127.0.0.1 at 2018-07-09 16:35:47 +1000
  
SyntaxError (/Users/lucaspadua/Projects/WDi28-Homework/lucas_padua/week_05/day_01/game/app/controllers/secretn_controller.rb:10: dynamic constant assignment
    SECRET_NUMBER = rand 1..10
                   ^
/Users/lucaspadua/Projects/WDi28-Homework/lucas_padua/week_05/day_01/game/app/controllers/secretn_controller.rb:11: dynamic constant assignment
    SECRET_NUMBER = secretnanswer.to_i
                   ^
/Users/lucaspadua/Projects/WDi28-Homework/lucas_padua/week_05/day_01/game/app/controllers/secretn_controller.rb:17: syntax error, unexpected end-of-input, expecting keyword_end):
  
app/controllers/secretn_controller.rb:10: dynamic constant assignment
app/controllers/secretn_controller.rb:11: dynamic constant assignment
app/controllers/secretn_controller.rb:17: syntax error, unexpected end-of-input, expecting keyword_end
Started GET "/" for 127.0.0.1 at 2018-07-09 16:35:58 +1000
Processing by PagesController#home as HTML
  Rendering pages/home.html.erb within layouts/application
  Rendered pages/home.html.erb within layouts/application (0.4ms)
Completed 200 OK in 40ms (Views: 39.2ms | ActiveRecord: 0.0ms)


Started GET "/secretn" for 127.0.0.1 at 2018-07-09 16:35:59 +1000
  
SyntaxError (/Users/lucaspadua/Projects/WDi28-Homework/lucas_padua/week_05/day_01/game/app/controllers/secretn_controller.rb:10: dynamic constant assignment
    SECRET_NUMBER = rand 1..10
                   ^
/Users/lucaspadua/Projects/WDi28-Homework/lucas_padua/week_05/day_01/game/app/controllers/secretn_controller.rb:11: dynamic constant assignment
    SECRET_NUMBER = secretnanswer.to_i
                   ^
/Users/lucaspadua/Projects/WDi28-Homework/lucas_padua/week_05/day_01/game/app/controllers/secretn_controller.rb:17: syntax error, unexpected end-of-input, expecting keyword_end):
  
app/controllers/secretn_controller.rb:10: dynamic constant assignment
app/controllers/secretn_controller.rb:11: dynamic constant assignment
app/controllers/secretn_controller.rb:17: syntax error, unexpected end-of-input, expecting keyword_end
Started GET "/" for 127.0.0.1 at 2018-07-09 16:37:03 +1000
Processing by PagesController#home as HTML
  Rendering pages/home.html.erb within layouts/application
  Rendered pages/home.html.erb within layouts/application (0.4ms)
Completed 200 OK in 51ms (Views: 50.5ms | ActiveRecord: 0.0ms)


Started GET "/secretn" for 127.0.0.1 at 2018-07-09 16:37:05 +1000
  
SyntaxError (/Users/lucaspadua/Projects/WDi28-Homework/lucas_padua/week_05/day_01/game/app/controllers/secretn_controller.rb:9: dynamic constant assignment
    SECRET_NUMBER = rand (1..10)
                   ^
/Users/lucaspadua/Projects/WDi28-Homework/lucas_padua/week_05/day_01/game/app/controllers/secretn_controller.rb:21: syntax error, unexpected end-of-input, expecting keyword_end):
  
app/controllers/secretn_controller.rb:9: dynamic constant assignment
app/controllers/secretn_controller.rb:21: syntax error, unexpected end-of-input, expecting keyword_end
Started GET "/secretn" for 127.0.0.1 at 2018-07-09 16:38:20 +1000
  
SyntaxError (/Users/lucaspadua/Projects/WDi28-Homework/lucas_padua/week_05/day_01/game/app/controllers/secretn_controller.rb:9: dynamic constant assignment
    SECRET_NUMBER = rand 1..10
                   ^
/Users/lucaspadua/Projects/WDi28-Homework/lucas_padua/week_05/day_01/game/app/controllers/secretn_controller.rb:23: syntax error, unexpected end-of-input, expecting keyword_end):
  
app/controllers/secretn_controller.rb:9: dynamic constant assignment
app/controllers/secretn_controller.rb:23: syntax error, unexpected end-of-input, expecting keyword_end
Started GET "/" for 127.0.0.1 at 2018-07-09 16:39:16 +1000
Processing by PagesController#home as HTML
  Rendering pages/home.html.erb within layouts/application
  Rendered pages/home.html.erb within layouts/application (0.3ms)
Completed 200 OK in 50ms (Views: 49.5ms | ActiveRecord: 0.0ms)


Started GET "/secretn" for 127.0.0.1 at 2018-07-09 16:39:18 +1000
  
SyntaxError (/Users/lucaspadua/Projects/WDi28-Homework/lucas_padua/week_05/day_01/game/app/controllers/secretn_controller.rb:9: dynamic constant assignment
    SECRET_NUMBER = rand 1..10
                   ^
/Users/lucaspadua/Projects/WDi28-Homework/lucas_padua/week_05/day_01/game/app/controllers/secretn_controller.rb:23: syntax error, unexpected end-of-input, expecting keyword_end):
  
app/controllers/secretn_controller.rb:9: dynamic constant assignment
app/controllers/secretn_controller.rb:23: syntax error, unexpected end-of-input, expecting keyword_end
Started GET "/" for 127.0.0.1 at 2018-07-09 16:40:52 +1000
Processing by PagesController#home as HTML
  Rendering pages/home.html.erb within layouts/application
  Rendered pages/home.html.erb within layouts/application (0.4ms)
Completed 200 OK in 54ms (Views: 52.9ms | ActiveRecord: 0.0ms)


Started GET "/secretn" for 127.0.0.1 at 2018-07-09 16:40:55 +1000
  
SyntaxError (/Users/lucaspadua/Projects/WDi28-Homework/lucas_padua/week_05/day_01/game/app/controllers/secretn_controller.rb:9: dynamic constant assignment
    SECRET_NUMBER = rand 1..10
                   ^
/Users/lucaspadua/Projects/WDi28-Homework/lucas_padua/week_05/day_01/game/app/controllers/secretn_controller.rb:24: syntax error, unexpected end-of-input, expecting keyword_end):
  
app/controllers/secretn_controller.rb:9: dynamic constant assignment
app/controllers/secretn_controller.rb:24: syntax error, unexpected end-of-input, expecting keyword_end
Started GET "/secretn" for 127.0.0.1 at 2018-07-09 16:41:47 +1000
  
SyntaxError (/Users/lucaspadua/Projects/WDi28-Homework/lucas_padua/week_05/day_01/game/app/controllers/secretn_controller.rb:9: dynamic constant assignment
    SECRET_NUMBER = Random.rand(10)
                   ^):
  
app/controllers/secretn_controller.rb:9: dynamic constant assignment
Started GET "/secretn" for 127.0.0.1 at 2018-07-09 16:42:08 +1000
Processing by SecretnController#game as HTML
  Rendering secretn/game.html.erb within layouts/application
  Rendered secretn/game.html.erb within layouts/application (0.4ms)
Completed 200 OK in 51ms (Views: 50.0ms | ActiveRecord: 0.0ms)


Started GET "/secretn/answer?name=22" for 127.0.0.1 at 2018-07-09 16:42:12 +1000
Processing by SecretnController#secretnanswer as HTML
  Parameters: {"name"=>"22"}
Completed 500 Internal Server Error in 1ms (ActiveRecord: 0.0ms)


  
RuntimeError ():
  
app/controllers/secretn_controller.rb:11:in `secretnanswer'
Started PUT "/__web_console/repl_sessions/dc92049b3325bdd03d38f4a674009d7e" for 127.0.0.1 at 2018-07-09 16:42:16 +1000
Started PUT "/__web_console/repl_sessions/dc92049b3325bdd03d38f4a674009d7e" for 127.0.0.1 at 2018-07-09 16:42:17 +1000
Started GET "/secretn/answer?name=22" for 127.0.0.1 at 2018-07-09 16:45:25 +1000
Processing by SecretnController#secretnanswer as HTML
  Parameters: {"name"=>"22"}
  Rendering secretn/result.html.erb within layouts/application
  Rendered secretn/result.html.erb within layouts/application (0.7ms)
Completed 200 OK in 76ms (Views: 74.6ms | ActiveRecord: 0.0ms)


Started GET "/secretn/answer?name=22" for 127.0.0.1 at 2018-07-09 16:46:03 +1000
Processing by SecretnController#secretnanswer as HTML
  Parameters: {"name"=>"22"}
  Rendering secretn/result.html.erb within layouts/application
  Rendered secretn/result.html.erb within layouts/application (0.8ms)
Completed 200 OK in 52ms (Views: 51.4ms | ActiveRecord: 0.0ms)


Started GET "/secretn/answer?name=22" for 127.0.0.1 at 2018-07-09 16:46:06 +1000
Processing by SecretnController#secretnanswer as HTML
  Parameters: {"name"=>"22"}
  Rendering secretn/result.html.erb within layouts/application
  Rendered secretn/result.html.erb within layouts/application (0.7ms)
Completed 200 OK in 36ms (Views: 34.6ms | ActiveRecord: 0.0ms)


Started GET "/secretn/answer?name=22" for 127.0.0.1 at 2018-07-09 16:47:37 +1000
Processing by SecretnController#secretnanswer as HTML
  Parameters: {"name"=>"22"}
  Rendering secretn/result.html.erb within layouts/application
  Rendered secretn/result.html.erb within layouts/application (0.6ms)
Completed 200 OK in 96ms (Views: 95.7ms | ActiveRecord: 0.0ms)


Started GET "/secretn/answer?name=22" for 127.0.0.1 at 2018-07-09 16:47:41 +1000
Processing by SecretnController#secretnanswer as HTML
  Parameters: {"name"=>"22"}
  Rendering secretn/result.html.erb within layouts/application
  Rendered secretn/result.html.erb within layouts/application (0.4ms)
Completed 200 OK in 31ms (Views: 30.2ms | ActiveRecord: 0.0ms)


Started GET "/secretn/answer?name=22" for 127.0.0.1 at 2018-07-09 16:49:28 +1000
Processing by SecretnController#secretnanswer as HTML
  Parameters: {"name"=>"22"}
  Rendering secretn/result.html.erb within layouts/application
  Rendered secretn/result.html.erb within layouts/application (0.4ms)
Completed 200 OK in 113ms (Views: 111.4ms | ActiveRecord: 0.0ms)


Started GET "/secretn/answer?name=22" for 127.0.0.1 at 2018-07-09 16:50:13 +1000
Processing by SecretnController#secretnanswer as HTML
  Parameters: {"name"=>"22"}
  Rendering secretn/result.html.erb within layouts/application
  Rendered secretn/result.html.erb within layouts/application (0.4ms)
Completed 200 OK in 53ms (Views: 52.6ms | ActiveRecord: 0.0ms)


Started GET "/secretn/answer?name=22" for 127.0.0.1 at 2018-07-09 16:50:30 +1000
Processing by SecretnController#secretnanswer as HTML
  Parameters: {"name"=>"22"}
  Rendering secretn/result.html.erb within layouts/application
  Rendered secretn/result.html.erb within layouts/application (0.6ms)
Completed 200 OK in 50ms (Views: 48.8ms | ActiveRecord: 0.0ms)


Started GET "/secretn/answer?name=22" for 127.0.0.1 at 2018-07-09 16:50:34 +1000
Processing by SecretnController#secretnanswer as HTML
  Parameters: {"name"=>"22"}
  Rendering secretn/result.html.erb within layouts/application
  Rendered secretn/result.html.erb within layouts/application (0.4ms)
Completed 200 OK in 30ms (Views: 29.4ms | ActiveRecord: 0.0ms)


Started GET "/secretn/answer?name=22" for 127.0.0.1 at 2018-07-09 16:50:48 +1000
Processing by SecretnController#secretnanswer as HTML
  Parameters: {"name"=>"22"}
  Rendering secretn/result.html.erb within layouts/application
  Rendered secretn/result.html.erb within layouts/application (0.4ms)
Completed 200 OK in 29ms (Views: 28.6ms | ActiveRecord: 0.0ms)


Started GET "/secretn" for 127.0.0.1 at 2018-07-09 17:04:34 +1000
Processing by SecretnController#game as HTML
  Rendering secretn/game.html.erb within layouts/application
  Rendered secretn/game.html.erb within layouts/application (0.4ms)
Completed 200 OK in 112ms (Views: 111.6ms | ActiveRecord: 0.0ms)


Started GET "/" for 127.0.0.1 at 2018-07-09 17:04:37 +1000
Processing by PagesController#home as HTML
  Rendering pages/home.html.erb within layouts/application
  Rendered pages/home.html.erb within layouts/application (1.0ms)
Completed 200 OK in 44ms (Views: 42.6ms | ActiveRecord: 0.0ms)


Started GET "/secretn" for 127.0.0.1 at 2018-07-09 17:04:38 +1000
Processing by SecretnController#game as HTML
  Rendering secretn/game.html.erb within layouts/application
  Rendered secretn/game.html.erb within layouts/application (0.5ms)
Completed 200 OK in 46ms (Views: 45.2ms | ActiveRecord: 0.0ms)


Started GET "/secretn/answer?name=12" for 127.0.0.1 at 2018-07-09 17:04:42 +1000
Processing by SecretnController#secretnanswer as HTML
  Parameters: {"name"=>"12"}
  Rendering secretn/result.html.erb within layouts/application
  Rendered secretn/result.html.erb within layouts/application (0.4ms)
Completed 200 OK in 30ms (Views: 29.0ms | ActiveRecord: 0.0ms)


Started GET "/secretn/answer?name=12" for 127.0.0.1 at 2018-07-09 17:05:33 +1000
Processing by SecretnController#secretnanswer as HTML
  Parameters: {"name"=>"12"}
  Rendering secretn/result.html.erb within layouts/application
  Rendered secretn/result.html.erb within layouts/application (0.4ms)
Completed 200 OK in 29ms (Views: 28.0ms | ActiveRecord: 0.0ms)


Started GET "/secretn/answer?name=12" for 127.0.0.1 at 2018-07-09 17:05:45 +1000
Processing by SecretnController#secretnanswer as HTML
  Parameters: {"name"=>"12"}
  Rendering secretn/result.html.erb within layouts/application
  Rendered secretn/result.html.erb within layouts/application (0.5ms)
Completed 200 OK in 29ms (Views: 27.9ms | ActiveRecord: 0.0ms)


Started GET "/secretn/answer?name=12" for 127.0.0.1 at 2018-07-09 17:06:18 +1000
Processing by SecretnController#secretnanswer as HTML
  Parameters: {"name"=>"12"}
  Rendering secretn/result.html.erb within layouts/application
  Rendered secretn/result.html.erb within layouts/application (0.5ms)
Completed 200 OK in 30ms (Views: 29.2ms | ActiveRecord: 0.0ms)


Started GET "/secretn/answer?name=12" for 127.0.0.1 at 2018-07-09 17:15:23 +1000
Processing by SecretnController#secretnanswer as HTML
  Parameters: {"name"=>"12"}
  Rendering secretn/result.html.erb within layouts/application
  Rendered secretn/result.html.erb within layouts/application (0.5ms)
Completed 200 OK in 51ms (Views: 50.8ms | ActiveRecord: 0.0ms)


Started GET "/secretn/answer?name=3" for 127.0.0.1 at 2018-07-09 17:15:43 +1000
Processing by SecretnController#secretnanswer as HTML
  Parameters: {"name"=>"3"}
  Rendering secretn/result.html.erb within layouts/application
  Rendered secretn/result.html.erb within layouts/application (0.5ms)
Completed 200 OK in 28ms (Views: 26.9ms | ActiveRecord: 0.0ms)


Started GET "/secretn/answer?name=3" for 127.0.0.1 at 2018-07-09 17:16:04 +1000
  
SyntaxError (/Users/lucaspadua/Projects/WDi28-Homework/lucas_padua/week_05/day_01/game/app/controllers/secretn_controller.rb:21: syntax error, unexpected end-of-input, expecting keyword_end):
  
app/controllers/secretn_controller.rb:21: syntax error, unexpected end-of-input, expecting keyword_end
Started GET "/secretn/answer?name=3" for 127.0.0.1 at 2018-07-09 17:16:08 +1000
  
SyntaxError (/Users/lucaspadua/Projects/WDi28-Homework/lucas_padua/week_05/day_01/game/app/controllers/secretn_controller.rb:21: syntax error, unexpected end-of-input, expecting keyword_end):
  
app/controllers/secretn_controller.rb:21: syntax error, unexpected end-of-input, expecting keyword_end
Started GET "/secretn/answer?name=3" for 127.0.0.1 at 2018-07-09 17:16:38 +1000
Processing by SecretnController#secretnanswer as HTML
  Parameters: {"name"=>"3"}
  Rendering secretn/result.html.erb within layouts/application
  Rendered secretn/result.html.erb within layouts/application (0.4ms)
Completed 200 OK in 29ms (Views: 28.5ms | ActiveRecord: 0.0ms)


Started GET "/secretn/answer?name=5" for 127.0.0.1 at 2018-07-09 17:16:55 +1000
Processing by SecretnController#secretnanswer as HTML
  Parameters: {"name"=>"5"}
  Rendering secretn/result.html.erb within layouts/application
  Rendered secretn/result.html.erb within layouts/application (0.4ms)
Completed 200 OK in 30ms (Views: 29.1ms | ActiveRecord: 0.0ms)


Started GET "/secretn/answer?name=5" for 127.0.0.1 at 2018-07-09 17:23:41 +1000
Processing by SecretnController#secretnanswer as HTML
  Parameters: {"name"=>"5"}
  Rendering secretn/result.html.erb within layouts/application
  Rendered secretn/result.html.erb within layouts/application (0.4ms)
Completed 200 OK in 26ms (Views: 25.7ms | ActiveRecord: 0.0ms)


Started GET "/secretn/answer?name=5" for 127.0.0.1 at 2018-07-09 17:23:44 +1000
Processing by SecretnController#secretnanswer as HTML
  Parameters: {"name"=>"5"}
  Rendering secretn/result.html.erb within layouts/application
  Rendered secretn/result.html.erb within layouts/application (0.4ms)
Completed 200 OK in 28ms (Views: 27.1ms | ActiveRecord: 0.0ms)


Started GET "/secretn/answer?name=5" for 127.0.0.1 at 2018-07-09 17:24:29 +1000
  
SyntaxError (/Users/lucaspadua/Projects/WDi28-Homework/lucas_padua/week_05/day_01/game/app/controllers/secretn_controller.rb:17: syntax error, unexpected tIVAR, expecting tSTRING_DEND
... Your number is #{ ''@yournumer' } and secret number is #{ '...
...                               ^
/Users/lucaspadua/Projects/WDi28-Homework/lucas_padua/week_05/day_01/game/app/controllers/secretn_controller.rb:17: syntax error, unexpected tIVAR, expecting tSTRING_DEND
...t number is #{ '@computernumber' }"
...                               ^
/Users/lucaspadua/Projects/WDi28-Homework/lucas_padua/week_05/day_01/game/app/controllers/secretn_controller.rb:17: unterminated string meets end of file):
  
app/controllers/secretn_controller.rb:17: syntax error, unexpected tIVAR, expecting tSTRING_DEND
app/controllers/secretn_controller.rb:17: syntax error, unexpected tIVAR, expecting tSTRING_DEND
app/controllers/secretn_controller.rb:17: unterminated string meets end of file
Started GET "/secretn/answer?name=5" for 127.0.0.1 at 2018-07-09 17:24:32 +1000
  
SyntaxError (/Users/lucaspadua/Projects/WDi28-Homework/lucas_padua/week_05/day_01/game/app/controllers/secretn_controller.rb:17: syntax error, unexpected tIVAR, expecting tSTRING_DEND
... Your number is #{ ''@yournumer' } and secret number is #{ '...
...                               ^
/Users/lucaspadua/Projects/WDi28-Homework/lucas_padua/week_05/day_01/game/app/controllers/secretn_controller.rb:17: syntax error, unexpected tIVAR, expecting tSTRING_DEND
...t number is #{ '@computernumber' }"
...                               ^
/Users/lucaspadua/Projects/WDi28-Homework/lucas_padua/week_05/day_01/game/app/controllers/secretn_controller.rb:17: unterminated string meets end of file):
  
app/controllers/secretn_controller.rb:17: syntax error, unexpected tIVAR, expecting tSTRING_DEND
app/controllers/secretn_controller.rb:17: syntax error, unexpected tIVAR, expecting tSTRING_DEND
app/controllers/secretn_controller.rb:17: unterminated string meets end of file
Started GET "/secretn/answer?name=5" for 127.0.0.1 at 2018-07-09 17:24:46 +1000
Processing by SecretnController#secretnanswer as HTML
  Parameters: {"name"=>"5"}
  Rendering secretn/result.html.erb within layouts/application
  Rendered secretn/result.html.erb within layouts/application (0.5ms)
Completed 200 OK in 52ms (Views: 50.9ms | ActiveRecord: 0.0ms)


Started GET "/secretn/answer?name=5" for 127.0.0.1 at 2018-07-09 17:24:48 +1000
Processing by SecretnController#secretnanswer as HTML
  Parameters: {"name"=>"5"}
  Rendering secretn/result.html.erb within layouts/application
  Rendered secretn/result.html.erb within layouts/application (0.4ms)
Completed 200 OK in 28ms (Views: 27.3ms | ActiveRecord: 0.0ms)


