Started GET "/" for 127.0.0.1 at 2018-07-09 14:35:34 +1000
Processing by PagesController#home as HTML
Completed 500 Internal Server Error in 35ms (ActiveRecord: 0.0ms)


  
ActionView::MissingTemplate (Missing template pages/home, application/home with {:locale=>[:en], :formats=>[:html], :variants=>[], :handlers=>[:raw, :erb, :html, :builder, :ruby, :coffee, :jbuilder]}. Searched in:
  * "/Users/xael/dev/WDI Projects/WDi28-Homework/tim_caldwell/week_05/day_01/Games_On_Rails/app/views"
):
  
app/controllers/pages_controller.rb:3:in `home'
Started GET "/" for 127.0.0.1 at 2018-07-09 14:36:03 +1000
Processing by PagesController#home as HTML
  Rendering pages/home.html.erb within layouts/application
  Rendered pages/home.html.erb within layouts/application (0.3ms)
Completed 200 OK in 281ms (Views: 280.1ms | ActiveRecord: 0.0ms)


Started GET "/" for 127.0.0.1 at 2018-07-09 14:42:44 +1000
Processing by PagesController#home as HTML
  Rendering pages/home.html.erb within layouts/application
  Rendered pages/home.html.erb within layouts/application (0.3ms)
Completed 200 OK in 24ms (Views: 23.1ms | ActiveRecord: 0.0ms)


Started GET "/magic8" for 127.0.0.1 at 2018-07-09 14:43:51 +1000
Processing by GamesController#magic8 as HTML
  Rendering games/magic8.html.erb within layouts/application
  Rendered games/magic8.html.erb within layouts/application (0.8ms)
Completed 200 OK in 37ms (Views: 36.9ms | ActiveRecord: 0.0ms)


Started GET "/magic8/?utf8=%E2%9C%93&q=test&commit=Ask" for 127.0.0.1 at 2018-07-09 14:43:54 +1000
Processing by GamesController#magic8 as HTML
  Parameters: {"utf8"=>"✓", "q"=>"test", "commit"=>"Ask"}
  Rendering games/magic8.html.erb within layouts/application
  Rendered games/magic8.html.erb within layouts/application (0.8ms)
Completed 200 OK in 24ms (Views: 23.3ms | ActiveRecord: 0.0ms)


Started GET "/magic8/?utf8=%E2%9C%93&q=Hello&commit=Ask" for 127.0.0.1 at 2018-07-09 14:48:13 +1000
Processing by GamesController#magic8 as HTML
  Parameters: {"utf8"=>"✓", "q"=>"Hello", "commit"=>"Ask"}
Completed 500 Internal Server Error in 2ms (ActiveRecord: 0.0ms)


  
NoMethodError (undefined method `sample' for nil:NilClass):
  
app/controllers/games_controller.rb:26:in `magic8'
Started GET "/magic8/?utf8=%E2%9C%93&q=Hello&commit=Ask" for 127.0.0.1 at 2018-07-09 14:48:40 +1000
Processing by GamesController#magic8 as HTML
  Parameters: {"utf8"=>"✓", "q"=>"Hello", "commit"=>"Ask"}
  Rendering games/magic8.html.erb within layouts/application
  Rendered games/magic8.html.erb within layouts/application (0.7ms)
Completed 200 OK in 28ms (Views: 27.0ms | ActiveRecord: 0.0ms)


Started GET "/magic8/?utf8=%E2%9C%93&q=Hello&commit=Ask" for 127.0.0.1 at 2018-07-09 14:49:01 +1000
Processing by GamesController#magic8 as HTML
  Parameters: {"utf8"=>"✓", "q"=>"Hello", "commit"=>"Ask"}
  Rendering games/magic8.html.erb within layouts/application
  Rendered games/magic8.html.erb within layouts/application (0.7ms)
Completed 200 OK in 22ms (Views: 21.9ms | ActiveRecord: 0.0ms)


Started GET "/magic8/?utf8=%E2%9C%93&q=Hello&commit=Ask" for 127.0.0.1 at 2018-07-09 14:49:02 +1000
Processing by GamesController#magic8 as HTML
  Parameters: {"utf8"=>"✓", "q"=>"Hello", "commit"=>"Ask"}
  Rendering games/magic8.html.erb within layouts/application
  Rendered games/magic8.html.erb within layouts/application (0.7ms)
Completed 200 OK in 22ms (Views: 21.5ms | ActiveRecord: 0.0ms)


Started GET "/magic8/?utf8=%E2%9C%93&q=Hello&commit=Ask" for 127.0.0.1 at 2018-07-09 14:49:03 +1000
Processing by GamesController#magic8 as HTML
  Parameters: {"utf8"=>"✓", "q"=>"Hello", "commit"=>"Ask"}
  Rendering games/magic8.html.erb within layouts/application
  Rendered games/magic8.html.erb within layouts/application (0.7ms)
Completed 200 OK in 30ms (Views: 29.5ms | ActiveRecord: 0.0ms)


Started GET "/magic8/?utf8=%E2%9C%93&q=Hello&commit=Ask" for 127.0.0.1 at 2018-07-09 14:49:03 +1000
Processing by GamesController#magic8 as HTML
  Parameters: {"utf8"=>"✓", "q"=>"Hello", "commit"=>"Ask"}
  Rendering games/magic8.html.erb within layouts/application
  Rendered games/magic8.html.erb within layouts/application (0.7ms)
Completed 200 OK in 22ms (Views: 21.4ms | ActiveRecord: 0.0ms)


Started GET "/magic8/?utf8=%E2%9C%93&q=Hello&commit=Ask" for 127.0.0.1 at 2018-07-09 14:49:03 +1000
Processing by GamesController#magic8 as HTML
  Parameters: {"utf8"=>"✓", "q"=>"Hello", "commit"=>"Ask"}
  Rendering games/magic8.html.erb within layouts/application
  Rendered games/magic8.html.erb within layouts/application (0.7ms)
Completed 200 OK in 22ms (Views: 21.0ms | ActiveRecord: 0.0ms)


Started GET "/magic8/?utf8=%E2%9C%93&q=Hello&commit=Ask" for 127.0.0.1 at 2018-07-09 14:49:03 +1000
Processing by GamesController#magic8 as HTML
  Parameters: {"utf8"=>"✓", "q"=>"Hello", "commit"=>"Ask"}
  Rendering games/magic8.html.erb within layouts/application
  Rendered games/magic8.html.erb within layouts/application (0.9ms)
Completed 200 OK in 29ms (Views: 28.3ms | ActiveRecord: 0.0ms)


Started GET "/magic8/?utf8=%E2%9C%93&q=Hello&commit=Ask" for 127.0.0.1 at 2018-07-09 14:49:04 +1000
Processing by GamesController#magic8 as HTML
  Parameters: {"utf8"=>"✓", "q"=>"Hello", "commit"=>"Ask"}
  Rendering games/magic8.html.erb within layouts/application
  Rendered games/magic8.html.erb within layouts/application (0.7ms)
Completed 200 OK in 22ms (Views: 21.9ms | ActiveRecord: 0.0ms)


Started GET "/magic8/?utf8=%E2%9C%93&q=Hello&commit=Ask" for 127.0.0.1 at 2018-07-09 14:49:04 +1000
Processing by GamesController#magic8 as HTML
  Parameters: {"utf8"=>"✓", "q"=>"Hello", "commit"=>"Ask"}
  Rendering games/magic8.html.erb within layouts/application
  Rendered games/magic8.html.erb within layouts/application (0.7ms)
Completed 200 OK in 23ms (Views: 22.0ms | ActiveRecord: 0.0ms)


Started GET "/magic8/?utf8=%E2%9C%93&q=Hello&commit=Ask" for 127.0.0.1 at 2018-07-09 14:49:04 +1000
Processing by GamesController#magic8 as HTML
  Parameters: {"utf8"=>"✓", "q"=>"Hello", "commit"=>"Ask"}
  Rendering games/magic8.html.erb within layouts/application
  Rendered games/magic8.html.erb within layouts/application (0.7ms)
Completed 200 OK in 22ms (Views: 21.9ms | ActiveRecord: 0.0ms)


Started GET "/magic8/?utf8=%E2%9C%93&q=Hello&commit=Ask" for 127.0.0.1 at 2018-07-09 14:49:04 +1000
Processing by GamesController#magic8 as HTML
  Parameters: {"utf8"=>"✓", "q"=>"Hello", "commit"=>"Ask"}
  Rendering games/magic8.html.erb within layouts/application
  Rendered games/magic8.html.erb within layouts/application (0.7ms)
Completed 200 OK in 23ms (Views: 22.2ms | ActiveRecord: 0.0ms)


Started GET "/magic8/?utf8=%E2%9C%93&q=Hello&commit=Ask" for 127.0.0.1 at 2018-07-09 14:49:05 +1000
Processing by GamesController#magic8 as HTML
  Parameters: {"utf8"=>"✓", "q"=>"Hello", "commit"=>"Ask"}
  Rendering games/magic8.html.erb within layouts/application
  Rendered games/magic8.html.erb within layouts/application (0.7ms)
Completed 200 OK in 25ms (Views: 24.4ms | ActiveRecord: 0.0ms)


Started GET "/magic8/?utf8=%E2%9C%93&q=Hello&commit=Ask" for 127.0.0.1 at 2018-07-09 14:49:05 +1000
Processing by GamesController#magic8 as HTML
  Parameters: {"utf8"=>"✓", "q"=>"Hello", "commit"=>"Ask"}
  Rendering games/magic8.html.erb within layouts/application
  Rendered games/magic8.html.erb within layouts/application (0.7ms)
Completed 200 OK in 23ms (Views: 22.9ms | ActiveRecord: 0.0ms)


Started GET "/magic8/?utf8=%E2%9C%93&q=Hello&commit=Ask" for 127.0.0.1 at 2018-07-09 14:49:06 +1000
Processing by GamesController#magic8 as HTML
  Parameters: {"utf8"=>"✓", "q"=>"Hello", "commit"=>"Ask"}
  Rendering games/magic8.html.erb within layouts/application
  Rendered games/magic8.html.erb within layouts/application (0.7ms)
Completed 200 OK in 22ms (Views: 21.8ms | ActiveRecord: 0.0ms)


Started GET "/magic8/?utf8=%E2%9C%93&q=Hello&commit=Ask" for 127.0.0.1 at 2018-07-09 14:49:08 +1000
Processing by GamesController#magic8 as HTML
  Parameters: {"utf8"=>"✓", "q"=>"Hello", "commit"=>"Ask"}
  Rendering games/magic8.html.erb within layouts/application
  Rendered games/magic8.html.erb within layouts/application (1.2ms)
Completed 200 OK in 35ms (Views: 34.8ms | ActiveRecord: 0.0ms)


Started GET "/magic8/?utf8=%E2%9C%93&q=Hello&commit=Ask" for 127.0.0.1 at 2018-07-09 14:49:08 +1000
Processing by GamesController#magic8 as HTML
  Parameters: {"utf8"=>"✓", "q"=>"Hello", "commit"=>"Ask"}
  Rendering games/magic8.html.erb within layouts/application
  Rendered games/magic8.html.erb within layouts/application (0.7ms)
Completed 200 OK in 22ms (Views: 21.6ms | ActiveRecord: 0.0ms)


Started GET "/magic8/?utf8=%E2%9C%93&q=Whats+your+name%3F&commit=Ask" for 127.0.0.1 at 2018-07-09 14:49:17 +1000
Processing by GamesController#magic8 as HTML
  Parameters: {"utf8"=>"✓", "q"=>"Whats your name?", "commit"=>"Ask"}
  Rendering games/magic8.html.erb within layouts/application
  Rendered games/magic8.html.erb within layouts/application (0.7ms)
Completed 200 OK in 24ms (Views: 23.0ms | ActiveRecord: 0.0ms)


Started GET "/" for 127.0.0.1 at 2018-07-09 14:52:35 +1000
Processing by PagesController#home as HTML
  Rendering pages/home.html.erb within layouts/application
  Rendered pages/home.html.erb within layouts/application (0.3ms)
Completed 200 OK in 22ms (Views: 21.8ms | ActiveRecord: 0.0ms)


Started GET "/secret_n" for 127.0.0.1 at 2018-07-09 14:52:37 +1000
Processing by GamesController#secret as HTML
  Rendering games/secret.html.erb within layouts/application
  Rendered games/secret.html.erb within layouts/application (0.8ms)
Completed 200 OK in 27ms (Views: 25.8ms | ActiveRecord: 0.0ms)


Started GET "/search?utf8=%E2%9C%93" for 127.0.0.1 at 2018-07-09 14:52:39 +1000
  
ActionController::RoutingError (No route matches [GET] "/search"):
  
actionpack (5.2.0) lib/action_dispatch/middleware/debug_exceptions.rb:65:in `call'
web-console (3.6.2) lib/web_console/middleware.rb:135:in `call_app'
web-console (3.6.2) lib/web_console/middleware.rb:30:in `block in call'
web-console (3.6.2) lib/web_console/middleware.rb:20:in `catch'
web-console (3.6.2) lib/web_console/middleware.rb:20:in `call'
actionpack (5.2.0) lib/action_dispatch/middleware/show_exceptions.rb:33:in `call'
railties (5.2.0) lib/rails/rack/logger.rb:38:in `call_app'
railties (5.2.0) lib/rails/rack/logger.rb:26:in `block in call'
activesupport (5.2.0) lib/active_support/tagged_logging.rb:71:in `block in tagged'
activesupport (5.2.0) lib/active_support/tagged_logging.rb:28:in `tagged'
activesupport (5.2.0) lib/active_support/tagged_logging.rb:71:in `tagged'
railties (5.2.0) lib/rails/rack/logger.rb:26:in `call'
sprockets-rails (3.2.1) lib/sprockets/rails/quiet_assets.rb:13:in `call'
actionpack (5.2.0) lib/action_dispatch/middleware/remote_ip.rb:81:in `call'
actionpack (5.2.0) lib/action_dispatch/middleware/request_id.rb:27:in `call'
rack (2.0.5) lib/rack/method_override.rb:22:in `call'
rack (2.0.5) lib/rack/runtime.rb:22:in `call'
activesupport (5.2.0) lib/active_support/cache/strategy/local_cache_middleware.rb:29:in `call'
actionpack (5.2.0) lib/action_dispatch/middleware/executor.rb:14:in `call'
actionpack (5.2.0) lib/action_dispatch/middleware/static.rb:127:in `call'
rack (2.0.5) lib/rack/sendfile.rb:111:in `call'
railties (5.2.0) lib/rails/engine.rb:524:in `call'
puma (3.11.4) lib/puma/configuration.rb:225:in `call'
puma (3.11.4) lib/puma/server.rb:632:in `handle_request'
puma (3.11.4) lib/puma/server.rb:446:in `process_client'
puma (3.11.4) lib/puma/server.rb:306:in `block in run'
puma (3.11.4) lib/puma/thread_pool.rb:120:in `block in spawn_thread'
Started GET "/search?utf8=%E2%9C%93" for 127.0.0.1 at 2018-07-09 14:53:01 +1000
  
ActionController::RoutingError (No route matches [GET] "/search"):
  
actionpack (5.2.0) lib/action_dispatch/middleware/debug_exceptions.rb:65:in `call'
web-console (3.6.2) lib/web_console/middleware.rb:135:in `call_app'
web-console (3.6.2) lib/web_console/middleware.rb:30:in `block in call'
web-console (3.6.2) lib/web_console/middleware.rb:20:in `catch'
web-console (3.6.2) lib/web_console/middleware.rb:20:in `call'
actionpack (5.2.0) lib/action_dispatch/middleware/show_exceptions.rb:33:in `call'
railties (5.2.0) lib/rails/rack/logger.rb:38:in `call_app'
railties (5.2.0) lib/rails/rack/logger.rb:26:in `block in call'
activesupport (5.2.0) lib/active_support/tagged_logging.rb:71:in `block in tagged'
activesupport (5.2.0) lib/active_support/tagged_logging.rb:28:in `tagged'
activesupport (5.2.0) lib/active_support/tagged_logging.rb:71:in `tagged'
railties (5.2.0) lib/rails/rack/logger.rb:26:in `call'
sprockets-rails (3.2.1) lib/sprockets/rails/quiet_assets.rb:13:in `call'
actionpack (5.2.0) lib/action_dispatch/middleware/remote_ip.rb:81:in `call'
actionpack (5.2.0) lib/action_dispatch/middleware/request_id.rb:27:in `call'
rack (2.0.5) lib/rack/method_override.rb:22:in `call'
rack (2.0.5) lib/rack/runtime.rb:22:in `call'
activesupport (5.2.0) lib/active_support/cache/strategy/local_cache_middleware.rb:29:in `call'
actionpack (5.2.0) lib/action_dispatch/middleware/executor.rb:14:in `call'
actionpack (5.2.0) lib/action_dispatch/middleware/static.rb:127:in `call'
rack (2.0.5) lib/rack/sendfile.rb:111:in `call'
railties (5.2.0) lib/rails/engine.rb:524:in `call'
puma (3.11.4) lib/puma/configuration.rb:225:in `call'
puma (3.11.4) lib/puma/server.rb:632:in `handle_request'
puma (3.11.4) lib/puma/server.rb:446:in `process_client'
puma (3.11.4) lib/puma/server.rb:306:in `block in run'
puma (3.11.4) lib/puma/thread_pool.rb:120:in `block in spawn_thread'
Started GET "/secret_n" for 127.0.0.1 at 2018-07-09 14:53:04 +1000
Processing by GamesController#secret as HTML
  Rendering games/secret.html.erb within layouts/application
  Rendered games/secret.html.erb within layouts/application (0.6ms)
Completed 200 OK in 24ms (Views: 23.7ms | ActiveRecord: 0.0ms)


Started GET "/secret_n" for 127.0.0.1 at 2018-07-09 14:53:05 +1000
Processing by GamesController#secret as HTML
  Rendering games/secret.html.erb within layouts/application
  Rendered games/secret.html.erb within layouts/application (0.6ms)
Completed 200 OK in 31ms (Views: 30.6ms | ActiveRecord: 0.0ms)


Started GET "/secret_n" for 127.0.0.1 at 2018-07-09 14:53:05 +1000
Processing by GamesController#secret as HTML
  Rendering games/secret.html.erb within layouts/application
  Rendered games/secret.html.erb within layouts/application (0.6ms)
Completed 200 OK in 23ms (Views: 22.6ms | ActiveRecord: 0.0ms)


Started PUT "/__web_console/repl_sessions/fee1d5b4dae727838db9657a17d726f1" for 127.0.0.1 at 2018-07-09 14:53:13 +1000
Started PUT "/__web_console/repl_sessions/fee1d5b4dae727838db9657a17d726f1" for 127.0.0.1 at 2018-07-09 14:53:14 +1000
Started PUT "/__web_console/repl_sessions/fee1d5b4dae727838db9657a17d726f1" for 127.0.0.1 at 2018-07-09 14:53:15 +1000
Started PUT "/__web_console/repl_sessions/fee1d5b4dae727838db9657a17d726f1" for 127.0.0.1 at 2018-07-09 14:53:17 +1000
Started PUT "/__web_console/repl_sessions/fee1d5b4dae727838db9657a17d726f1" for 127.0.0.1 at 2018-07-09 14:53:18 +1000
Started PUT "/__web_console/repl_sessions/fee1d5b4dae727838db9657a17d726f1" for 127.0.0.1 at 2018-07-09 14:53:20 +1000
Started PUT "/__web_console/repl_sessions/fee1d5b4dae727838db9657a17d726f1" for 127.0.0.1 at 2018-07-09 14:53:21 +1000
Started PUT "/__web_console/repl_sessions/fee1d5b4dae727838db9657a17d726f1" for 127.0.0.1 at 2018-07-09 14:53:53 +1000
Started PUT "/__web_console/repl_sessions/fee1d5b4dae727838db9657a17d726f1" for 127.0.0.1 at 2018-07-09 14:54:49 +1000
Started PUT "/__web_console/repl_sessions/fee1d5b4dae727838db9657a17d726f1" for 127.0.0.1 at 2018-07-09 14:54:49 +1000
Started PUT "/__web_console/repl_sessions/fee1d5b4dae727838db9657a17d726f1" for 127.0.0.1 at 2018-07-09 14:54:52 +1000
Started PUT "/__web_console/repl_sessions/fee1d5b4dae727838db9657a17d726f1" for 127.0.0.1 at 2018-07-09 14:54:53 +1000
Started PUT "/__web_console/repl_sessions/fee1d5b4dae727838db9657a17d726f1" for 127.0.0.1 at 2018-07-09 14:54:54 +1000
Started PUT "/__web_console/repl_sessions/fee1d5b4dae727838db9657a17d726f1" for 127.0.0.1 at 2018-07-09 14:54:56 +1000
Started PUT "/__web_console/repl_sessions/fee1d5b4dae727838db9657a17d726f1" for 127.0.0.1 at 2018-07-09 14:54:58 +1000
Started PUT "/__web_console/repl_sessions/fee1d5b4dae727838db9657a17d726f1" for 127.0.0.1 at 2018-07-09 14:54:58 +1000
Started PUT "/__web_console/repl_sessions/fee1d5b4dae727838db9657a17d726f1" for 127.0.0.1 at 2018-07-09 14:55:01 +1000
Started PUT "/__web_console/repl_sessions/fee1d5b4dae727838db9657a17d726f1" for 127.0.0.1 at 2018-07-09 14:55:02 +1000
Started PUT "/__web_console/repl_sessions/fee1d5b4dae727838db9657a17d726f1" for 127.0.0.1 at 2018-07-09 14:55:03 +1000
Started PUT "/__web_console/repl_sessions/fee1d5b4dae727838db9657a17d726f1" for 127.0.0.1 at 2018-07-09 14:55:08 +1000
Started PUT "/__web_console/repl_sessions/fee1d5b4dae727838db9657a17d726f1" for 127.0.0.1 at 2018-07-09 14:55:59 +1000
Started PUT "/__web_console/repl_sessions/fee1d5b4dae727838db9657a17d726f1" for 127.0.0.1 at 2018-07-09 14:56:02 +1000
Started PUT "/__web_console/repl_sessions/fee1d5b4dae727838db9657a17d726f1" for 127.0.0.1 at 2018-07-09 14:56:03 +1000
Started GET "/secret_n" for 127.0.0.1 at 2018-07-09 14:56:08 +1000
Processing by GamesController#secret as HTML
  Rendering games/secret.html.erb within layouts/application
  Rendered games/secret.html.erb within layouts/application (0.6ms)
Completed 200 OK in 22ms (Views: 21.4ms | ActiveRecord: 0.0ms)


Started GET "/search?utf8=%E2%9C%93" for 127.0.0.1 at 2018-07-09 14:56:19 +1000
  
ActionController::RoutingError (No route matches [GET] "/search"):
  
actionpack (5.2.0) lib/action_dispatch/middleware/debug_exceptions.rb:65:in `call'
web-console (3.6.2) lib/web_console/middleware.rb:135:in `call_app'
web-console (3.6.2) lib/web_console/middleware.rb:30:in `block in call'
web-console (3.6.2) lib/web_console/middleware.rb:20:in `catch'
web-console (3.6.2) lib/web_console/middleware.rb:20:in `call'
actionpack (5.2.0) lib/action_dispatch/middleware/show_exceptions.rb:33:in `call'
railties (5.2.0) lib/rails/rack/logger.rb:38:in `call_app'
railties (5.2.0) lib/rails/rack/logger.rb:26:in `block in call'
activesupport (5.2.0) lib/active_support/tagged_logging.rb:71:in `block in tagged'
activesupport (5.2.0) lib/active_support/tagged_logging.rb:28:in `tagged'
activesupport (5.2.0) lib/active_support/tagged_logging.rb:71:in `tagged'
railties (5.2.0) lib/rails/rack/logger.rb:26:in `call'
sprockets-rails (3.2.1) lib/sprockets/rails/quiet_assets.rb:13:in `call'
actionpack (5.2.0) lib/action_dispatch/middleware/remote_ip.rb:81:in `call'
actionpack (5.2.0) lib/action_dispatch/middleware/request_id.rb:27:in `call'
rack (2.0.5) lib/rack/method_override.rb:22:in `call'
rack (2.0.5) lib/rack/runtime.rb:22:in `call'
activesupport (5.2.0) lib/active_support/cache/strategy/local_cache_middleware.rb:29:in `call'
actionpack (5.2.0) lib/action_dispatch/middleware/executor.rb:14:in `call'
actionpack (5.2.0) lib/action_dispatch/middleware/static.rb:127:in `call'
rack (2.0.5) lib/rack/sendfile.rb:111:in `call'
railties (5.2.0) lib/rails/engine.rb:524:in `call'
puma (3.11.4) lib/puma/configuration.rb:225:in `call'
puma (3.11.4) lib/puma/server.rb:632:in `handle_request'
puma (3.11.4) lib/puma/server.rb:446:in `process_client'
puma (3.11.4) lib/puma/server.rb:306:in `block in run'
puma (3.11.4) lib/puma/thread_pool.rb:120:in `block in spawn_thread'
Started GET "/secret_n" for 127.0.0.1 at 2018-07-09 14:56:55 +1000
Processing by GamesController#secret as HTML
  Rendering games/secret.html.erb within layouts/application
  Rendered games/secret.html.erb within layouts/application (0.6ms)
Completed 200 OK in 26ms (Views: 25.6ms | ActiveRecord: 0.0ms)


Started GET "/secret_n?utf8=%E2%9C%93&g=7" for 127.0.0.1 at 2018-07-09 14:56:56 +1000
Processing by GamesController#secret as HTML
  Parameters: {"utf8"=>"✓", "g"=>"7"}
  Rendering games/secret.html.erb within layouts/application
  Rendered games/secret.html.erb within layouts/application (0.7ms)
Completed 200 OK in 44ms (Views: 42.9ms | ActiveRecord: 0.0ms)


Started GET "/secret_n?utf8=%E2%9C%93&g=7" for 127.0.0.1 at 2018-07-09 14:58:39 +1000
  
SyntaxError (/Users/xael/dev/WDI Projects/WDi28-Homework/tim_caldwell/week_05/day_01/Games_On_Rails/app/controllers/games_controller.rb:33: syntax error, unexpected '='
      @win? = @num == params[:g]
            ^
/Users/xael/dev/WDI Projects/WDi28-Homework/tim_caldwell/week_05/day_01/Games_On_Rails/app/controllers/games_controller.rb:35: syntax error, unexpected '='
      @win? = false
            ^):
  
app/controllers/games_controller.rb:33: syntax error, unexpected '='
app/controllers/games_controller.rb:35: syntax error, unexpected '='
Started GET "/secret_n?utf8=%E2%9C%93&g=7" for 127.0.0.1 at 2018-07-09 14:58:58 +1000
Processing by GamesController#secret as HTML
  Parameters: {"utf8"=>"✓", "g"=>"7"}
  Rendering games/secret.html.erb within layouts/application
  Rendered games/secret.html.erb within layouts/application (0.6ms)
Completed 200 OK in 24ms (Views: 23.5ms | ActiveRecord: 0.0ms)


Started GET "/secret_n?utf8=%E2%9C%93&g=6" for 127.0.0.1 at 2018-07-09 14:59:00 +1000
Processing by GamesController#secret as HTML
  Parameters: {"utf8"=>"✓", "g"=>"6"}
  Rendering games/secret.html.erb within layouts/application
  Rendered games/secret.html.erb within layouts/application (0.7ms)
Completed 200 OK in 23ms (Views: 22.8ms | ActiveRecord: 0.0ms)


Started GET "/secret_n?utf8=%E2%9C%93&g=9" for 127.0.0.1 at 2018-07-09 14:59:16 +1000
Processing by GamesController#secret as HTML
  Parameters: {"utf8"=>"✓", "g"=>"9"}
Completed 500 Internal Server Error in 1ms (ActiveRecord: 0.0ms)


  
RuntimeError (hell):
  
app/controllers/games_controller.rb:38:in `secret'
Started PUT "/__web_console/repl_sessions/b5b76cb64b92f7f1dce6d151fc6e920a" for 127.0.0.1 at 2018-07-09 14:59:22 +1000
Started PUT "/__web_console/repl_sessions/b5b76cb64b92f7f1dce6d151fc6e920a" for 127.0.0.1 at 2018-07-09 14:59:25 +1000
Started PUT "/__web_console/repl_sessions/b5b76cb64b92f7f1dce6d151fc6e920a" for 127.0.0.1 at 2018-07-09 14:59:33 +1000
Started PUT "/__web_console/repl_sessions/b5b76cb64b92f7f1dce6d151fc6e920a" for 127.0.0.1 at 2018-07-09 14:59:35 +1000
Started PUT "/__web_console/repl_sessions/b5b76cb64b92f7f1dce6d151fc6e920a" for 127.0.0.1 at 2018-07-09 14:59:35 +1000
Started PUT "/__web_console/repl_sessions/b5b76cb64b92f7f1dce6d151fc6e920a" for 127.0.0.1 at 2018-07-09 14:59:39 +1000
Started PUT "/__web_console/repl_sessions/b5b76cb64b92f7f1dce6d151fc6e920a" for 127.0.0.1 at 2018-07-09 14:59:41 +1000
Started PUT "/__web_console/repl_sessions/b5b76cb64b92f7f1dce6d151fc6e920a" for 127.0.0.1 at 2018-07-09 14:59:41 +1000
Started PUT "/__web_console/repl_sessions/b5b76cb64b92f7f1dce6d151fc6e920a" for 127.0.0.1 at 2018-07-09 14:59:42 +1000
Started PUT "/__web_console/repl_sessions/b5b76cb64b92f7f1dce6d151fc6e920a" for 127.0.0.1 at 2018-07-09 14:59:54 +1000
Started PUT "/__web_console/repl_sessions/b5b76cb64b92f7f1dce6d151fc6e920a" for 127.0.0.1 at 2018-07-09 14:59:58 +1000
Started PUT "/__web_console/repl_sessions/b5b76cb64b92f7f1dce6d151fc6e920a" for 127.0.0.1 at 2018-07-09 14:59:58 +1000
Started GET "/secret_n" for 127.0.0.1 at 2018-07-09 15:00:03 +1000
Processing by GamesController#secret as HTML
Completed 500 Internal Server Error in 1ms (ActiveRecord: 0.0ms)


  
RuntimeError (hell):
  
app/controllers/games_controller.rb:38:in `secret'
Started PUT "/__web_console/repl_sessions/c476a52b730928e239808d6917286627" for 127.0.0.1 at 2018-07-09 15:00:05 +1000
Started PUT "/__web_console/repl_sessions/c476a52b730928e239808d6917286627" for 127.0.0.1 at 2018-07-09 15:00:06 +1000
Started GET "/secret_n" for 127.0.0.1 at 2018-07-09 15:00:10 +1000
Processing by GamesController#secret as HTML
Completed 500 Internal Server Error in 1ms (ActiveRecord: 0.0ms)


  
RuntimeError (hell):
  
app/controllers/games_controller.rb:38:in `secret'
Started PUT "/__web_console/repl_sessions/49eb211af30032acb14b2cb32f76abb6" for 127.0.0.1 at 2018-07-09 15:00:12 +1000
Started PUT "/__web_console/repl_sessions/49eb211af30032acb14b2cb32f76abb6" for 127.0.0.1 at 2018-07-09 15:00:12 +1000
Started GET "/secret_n?g=1" for 127.0.0.1 at 2018-07-09 15:00:20 +1000
Processing by GamesController#secret as HTML
  Parameters: {"g"=>"1"}
Completed 500 Internal Server Error in 1ms (ActiveRecord: 0.0ms)


  
RuntimeError (hell):
  
app/controllers/games_controller.rb:38:in `secret'
Started PUT "/__web_console/repl_sessions/8548e79cda259d0c255c50657045e4b4" for 127.0.0.1 at 2018-07-09 15:00:23 +1000
Started PUT "/__web_console/repl_sessions/8548e79cda259d0c255c50657045e4b4" for 127.0.0.1 at 2018-07-09 15:00:24 +1000
Started GET "/secret_n" for 127.0.0.1 at 2018-07-09 15:04:23 +1000
Processing by GamesController#secret as HTML
  Rendering games/secret.html.erb within layouts/application
  Rendered games/secret.html.erb within layouts/application (0.9ms)
Completed 500 Internal Server Error in 13ms (ActiveRecord: 0.0ms)


  
SyntaxError (/Users/xael/dev/WDI Projects/WDi28-Homework/tim_caldwell/week_05/day_01/Games_On_Rails/app/views/games/secret.html.erb:14: syntax error, unexpected keyword_ensure, expecting keyword_end
          ensure
          ^~~~~~
/Users/xael/dev/WDI Projects/WDi28-Homework/tim_caldwell/week_05/day_01/Games_On_Rails/app/views/games/secret.html.erb:16: syntax error, unexpected end-of-input, expecting keyword_end
          end
             ^):
  
app/views/games/secret.html.erb:14: syntax error, unexpected keyword_ensure, expecting keyword_end
app/views/games/secret.html.erb:16: syntax error, unexpected end-of-input, expecting keyword_end
app/controllers/games_controller.rb:39:in `secret'
Started GET "/secret_n" for 127.0.0.1 at 2018-07-09 15:04:58 +1000
Processing by GamesController#secret as HTML
  Rendering games/secret.html.erb within layouts/application
  Rendered games/secret.html.erb within layouts/application (217.9ms)
Completed 500 Internal Server Error in 228ms (ActiveRecord: 0.0ms)


  
ActionView::Template::Error (undefined local variable or method `win' for #<#<Class:0x00007ff800713248>:0x00007ff80686d340>
Did you mean?  @win):
    1: <h1>Guess the Secret Number</h1>
    2: <% unless win.nil? %>
    3:   <% if win %>
    4:     <h2>Congrats, you guessed it: <%= params[:g] %>
    5:   <% else %>
  
app/views/games/secret.html.erb:2:in `_app_views_games_secret_html_erb__878633174026514349_70351619055620'
app/controllers/games_controller.rb:39:in `secret'
Started GET "/secret_n" for 127.0.0.1 at 2018-07-09 15:05:34 +1000
Processing by GamesController#secret as HTML
  Rendering games/secret.html.erb within layouts/application
  Rendered games/secret.html.erb within layouts/application (245.2ms)
Completed 500 Internal Server Error in 256ms (ActiveRecord: 0.0ms)


  
ActionView::Template::Error (undefined local variable or method `win' for #<#<Class:0x00007ff8063db228>:0x00007ff8063d98d8>
Did you mean?  @win):
    1: <h1>Guess the Secret Number</h1>
    2: <% unless win.nil? %>
    3:   <% if win %>
    4:     <h2>Congrats, you guessed it: <%= params[:g] %>
    5:   <% else %>
  
app/views/games/secret.html.erb:2:in `_app_views_games_secret_html_erb__878633174026514349_70351616656100'
app/controllers/games_controller.rb:39:in `secret'
Started GET "/secret_n" for 127.0.0.1 at 2018-07-09 15:06:05 +1000
Processing by GamesController#secret as HTML
  Rendering games/secret.html.erb within layouts/application
  Rendered games/secret.html.erb within layouts/application (0.8ms)
Completed 200 OK in 24ms (Views: 22.9ms | ActiveRecord: 0.0ms)


Started GET "/secret_n?utf8=%E2%9C%93&g=1" for 127.0.0.1 at 2018-07-09 15:06:07 +1000
Processing by GamesController#secret as HTML
  Parameters: {"utf8"=>"✓", "g"=>"1"}
  Rendering games/secret.html.erb within layouts/application
  Rendered games/secret.html.erb within layouts/application (0.8ms)
Completed 200 OK in 24ms (Views: 23.5ms | ActiveRecord: 0.0ms)


Started GET "/secret_n?utf8=%E2%9C%93&g=2" for 127.0.0.1 at 2018-07-09 15:06:08 +1000
Processing by GamesController#secret as HTML
  Parameters: {"utf8"=>"✓", "g"=>"2"}
  Rendering games/secret.html.erb within layouts/application
  Rendered games/secret.html.erb within layouts/application (0.8ms)
Completed 200 OK in 25ms (Views: 23.9ms | ActiveRecord: 0.0ms)


Started GET "/secret_n?utf8=%E2%9C%93&g=3" for 127.0.0.1 at 2018-07-09 15:06:09 +1000
Processing by GamesController#secret as HTML
  Parameters: {"utf8"=>"✓", "g"=>"3"}
  Rendering games/secret.html.erb within layouts/application
  Rendered games/secret.html.erb within layouts/application (0.8ms)
Completed 200 OK in 24ms (Views: 23.6ms | ActiveRecord: 0.0ms)


Started GET "/secret_n?utf8=%E2%9C%93&g=4" for 127.0.0.1 at 2018-07-09 15:06:10 +1000
Processing by GamesController#secret as HTML
  Parameters: {"utf8"=>"✓", "g"=>"4"}
  Rendering games/secret.html.erb within layouts/application
  Rendered games/secret.html.erb within layouts/application (0.7ms)
Completed 200 OK in 24ms (Views: 23.0ms | ActiveRecord: 0.0ms)


Started GET "/secret_n?utf8=%E2%9C%93&g=5" for 127.0.0.1 at 2018-07-09 15:06:11 +1000
Processing by GamesController#secret as HTML
  Parameters: {"utf8"=>"✓", "g"=>"5"}
  Rendering games/secret.html.erb within layouts/application
  Rendered games/secret.html.erb within layouts/application (0.8ms)
Completed 200 OK in 25ms (Views: 24.2ms | ActiveRecord: 0.0ms)


Started GET "/secret_n?utf8=%E2%9C%93&g=6" for 127.0.0.1 at 2018-07-09 15:06:11 +1000
Processing by GamesController#secret as HTML
  Parameters: {"utf8"=>"✓", "g"=>"6"}
  Rendering games/secret.html.erb within layouts/application
  Rendered games/secret.html.erb within layouts/application (0.8ms)
Completed 200 OK in 24ms (Views: 23.9ms | ActiveRecord: 0.0ms)


Started GET "/secret_n?utf8=%E2%9C%93&g=7" for 127.0.0.1 at 2018-07-09 15:06:12 +1000
Processing by GamesController#secret as HTML
  Parameters: {"utf8"=>"✓", "g"=>"7"}
  Rendering games/secret.html.erb within layouts/application
  Rendered games/secret.html.erb within layouts/application (0.8ms)
Completed 200 OK in 26ms (Views: 24.7ms | ActiveRecord: 0.0ms)


Started GET "/secret_n?utf8=%E2%9C%93&g=8" for 127.0.0.1 at 2018-07-09 15:06:12 +1000
Processing by GamesController#secret as HTML
  Parameters: {"utf8"=>"✓", "g"=>"8"}
  Rendering games/secret.html.erb within layouts/application
  Rendered games/secret.html.erb within layouts/application (0.8ms)
Completed 200 OK in 26ms (Views: 25.4ms | ActiveRecord: 0.0ms)


Started GET "/secret_n?utf8=%E2%9C%93&g=9" for 127.0.0.1 at 2018-07-09 15:06:13 +1000
Processing by GamesController#secret as HTML
  Parameters: {"utf8"=>"✓", "g"=>"9"}
  Rendering games/secret.html.erb within layouts/application
  Rendered games/secret.html.erb within layouts/application (0.8ms)
Completed 200 OK in 24ms (Views: 23.6ms | ActiveRecord: 0.0ms)


Started GET "/secret_n?utf8=%E2%9C%93&g=10" for 127.0.0.1 at 2018-07-09 15:06:13 +1000
Processing by GamesController#secret as HTML
  Parameters: {"utf8"=>"✓", "g"=>"10"}
  Rendering games/secret.html.erb within layouts/application
  Rendered games/secret.html.erb within layouts/application (0.8ms)
Completed 200 OK in 25ms (Views: 24.0ms | ActiveRecord: 0.0ms)


Started GET "/secret_n?utf8=%E2%9C%93&g=9" for 127.0.0.1 at 2018-07-09 15:06:14 +1000
Processing by GamesController#secret as HTML
  Parameters: {"utf8"=>"✓", "g"=>"9"}
  Rendering games/secret.html.erb within layouts/application
  Rendered games/secret.html.erb within layouts/application (0.9ms)
Completed 200 OK in 25ms (Views: 24.5ms | ActiveRecord: 0.0ms)


Started GET "/secret_n?utf8=%E2%9C%93&g=8" for 127.0.0.1 at 2018-07-09 15:06:15 +1000
Processing by GamesController#secret as HTML
  Parameters: {"utf8"=>"✓", "g"=>"8"}
  Rendering games/secret.html.erb within layouts/application
  Rendered games/secret.html.erb within layouts/application (0.8ms)
Completed 200 OK in 24ms (Views: 23.5ms | ActiveRecord: 0.0ms)


Started GET "/secret_n?utf8=%E2%9C%93&g=7" for 127.0.0.1 at 2018-07-09 15:06:15 +1000
Processing by GamesController#secret as HTML
  Parameters: {"utf8"=>"✓", "g"=>"7"}
  Rendering games/secret.html.erb within layouts/application
  Rendered games/secret.html.erb within layouts/application (0.9ms)
Completed 200 OK in 26ms (Views: 25.8ms | ActiveRecord: 0.0ms)


Started GET "/secret_n?utf8=%E2%9C%93&g=6" for 127.0.0.1 at 2018-07-09 15:06:16 +1000
Processing by GamesController#secret as HTML
  Parameters: {"utf8"=>"✓", "g"=>"6"}
  Rendering games/secret.html.erb within layouts/application
  Rendered games/secret.html.erb within layouts/application (0.8ms)
Completed 200 OK in 24ms (Views: 23.5ms | ActiveRecord: 0.0ms)


Started GET "/secret_n?utf8=%E2%9C%93&g=5" for 127.0.0.1 at 2018-07-09 15:06:16 +1000
Processing by GamesController#secret as HTML
  Parameters: {"utf8"=>"✓", "g"=>"5"}
  Rendering games/secret.html.erb within layouts/application
  Rendered games/secret.html.erb within layouts/application (0.8ms)
Completed 200 OK in 25ms (Views: 23.9ms | ActiveRecord: 0.0ms)


Started GET "/secret_n?utf8=%E2%9C%93&g=5" for 127.0.0.1 at 2018-07-09 15:06:17 +1000
Processing by GamesController#secret as HTML
  Parameters: {"utf8"=>"✓", "g"=>"5"}
  Rendering games/secret.html.erb within layouts/application
  Rendered games/secret.html.erb within layouts/application (0.8ms)
Completed 200 OK in 24ms (Views: 23.3ms | ActiveRecord: 0.0ms)


Started GET "/secret_n?utf8=%E2%9C%93&g=5" for 127.0.0.1 at 2018-07-09 15:06:17 +1000
Processing by GamesController#secret as HTML
  Parameters: {"utf8"=>"✓", "g"=>"5"}
  Rendering games/secret.html.erb within layouts/application
  Rendered games/secret.html.erb within layouts/application (0.8ms)
Completed 200 OK in 25ms (Views: 24.3ms | ActiveRecord: 0.0ms)


Started GET "/secret_n?utf8=%E2%9C%93&g=5" for 127.0.0.1 at 2018-07-09 15:06:17 +1000
Processing by GamesController#secret as HTML
  Parameters: {"utf8"=>"✓", "g"=>"5"}
  Rendering games/secret.html.erb within layouts/application
  Rendered games/secret.html.erb within layouts/application (0.8ms)
Completed 200 OK in 24ms (Views: 23.7ms | ActiveRecord: 0.0ms)


Started GET "/secret_n?utf8=%E2%9C%93&g=5" for 127.0.0.1 at 2018-07-09 15:06:17 +1000
Processing by GamesController#secret as HTML
  Parameters: {"utf8"=>"✓", "g"=>"5"}
  Rendering games/secret.html.erb within layouts/application
  Rendered games/secret.html.erb within layouts/application (0.8ms)
Completed 200 OK in 28ms (Views: 27.5ms | ActiveRecord: 0.0ms)


Started GET "/secret_n?utf8=%E2%9C%93&g=5" for 127.0.0.1 at 2018-07-09 15:06:17 +1000
Processing by GamesController#secret as HTML
  Parameters: {"utf8"=>"✓", "g"=>"5"}
  Rendering games/secret.html.erb within layouts/application
  Rendered games/secret.html.erb within layouts/application (0.8ms)
Completed 200 OK in 32ms (Views: 31.0ms | ActiveRecord: 0.0ms)


Started GET "/secret_n?utf8=%E2%9C%93&g=5" for 127.0.0.1 at 2018-07-09 15:06:18 +1000
Processing by GamesController#secret as HTML
  Parameters: {"utf8"=>"✓", "g"=>"5"}
  Rendering games/secret.html.erb within layouts/application
  Rendered games/secret.html.erb within layouts/application (0.8ms)
Completed 200 OK in 25ms (Views: 23.8ms | ActiveRecord: 0.0ms)


Started GET "/secret_n?utf8=%E2%9C%93&g=5" for 127.0.0.1 at 2018-07-09 15:06:18 +1000
Processing by GamesController#secret as HTML
  Parameters: {"utf8"=>"✓", "g"=>"5"}
  Rendering games/secret.html.erb within layouts/application
  Rendered games/secret.html.erb within layouts/application (0.8ms)
Completed 200 OK in 24ms (Views: 23.7ms | ActiveRecord: 0.0ms)


Started GET "/secret_n?utf8=%E2%9C%93&g=5" for 127.0.0.1 at 2018-07-09 15:06:18 +1000
Processing by GamesController#secret as HTML
  Parameters: {"utf8"=>"✓", "g"=>"5"}
  Rendering games/secret.html.erb within layouts/application
  Rendered games/secret.html.erb within layouts/application (0.8ms)
Completed 200 OK in 24ms (Views: 23.3ms | ActiveRecord: 0.0ms)


Started GET "/secret_n?utf8=%E2%9C%93&g=4" for 127.0.0.1 at 2018-07-09 15:06:19 +1000
Processing by GamesController#secret as HTML
  Parameters: {"utf8"=>"✓", "g"=>"4"}
  Rendering games/secret.html.erb within layouts/application
  Rendered games/secret.html.erb within layouts/application (0.8ms)
Completed 200 OK in 24ms (Views: 23.5ms | ActiveRecord: 0.0ms)


Started GET "/secret_n?utf8=%E2%9C%93&g=3" for 127.0.0.1 at 2018-07-09 15:06:20 +1000
Processing by GamesController#secret as HTML
  Parameters: {"utf8"=>"✓", "g"=>"3"}
  Rendering games/secret.html.erb within layouts/application
  Rendered games/secret.html.erb within layouts/application (0.8ms)
Completed 200 OK in 24ms (Views: 23.8ms | ActiveRecord: 0.0ms)


Started GET "/secret_n?utf8=%E2%9C%93&g=2" for 127.0.0.1 at 2018-07-09 15:06:21 +1000
Processing by GamesController#secret as HTML
  Parameters: {"utf8"=>"✓", "g"=>"2"}
  Rendering games/secret.html.erb within layouts/application
  Rendered games/secret.html.erb within layouts/application (0.8ms)
Completed 200 OK in 24ms (Views: 23.5ms | ActiveRecord: 0.0ms)


Started GET "/secret_n?utf8=%E2%9C%93&g=1" for 127.0.0.1 at 2018-07-09 15:06:22 +1000
Processing by GamesController#secret as HTML
  Parameters: {"utf8"=>"✓", "g"=>"1"}
  Rendering games/secret.html.erb within layouts/application
  Rendered games/secret.html.erb within layouts/application (0.8ms)
Completed 200 OK in 25ms (Views: 24.4ms | ActiveRecord: 0.0ms)


Started GET "/secret_n?utf8=%E2%9C%93&g=2" for 127.0.0.1 at 2018-07-09 15:06:23 +1000
Processing by GamesController#secret as HTML
  Parameters: {"utf8"=>"✓", "g"=>"2"}
  Rendering games/secret.html.erb within layouts/application
  Rendered games/secret.html.erb within layouts/application (0.8ms)
Completed 200 OK in 25ms (Views: 24.1ms | ActiveRecord: 0.0ms)


Started GET "/secret_n?utf8=%E2%9C%93&g=3" for 127.0.0.1 at 2018-07-09 15:06:23 +1000
Processing by GamesController#secret as HTML
  Parameters: {"utf8"=>"✓", "g"=>"3"}
  Rendering games/secret.html.erb within layouts/application
  Rendered games/secret.html.erb within layouts/application (0.8ms)
Completed 200 OK in 26ms (Views: 25.1ms | ActiveRecord: 0.0ms)


Started GET "/secret_n?utf8=%E2%9C%93&g=4" for 127.0.0.1 at 2018-07-09 15:06:24 +1000
Processing by GamesController#secret as HTML
  Parameters: {"utf8"=>"✓", "g"=>"4"}
  Rendering games/secret.html.erb within layouts/application
  Rendered games/secret.html.erb within layouts/application (0.7ms)
Completed 200 OK in 26ms (Views: 24.9ms | ActiveRecord: 0.0ms)


Started GET "/secret_n?utf8=%E2%9C%93&g=5" for 127.0.0.1 at 2018-07-09 15:06:24 +1000
Processing by GamesController#secret as HTML
  Parameters: {"utf8"=>"✓", "g"=>"5"}
  Rendering games/secret.html.erb within layouts/application
  Rendered games/secret.html.erb within layouts/application (0.8ms)
Completed 200 OK in 33ms (Views: 32.5ms | ActiveRecord: 0.0ms)


Started GET "/secret_n?utf8=%E2%9C%93&g=6" for 127.0.0.1 at 2018-07-09 15:06:25 +1000
Processing by GamesController#secret as HTML
  Parameters: {"utf8"=>"✓", "g"=>"6"}
  Rendering games/secret.html.erb within layouts/application
  Rendered games/secret.html.erb within layouts/application (0.8ms)
Completed 200 OK in 25ms (Views: 24.1ms | ActiveRecord: 0.0ms)


Started GET "/secret_n?utf8=%E2%9C%93&g=7" for 127.0.0.1 at 2018-07-09 15:06:26 +1000
Processing by GamesController#secret as HTML
  Parameters: {"utf8"=>"✓", "g"=>"7"}
  Rendering games/secret.html.erb within layouts/application
  Rendered games/secret.html.erb within layouts/application (0.8ms)
Completed 200 OK in 25ms (Views: 24.1ms | ActiveRecord: 0.0ms)


Started GET "/secret_n?utf8=%E2%9C%93&g=8" for 127.0.0.1 at 2018-07-09 15:06:26 +1000
Processing by GamesController#secret as HTML
  Parameters: {"utf8"=>"✓", "g"=>"8"}
  Rendering games/secret.html.erb within layouts/application
  Rendered games/secret.html.erb within layouts/application (0.8ms)
Completed 200 OK in 24ms (Views: 23.2ms | ActiveRecord: 0.0ms)


Started GET "/secret_n?utf8=%E2%9C%93&g=8" for 127.0.0.1 at 2018-07-09 15:06:27 +1000
Processing by GamesController#secret as HTML
  Parameters: {"utf8"=>"✓", "g"=>"8"}
  Rendering games/secret.html.erb within layouts/application
  Rendered games/secret.html.erb within layouts/application (0.8ms)
Completed 200 OK in 24ms (Views: 23.9ms | ActiveRecord: 0.0ms)


Started GET "/secret_n?utf8=%E2%9C%93&g=8" for 127.0.0.1 at 2018-07-09 15:06:27 +1000
Processing by GamesController#secret as HTML
  Parameters: {"utf8"=>"✓", "g"=>"8"}
  Rendering games/secret.html.erb within layouts/application
  Rendered games/secret.html.erb within layouts/application (0.9ms)
Completed 200 OK in 29ms (Views: 28.7ms | ActiveRecord: 0.0ms)


Started GET "/secret_n?utf8=%E2%9C%93&g=8" for 127.0.0.1 at 2018-07-09 15:06:27 +1000
Processing by GamesController#secret as HTML
  Parameters: {"utf8"=>"✓", "g"=>"8"}
  Rendering games/secret.html.erb within layouts/application
  Rendered games/secret.html.erb within layouts/application (0.9ms)
Completed 200 OK in 25ms (Views: 24.0ms | ActiveRecord: 0.0ms)


Started GET "/secret_n?utf8=%E2%9C%93&g=9" for 127.0.0.1 at 2018-07-09 15:06:28 +1000
Processing by GamesController#secret as HTML
  Parameters: {"utf8"=>"✓", "g"=>"9"}
  Rendering games/secret.html.erb within layouts/application
  Rendered games/secret.html.erb within layouts/application (0.8ms)
Completed 200 OK in 29ms (Views: 28.0ms | ActiveRecord: 0.0ms)


Started GET "/secret_n?utf8=%E2%9C%93&g=9" for 127.0.0.1 at 2018-07-09 15:06:28 +1000
Processing by GamesController#secret as HTML
  Parameters: {"utf8"=>"✓", "g"=>"9"}
  Rendering games/secret.html.erb within layouts/application
  Rendered games/secret.html.erb within layouts/application (0.8ms)
Completed 200 OK in 25ms (Views: 24.6ms | ActiveRecord: 0.0ms)


Started GET "/secret_n?utf8=%E2%9C%93&g=10" for 127.0.0.1 at 2018-07-09 15:06:28 +1000
Processing by GamesController#secret as HTML
  Parameters: {"utf8"=>"✓", "g"=>"10"}
  Rendering games/secret.html.erb within layouts/application
  Rendered games/secret.html.erb within layouts/application (0.8ms)
Completed 200 OK in 25ms (Views: 24.2ms | ActiveRecord: 0.0ms)


Started GET "/secret_n?utf8=%E2%9C%93&g=10" for 127.0.0.1 at 2018-07-09 15:06:29 +1000
Processing by GamesController#secret as HTML
  Parameters: {"utf8"=>"✓", "g"=>"10"}
  Rendering games/secret.html.erb within layouts/application
  Rendered games/secret.html.erb within layouts/application (0.8ms)
Completed 200 OK in 25ms (Views: 24.2ms | ActiveRecord: 0.0ms)


Started GET "/secret_n?utf8=%E2%9C%93&g=9" for 127.0.0.1 at 2018-07-09 15:06:29 +1000
Processing by GamesController#secret as HTML
  Parameters: {"utf8"=>"✓", "g"=>"9"}
  Rendering games/secret.html.erb within layouts/application
  Rendered games/secret.html.erb within layouts/application (0.8ms)
Completed 200 OK in 27ms (Views: 26.2ms | ActiveRecord: 0.0ms)


Started GET "/secret_n?utf8=%E2%9C%93&g=9" for 127.0.0.1 at 2018-07-09 15:06:29 +1000
Processing by GamesController#secret as HTML
  Parameters: {"utf8"=>"✓", "g"=>"9"}
  Rendering games/secret.html.erb within layouts/application
  Rendered games/secret.html.erb within layouts/application (0.8ms)
Completed 200 OK in 25ms (Views: 23.9ms | ActiveRecord: 0.0ms)


Started GET "/secret_n?utf8=%E2%9C%93&g=8" for 127.0.0.1 at 2018-07-09 15:06:30 +1000
Processing by GamesController#secret as HTML
  Parameters: {"utf8"=>"✓", "g"=>"8"}
  Rendering games/secret.html.erb within layouts/application
  Rendered games/secret.html.erb within layouts/application (0.8ms)
Completed 200 OK in 24ms (Views: 23.1ms | ActiveRecord: 0.0ms)


Started GET "/secret_n?utf8=%E2%9C%93&g=8" for 127.0.0.1 at 2018-07-09 15:06:31 +1000
Processing by GamesController#secret as HTML
  Parameters: {"utf8"=>"✓", "g"=>"8"}
  Rendering games/secret.html.erb within layouts/application
  Rendered games/secret.html.erb within layouts/application (0.7ms)
Completed 200 OK in 27ms (Views: 26.5ms | ActiveRecord: 0.0ms)


Started GET "/secret_n?utf8=%E2%9C%93&g=9" for 127.0.0.1 at 2018-07-09 15:06:31 +1000
Processing by GamesController#secret as HTML
  Parameters: {"utf8"=>"✓", "g"=>"9"}
  Rendering games/secret.html.erb within layouts/application
  Rendered games/secret.html.erb within layouts/application (0.8ms)
Completed 200 OK in 23ms (Views: 22.9ms | ActiveRecord: 0.0ms)


Started GET "/secret_n?utf8=%E2%9C%93&g=9" for 127.0.0.1 at 2018-07-09 15:06:31 +1000
Processing by GamesController#secret as HTML
  Parameters: {"utf8"=>"✓", "g"=>"9"}
  Rendering games/secret.html.erb within layouts/application
  Rendered games/secret.html.erb within layouts/application (0.7ms)
Completed 200 OK in 25ms (Views: 24.1ms | ActiveRecord: 0.0ms)


Started GET "/secret_n?utf8=%E2%9C%93&g=10" for 127.0.0.1 at 2018-07-09 15:06:32 +1000
Processing by GamesController#secret as HTML
  Parameters: {"utf8"=>"✓", "g"=>"10"}
  Rendering games/secret.html.erb within layouts/application
  Rendered games/secret.html.erb within layouts/application (0.9ms)
Completed 200 OK in 25ms (Views: 24.4ms | ActiveRecord: 0.0ms)


Started GET "/secret_n?utf8=%E2%9C%93&g=10" for 127.0.0.1 at 2018-07-09 15:06:32 +1000
Processing by GamesController#secret as HTML
  Parameters: {"utf8"=>"✓", "g"=>"10"}
  Rendering games/secret.html.erb within layouts/application
  Rendered games/secret.html.erb within layouts/application (0.8ms)
Completed 200 OK in 25ms (Views: 24.1ms | ActiveRecord: 0.0ms)


Started GET "/secret_n?utf8=%E2%9C%93&g=9" for 127.0.0.1 at 2018-07-09 15:06:33 +1000
Processing by GamesController#secret as HTML
  Parameters: {"utf8"=>"✓", "g"=>"9"}
  Rendering games/secret.html.erb within layouts/application
  Rendered games/secret.html.erb within layouts/application (0.8ms)
Completed 200 OK in 25ms (Views: 24.1ms | ActiveRecord: 0.0ms)


Started GET "/secret_n?utf8=%E2%9C%93&g=9" for 127.0.0.1 at 2018-07-09 15:06:34 +1000
Processing by GamesController#secret as HTML
  Parameters: {"utf8"=>"✓", "g"=>"9"}
  Rendering games/secret.html.erb within layouts/application
  Rendered games/secret.html.erb within layouts/application (0.9ms)
Completed 200 OK in 28ms (Views: 27.5ms | ActiveRecord: 0.0ms)


Started GET "/secret_n?utf8=%E2%9C%93&g=7" for 127.0.0.1 at 2018-07-09 15:06:34 +1000
Processing by GamesController#secret as HTML
  Parameters: {"utf8"=>"✓", "g"=>"7"}
  Rendering games/secret.html.erb within layouts/application
  Rendered games/secret.html.erb within layouts/application (0.8ms)
Completed 200 OK in 24ms (Views: 23.6ms | ActiveRecord: 0.0ms)


Started GET "/secret_n?utf8=%E2%9C%93&g=8" for 127.0.0.1 at 2018-07-09 15:06:35 +1000
Processing by GamesController#secret as HTML
  Parameters: {"utf8"=>"✓", "g"=>"8"}
  Rendering games/secret.html.erb within layouts/application
  Rendered games/secret.html.erb within layouts/application (0.8ms)
Completed 200 OK in 33ms (Views: 32.1ms | ActiveRecord: 0.0ms)


Started GET "/secret_n?utf8=%E2%9C%93&g=8" for 127.0.0.1 at 2018-07-09 15:06:35 +1000
Processing by GamesController#secret as HTML
  Parameters: {"utf8"=>"✓", "g"=>"8"}
  Rendering games/secret.html.erb within layouts/application
  Rendered games/secret.html.erb within layouts/application (0.8ms)
Completed 200 OK in 32ms (Views: 31.4ms | ActiveRecord: 0.0ms)


Started GET "/" for 127.0.0.1 at 2018-07-09 15:15:54 +1000
Processing by PagesController#home as HTML
  Rendering pages/home.html.erb within layouts/application
  Rendered pages/home.html.erb within layouts/application (0.4ms)
Completed 200 OK in 25ms (Views: 24.6ms | ActiveRecord: 0.0ms)


Started GET "/rps" for 127.0.0.1 at 2018-07-09 15:15:55 +1000
Processing by GamesController#rps as HTML
  Rendering games/rps.html.erb within layouts/application
  Rendered games/rps.html.erb within layouts/application (0.4ms)
Completed 200 OK in 26ms (Views: 25.2ms | ActiveRecord: 0.0ms)


Started GET "/rps/rock" for 127.0.0.1 at 2018-07-09 15:15:57 +1000
Processing by GamesController#rps_play as HTML
  Parameters: {"throw"=>"rock"}
  Rendering games/rps_play.html.erb within layouts/application
  Rendered games/rps_play.html.erb within layouts/application (0.8ms)
Completed 500 Internal Server Error in 14ms (ActiveRecord: 0.0ms)


  
SyntaxError (/Users/xael/dev/WDI Projects/WDi28-Homework/tim_caldwell/week_05/day_01/Games_On_Rails/app/views/games/rps_play.html.erb:1: syntax error, unexpected ')', expecting keyword_when
...put_buffer.append=( case @win );@output_buffer.safe_append='
...                              ^
/Users/xael/dev/WDI Projects/WDi28-Homework/tim_caldwell/week_05/day_01/Games_On_Rails/app/views/games/rps_play.html.erb:2: syntax error, unexpected keyword_when, expecting ')'
'.freeze;   when 'Win' then 'You Win!'
            ^~~~
/Users/xael/dev/WDI Projects/WDi28-Homework/tim_caldwell/week_05/day_01/Games_On_Rails/app/views/games/rps_play.html.erb:2: syntax error, unexpected keyword_then, expecting ')'
'.freeze;   when 'Win' then 'You Win!'
                       ^~~~
/Users/xael/dev/WDI Projects/WDi28-Homework/tim_caldwell/week_05/day_01/Games_On_Rails/app/views/games/rps_play.html.erb:3: syntax error, unexpected keyword_when, expecting ')'
   when 'Lose' then 'You Lose!'
   ^~~~
/Users/xael/dev/WDI Projects/WDi28-Homework/tim_caldwell/week_05/day_01/Games_On_Rails/app/views/games/rps_play.html.erb:3: syntax error, unexpected keyword_then, expecting ')'
   when 'Lose' then 'You Lose!'
               ^~~~
/Users/xael/dev/WDI Projects/WDi28-Homework/tim_caldwell/week_05/day_01/Games_On_Rails/app/views/games/rps_play.html.erb:4: syntax error, unexpected keyword_when, expecting ')'
   when 'Draw' then 'It was a Draw!'
   ^~~~
/Users/xael/dev/WDI Projects/WDi28-Homework/tim_caldwell/week_05/day_01/Games_On_Rails/app/views/games/rps_play.html.erb:4: syntax error, unexpected keyword_then, expecting ')'
   when 'Draw' then 'It was a Draw!'
               ^~~~
/Users/xael/dev/WDI Projects/WDi28-Homework/tim_caldwell/week_05/day_01/Games_On_Rails/app/views/games/rps_play.html.erb:5: syntax error, unexpected keyword_end, expecting ')'
   end 
   ^~~
/Users/xael/dev/WDI Projects/WDi28-Homework/tim_caldwell/week_05/day_01/Games_On_Rails/app/views/games/rps_play.html.erb:8: syntax error, unexpected keyword_ensure, expecting ')'
          ensure
          ^~~~~~
/Users/xael/dev/WDI Projects/WDi28-Homework/tim_caldwell/week_05/day_01/Games_On_Rails/app/views/games/rps_play.html.erb:10: syntax error, unexpected keyword_end, expecting ')'
          end
          ^~~):
  
app/views/games/rps_play.html.erb:1: syntax error, unexpected ')', expecting keyword_when
app/views/games/rps_play.html.erb:2: syntax error, unexpected keyword_when, expecting ')'
app/views/games/rps_play.html.erb:2: syntax error, unexpected keyword_then, expecting ')'
app/views/games/rps_play.html.erb:3: syntax error, unexpected keyword_when, expecting ')'
app/views/games/rps_play.html.erb:3: syntax error, unexpected keyword_then, expecting ')'
app/views/games/rps_play.html.erb:4: syntax error, unexpected keyword_when, expecting ')'
app/views/games/rps_play.html.erb:4: syntax error, unexpected keyword_then, expecting ')'
app/views/games/rps_play.html.erb:5: syntax error, unexpected keyword_end, expecting ')'
app/views/games/rps_play.html.erb:8: syntax error, unexpected keyword_ensure, expecting ')'
app/views/games/rps_play.html.erb:10: syntax error, unexpected keyword_end, expecting ')'
app/controllers/games_controller.rb:65:in `rps_play'
Started GET "/rps/rock" for 127.0.0.1 at 2018-07-09 15:17:44 +1000
Processing by GamesController#rps_play as HTML
  Parameters: {"throw"=>"rock"}
  Rendering games/rps_play.html.erb within layouts/application
  Rendered games/rps_play.html.erb within layouts/application (0.5ms)
Completed 200 OK in 27ms (Views: 26.3ms | ActiveRecord: 0.0ms)


Started GET "/rps/rock" for 127.0.0.1 at 2018-07-09 15:17:46 +1000
Processing by GamesController#rps_play as HTML
  Parameters: {"throw"=>"rock"}
  Rendering games/rps_play.html.erb within layouts/application
  Rendered games/rps_play.html.erb within layouts/application (0.4ms)
Completed 200 OK in 25ms (Views: 24.7ms | ActiveRecord: 0.0ms)


Started GET "/rps/rock" for 127.0.0.1 at 2018-07-09 15:17:48 +1000
Processing by GamesController#rps_play as HTML
  Parameters: {"throw"=>"rock"}
  Rendering games/rps_play.html.erb within layouts/application
  Rendered games/rps_play.html.erb within layouts/application (0.6ms)
Completed 200 OK in 30ms (Views: 29.2ms | ActiveRecord: 0.0ms)


Started GET "/rps/rock" for 127.0.0.1 at 2018-07-09 15:17:50 +1000
Processing by GamesController#rps_play as HTML
  Parameters: {"throw"=>"rock"}
  Rendering games/rps_play.html.erb within layouts/application
  Rendered games/rps_play.html.erb within layouts/application (0.4ms)
Completed 200 OK in 23ms (Views: 22.5ms | ActiveRecord: 0.0ms)


Started GET "/rps/rock" for 127.0.0.1 at 2018-07-09 15:18:55 +1000
Processing by GamesController#rps_play as HTML
  Parameters: {"throw"=>"rock"}
  Rendering games/rps_play.html.erb within layouts/application
  Rendered games/rps_play.html.erb within layouts/application (0.4ms)
Completed 200 OK in 22ms (Views: 21.7ms | ActiveRecord: 0.0ms)


Started GET "/rps/rock" for 127.0.0.1 at 2018-07-09 15:18:57 +1000
Processing by GamesController#rps_play as HTML
  Parameters: {"throw"=>"rock"}
  Rendering games/rps_play.html.erb within layouts/application
  Rendered games/rps_play.html.erb within layouts/application (0.4ms)
Completed 200 OK in 24ms (Views: 23.4ms | ActiveRecord: 0.0ms)


Started GET "/rps/rock" for 127.0.0.1 at 2018-07-09 15:18:58 +1000
Processing by GamesController#rps_play as HTML
  Parameters: {"throw"=>"rock"}
  Rendering games/rps_play.html.erb within layouts/application
  Rendered games/rps_play.html.erb within layouts/application (0.4ms)
Completed 200 OK in 22ms (Views: 21.2ms | ActiveRecord: 0.0ms)


Started GET "/rps/rock" for 127.0.0.1 at 2018-07-09 15:18:58 +1000
Processing by GamesController#rps_play as HTML
  Parameters: {"throw"=>"rock"}
  Rendering games/rps_play.html.erb within layouts/application
  Rendered games/rps_play.html.erb within layouts/application (0.4ms)
Completed 200 OK in 23ms (Views: 22.3ms | ActiveRecord: 0.0ms)


Started GET "/rps/rock" for 127.0.0.1 at 2018-07-09 15:18:59 +1000
Processing by GamesController#rps_play as HTML
  Parameters: {"throw"=>"rock"}
  Rendering games/rps_play.html.erb within layouts/application
  Rendered games/rps_play.html.erb within layouts/application (0.5ms)
Completed 200 OK in 29ms (Views: 28.3ms | ActiveRecord: 0.0ms)


Started GET "/rps/rock" for 127.0.0.1 at 2018-07-09 15:18:59 +1000
Processing by GamesController#rps_play as HTML
  Parameters: {"throw"=>"rock"}
  Rendering games/rps_play.html.erb within layouts/application
  Rendered games/rps_play.html.erb within layouts/application (0.4ms)
Completed 200 OK in 34ms (Views: 33.1ms | ActiveRecord: 0.0ms)


Started GET "/rps/rock" for 127.0.0.1 at 2018-07-09 15:20:52 +1000
Processing by GamesController#rps_play as HTML
  Parameters: {"throw"=>"rock"}
  Rendering games/rps_play.html.erb within layouts/application
  Rendered games/rps_play.html.erb within layouts/application (0.5ms)
Completed 200 OK in 27ms (Views: 26.7ms | ActiveRecord: 0.0ms)


Started GET "/rps/rock" for 127.0.0.1 at 2018-07-09 15:22:46 +1000
Processing by GamesController#rps_play as HTML
  Parameters: {"throw"=>"rock"}
  Rendering games/rps_play.html.erb within layouts/application
  Rendered games/rps_play.html.erb within layouts/application (0.4ms)
Completed 200 OK in 71ms (Views: 70.5ms | ActiveRecord: 0.0ms)


Started GET "/rps/rock" for 127.0.0.1 at 2018-07-09 15:22:51 +1000
Processing by GamesController#rps_play as HTML
  Parameters: {"throw"=>"rock"}
  Rendering games/rps_play.html.erb within layouts/application
  Rendered games/rps_play.html.erb within layouts/application (0.4ms)
Completed 200 OK in 35ms (Views: 34.3ms | ActiveRecord: 0.0ms)


Started GET "/" for 127.0.0.1 at 2018-07-09 15:22:53 +1000
Processing by PagesController#home as HTML
  Rendering pages/home.html.erb within layouts/application
  Rendered pages/home.html.erb within layouts/application (0.3ms)
Completed 200 OK in 27ms (Views: 26.2ms | ActiveRecord: 0.0ms)


Started GET "/" for 127.0.0.1 at 2018-07-09 15:23:47 +1000
Processing by PagesController#home as HTML
  Rendering pages/home.html.erb within layouts/application
  Rendered pages/home.html.erb within layouts/application (0.4ms)
Completed 200 OK in 32ms (Views: 31.2ms | ActiveRecord: 0.0ms)


Started GET "/" for 127.0.0.1 at 2018-07-09 15:23:54 +1000
Processing by PagesController#home as HTML
  Rendering pages/home.html.erb within layouts/application
  Rendered pages/home.html.erb within layouts/application (0.3ms)
Completed 200 OK in 32ms (Views: 31.1ms | ActiveRecord: 0.0ms)


Started GET "/" for 127.0.0.1 at 2018-07-09 15:23:55 +1000
Processing by PagesController#home as HTML
  Rendering pages/home.html.erb within layouts/application
  Rendered pages/home.html.erb within layouts/application (0.4ms)
Completed 200 OK in 24ms (Views: 23.1ms | ActiveRecord: 0.0ms)


Started GET "/" for 127.0.0.1 at 2018-07-09 15:24:06 +1000
Processing by PagesController#home as HTML
  Rendering pages/home.html.erb within layouts/application
  Rendered pages/home.html.erb within layouts/application (0.4ms)
Completed 200 OK in 25ms (Views: 24.2ms | ActiveRecord: 0.0ms)


Started GET "/" for 127.0.0.1 at 2018-07-09 15:24:21 +1000
Processing by PagesController#home as HTML
  Rendering pages/home.html.erb within layouts/application
  Rendered pages/home.html.erb within layouts/application (0.4ms)
Completed 200 OK in 37ms (Views: 36.0ms | ActiveRecord: 0.0ms)


Started GET "/" for 127.0.0.1 at 2018-07-09 15:24:28 +1000
Processing by PagesController#home as HTML
  Rendering pages/home.html.erb within layouts/application
  Rendered pages/home.html.erb within layouts/application (0.4ms)
Completed 200 OK in 44ms (Views: 43.9ms | ActiveRecord: 0.0ms)


Started GET "/" for 127.0.0.1 at 2018-07-09 15:24:55 +1000
Processing by PagesController#home as HTML
  Rendering pages/home.html.erb within layouts/application
  Rendered pages/home.html.erb within layouts/application (1.0ms)
Completed 200 OK in 37ms (Views: 36.1ms | ActiveRecord: 0.0ms)


Started GET "/" for 127.0.0.1 at 2018-07-09 15:25:07 +1000
Processing by PagesController#home as HTML
  Rendering pages/home.html.erb within layouts/application
  Rendered pages/home.html.erb within layouts/application (0.4ms)
Completed 200 OK in 37ms (Views: 36.5ms | ActiveRecord: 0.0ms)


Started GET "/" for 127.0.0.1 at 2018-07-09 15:25:23 +1000
Processing by PagesController#home as HTML
  Rendering pages/home.html.erb within layouts/application
  Rendered pages/home.html.erb within layouts/application (0.3ms)
Completed 200 OK in 35ms (Views: 34.1ms | ActiveRecord: 0.0ms)


Started GET "/" for 127.0.0.1 at 2018-07-09 15:25:39 +1000
Processing by PagesController#home as HTML
  Rendering pages/home.html.erb within layouts/application
  Rendered pages/home.html.erb within layouts/application (0.4ms)
Completed 200 OK in 32ms (Views: 31.4ms | ActiveRecord: 0.0ms)


Started GET "/" for 127.0.0.1 at 2018-07-09 15:26:05 +1000
Processing by PagesController#home as HTML
  Rendering pages/home.html.erb within layouts/application
  Rendered pages/home.html.erb within layouts/application (0.4ms)
Completed 200 OK in 41ms (Views: 40.3ms | ActiveRecord: 0.0ms)


Started GET "/" for 127.0.0.1 at 2018-07-09 15:26:20 +1000
Processing by PagesController#home as HTML
  Rendering pages/home.html.erb within layouts/application
  Rendered pages/home.html.erb within layouts/application (0.4ms)
Completed 200 OK in 34ms (Views: 33.6ms | ActiveRecord: 0.0ms)


Started GET "/" for 127.0.0.1 at 2018-07-09 15:26:48 +1000
Processing by PagesController#home as HTML
  Rendering pages/home.html.erb within layouts/application
  Rendered pages/home.html.erb within layouts/application (0.4ms)
Completed 200 OK in 38ms (Views: 37.6ms | ActiveRecord: 0.0ms)


Started GET "/" for 127.0.0.1 at 2018-07-09 15:27:12 +1000
Processing by PagesController#home as HTML
  Rendering pages/home.html.erb within layouts/application
  Rendered pages/home.html.erb within layouts/application (0.4ms)
Completed 200 OK in 32ms (Views: 31.7ms | ActiveRecord: 0.0ms)


Started GET "/magic8" for 127.0.0.1 at 2018-07-09 15:27:19 +1000
Processing by GamesController#magic8 as HTML
  Rendering games/magic8.html.erb within layouts/application
  Rendered games/magic8.html.erb within layouts/application (1.0ms)
Completed 200 OK in 29ms (Views: 27.9ms | ActiveRecord: 0.0ms)


Started GET "/magic8/?utf8=%E2%9C%93&q=Am+I+going+to+win+the+game%3F&commit=Ask" for 127.0.0.1 at 2018-07-09 15:27:28 +1000
Processing by GamesController#magic8 as HTML
  Parameters: {"utf8"=>"✓", "q"=>"Am I going to win the game?", "commit"=>"Ask"}
  Rendering games/magic8.html.erb within layouts/application
  Rendered games/magic8.html.erb within layouts/application (0.8ms)
Completed 200 OK in 25ms (Views: 24.8ms | ActiveRecord: 0.0ms)


Started GET "/" for 127.0.0.1 at 2018-07-09 15:27:34 +1000
Processing by PagesController#home as HTML
  Rendering pages/home.html.erb within layouts/application
  Rendered pages/home.html.erb within layouts/application (0.4ms)
Completed 200 OK in 36ms (Views: 35.4ms | ActiveRecord: 0.0ms)


Started GET "/secret_n" for 127.0.0.1 at 2018-07-09 15:27:35 +1000
Processing by GamesController#secret as HTML
  Rendering games/secret.html.erb within layouts/application
  Rendered games/secret.html.erb within layouts/application (1.0ms)
Completed 200 OK in 28ms (Views: 27.4ms | ActiveRecord: 0.0ms)


Started GET "/secret_n?utf8=%E2%9C%93&g=5" for 127.0.0.1 at 2018-07-09 15:27:37 +1000
Processing by GamesController#secret as HTML
  Parameters: {"utf8"=>"✓", "g"=>"5"}
  Rendering games/secret.html.erb within layouts/application
  Rendered games/secret.html.erb within layouts/application (0.9ms)
Completed 200 OK in 27ms (Views: 26.1ms | ActiveRecord: 0.0ms)


Started GET "/secret_n?utf8=%E2%9C%93&g=9" for 127.0.0.1 at 2018-07-09 15:27:39 +1000
Processing by GamesController#secret as HTML
  Parameters: {"utf8"=>"✓", "g"=>"9"}
  Rendering games/secret.html.erb within layouts/application
  Rendered games/secret.html.erb within layouts/application (0.9ms)
Completed 200 OK in 26ms (Views: 25.3ms | ActiveRecord: 0.0ms)


Started GET "/" for 127.0.0.1 at 2018-07-09 15:28:16 +1000
Processing by PagesController#home as HTML
  Rendering pages/home.html.erb within layouts/application
  Rendered pages/home.html.erb within layouts/application (0.4ms)
Completed 200 OK in 26ms (Views: 25.8ms | ActiveRecord: 0.0ms)


Started GET "/rps" for 127.0.0.1 at 2018-07-09 15:28:17 +1000
Processing by GamesController#rps as HTML
  Rendering games/rps.html.erb within layouts/application
  Rendered games/rps.html.erb within layouts/application (0.5ms)
Completed 200 OK in 27ms (Views: 26.7ms | ActiveRecord: 0.0ms)


Started GET "/rps/scissors" for 127.0.0.1 at 2018-07-09 15:28:18 +1000
Processing by GamesController#rps_play as HTML
  Parameters: {"throw"=>"scissors"}
  Rendering games/rps_play.html.erb within layouts/application
  Rendered games/rps_play.html.erb within layouts/application (0.4ms)
Completed 200 OK in 29ms (Views: 27.8ms | ActiveRecord: 0.0ms)


Started GET "/" for 127.0.0.1 at 2018-07-09 15:28:23 +1000
Processing by PagesController#home as HTML
  Rendering pages/home.html.erb within layouts/application
  Rendered pages/home.html.erb within layouts/application (0.5ms)
Completed 200 OK in 32ms (Views: 30.7ms | ActiveRecord: 0.0ms)


Started GET "/rps" for 127.0.0.1 at 2018-07-09 15:28:35 +1000
Processing by GamesController#rps as HTML
  Rendering games/rps.html.erb within layouts/application
  Rendered games/rps.html.erb within layouts/application (0.5ms)
Completed 200 OK in 37ms (Views: 35.8ms | ActiveRecord: 0.0ms)


Started GET "/rps" for 127.0.0.1 at 2018-07-09 15:31:56 +1000
Processing by GamesController#rps as HTML
  Rendering games/rps.html.erb within layouts/application
  Rendered games/rps.html.erb within layouts/application (0.4ms)
Completed 200 OK in 57ms (Views: 56.9ms | ActiveRecord: 0.0ms)


Started GET "/rps" for 127.0.0.1 at 2018-07-09 15:32:12 +1000
Processing by GamesController#rps as HTML
  Rendering games/rps.html.erb within layouts/application
  Rendered games/rps.html.erb within layouts/application (0.4ms)
Completed 200 OK in 32ms (Views: 31.6ms | ActiveRecord: 0.0ms)


Started GET "/rps" for 127.0.0.1 at 2018-07-09 15:37:20 +1000
Processing by GamesController#rps as HTML
  Rendering games/rps.html.erb within layouts/application
  Rendered games/rps.html.erb within layouts/application (0.4ms)
Completed 200 OK in 36ms (Views: 35.4ms | ActiveRecord: 0.0ms)


Started GET "/rps" for 127.0.0.1 at 2018-07-09 15:37:28 +1000
Processing by GamesController#rps as HTML
  Rendering games/rps.html.erb within layouts/application
  Rendered games/rps.html.erb within layouts/application (0.4ms)
Completed 200 OK in 39ms (Views: 38.0ms | ActiveRecord: 0.0ms)


Started GET "/rps" for 127.0.0.1 at 2018-07-09 15:38:06 +1000
Processing by GamesController#rps as HTML
  Rendering games/rps.html.erb within layouts/application
  Rendered games/rps.html.erb within layouts/application (0.4ms)
Completed 200 OK in 33ms (Views: 32.4ms | ActiveRecord: 0.0ms)


Started GET "/rps" for 127.0.0.1 at 2018-07-09 15:38:20 +1000
Processing by GamesController#rps as HTML
  Rendering games/rps.html.erb within layouts/application
  Rendered games/rps.html.erb within layouts/application (0.4ms)
Completed 200 OK in 32ms (Views: 31.6ms | ActiveRecord: 0.0ms)


Started GET "/rps/rock" for 127.0.0.1 at 2018-07-09 15:38:25 +1000
Processing by GamesController#rps_play as HTML
  Parameters: {"throw"=>"rock"}
  Rendering games/rps_play.html.erb within layouts/application
  Rendered games/rps_play.html.erb within layouts/application (0.4ms)
Completed 200 OK in 28ms (Views: 27.1ms | ActiveRecord: 0.0ms)


Started GET "/rps/rock" for 127.0.0.1 at 2018-07-09 15:38:49 +1000
Processing by GamesController#rps_play as HTML
  Parameters: {"throw"=>"rock"}
  Rendering games/rps_play.html.erb within layouts/application
  Rendered games/rps_play.html.erb within layouts/application (0.7ms)
Completed 200 OK in 31ms (Views: 30.2ms | ActiveRecord: 0.0ms)


Started GET "/rps" for 127.0.0.1 at 2018-07-09 15:38:51 +1000
Processing by GamesController#rps as HTML
  Rendering games/rps.html.erb within layouts/application
  Rendered games/rps.html.erb within layouts/application (0.4ms)
Completed 200 OK in 27ms (Views: 26.9ms | ActiveRecord: 0.0ms)


Started GET "/" for 127.0.0.1 at 2018-07-09 15:38:54 +1000
Processing by PagesController#home as HTML
  Rendering pages/home.html.erb within layouts/application
  Rendered pages/home.html.erb within layouts/application (0.6ms)
Completed 200 OK in 32ms (Views: 30.8ms | ActiveRecord: 0.0ms)


Started GET "/magic8" for 127.0.0.1 at 2018-07-09 15:38:55 +1000
Processing by GamesController#magic8 as HTML
  Rendering games/magic8.html.erb within layouts/application
  Rendered games/magic8.html.erb within layouts/application (0.8ms)
Completed 200 OK in 33ms (Views: 32.3ms | ActiveRecord: 0.0ms)


Started GET "/" for 127.0.0.1 at 2018-07-09 15:38:56 +1000
Processing by PagesController#home as HTML
  Rendering pages/home.html.erb within layouts/application
  Rendered pages/home.html.erb within layouts/application (0.4ms)
Completed 200 OK in 30ms (Views: 29.4ms | ActiveRecord: 0.0ms)


Started GET "/secret_n" for 127.0.0.1 at 2018-07-09 15:38:57 +1000
Processing by GamesController#secret as HTML
  Rendering games/secret.html.erb within layouts/application
  Rendered games/secret.html.erb within layouts/application (1.1ms)
Completed 200 OK in 29ms (Views: 28.6ms | ActiveRecord: 0.0ms)


Started GET "/secret_n?utf8=%E2%9C%93&g=7" for 127.0.0.1 at 2018-07-09 15:38:58 +1000
Processing by GamesController#secret as HTML
  Parameters: {"utf8"=>"✓", "g"=>"7"}
  Rendering games/secret.html.erb within layouts/application
  Rendered games/secret.html.erb within layouts/application (1.0ms)
Completed 200 OK in 29ms (Views: 28.3ms | ActiveRecord: 0.0ms)


Started GET "/secret_n?utf8=%E2%9C%93&g=5" for 127.0.0.1 at 2018-07-09 15:38:59 +1000
Processing by GamesController#secret as HTML
  Parameters: {"utf8"=>"✓", "g"=>"5"}
  Rendering games/secret.html.erb within layouts/application
  Rendered games/secret.html.erb within layouts/application (0.8ms)
Completed 200 OK in 25ms (Views: 24.6ms | ActiveRecord: 0.0ms)


Started GET "/secret_n?utf8=%E2%9C%93&g=7" for 127.0.0.1 at 2018-07-09 15:39:00 +1000
Processing by GamesController#secret as HTML
  Parameters: {"utf8"=>"✓", "g"=>"7"}
  Rendering games/secret.html.erb within layouts/application
  Rendered games/secret.html.erb within layouts/application (0.8ms)
Completed 200 OK in 30ms (Views: 29.3ms | ActiveRecord: 0.0ms)


