Started GET "/" for 127.0.0.1 at 2018-07-10 21:12:58 +1000
Processing by Rails::WelcomeController#index as HTML
  Rendering /Users/kennyliu/.rvm/gems/ruby-2.5.1/gems/railties-5.2.0/lib/rails/templates/rails/welcome/index.html.erb
  Rendered /Users/kennyliu/.rvm/gems/ruby-2.5.1/gems/railties-5.2.0/lib/rails/templates/rails/welcome/index.html.erb (5.1ms)
Completed 200 OK in 32ms (Views: 16.4ms | ActiveRecord: 0.0ms)


Started GET "/routes" for 127.0.0.1 at 2018-07-10 21:13:03 +1000
  
ActionController::RoutingError (No route matches [GET] "/routes"):
  
actionpack (5.2.0) lib/action_dispatch/middleware/debug_exceptions.rb:65:in `call'
web-console (3.6.2) lib/web_console/middleware.rb:135:in `call_app'
web-console (3.6.2) lib/web_console/middleware.rb:30:in `block in call'
web-console (3.6.2) lib/web_console/middleware.rb:20:in `catch'
web-console (3.6.2) lib/web_console/middleware.rb:20:in `call'
actionpack (5.2.0) lib/action_dispatch/middleware/show_exceptions.rb:33:in `call'
railties (5.2.0) lib/rails/rack/logger.rb:38:in `call_app'
railties (5.2.0) lib/rails/rack/logger.rb:26:in `block in call'
activesupport (5.2.0) lib/active_support/tagged_logging.rb:71:in `block in tagged'
activesupport (5.2.0) lib/active_support/tagged_logging.rb:28:in `tagged'
activesupport (5.2.0) lib/active_support/tagged_logging.rb:71:in `tagged'
railties (5.2.0) lib/rails/rack/logger.rb:26:in `call'
sprockets-rails (3.2.1) lib/sprockets/rails/quiet_assets.rb:13:in `call'
actionpack (5.2.0) lib/action_dispatch/middleware/remote_ip.rb:81:in `call'
actionpack (5.2.0) lib/action_dispatch/middleware/request_id.rb:27:in `call'
rack (2.0.5) lib/rack/method_override.rb:22:in `call'
rack (2.0.5) lib/rack/runtime.rb:22:in `call'
activesupport (5.2.0) lib/active_support/cache/strategy/local_cache_middleware.rb:29:in `call'
actionpack (5.2.0) lib/action_dispatch/middleware/executor.rb:14:in `call'
actionpack (5.2.0) lib/action_dispatch/middleware/static.rb:127:in `call'
rack (2.0.5) lib/rack/sendfile.rb:111:in `call'
railties (5.2.0) lib/rails/engine.rb:524:in `call'
puma (3.11.4) lib/puma/configuration.rb:225:in `call'
puma (3.11.4) lib/puma/server.rb:632:in `handle_request'
puma (3.11.4) lib/puma/server.rb:446:in `process_client'
puma (3.11.4) lib/puma/server.rb:306:in `block in run'
puma (3.11.4) lib/puma/thread_pool.rb:120:in `block in spawn_thread'
Started GET "/routes" for 127.0.0.1 at 2018-07-10 21:15:10 +1000
Started GET "/" for 127.0.0.1 at 2018-07-10 21:15:20 +1000
Started GET "/routes" for 127.0.0.1 at 2018-07-10 21:15:20 +1000
  
ActionController::RoutingError (No route matches [GET] "/routes"):
  
  
actionpack (5.2.0) lib/action_dispatch/middleware/debug_exceptions.rb:65:in `call'
web-console (3.6.2) lib/web_console/middleware.rb:135:in `call_app'
web-console (3.6.2) lib/web_console/middleware.rb:30:in `block in call'
web-console (3.6.2) lib/web_console/middleware.rb:20:in `catch'
web-console (3.6.2) lib/web_console/middleware.rb:20:in `call'
actionpack (5.2.0) lib/action_dispatch/middleware/show_exceptions.rb:33:in `call'
railties (5.2.0) lib/rails/rack/logger.rb:38:in `call_app'
railties (5.2.0) lib/rails/rack/logger.rb:26:in `block in call'
activesupport (5.2.0) lib/active_support/tagged_logging.rb:71:in `block in tagged'
activesupport (5.2.0) lib/active_support/tagged_logging.rb:28:in `tagged'
activesupport (5.2.0) lib/active_support/tagged_logging.rb:71:in `tagged'
railties (5.2.0) lib/rails/rack/logger.rb:26:in `call'
sprockets-rails (3.2.1) lib/sprockets/rails/quiet_assets.rb:13:in `call'
actionpack (5.2.0) lib/action_dispatch/middleware/remote_ip.rb:81:in `call'
actionpack (5.2.0) lib/action_dispatch/middleware/request_id.rb:27:in `call'
rack (2.0.5) lib/rack/method_override.rb:22:in `call'
rack (2.0.5) lib/rack/runtime.rb:22:in `call'
activesupport (5.2.0) lib/active_support/cache/strategy/local_cache_middleware.rb:29:in `call'
actionpack (5.2.0) lib/action_dispatch/middleware/executor.rb:14:in `call'
actionpack (5.2.0) lib/action_dispatch/middleware/static.rb:127:in `call'
rack (2.0.5) lib/rack/sendfile.rb:111:in `call'
railties (5.2.0) lib/rails/engine.rb:524:in `call'
puma (3.11.4) lib/puma/configuration.rb:225:in `call'
puma (3.11.4) lib/puma/server.rb:632:in `handle_request'
puma (3.11.4) lib/puma/server.rb:446:in `process_client'
puma (3.11.4) lib/puma/server.rb:306:in `block in run'
puma (3.11.4) lib/puma/thread_pool.rb:120:in `block in spawn_thread'
ActionController::RoutingError (No route matches [GET] "/routes"):
  
actionpack (5.2.0) lib/action_dispatch/middleware/debug_exceptions.rb:65:in `call'
web-console (3.6.2) lib/web_console/middleware.rb:135:in `call_app'
web-console (3.6.2) lib/web_console/middleware.rb:30:in `block in call'
web-console (3.6.2) lib/web_console/middleware.rb:20:in `catch'
web-console (3.6.2) lib/web_console/middleware.rb:20:in `call'
actionpack (5.2.0) lib/action_dispatch/middleware/show_exceptions.rb:33:in `call'
railties (5.2.0) lib/rails/rack/logger.rb:38:in `call_app'
railties (5.2.0) lib/rails/rack/logger.rb:26:in `block in call'
activesupport (5.2.0) lib/active_support/tagged_logging.rb:71:in `block in tagged'
activesupport (5.2.0) lib/active_support/tagged_logging.rb:28:in `tagged'
activesupport (5.2.0) lib/active_support/tagged_logging.rb:71:in `tagged'
railties (5.2.0) lib/rails/rack/logger.rb:26:in `call'
sprockets-rails (3.2.1) lib/sprockets/rails/quiet_assets.rb:13:in `call'
actionpack (5.2.0) lib/action_dispatch/middleware/remote_ip.rb:81:in `call'
actionpack (5.2.0) lib/action_dispatch/middleware/request_id.rb:27:in `call'
rack (2.0.5) lib/rack/method_override.rb:22:in `call'
rack (2.0.5) lib/rack/runtime.rb:22:in `call'
activesupport (5.2.0) lib/active_support/cache/strategy/local_cache_middleware.rb:29:in `call'
actionpack (5.2.0) lib/action_dispatch/middleware/executor.rb:14:in `call'
actionpack (5.2.0) lib/action_dispatch/middleware/static.rb:127:in `call'
rack (2.0.5) lib/rack/sendfile.rb:111:in `call'
railties (5.2.0) lib/rails/engine.rb:524:in `call'
puma (3.11.4) lib/puma/configuration.rb:225:in `call'
puma (3.11.4) lib/puma/server.rb:632:in `handle_request'
puma (3.11.4) lib/puma/server.rb:446:in `process_client'
puma (3.11.4) lib/puma/server.rb:306:in `block in run'
puma (3.11.4) lib/puma/thread_pool.rb:120:in `block in spawn_thread'
Processing by MountainsController#index as HTML
Completed 406 Not Acceptable in 263ms (ActiveRecord: 0.0ms)


  
ActionController::UnknownFormat (MountainsController#index is missing a template for this request format and variant.

request.formats: ["text/html"]
request.variant: []

NOTE! For XHR/Ajax or API requests, this action would normally respond with 204 No Content: an empty white screen. Since you're loading it in a web browser, we assume that you expected to actually render a template, not nothing, so we're showing an error to be extra-clear. If you expect 204 No Content, carry on. That's what you'll get from an XHR or API request. Give it a shot.):
  
actionpack (5.2.0) lib/action_controller/metal/implicit_render.rb:55:in `default_render'
actionpack (5.2.0) lib/action_controller/metal/basic_implicit_render.rb:6:in `block in send_action'
actionpack (5.2.0) lib/action_controller/metal/basic_implicit_render.rb:6:in `tap'
actionpack (5.2.0) lib/action_controller/metal/basic_implicit_render.rb:6:in `send_action'
actionpack (5.2.0) lib/abstract_controller/base.rb:194:in `process_action'
actionpack (5.2.0) lib/action_controller/metal/rendering.rb:30:in `process_action'
actionpack (5.2.0) lib/abstract_controller/callbacks.rb:42:in `block in process_action'
activesupport (5.2.0) lib/active_support/callbacks.rb:132:in `run_callbacks'
actionpack (5.2.0) lib/abstract_controller/callbacks.rb:41:in `process_action'
actionpack (5.2.0) lib/action_controller/metal/rescue.rb:22:in `process_action'
actionpack (5.2.0) lib/action_controller/metal/instrumentation.rb:34:in `block in process_action'
activesupport (5.2.0) lib/active_support/notifications.rb:168:in `block in instrument'
activesupport (5.2.0) lib/active_support/notifications/instrumenter.rb:23:in `instrument'
activesupport (5.2.0) lib/active_support/notifications.rb:168:in `instrument'
actionpack (5.2.0) lib/action_controller/metal/instrumentation.rb:32:in `process_action'
actionpack (5.2.0) lib/action_controller/metal/params_wrapper.rb:256:in `process_action'
activerecord (5.2.0) lib/active_record/railties/controller_runtime.rb:24:in `process_action'
actionpack (5.2.0) lib/abstract_controller/base.rb:134:in `process'
actionview (5.2.0) lib/action_view/rendering.rb:32:in `process'
actionpack (5.2.0) lib/action_controller/metal.rb:191:in `dispatch'
actionpack (5.2.0) lib/action_controller/metal.rb:252:in `dispatch'
actionpack (5.2.0) lib/action_dispatch/routing/route_set.rb:52:in `dispatch'
actionpack (5.2.0) lib/action_dispatch/routing/route_set.rb:34:in `serve'
actionpack (5.2.0) lib/action_dispatch/journey/router.rb:52:in `block in serve'
actionpack (5.2.0) lib/action_dispatch/journey/router.rb:35:in `each'
actionpack (5.2.0) lib/action_dispatch/journey/router.rb:35:in `serve'
actionpack (5.2.0) lib/action_dispatch/routing/route_set.rb:840:in `call'
rack (2.0.5) lib/rack/tempfile_reaper.rb:15:in `call'
rack (2.0.5) lib/rack/etag.rb:25:in `call'
rack (2.0.5) lib/rack/conditional_get.rb:25:in `call'
rack (2.0.5) lib/rack/head.rb:12:in `call'
actionpack (5.2.0) lib/action_dispatch/http/content_security_policy.rb:18:in `call'
rack (2.0.5) lib/rack/session/abstract/id.rb:232:in `context'
rack (2.0.5) lib/rack/session/abstract/id.rb:226:in `call'
actionpack (5.2.0) lib/action_dispatch/middleware/cookies.rb:670:in `call'
activerecord (5.2.0) lib/active_record/migration.rb:559:in `call'
actionpack (5.2.0) lib/action_dispatch/middleware/callbacks.rb:28:in `block in call'
activesupport (5.2.0) lib/active_support/callbacks.rb:98:in `run_callbacks'
actionpack (5.2.0) lib/action_dispatch/middleware/callbacks.rb:26:in `call'
actionpack (5.2.0) lib/action_dispatch/middleware/executor.rb:14:in `call'
actionpack (5.2.0) lib/action_dispatch/middleware/debug_exceptions.rb:61:in `call'
web-console (3.6.2) lib/web_console/middleware.rb:135:in `call_app'
web-console (3.6.2) lib/web_console/middleware.rb:30:in `block in call'
web-console (3.6.2) lib/web_console/middleware.rb:20:in `catch'
web-console (3.6.2) lib/web_console/middleware.rb:20:in `call'
actionpack (5.2.0) lib/action_dispatch/middleware/show_exceptions.rb:33:in `call'
railties (5.2.0) lib/rails/rack/logger.rb:38:in `call_app'
railties (5.2.0) lib/rails/rack/logger.rb:26:in `block in call'
activesupport (5.2.0) lib/active_support/tagged_logging.rb:71:in `block in tagged'
activesupport (5.2.0) lib/active_support/tagged_logging.rb:28:in `tagged'
activesupport (5.2.0) lib/active_support/tagged_logging.rb:71:in `tagged'
railties (5.2.0) lib/rails/rack/logger.rb:26:in `call'
sprockets-rails (3.2.1) lib/sprockets/rails/quiet_assets.rb:13:in `call'
actionpack (5.2.0) lib/action_dispatch/middleware/remote_ip.rb:81:in `call'
actionpack (5.2.0) lib/action_dispatch/middleware/request_id.rb:27:in `call'
rack (2.0.5) lib/rack/method_override.rb:22:in `call'
rack (2.0.5) lib/rack/runtime.rb:22:in `call'
activesupport (5.2.0) lib/active_support/cache/strategy/local_cache_middleware.rb:29:in `call'
actionpack (5.2.0) lib/action_dispatch/middleware/executor.rb:14:in `call'
actionpack (5.2.0) lib/action_dispatch/middleware/static.rb:127:in `call'
rack (2.0.5) lib/rack/sendfile.rb:111:in `call'
railties (5.2.0) lib/rails/engine.rb:524:in `call'
puma (3.11.4) lib/puma/configuration.rb:225:in `call'
puma (3.11.4) lib/puma/server.rb:632:in `handle_request'
puma (3.11.4) lib/puma/server.rb:446:in `process_client'
puma (3.11.4) lib/puma/server.rb:306:in `block in run'
puma (3.11.4) lib/puma/thread_pool.rb:120:in `block in spawn_thread'
Started GET "/" for 127.0.0.1 at 2018-07-10 21:17:07 +1000
Processing by MountainsController#index as HTML
  Rendering mountains/index.html.erb within layouts/application
  Rendered mountains/index.html.erb within layouts/application (3.6ms)
Completed 500 Internal Server Error in 17ms (ActiveRecord: 0.0ms)


  
ActionView::Template::Error (undefined method `each' for nil:NilClass):
    1: <h1>All PLanets</h1>
    2: 
    3: <% @planets.each do |planet| %>
    4:   <p>
    5:     <%= link_to planet.name, planet_path(planet.id) %> has <%= pluralize planet.moons, 'moon' %>
    6:   </p>
  
app/views/mountains/index.html.erb:3:in `_app_views_mountains_index_html_erb___3605077006876380446_70149576625760'
Started GET "/routes" for 127.0.0.1 at 2018-07-10 21:18:04 +1000
  
ActionController::RoutingError (No route matches [GET] "/routes"):
  
actionpack (5.2.0) lib/action_dispatch/middleware/debug_exceptions.rb:65:in `call'
web-console (3.6.2) lib/web_console/middleware.rb:135:in `call_app'
web-console (3.6.2) lib/web_console/middleware.rb:30:in `block in call'
web-console (3.6.2) lib/web_console/middleware.rb:20:in `catch'
web-console (3.6.2) lib/web_console/middleware.rb:20:in `call'
actionpack (5.2.0) lib/action_dispatch/middleware/show_exceptions.rb:33:in `call'
railties (5.2.0) lib/rails/rack/logger.rb:38:in `call_app'
railties (5.2.0) lib/rails/rack/logger.rb:26:in `block in call'
activesupport (5.2.0) lib/active_support/tagged_logging.rb:71:in `block in tagged'
activesupport (5.2.0) lib/active_support/tagged_logging.rb:28:in `tagged'
activesupport (5.2.0) lib/active_support/tagged_logging.rb:71:in `tagged'
railties (5.2.0) lib/rails/rack/logger.rb:26:in `call'
sprockets-rails (3.2.1) lib/sprockets/rails/quiet_assets.rb:13:in `call'
actionpack (5.2.0) lib/action_dispatch/middleware/remote_ip.rb:81:in `call'
actionpack (5.2.0) lib/action_dispatch/middleware/request_id.rb:27:in `call'
rack (2.0.5) lib/rack/method_override.rb:22:in `call'
rack (2.0.5) lib/rack/runtime.rb:22:in `call'
activesupport (5.2.0) lib/active_support/cache/strategy/local_cache_middleware.rb:29:in `call'
actionpack (5.2.0) lib/action_dispatch/middleware/executor.rb:14:in `call'
actionpack (5.2.0) lib/action_dispatch/middleware/static.rb:127:in `call'
rack (2.0.5) lib/rack/sendfile.rb:111:in `call'
railties (5.2.0) lib/rails/engine.rb:524:in `call'
puma (3.11.4) lib/puma/configuration.rb:225:in `call'
puma (3.11.4) lib/puma/server.rb:632:in `handle_request'
puma (3.11.4) lib/puma/server.rb:446:in `process_client'
puma (3.11.4) lib/puma/server.rb:306:in `block in run'
puma (3.11.4) lib/puma/thread_pool.rb:120:in `block in spawn_thread'
Started GET "/" for 127.0.0.1 at 2018-07-10 21:18:54 +1000
Processing by MountainsController#index as HTML
  Rendering mountains/index.html.erb within layouts/application
  Rendered mountains/index.html.erb within layouts/application (3.7ms)
Completed 500 Internal Server Error in 18ms (ActiveRecord: 0.0ms)


  
ActionView::Template::Error (undefined method `each' for nil:NilClass):
    1: <h1>All Mountains</h1>
    2: 
    3: <% @mountains.each do |mountain| %>
    4:   <p>
    5:     <%= link_to mountain.name, mountain_path(mountain.id) %> 
    6:   </p>
  
app/views/mountains/index.html.erb:3:in `_app_views_mountains_index_html_erb___3605077006876380446_70149549215620'
Started GET "/" for 127.0.0.1 at 2018-07-10 21:19:33 +1000
Processing by MountainsController#index as HTML
  Rendering mountains/index.html.erb within layouts/application
  [1m[36mMountain Load (1.4ms)[0m  [1m[34mSELECT "mountains".* FROM "mountains"[0m
  ↳ app/views/mountains/index.html.erb:3
  Rendered mountains/index.html.erb within layouts/application (5.4ms)
Completed 500 Internal Server Error in 689ms (ActiveRecord: 1.7ms)


  
ActionView::Template::Error (undefined local variable or method `planets_path' for #<#<Class:0x00007f99f121c5b8>:0x00007f99f11e6bc0>
Did you mean?  asset_path):
    12:   <body>
    13:     <div class="contianer">
    14:       <nav>
    15:         <%= link_to 'All Plants', planets_path %>
    16:         <%= link_to 'New_planet', planets_new_path %>
    17:       </nav>
    18:       <%= yield %>
  
app/views/layouts/application.html.erb:15:in `_app_views_layouts_application_html_erb__3844993678763304561_70149576121200'
Started GET "/" for 127.0.0.1 at 2018-07-10 21:20:19 +1000
Processing by MountainsController#index as HTML
  Rendering mountains/index.html.erb within layouts/application
  [1m[36mMountain Load (0.2ms)[0m  [1m[34mSELECT "mountains".* FROM "mountains"[0m
  ↳ app/views/mountains/index.html.erb:3
  Rendered mountains/index.html.erb within layouts/application (1.1ms)
Completed 200 OK in 41ms (Views: 35.1ms | ActiveRecord: 0.2ms)


Started GET "/" for 127.0.0.1 at 2018-07-10 21:22:36 +1000
Processing by MountainsController#index as HTML
  Rendering mountains/index.html.erb within layouts/application
  [1m[36mMountain Load (0.2ms)[0m  [1m[34mSELECT "mountains".* FROM "mountains"[0m
  ↳ app/views/mountains/index.html.erb:3
  Rendered mountains/index.html.erb within layouts/application (1.6ms)
Completed 200 OK in 31ms (Views: 22.2ms | ActiveRecord: 0.2ms)


Started GET "/mountains/new" for 127.0.0.1 at 2018-07-10 21:22:37 +1000
Processing by MountainsController#new as HTML
  Rendering mountains/new.html.erb within layouts/application
  Rendered mountains/new.html.erb within layouts/application (0.4ms)
Completed 200 OK in 33ms (Views: 28.4ms | ActiveRecord: 0.0ms)


Started POST "/mountains" for 127.0.0.1 at 2018-07-10 21:22:43 +1000
Processing by MountainsController#create as HTML
  Parameters: {"name"=>"asda", "type"=>"dsad", "country"=>"asda", "height"=>"12312"}
Can't verify CSRF token authenticity.
Completed 422 Unprocessable Entity in 0ms (ActiveRecord: 0.0ms)


  
ActionController::InvalidAuthenticityToken (ActionController::InvalidAuthenticityToken):
  
actionpack (5.2.0) lib/action_controller/metal/request_forgery_protection.rb:211:in `handle_unverified_request'
actionpack (5.2.0) lib/action_controller/metal/request_forgery_protection.rb:243:in `handle_unverified_request'
actionpack (5.2.0) lib/action_controller/metal/request_forgery_protection.rb:238:in `verify_authenticity_token'
activesupport (5.2.0) lib/active_support/callbacks.rb:426:in `block in make_lambda'
activesupport (5.2.0) lib/active_support/callbacks.rb:198:in `block (2 levels) in halting'
actionpack (5.2.0) lib/abstract_controller/callbacks.rb:34:in `block (2 levels) in <module:Callbacks>'
activesupport (5.2.0) lib/active_support/callbacks.rb:199:in `block in halting'
activesupport (5.2.0) lib/active_support/callbacks.rb:513:in `block in invoke_before'
activesupport (5.2.0) lib/active_support/callbacks.rb:513:in `each'
activesupport (5.2.0) lib/active_support/callbacks.rb:513:in `invoke_before'
activesupport (5.2.0) lib/active_support/callbacks.rb:131:in `run_callbacks'
actionpack (5.2.0) lib/abstract_controller/callbacks.rb:41:in `process_action'
actionpack (5.2.0) lib/action_controller/metal/rescue.rb:22:in `process_action'
actionpack (5.2.0) lib/action_controller/metal/instrumentation.rb:34:in `block in process_action'
activesupport (5.2.0) lib/active_support/notifications.rb:168:in `block in instrument'
activesupport (5.2.0) lib/active_support/notifications/instrumenter.rb:23:in `instrument'
activesupport (5.2.0) lib/active_support/notifications.rb:168:in `instrument'
actionpack (5.2.0) lib/action_controller/metal/instrumentation.rb:32:in `process_action'
actionpack (5.2.0) lib/action_controller/metal/params_wrapper.rb:256:in `process_action'
activerecord (5.2.0) lib/active_record/railties/controller_runtime.rb:24:in `process_action'
actionpack (5.2.0) lib/abstract_controller/base.rb:134:in `process'
actionview (5.2.0) lib/action_view/rendering.rb:32:in `process'
actionpack (5.2.0) lib/action_controller/metal.rb:191:in `dispatch'
actionpack (5.2.0) lib/action_controller/metal.rb:252:in `dispatch'
actionpack (5.2.0) lib/action_dispatch/routing/route_set.rb:52:in `dispatch'
actionpack (5.2.0) lib/action_dispatch/routing/route_set.rb:34:in `serve'
actionpack (5.2.0) lib/action_dispatch/journey/router.rb:52:in `block in serve'
actionpack (5.2.0) lib/action_dispatch/journey/router.rb:35:in `each'
actionpack (5.2.0) lib/action_dispatch/journey/router.rb:35:in `serve'
actionpack (5.2.0) lib/action_dispatch/routing/route_set.rb:840:in `call'
rack (2.0.5) lib/rack/tempfile_reaper.rb:15:in `call'
rack (2.0.5) lib/rack/etag.rb:25:in `call'
rack (2.0.5) lib/rack/conditional_get.rb:38:in `call'
rack (2.0.5) lib/rack/head.rb:12:in `call'
actionpack (5.2.0) lib/action_dispatch/http/content_security_policy.rb:18:in `call'
rack (2.0.5) lib/rack/session/abstract/id.rb:232:in `context'
rack (2.0.5) lib/rack/session/abstract/id.rb:226:in `call'
actionpack (5.2.0) lib/action_dispatch/middleware/cookies.rb:670:in `call'
activerecord (5.2.0) lib/active_record/migration.rb:559:in `call'
actionpack (5.2.0) lib/action_dispatch/middleware/callbacks.rb:28:in `block in call'
activesupport (5.2.0) lib/active_support/callbacks.rb:98:in `run_callbacks'
actionpack (5.2.0) lib/action_dispatch/middleware/callbacks.rb:26:in `call'
actionpack (5.2.0) lib/action_dispatch/middleware/executor.rb:14:in `call'
actionpack (5.2.0) lib/action_dispatch/middleware/debug_exceptions.rb:61:in `call'
web-console (3.6.2) lib/web_console/middleware.rb:135:in `call_app'
web-console (3.6.2) lib/web_console/middleware.rb:30:in `block in call'
web-console (3.6.2) lib/web_console/middleware.rb:20:in `catch'
web-console (3.6.2) lib/web_console/middleware.rb:20:in `call'
actionpack (5.2.0) lib/action_dispatch/middleware/show_exceptions.rb:33:in `call'
railties (5.2.0) lib/rails/rack/logger.rb:38:in `call_app'
railties (5.2.0) lib/rails/rack/logger.rb:26:in `block in call'
activesupport (5.2.0) lib/active_support/tagged_logging.rb:71:in `block in tagged'
activesupport (5.2.0) lib/active_support/tagged_logging.rb:28:in `tagged'
activesupport (5.2.0) lib/active_support/tagged_logging.rb:71:in `tagged'
railties (5.2.0) lib/rails/rack/logger.rb:26:in `call'
sprockets-rails (3.2.1) lib/sprockets/rails/quiet_assets.rb:13:in `call'
actionpack (5.2.0) lib/action_dispatch/middleware/remote_ip.rb:81:in `call'
actionpack (5.2.0) lib/action_dispatch/middleware/request_id.rb:27:in `call'
rack (2.0.5) lib/rack/method_override.rb:22:in `call'
rack (2.0.5) lib/rack/runtime.rb:22:in `call'
activesupport (5.2.0) lib/active_support/cache/strategy/local_cache_middleware.rb:29:in `call'
actionpack (5.2.0) lib/action_dispatch/middleware/executor.rb:14:in `call'
actionpack (5.2.0) lib/action_dispatch/middleware/static.rb:127:in `call'
rack (2.0.5) lib/rack/sendfile.rb:111:in `call'
railties (5.2.0) lib/rails/engine.rb:524:in `call'
puma (3.11.4) lib/puma/configuration.rb:225:in `call'
puma (3.11.4) lib/puma/server.rb:632:in `handle_request'
puma (3.11.4) lib/puma/server.rb:446:in `process_client'
puma (3.11.4) lib/puma/server.rb:306:in `block in run'
puma (3.11.4) lib/puma/thread_pool.rb:120:in `block in spawn_thread'
Started POST "/mountains" for 127.0.0.1 at 2018-07-10 21:23:24 +1000
Processing by MountainsController#create as HTML
  Parameters: {"name"=>"asda", "type"=>"dsad", "country"=>"asda", "height"=>"12312"}
  [1m[35m (0.3ms)[0m  [1m[36mbegin transaction[0m
  ↳ app/controllers/mountains_controller.rb:20
  [1m[36mMountain Create (1.0ms)[0m  [1m[32mINSERT INTO "mountains" ("name", "type", "country", "height") VALUES (?, ?, ?, ?)[0m  [["name", "asda"], ["type", "dsad"], ["country", "asda"], ["height", 12312.0]]
  ↳ app/controllers/mountains_controller.rb:20
  [1m[35m (1.1ms)[0m  [1m[36mcommit transaction[0m
  ↳ app/controllers/mountains_controller.rb:20
Redirected to http://localhost:3000/mountains/1
Completed 302 Found in 12ms (ActiveRecord: 2.9ms)


Started GET "/mountains/1" for 127.0.0.1 at 2018-07-10 21:23:24 +1000
Processing by MountainsController#show as HTML
  Parameters: {"id"=>"1"}
  [1m[36mMountain Load (0.3ms)[0m  [1m[34mSELECT  "mountains".* FROM "mountains" WHERE "mountains"."id" = ? LIMIT ?[0m  [["id", 1], ["LIMIT", 1]]
  ↳ app/controllers/mountains_controller.rb:7
Completed 500 Internal Server Error in 9ms (ActiveRecord: 0.3ms)


  
ActiveRecord::SubclassNotFound (The single-table inheritance mechanism failed to locate the subclass: 'dsad'. This error is raised because the column 'type' is reserved for storing the class in case of inheritance. Please rename this column if you didn't intend it to be used for storing the inheritance class or overwrite Mountain.inheritance_column to use another column for that information.):
  
app/controllers/mountains_controller.rb:7:in `show'
Started GET "/" for 127.0.0.1 at 2018-07-10 21:23:37 +1000
Processing by MountainsController#index as HTML
  Rendering mountains/index.html.erb within layouts/application
  [1m[36mMountain Load (0.2ms)[0m  [1m[34mSELECT "mountains".* FROM "mountains"[0m
  ↳ app/views/mountains/index.html.erb:3
  Rendered mountains/index.html.erb within layouts/application (3.5ms)
Completed 500 Internal Server Error in 15ms (ActiveRecord: 0.2ms)


  
ActionView::Template::Error (The single-table inheritance mechanism failed to locate the subclass: 'dsad'. This error is raised because the column 'type' is reserved for storing the class in case of inheritance. Please rename this column if you didn't intend it to be used for storing the inheritance class or overwrite Mountain.inheritance_column to use another column for that information.):
    1: <h1>All Mountains</h1>
    2: 
    3: <% @mountains.each do |mountain| %>
    4:   <p>
    5:     <%= link_to mountain.name, mountain_path(mountain.id) %> 
    6:   </p>
  
app/views/mountains/index.html.erb:3:in `_app_views_mountains_index_html_erb___3605077006876380446_70149585284380'
Started GET "/" for 127.0.0.1 at 2018-07-10 21:23:45 +1000
Processing by MountainsController#index as HTML
  Rendering mountains/index.html.erb within layouts/application
  [1m[36mMountain Load (0.2ms)[0m  [1m[34mSELECT "mountains".* FROM "mountains"[0m
  ↳ app/views/mountains/index.html.erb:3
  Rendered mountains/index.html.erb within layouts/application (3.4ms)
Completed 500 Internal Server Error in 14ms (ActiveRecord: 0.2ms)


  
ActionView::Template::Error (The single-table inheritance mechanism failed to locate the subclass: 'dsad'. This error is raised because the column 'type' is reserved for storing the class in case of inheritance. Please rename this column if you didn't intend it to be used for storing the inheritance class or overwrite Mountain.inheritance_column to use another column for that information.):
    1: <h1>All Mountains</h1>
    2: 
    3: <% @mountains.each do |mountain| %>
    4:   <p>
    5:     <%= link_to mountain.name, mountain_path(mountain.id) %> 
    6:   </p>
  
app/views/mountains/index.html.erb:3:in `_app_views_mountains_index_html_erb___3605077006876380446_70149578249400'
Started GET "/" for 127.0.0.1 at 2018-07-10 21:26:52 +1000
Processing by MountainsController#index as HTML
  [1m[36mMountain Load (0.2ms)[0m  [1m[34mSELECT  "mountains".* FROM "mountains" LIMIT ?[0m  [["LIMIT", 11]]
  ↳ app/controllers/mountains_controller.rb:4
Completed 500 Internal Server Error in 3ms (ActiveRecord: 0.4ms)


  
ActiveRecord::SubclassNotFound (The single-table inheritance mechanism failed to locate the subclass: 'dsad'. This error is raised because the column 'type' is reserved for storing the class in case of inheritance. Please rename this column if you didn't intend it to be used for storing the inheritance class or overwrite Mountain.inheritance_column to use another column for that information.):
  
app/controllers/mountains_controller.rb:4:in `p'
app/controllers/mountains_controller.rb:4:in `index'
Started GET "/" for 127.0.0.1 at 2018-07-10 21:30:57 +1000
Processing by MountainsController#index as HTML
  [1m[36mMountain Load (1.2ms)[0m  [1m[34mSELECT  "mountains".* FROM "mountains" LIMIT ?[0m  [["LIMIT", 11]]
  ↳ app/controllers/mountains_controller.rb:4
  Rendering mountains/index.html.erb within layouts/application
  [1m[36mMountain Load (0.2ms)[0m  [1m[34mSELECT "mountains".* FROM "mountains"[0m
  ↳ app/views/mountains/index.html.erb:3
  Rendered mountains/index.html.erb within layouts/application (4.5ms)
Completed 200 OK in 291ms (Views: 234.6ms | ActiveRecord: 1.7ms)


Started GET "/mountains/new" for 127.0.0.1 at 2018-07-10 21:31:00 +1000
Processing by MountainsController#new as HTML
  Rendering mountains/new.html.erb within layouts/application
  Rendered mountains/new.html.erb within layouts/application (0.7ms)
Completed 200 OK in 32ms (Views: 28.3ms | ActiveRecord: 0.0ms)


Started POST "/mountains" for 127.0.0.1 at 2018-07-10 21:31:05 +1000
Processing by MountainsController#create as HTML
  Parameters: {"name"=>"dsad", "category"=>"asd", "country"=>"dasd", "height"=>"21"}
  [1m[35m (0.0ms)[0m  [1m[36mbegin transaction[0m
  ↳ app/controllers/mountains_controller.rb:21
  [1m[36mMountain Create (0.5ms)[0m  [1m[32mINSERT INTO "mountains" ("name", "category", "country", "height") VALUES (?, ?, ?, ?)[0m  [["name", "dsad"], ["category", "asd"], ["country", "dasd"], ["height", 21.0]]
  ↳ app/controllers/mountains_controller.rb:21
  [1m[35m (0.8ms)[0m  [1m[36mcommit transaction[0m
  ↳ app/controllers/mountains_controller.rb:21
Redirected to http://localhost:3000/mountains/1
Completed 302 Found in 10ms (ActiveRecord: 2.3ms)


Started GET "/mountains/1" for 127.0.0.1 at 2018-07-10 21:31:05 +1000
Processing by MountainsController#show as HTML
  Parameters: {"id"=>"1"}
  [1m[36mMountain Load (0.5ms)[0m  [1m[34mSELECT  "mountains".* FROM "mountains" WHERE "mountains"."id" = ? LIMIT ?[0m  [["id", 1], ["LIMIT", 1]]
  ↳ app/controllers/mountains_controller.rb:8
  Rendering mountains/show.html.erb within layouts/application
  Rendered mountains/show.html.erb within layouts/application (7.3ms)
Completed 500 Internal Server Error in 29ms (ActiveRecord: 0.5ms)


  
ActionView::Template::Error (undefined method `name' for nil:NilClass):
    1: <h1><%= @planet.name %></h1>
    2: 
    3: <%= image_tag @planet.image, :class => 'feature' unless @planet.image.nil? %>
    4: 
  
app/views/mountains/show.html.erb:1:in `_app_views_mountains_show_html_erb__3680630245809035847_70164732084960'
Started GET "/mountains/1" for 127.0.0.1 at 2018-07-10 21:32:20 +1000
Processing by MountainsController#show as HTML
  Parameters: {"id"=>"1"}
  [1m[36mMountain Load (0.2ms)[0m  [1m[34mSELECT  "mountains".* FROM "mountains" WHERE "mountains"."id" = ? LIMIT ?[0m  [["id", 1], ["LIMIT", 1]]
  ↳ app/controllers/mountains_controller.rb:8
  Rendering mountains/show.html.erb within layouts/application
  Rendered mountains/show.html.erb within layouts/application (0.9ms)
Completed 200 OK in 24ms (Views: 18.7ms | ActiveRecord: 0.2ms)


Started GET "/mountains/1" for 127.0.0.1 at 2018-07-10 21:53:33 +1000
Started GET "/mountains/1/edit" for 127.0.0.1 at 2018-07-10 21:53:43 +1000
Processing by MountainsController#show as HTML
  Parameters: {"id"=>"1"}
  [1m[36mMountain Load (0.4ms)[0m  [1m[34mSELECT  "mountains".* FROM "mountains" WHERE "mountains"."id" = ? LIMIT ?[0m  [["id", 1], ["LIMIT", 1]]
  ↳ app/controllers/mountains_controller.rb:8
  Rendering mountains/show.html.erb within layouts/application
  Rendered mountains/show.html.erb within layouts/application (1.6ms)
Completed 200 OK in 66ms (Views: 52.2ms | ActiveRecord: 1.0ms)


Processing by MountainsController#edit as HTML
  Parameters: {"id"=>"1"}
  [1m[36mMountain Load (0.3ms)[0m  [1m[34mSELECT  "mountains".* FROM "mountains" WHERE "mountains"."id" = ? LIMIT ?[0m  [["id", 1], ["LIMIT", 1]]
  ↳ app/controllers/mountains_controller.rb:32
  Rendering mountains/edit.html.erb within layouts/application
  Rendered mountains/edit.html.erb within layouts/application (0.7ms)
Completed 200 OK in 63ms (Views: 41.0ms | ActiveRecord: 1.0ms)


Started GET "/mountains/1/edit" for 127.0.0.1 at 2018-07-10 21:53:45 +1000
Processing by MountainsController#edit as HTML
  Parameters: {"id"=>"1"}
  [1m[36mMountain Load (0.3ms)[0m  [1m[34mSELECT  "mountains".* FROM "mountains" WHERE "mountains"."id" = ? LIMIT ?[0m  [["id", 1], ["LIMIT", 1]]
  ↳ app/controllers/mountains_controller.rb:32
  Rendering mountains/edit.html.erb within layouts/application
  Rendered mountains/edit.html.erb within layouts/application (1.0ms)
Completed 200 OK in 36ms (Views: 30.8ms | ActiveRecord: 0.3ms)


Started GET "/mountains/1/edit" for 127.0.0.1 at 2018-07-10 21:54:22 +1000
Processing by MountainsController#edit as HTML
  Parameters: {"id"=>"1"}
  [1m[36mMountain Load (0.2ms)[0m  [1m[34mSELECT  "mountains".* FROM "mountains" WHERE "mountains"."id" = ? LIMIT ?[0m  [["id", 1], ["LIMIT", 1]]
  ↳ app/controllers/mountains_controller.rb:32
  Rendering mountains/edit.html.erb within layouts/application
  Rendered mountains/edit.html.erb within layouts/application (0.7ms)
Completed 200 OK in 39ms (Views: 35.2ms | ActiveRecord: 0.2ms)


Started POST "/mountains/1" for 127.0.0.1 at 2018-07-10 21:54:29 +1000
Processing by MountainsController#update as HTML
  Parameters: {"name"=>"dsad", "category"=>"asd", "country"=>"dasd", "height"=>"22", "id"=>"1"}
  [1m[36mMountain Load (0.1ms)[0m  [1m[34mSELECT  "mountains".* FROM "mountains" WHERE "mountains"."id" = ? LIMIT ?[0m  [["id", 1], ["LIMIT", 1]]
  ↳ app/controllers/mountains_controller.rb:36
  [1m[35m (0.1ms)[0m  [1m[36mbegin transaction[0m
  ↳ app/controllers/mountains_controller.rb:41
  [1m[36mMountain Update (0.4ms)[0m  [1m[33mUPDATE "mountains" SET "height" = ? WHERE "mountains"."id" = ?[0m  [["height", 22.0], ["id", 1]]
  ↳ app/controllers/mountains_controller.rb:41
  [1m[35m (1.0ms)[0m  [1m[36mcommit transaction[0m
  ↳ app/controllers/mountains_controller.rb:41
Redirected to http://localhost:3000/mountains/1
Completed 302 Found in 7ms (ActiveRecord: 1.6ms)


Started GET "/mountains/1" for 127.0.0.1 at 2018-07-10 21:54:29 +1000
Processing by MountainsController#show as HTML
  Parameters: {"id"=>"1"}
  [1m[36mMountain Load (0.5ms)[0m  [1m[34mSELECT  "mountains".* FROM "mountains" WHERE "mountains"."id" = ? LIMIT ?[0m  [["id", 1], ["LIMIT", 1]]
  ↳ app/controllers/mountains_controller.rb:8
  Rendering mountains/show.html.erb within layouts/application
  Rendered mountains/show.html.erb within layouts/application (1.1ms)
Completed 200 OK in 31ms (Views: 24.5ms | ActiveRecord: 0.5ms)


Started GET "/mountains/1/edit" for 127.0.0.1 at 2018-07-10 21:54:32 +1000
Processing by MountainsController#edit as HTML
  Parameters: {"id"=>"1"}
  [1m[36mMountain Load (0.1ms)[0m  [1m[34mSELECT  "mountains".* FROM "mountains" WHERE "mountains"."id" = ? LIMIT ?[0m  [["id", 1], ["LIMIT", 1]]
  ↳ app/controllers/mountains_controller.rb:32
  Rendering mountains/edit.html.erb within layouts/application
  Rendered mountains/edit.html.erb within layouts/application (0.8ms)
Completed 200 OK in 30ms (Views: 25.7ms | ActiveRecord: 0.1ms)


Started GET "/mountains/1/edit" for 127.0.0.1 at 2018-07-10 21:54:41 +1000
Processing by MountainsController#edit as HTML
  Parameters: {"id"=>"1"}
  [1m[36mMountain Load (0.1ms)[0m  [1m[34mSELECT  "mountains".* FROM "mountains" WHERE "mountains"."id" = ? LIMIT ?[0m  [["id", 1], ["LIMIT", 1]]
  ↳ app/controllers/mountains_controller.rb:32
  Rendering mountains/edit.html.erb within layouts/application
  Rendered mountains/edit.html.erb within layouts/application (0.5ms)
Completed 200 OK in 24ms (Views: 20.1ms | ActiveRecord: 0.1ms)


Started GET "/mountains/new" for 127.0.0.1 at 2018-07-10 21:54:43 +1000
Processing by MountainsController#new as HTML
  Rendering mountains/new.html.erb within layouts/application
  Rendered mountains/new.html.erb within layouts/application (0.5ms)
Completed 200 OK in 31ms (Views: 26.6ms | ActiveRecord: 0.0ms)


Started POST "/mountains" for 127.0.0.1 at 2018-07-10 21:54:50 +1000
Processing by MountainsController#create as HTML
  Parameters: {"name"=>"222", "category"=>"sad", "country"=>"Australia", "height"=>"222"}
  [1m[35m (0.1ms)[0m  [1m[36mbegin transaction[0m
  ↳ app/controllers/mountains_controller.rb:21
  [1m[36mMountain Create (0.6ms)[0m  [1m[32mINSERT INTO "mountains" ("name", "category", "country", "height") VALUES (?, ?, ?, ?)[0m  [["name", "222"], ["category", "sad"], ["country", "Australia"], ["height", 222.0]]
  ↳ app/controllers/mountains_controller.rb:21
  [1m[35m (1.6ms)[0m  [1m[36mcommit transaction[0m
  ↳ app/controllers/mountains_controller.rb:21
Redirected to http://localhost:3000/mountains/2
Completed 302 Found in 6ms (ActiveRecord: 2.2ms)


Started GET "/mountains/2" for 127.0.0.1 at 2018-07-10 21:54:50 +1000
Processing by MountainsController#show as HTML
  Parameters: {"id"=>"2"}
  [1m[36mMountain Load (0.1ms)[0m  [1m[34mSELECT  "mountains".* FROM "mountains" WHERE "mountains"."id" = ? LIMIT ?[0m  [["id", 2], ["LIMIT", 1]]
  ↳ app/controllers/mountains_controller.rb:8
  Rendering mountains/show.html.erb within layouts/application
  Rendered mountains/show.html.erb within layouts/application (1.2ms)
Completed 200 OK in 36ms (Views: 32.9ms | ActiveRecord: 0.1ms)


Started GET "/mountains" for 127.0.0.1 at 2018-07-10 21:54:55 +1000
Processing by MountainsController#index as HTML
  [1m[36mMountain Load (0.4ms)[0m  [1m[34mSELECT  "mountains".* FROM "mountains" LIMIT ?[0m  [["LIMIT", 11]]
  ↳ app/controllers/mountains_controller.rb:4
  Rendering mountains/index.html.erb within layouts/application
  [1m[36mMountain Load (0.4ms)[0m  [1m[34mSELECT "mountains".* FROM "mountains"[0m
  ↳ app/views/mountains/index.html.erb:3
  Rendered mountains/index.html.erb within layouts/application (3.9ms)
Completed 200 OK in 35ms (Views: 29.6ms | ActiveRecord: 0.8ms)


Started GET "/mountains/new" for 127.0.0.1 at 2018-07-10 21:54:56 +1000
Processing by MountainsController#new as HTML
  Rendering mountains/new.html.erb within layouts/application
  Rendered mountains/new.html.erb within layouts/application (0.5ms)
Completed 200 OK in 43ms (Views: 35.6ms | ActiveRecord: 0.0ms)


Started GET "/mountains" for 127.0.0.1 at 2018-07-10 21:54:58 +1000
Processing by MountainsController#index as HTML
  [1m[36mMountain Load (0.4ms)[0m  [1m[34mSELECT  "mountains".* FROM "mountains" LIMIT ?[0m  [["LIMIT", 11]]
  ↳ app/controllers/mountains_controller.rb:4
  Rendering mountains/index.html.erb within layouts/application
  [1m[36mMountain Load (0.2ms)[0m  [1m[34mSELECT "mountains".* FROM "mountains"[0m
  ↳ app/views/mountains/index.html.erb:3
  Rendered mountains/index.html.erb within layouts/application (1.8ms)
Completed 200 OK in 42ms (Views: 33.8ms | ActiveRecord: 0.6ms)


Started GET "/mountains/2" for 127.0.0.1 at 2018-07-10 21:54:59 +1000
Processing by MountainsController#show as HTML
  Parameters: {"id"=>"2"}
  [1m[36mMountain Load (0.4ms)[0m  [1m[34mSELECT  "mountains".* FROM "mountains" WHERE "mountains"."id" = ? LIMIT ?[0m  [["id", 2], ["LIMIT", 1]]
  ↳ app/controllers/mountains_controller.rb:8
  Rendering mountains/show.html.erb within layouts/application
  Rendered mountains/show.html.erb within layouts/application (1.6ms)
Completed 200 OK in 47ms (Views: 40.2ms | ActiveRecord: 0.4ms)


Started DELETE "/mountains/2" for 127.0.0.1 at 2018-07-10 21:55:04 +1000
Processing by MountainsController#destroy as HTML
  Parameters: {"authenticity_token"=>"xz3YCp77Xs466dJg03YvPnTadH+LDgkchicT99/fqnpm+aUmYGeg4Yw5p+7zg1Sq4ufCg+9UrzFf57aVF8mPUw==", "id"=>"2"}
  [1m[36mMountain Load (0.1ms)[0m  [1m[34mSELECT  "mountains".* FROM "mountains" WHERE "mountains"."id" = ? LIMIT ?[0m  [["id", 2], ["LIMIT", 1]]
  ↳ app/controllers/mountains_controller.rb:26
  [1m[35m (0.1ms)[0m  [1m[36mbegin transaction[0m
  ↳ app/controllers/mountains_controller.rb:27
  [1m[36mMountain Destroy (0.6ms)[0m  [1m[31mDELETE FROM "mountains" WHERE "mountains"."id" = ?[0m  [["id", 2]]
  ↳ app/controllers/mountains_controller.rb:27
  [1m[35m (2.4ms)[0m  [1m[36mcommit transaction[0m
  ↳ app/controllers/mountains_controller.rb:27
Redirected to http://localhost:3000/mountains
Completed 302 Found in 7ms (ActiveRecord: 3.2ms)


Started GET "/mountains" for 127.0.0.1 at 2018-07-10 21:55:04 +1000
Processing by MountainsController#index as HTML
  [1m[36mMountain Load (0.2ms)[0m  [1m[34mSELECT  "mountains".* FROM "mountains" LIMIT ?[0m  [["LIMIT", 11]]
  ↳ app/controllers/mountains_controller.rb:4
  Rendering mountains/index.html.erb within layouts/application
  [1m[36mMountain Load (0.2ms)[0m  [1m[34mSELECT "mountains".* FROM "mountains"[0m
  ↳ app/views/mountains/index.html.erb:3
  Rendered mountains/index.html.erb within layouts/application (1.4ms)
Completed 200 OK in 30ms (Views: 24.6ms | ActiveRecord: 0.4ms)


Started GET "/mountains/1" for 127.0.0.1 at 2018-07-10 21:55:05 +1000
Processing by MountainsController#show as HTML
  Parameters: {"id"=>"1"}
  [1m[36mMountain Load (0.1ms)[0m  [1m[34mSELECT  "mountains".* FROM "mountains" WHERE "mountains"."id" = ? LIMIT ?[0m  [["id", 1], ["LIMIT", 1]]
  ↳ app/controllers/mountains_controller.rb:8
  Rendering mountains/show.html.erb within layouts/application
  Rendered mountains/show.html.erb within layouts/application (1.4ms)
Completed 200 OK in 30ms (Views: 26.5ms | ActiveRecord: 0.1ms)


Started DELETE "/mountains/1" for 127.0.0.1 at 2018-07-10 21:55:06 +1000
Processing by MountainsController#destroy as HTML
  Parameters: {"authenticity_token"=>"pGjeTKXhjvbycep7IVmlyvBjEwI1XWeSNkhzW3w506VCC1V6jcYKKZmmYETl6CVwcmt5lAmFQiZqaxUdPQn+Sw==", "id"=>"1"}
  [1m[36mMountain Load (0.2ms)[0m  [1m[34mSELECT  "mountains".* FROM "mountains" WHERE "mountains"."id" = ? LIMIT ?[0m  [["id", 1], ["LIMIT", 1]]
  ↳ app/controllers/mountains_controller.rb:26
  [1m[35m (0.1ms)[0m  [1m[36mbegin transaction[0m
  ↳ app/controllers/mountains_controller.rb:27
  [1m[36mMountain Destroy (0.5ms)[0m  [1m[31mDELETE FROM "mountains" WHERE "mountains"."id" = ?[0m  [["id", 1]]
  ↳ app/controllers/mountains_controller.rb:27
  [1m[35m (3.1ms)[0m  [1m[36mcommit transaction[0m
  ↳ app/controllers/mountains_controller.rb:27
Redirected to http://localhost:3000/mountains
Completed 302 Found in 8ms (ActiveRecord: 3.8ms)


Started GET "/mountains" for 127.0.0.1 at 2018-07-10 21:55:06 +1000
Processing by MountainsController#index as HTML
  [1m[36mMountain Load (0.2ms)[0m  [1m[34mSELECT  "mountains".* FROM "mountains" LIMIT ?[0m  [["LIMIT", 11]]
  ↳ app/controllers/mountains_controller.rb:4
  Rendering mountains/index.html.erb within layouts/application
  [1m[36mMountain Load (0.3ms)[0m  [1m[34mSELECT "mountains".* FROM "mountains"[0m
  ↳ app/views/mountains/index.html.erb:3
  Rendered mountains/index.html.erb within layouts/application (1.4ms)
Completed 200 OK in 40ms (Views: 32.4ms | ActiveRecord: 0.5ms)


Started GET "/mountains" for 127.0.0.1 at 2018-07-10 21:55:08 +1000
Processing by MountainsController#index as HTML
  [1m[36mMountain Load (0.2ms)[0m  [1m[34mSELECT  "mountains".* FROM "mountains" LIMIT ?[0m  [["LIMIT", 11]]
  ↳ app/controllers/mountains_controller.rb:4
  Rendering mountains/index.html.erb within layouts/application
  [1m[36mMountain Load (0.2ms)[0m  [1m[34mSELECT "mountains".* FROM "mountains"[0m
  ↳ app/views/mountains/index.html.erb:3
  Rendered mountains/index.html.erb within layouts/application (1.2ms)
Completed 200 OK in 30ms (Views: 24.9ms | ActiveRecord: 0.3ms)


